[2025-03-17T01:06:23.585+0000] {local_task_job_runner.py:123} INFO - ::group::Pre task execution logs
[2025-03-17T01:06:23.652+0000] {taskinstance.py:2614} INFO - Dependencies all met for dep_context=non-requeueable deps ti=<TaskInstance: load_reviews_pipeline.dbt_run scheduled__2024-10-09T00:00:00+00:00 [queued]>
[2025-03-17T01:06:23.679+0000] {taskinstance.py:2614} INFO - Dependencies all met for dep_context=requeueable deps ti=<TaskInstance: load_reviews_pipeline.dbt_run scheduled__2024-10-09T00:00:00+00:00 [queued]>
[2025-03-17T01:06:23.680+0000] {taskinstance.py:2867} INFO - Starting attempt 2 of 2
[2025-03-17T01:06:23.741+0000] {taskinstance.py:2890} INFO - Executing <Task(BashOperator): dbt_run> on 2024-10-09 00:00:00+00:00
[2025-03-17T01:06:23.763+0000] {standard_task_runner.py:72} INFO - Started process 310875 to run task
[2025-03-17T01:06:23.780+0000] {standard_task_runner.py:104} INFO - Running: ['airflow', 'tasks', 'run', 'load_reviews_pipeline', 'dbt_run', 'scheduled__2024-10-09T00:00:00+00:00', '--job-id', '503', '--raw', '--subdir', 'DAGS_FOLDER/dag_load_reviews.py', '--cfg-path', '/tmp/tmpyemntki6']
[2025-03-17T01:06:23.782+0000] {standard_task_runner.py:105} INFO - Job 503: Subtask dbt_run
[2025-03-17T01:06:23.948+0000] {task_command.py:467} INFO - Running <TaskInstance: load_reviews_pipeline.dbt_run scheduled__2024-10-09T00:00:00+00:00 [running]> on host DESKTOP-IM7V4RI.
[2025-03-17T01:06:24.234+0000] {taskinstance.py:3134} INFO - Exporting env vars: AIRFLOW_CTX_DAG_OWNER='mohammed' AIRFLOW_CTX_DAG_ID='load_reviews_pipeline' AIRFLOW_CTX_TASK_ID='dbt_run' AIRFLOW_CTX_EXECUTION_DATE='2024-10-09T00:00:00+00:00' AIRFLOW_CTX_TRY_NUMBER='2' AIRFLOW_CTX_DAG_RUN_ID='scheduled__2024-10-09T00:00:00+00:00'
[2025-03-17T01:06:24.237+0000] {logging_mixin.py:190} INFO - Task instance is in running state
[2025-03-17T01:06:24.237+0000] {logging_mixin.py:190} INFO -  Previous state of the Task instance: queued
[2025-03-17T01:06:24.238+0000] {logging_mixin.py:190} INFO - Current task name:dbt_run state:running start_date:2025-03-17 01:06:23.652973+00:00
[2025-03-17T01:06:24.238+0000] {logging_mixin.py:190} INFO - Dag name:load_reviews_pipeline and current dag run status:running
[2025-03-17T01:06:24.239+0000] {taskinstance.py:732} INFO - ::endgroup::
[2025-03-17T01:06:24.241+0000] {subprocess.py:78} INFO - Tmp dir root location: /tmp
[2025-03-17T01:06:24.243+0000] {subprocess.py:88} INFO - Running command: ['/usr/bin/bash', '-c', 'cd /home/mohammed/.dbt/bank_reviews_project && dbt run']
[2025-03-17T01:06:24.286+0000] {subprocess.py:99} INFO - Output:
[2025-03-17T01:06:27.807+0000] {subprocess.py:106} INFO - [0m01:06:27  Running with dbt=1.9.3
[2025-03-17T01:06:28.384+0000] {subprocess.py:106} INFO - [0m01:06:28  Registered adapter: postgres=1.9.0
[2025-03-17T01:06:29.107+0000] {subprocess.py:106} INFO - [0m01:06:29  Found 10 models, 4 data tests, 2 sources, 433 macros
[2025-03-17T01:06:29.111+0000] {subprocess.py:106} INFO - [0m01:06:29
[2025-03-17T01:06:29.112+0000] {subprocess.py:106} INFO - [0m01:06:29  Concurrency: 4 threads (target='dev')
[2025-03-17T01:06:29.112+0000] {subprocess.py:106} INFO - [0m01:06:29
[2025-03-17T01:06:29.317+0000] {subprocess.py:106} INFO - [0m01:06:29  1 of 10 START sql view model public.clean_reviews .............................. [RUN]
[2025-03-17T01:06:29.320+0000] {subprocess.py:106} INFO - [0m01:06:29  2 of 10 START sql table model public.my_first_dbt_model ........................ [RUN]
[2025-03-17T01:06:29.321+0000] {subprocess.py:106} INFO - [0m01:06:29  3 of 10 START sql view model public.remove_duplicates .......................... [RUN]
[2025-03-17T01:06:29.323+0000] {subprocess.py:106} INFO - [0m01:06:29  4 of 10 START sql view model public.stg_clean_reviews .......................... [RUN]
[2025-03-17T01:06:29.911+0000] {subprocess.py:106} INFO - [0m01:06:29  3 of 10 ERROR creating sql view model public.remove_duplicates ................. [[31mERROR[0m in 0.56s]
[2025-03-17T01:06:29.916+0000] {subprocess.py:106} INFO - [0m01:06:29  1 of 10 OK created sql view model public.clean_reviews ......................... [[32mCREATE VIEW[0m in 0.59s]
[2025-03-17T01:06:29.919+0000] {subprocess.py:106} INFO - [0m01:06:29  4 of 10 ERROR creating sql view model public.stg_clean_reviews ................. [[31mERROR[0m in 0.58s]
[2025-03-17T01:06:29.921+0000] {subprocess.py:106} INFO - [0m01:06:29  2 of 10 OK created sql table model public.my_first_dbt_model ................... [[32mSELECT 2[0m in 0.59s]
[2025-03-17T01:06:29.935+0000] {subprocess.py:106} INFO - [0m01:06:29  5 of 10 SKIP relation public.dim_bank .......................................... [[33mSKIP[0m]
[2025-03-17T01:06:29.937+0000] {subprocess.py:106} INFO - [0m01:06:29  6 of 10 SKIP relation public.dim_branch ........................................ [[33mSKIP[0m]
[2025-03-17T01:06:29.938+0000] {subprocess.py:106} INFO - [0m01:06:29  7 of 10 SKIP relation public.dim_location ...................................... [[33mSKIP[0m]
[2025-03-17T01:06:29.939+0000] {subprocess.py:106} INFO - [0m01:06:29  8 of 10 SKIP relation public.dim_sentiment ..................................... [[33mSKIP[0m]
[2025-03-17T01:06:29.947+0000] {subprocess.py:106} INFO - [0m01:06:29  9 of 10 START sql view model public.my_second_dbt_model ........................ [RUN]
[2025-03-17T01:06:29.951+0000] {subprocess.py:106} INFO - [0m01:06:29  10 of 10 SKIP relation public.fact_reviews ..................................... [[33mSKIP[0m]
[2025-03-17T01:06:30.149+0000] {subprocess.py:106} INFO - [0m01:06:30  9 of 10 OK created sql view model public.my_second_dbt_model ................... [[32mCREATE VIEW[0m in 0.20s]
[2025-03-17T01:06:30.191+0000] {subprocess.py:106} INFO - [0m01:06:30
[2025-03-17T01:06:30.193+0000] {subprocess.py:106} INFO - [0m01:06:30  Finished running 1 table model, 9 view models in 0 hours 0 minutes and 1.08 seconds (1.08s).
[2025-03-17T01:06:30.267+0000] {subprocess.py:106} INFO - [0m01:06:30
[2025-03-17T01:06:30.268+0000] {subprocess.py:106} INFO - [0m01:06:30  [31mCompleted with 2 errors, 0 partial successes, and 0 warnings:[0m
[2025-03-17T01:06:30.269+0000] {subprocess.py:106} INFO - [0m01:06:30
[2025-03-17T01:06:30.270+0000] {subprocess.py:106} INFO - [0m01:06:30    Database Error in model remove_duplicates (models/remove_duplicates.sql)
[2025-03-17T01:06:30.271+0000] {subprocess.py:106} INFO -   relation "remove_duplicates__dbt_backup" already exists
[2025-03-17T01:06:30.271+0000] {subprocess.py:106} INFO -   compiled code at target/run/bank_reviews_project/models/remove_duplicates.sql
[2025-03-17T01:06:30.272+0000] {subprocess.py:106} INFO - [0m01:06:30
[2025-03-17T01:06:30.274+0000] {subprocess.py:106} INFO - [0m01:06:30    Database Error in model stg_clean_reviews (models/stg_clean_reviews.sql)
[2025-03-17T01:06:30.274+0000] {subprocess.py:106} INFO -   relation "stg_clean_reviews__dbt_backup" already exists
[2025-03-17T01:06:30.275+0000] {subprocess.py:106} INFO -   compiled code at target/run/bank_reviews_project/models/stg_clean_reviews.sql
[2025-03-17T01:06:30.276+0000] {subprocess.py:106} INFO - [0m01:06:30
[2025-03-17T01:06:30.276+0000] {subprocess.py:106} INFO - [0m01:06:30  Done. PASS=3 WARN=0 ERROR=2 SKIP=5 TOTAL=10
[2025-03-17T01:06:34.229+0000] {subprocess.py:110} INFO - Command exited with return code 1
[2025-03-17T01:06:34.252+0000] {taskinstance.py:3313} ERROR - Task failed with exception
Traceback (most recent call last):
  File "/home/mohammed/venv/lib/python3.11/site-packages/airflow/models/taskinstance.py", line 768, in _execute_task
    result = _execute_callable(context=context, **execute_callable_kwargs)
             ^^^^^^^^^^^^^^^^^^^^^^^^^^^^^^^^^^^^^^^^^^^^^^^^^^^^^^^^^^^^^
  File "/home/mohammed/venv/lib/python3.11/site-packages/airflow/models/taskinstance.py", line 734, in _execute_callable
    return ExecutionCallableRunner(
           ^^^^^^^^^^^^^^^^^^^^^^^^
  File "/home/mohammed/venv/lib/python3.11/site-packages/airflow/utils/operator_helpers.py", line 252, in run
    return self.func(*args, **kwargs)
           ^^^^^^^^^^^^^^^^^^^^^^^^^^
  File "/home/mohammed/venv/lib/python3.11/site-packages/airflow/models/baseoperator.py", line 424, in wrapper
    return func(self, *args, **kwargs)
           ^^^^^^^^^^^^^^^^^^^^^^^^^^^
  File "/home/mohammed/venv/lib/python3.11/site-packages/airflow/operators/bash.py", line 276, in execute
    raise AirflowException(
airflow.exceptions.AirflowException: Bash command failed. The command returned a non-zero exit code 1.
[2025-03-17T01:06:34.257+0000] {logging_mixin.py:190} INFO - Task instance in failure state
[2025-03-17T01:06:34.257+0000] {logging_mixin.py:190} INFO - Task start:2025-03-17 01:06:23.652973+00:00 end:2025-03-17 01:06:34.256240+00:00 duration:10.603267
[2025-03-17T01:06:34.257+0000] {logging_mixin.py:190} INFO - Task:<Task(BashOperator): dbt_run> dag:<DAG: load_reviews_pipeline> dagrun:<DagRun load_reviews_pipeline @ 2024-10-09 00:00:00+00:00: scheduled__2024-10-09T00:00:00+00:00, state:running, queued_at: 2025-03-17 01:01:09.641815+00:00. externally triggered: False>
[2025-03-17T01:06:34.258+0000] {logging_mixin.py:190} INFO - Failure caused by Bash command failed. The command returned a non-zero exit code 1.
[2025-03-17T01:06:34.258+0000] {taskinstance.py:1226} INFO - Marking task as FAILED. dag_id=load_reviews_pipeline, task_id=dbt_run, run_id=scheduled__2024-10-09T00:00:00+00:00, execution_date=20241009T000000, start_date=20250317T010623, end_date=20250317T010634
[2025-03-17T01:06:34.335+0000] {taskinstance.py:341} INFO - ::group::Post task execution logs
[2025-03-17T01:06:34.336+0000] {standard_task_runner.py:124} ERROR - Failed to execute job 503 for task dbt_run (Bash command failed. The command returned a non-zero exit code 1.; 310875)
Traceback (most recent call last):
  File "/home/mohammed/venv/lib/python3.11/site-packages/airflow/task/task_runner/standard_task_runner.py", line 117, in _start_by_fork
    ret = args.func(args, dag=self.dag)
          ^^^^^^^^^^^^^^^^^^^^^^^^^^^^^
  File "/home/mohammed/venv/lib/python3.11/site-packages/airflow/cli/cli_config.py", line 49, in command
    return func(*args, **kwargs)
           ^^^^^^^^^^^^^^^^^^^^^
  File "/home/mohammed/venv/lib/python3.11/site-packages/airflow/utils/cli.py", line 116, in wrapper
    return f(*args, **kwargs)
           ^^^^^^^^^^^^^^^^^^
  File "/home/mohammed/venv/lib/python3.11/site-packages/airflow/cli/commands/task_command.py", line 483, in task_run
    task_return_code = _run_task_by_selected_method(args, _dag, ti)
                       ^^^^^^^^^^^^^^^^^^^^^^^^^^^^^^^^^^^^^^^^^^^^
  File "/home/mohammed/venv/lib/python3.11/site-packages/airflow/cli/commands/task_command.py", line 256, in _run_task_by_selected_method
    return _run_raw_task(args, ti)
           ^^^^^^^^^^^^^^^^^^^^^^^
  File "/home/mohammed/venv/lib/python3.11/site-packages/airflow/cli/commands/task_command.py", line 341, in _run_raw_task
    return ti._run_raw_task(
           ^^^^^^^^^^^^^^^^^
  File "/home/mohammed/venv/lib/python3.11/site-packages/airflow/utils/session.py", line 97, in wrapper
    return func(*args, session=session, **kwargs)
           ^^^^^^^^^^^^^^^^^^^^^^^^^^^^^^^^^^^^^^
  File "/home/mohammed/venv/lib/python3.11/site-packages/airflow/models/taskinstance.py", line 3006, in _run_raw_task
    return _run_raw_task(
           ^^^^^^^^^^^^^^
  File "/home/mohammed/venv/lib/python3.11/site-packages/airflow/models/taskinstance.py", line 274, in _run_raw_task
    TaskInstance._execute_task_with_callbacks(
  File "/home/mohammed/venv/lib/python3.11/site-packages/airflow/models/taskinstance.py", line 3161, in _execute_task_with_callbacks
    result = self._execute_task(context, task_orig)
             ^^^^^^^^^^^^^^^^^^^^^^^^^^^^^^^^^^^^^^
  File "/home/mohammed/venv/lib/python3.11/site-packages/airflow/models/taskinstance.py", line 3185, in _execute_task
    return _execute_task(self, context, task_orig)
           ^^^^^^^^^^^^^^^^^^^^^^^^^^^^^^^^^^^^^^^
  File "/home/mohammed/venv/lib/python3.11/site-packages/airflow/models/taskinstance.py", line 768, in _execute_task
    result = _execute_callable(context=context, **execute_callable_kwargs)
             ^^^^^^^^^^^^^^^^^^^^^^^^^^^^^^^^^^^^^^^^^^^^^^^^^^^^^^^^^^^^^
  File "/home/mohammed/venv/lib/python3.11/site-packages/airflow/models/taskinstance.py", line 734, in _execute_callable
    return ExecutionCallableRunner(
           ^^^^^^^^^^^^^^^^^^^^^^^^
  File "/home/mohammed/venv/lib/python3.11/site-packages/airflow/utils/operator_helpers.py", line 252, in run
    return self.func(*args, **kwargs)
           ^^^^^^^^^^^^^^^^^^^^^^^^^^
  File "/home/mohammed/venv/lib/python3.11/site-packages/airflow/models/baseoperator.py", line 424, in wrapper
    return func(self, *args, **kwargs)
           ^^^^^^^^^^^^^^^^^^^^^^^^^^^
  File "/home/mohammed/venv/lib/python3.11/site-packages/airflow/operators/bash.py", line 276, in execute
    raise AirflowException(
airflow.exceptions.AirflowException: Bash command failed. The command returned a non-zero exit code 1.
[2025-03-17T01:06:34.365+0000] {local_task_job_runner.py:266} INFO - Task exited with return code 1
[2025-03-17T01:06:34.394+0000] {taskinstance.py:3901} INFO - 0 downstream tasks scheduled from follow-on schedule check
[2025-03-17T01:06:34.407+0000] {local_task_job_runner.py:245} INFO - ::endgroup::
