[2025-05-28T18:09:03.806+0100] {local_task_job_runner.py:123} INFO - ::group::Pre task execution logs
[2025-05-28T18:09:03.985+0100] {taskinstance.py:2614} INFO - Dependencies all met for dep_context=non-requeueable deps ti=<TaskInstance: bank_reviews_etl_and_analysis_pipeline.dbt_run_decisionnal scheduled__2025-03-30T00:00:00+00:00 [queued]>
[2025-05-28T18:09:04.011+0100] {taskinstance.py:2614} INFO - Dependencies all met for dep_context=requeueable deps ti=<TaskInstance: bank_reviews_etl_and_analysis_pipeline.dbt_run_decisionnal scheduled__2025-03-30T00:00:00+00:00 [queued]>
[2025-05-28T18:09:04.012+0100] {taskinstance.py:2867} INFO - Starting attempt 1 of 2
[2025-05-28T18:09:04.262+0100] {taskinstance.py:2890} INFO - Executing <Task(BashOperator): dbt_run_decisionnal> on 2025-03-30 00:00:00+00:00
[2025-05-28T18:09:04.299+0100] {standard_task_runner.py:72} INFO - Started process 957 to run task
[2025-05-28T18:09:04.362+0100] {standard_task_runner.py:104} INFO - Running: ['airflow', 'tasks', 'run', 'bank_reviews_etl_and_analysis_pipeline', 'dbt_run_decisionnal', 'scheduled__2025-03-30T00:00:00+00:00', '--job-id', '2504', '--raw', '--subdir', 'DAGS_FOLDER/dag_load_reviews.py', '--cfg-path', '/tmp/tmppz6gl71o']
[2025-05-28T18:09:04.370+0100] {standard_task_runner.py:105} INFO - Job 2504: Subtask dbt_run_decisionnal
[2025-05-28T18:09:05.405+0100] {task_command.py:467} INFO - Running <TaskInstance: bank_reviews_etl_and_analysis_pipeline.dbt_run_decisionnal scheduled__2025-03-30T00:00:00+00:00 [running]> on host DESKTOP-IM7V4RI.
[2025-05-28T18:09:06.407+0100] {taskinstance.py:3134} INFO - Exporting env vars: AIRFLOW_CTX_DAG_OWNER='mohammed' AIRFLOW_CTX_DAG_ID='bank_reviews_etl_and_analysis_pipeline' AIRFLOW_CTX_TASK_ID='dbt_run_decisionnal' AIRFLOW_CTX_EXECUTION_DATE='2025-03-30T00:00:00+00:00' AIRFLOW_CTX_TRY_NUMBER='1' AIRFLOW_CTX_DAG_RUN_ID='scheduled__2025-03-30T00:00:00+00:00'
[2025-05-28T18:09:06.412+0100] {logging_mixin.py:190} INFO - Task instance is in running state
[2025-05-28T18:09:06.413+0100] {logging_mixin.py:190} INFO -  Previous state of the Task instance: queued
[2025-05-28T18:09:06.413+0100] {logging_mixin.py:190} INFO - Current task name:dbt_run_decisionnal state:running start_date:2025-05-28 17:09:03.986464+00:00
[2025-05-28T18:09:06.414+0100] {logging_mixin.py:190} INFO - Dag name:bank_reviews_etl_and_analysis_pipeline and current dag run status:running
[2025-05-28T18:09:06.414+0100] {taskinstance.py:732} INFO - ::endgroup::
[2025-05-28T18:09:06.465+0100] {subprocess.py:78} INFO - Tmp dir root location: /tmp
[2025-05-28T18:09:06.466+0100] {subprocess.py:88} INFO - Running command: ['/usr/bin/bash', '-c', 'cd /home/mohammed/.dbt/dbt_projects/bank_reviews_decisionnal && dbt run --full-refresh']
[2025-05-28T18:09:06.605+0100] {subprocess.py:99} INFO - Output:
[2025-05-28T18:09:26.346+0100] {subprocess.py:106} INFO - [0m17:09:26  Running with dbt=1.9.3
[2025-05-28T18:09:28.440+0100] {subprocess.py:106} INFO - [0m17:09:28  Registered adapter: postgres=1.9.0
[2025-05-28T18:09:30.937+0100] {subprocess.py:106} INFO - [0m17:09:30  [[33mWARNING[0m]: Configuration paths exist in your dbt_project.yml file which do not apply to any resources.
[2025-05-28T18:09:30.938+0100] {subprocess.py:106} INFO - There are 1 unused configuration paths:
[2025-05-28T18:09:30.938+0100] {subprocess.py:106} INFO - - models.bank_reviews_decisionnal.decisionnal
[2025-05-28T18:09:32.137+0100] {subprocess.py:106} INFO - [0m17:09:32  Found 5 models, 2 sources, 547 macros
[2025-05-28T18:09:32.155+0100] {subprocess.py:106} INFO - [0m17:09:32
[2025-05-28T18:09:32.157+0100] {subprocess.py:106} INFO - [0m17:09:32  Concurrency: 4 threads (target='dev')
[2025-05-28T18:09:32.160+0100] {subprocess.py:106} INFO - [0m17:09:32
[2025-05-28T18:09:34.232+0100] {subprocess.py:106} INFO - [0m17:09:34  1 of 5 START sql table model decisionnal.dim_bank .............................. [RUN]
[2025-05-28T18:09:34.264+0100] {subprocess.py:106} INFO - [0m17:09:34  2 of 5 START sql table model decisionnal.dim_branch ............................ [RUN]
[2025-05-28T18:09:34.271+0100] {subprocess.py:106} INFO - [0m17:09:34  3 of 5 START sql table model decisionnal.dim_location .......................... [RUN]
[2025-05-28T18:09:34.272+0100] {subprocess.py:106} INFO - [0m17:09:34  4 of 5 START sql table model decisionnal.dim_sentiment ......................... [RUN]
[2025-05-28T18:09:38.439+0100] {subprocess.py:106} INFO - [0m17:09:38  3 of 5 OK created sql table model decisionnal.dim_location ..................... [[32mSELECT 298[0m in 4.13s]
[2025-05-28T18:09:38.744+0100] {subprocess.py:106} INFO - [0m17:09:38  1 of 5 OK created sql table model decisionnal.dim_bank ......................... [[32mSELECT 299[0m in 4.45s]
[2025-05-28T18:09:40.044+0100] {subprocess.py:106} INFO - [0m17:09:40  2 of 5 ERROR creating sql table model decisionnal.dim_branch ................... [[31mERROR[0m in 5.79s]
[2025-05-28T18:09:40.055+0100] {subprocess.py:106} INFO - [0m17:09:40  4 of 5 OK created sql table model decisionnal.dim_sentiment .................... [[32mSELECT 3[0m in 5.72s]
[2025-05-28T18:09:40.138+0100] {subprocess.py:106} INFO - [0m17:09:40  5 of 5 SKIP relation decisionnal.fact_reviews .................................. [[33mSKIP[0m]
[2025-05-28T18:09:40.520+0100] {subprocess.py:106} INFO - [0m17:09:40
[2025-05-28T18:09:41.185+0100] {subprocess.py:106} INFO - [0m17:09:40  Finished running 5 table models in 0 hours 0 minutes and 8.15 seconds (8.15s).
[2025-05-28T18:09:41.381+0100] {subprocess.py:106} INFO - [0m17:09:41
[2025-05-28T18:09:41.383+0100] {subprocess.py:106} INFO - [0m17:09:41  [31mCompleted with 1 error, 0 partial successes, and 0 warnings:[0m
[2025-05-28T18:09:41.385+0100] {subprocess.py:106} INFO - [0m17:09:41
[2025-05-28T18:09:41.416+0100] {subprocess.py:106} INFO - [0m17:09:41    Database Error in model dim_branch (models/dim_branch.sql)
[2025-05-28T18:09:41.419+0100] {subprocess.py:106} INFO -   relation "dim_branch__dbt_backup" already exists
[2025-05-28T18:09:41.425+0100] {subprocess.py:106} INFO -   compiled code at target/run/bank_reviews_decisionnal/models/dim_branch.sql
[2025-05-28T18:09:41.435+0100] {subprocess.py:106} INFO - [0m17:09:41
[2025-05-28T18:09:41.439+0100] {subprocess.py:106} INFO - [0m17:09:41  Done. PASS=3 WARN=0 ERROR=1 SKIP=1 TOTAL=5
[2025-05-28T18:09:46.377+0100] {subprocess.py:110} INFO - Command exited with return code 1
[2025-05-28T18:09:48.752+0100] {taskinstance.py:3313} ERROR - Task failed with exception
Traceback (most recent call last):
  File "/home/mohammed/venv/lib/python3.11/site-packages/airflow/models/taskinstance.py", line 768, in _execute_task
    result = _execute_callable(context=context, **execute_callable_kwargs)
             ^^^^^^^^^^^^^^^^^^^^^^^^^^^^^^^^^^^^^^^^^^^^^^^^^^^^^^^^^^^^^
  File "/home/mohammed/venv/lib/python3.11/site-packages/airflow/models/taskinstance.py", line 734, in _execute_callable
    return ExecutionCallableRunner(
           ^^^^^^^^^^^^^^^^^^^^^^^^
  File "/home/mohammed/venv/lib/python3.11/site-packages/airflow/utils/operator_helpers.py", line 252, in run
    return self.func(*args, **kwargs)
           ^^^^^^^^^^^^^^^^^^^^^^^^^^
  File "/home/mohammed/venv/lib/python3.11/site-packages/airflow/models/baseoperator.py", line 424, in wrapper
    return func(self, *args, **kwargs)
           ^^^^^^^^^^^^^^^^^^^^^^^^^^^
  File "/home/mohammed/venv/lib/python3.11/site-packages/airflow/operators/bash.py", line 276, in execute
    raise AirflowException(
airflow.exceptions.AirflowException: Bash command failed. The command returned a non-zero exit code 1.
[2025-05-28T18:09:48.879+0100] {logging_mixin.py:190} INFO - Task instance in failure state
[2025-05-28T18:09:48.882+0100] {logging_mixin.py:190} INFO - Task start:2025-05-28 17:09:03.986464+00:00 end:2025-05-28 17:09:48.861882+00:00 duration:44.875418
[2025-05-28T18:09:48.887+0100] {logging_mixin.py:190} INFO - Task:<Task(BashOperator): dbt_run_decisionnal> dag:<DAG: bank_reviews_etl_and_analysis_pipeline> dagrun:<DagRun bank_reviews_etl_and_analysis_pipeline @ 2025-03-30 00:00:00+00:00: scheduled__2025-03-30T00:00:00+00:00, state:running, queued_at: 2025-05-28 17:08:57.506499+00:00. externally triggered: False>
[2025-05-28T18:09:48.887+0100] {logging_mixin.py:190} INFO - Failure caused by Bash command failed. The command returned a non-zero exit code 1.
[2025-05-28T18:09:48.889+0100] {taskinstance.py:1226} INFO - Marking task as UP_FOR_RETRY. dag_id=bank_reviews_etl_and_analysis_pipeline, task_id=dbt_run_decisionnal, run_id=scheduled__2025-03-30T00:00:00+00:00, execution_date=20250330T000000, start_date=20250528T170903, end_date=20250528T170948
[2025-05-28T18:09:49.485+0100] {taskinstance.py:341} INFO - ::group::Post task execution logs
[2025-05-28T18:09:49.547+0100] {standard_task_runner.py:124} ERROR - Failed to execute job 2504 for task dbt_run_decisionnal (Bash command failed. The command returned a non-zero exit code 1.; 957)
Traceback (most recent call last):
  File "/home/mohammed/venv/lib/python3.11/site-packages/airflow/task/task_runner/standard_task_runner.py", line 117, in _start_by_fork
    ret = args.func(args, dag=self.dag)
          ^^^^^^^^^^^^^^^^^^^^^^^^^^^^^
  File "/home/mohammed/venv/lib/python3.11/site-packages/airflow/cli/cli_config.py", line 49, in command
    return func(*args, **kwargs)
           ^^^^^^^^^^^^^^^^^^^^^
  File "/home/mohammed/venv/lib/python3.11/site-packages/airflow/utils/cli.py", line 116, in wrapper
    return f(*args, **kwargs)
           ^^^^^^^^^^^^^^^^^^
  File "/home/mohammed/venv/lib/python3.11/site-packages/airflow/cli/commands/task_command.py", line 483, in task_run
    task_return_code = _run_task_by_selected_method(args, _dag, ti)
                       ^^^^^^^^^^^^^^^^^^^^^^^^^^^^^^^^^^^^^^^^^^^^
  File "/home/mohammed/venv/lib/python3.11/site-packages/airflow/cli/commands/task_command.py", line 256, in _run_task_by_selected_method
    return _run_raw_task(args, ti)
           ^^^^^^^^^^^^^^^^^^^^^^^
  File "/home/mohammed/venv/lib/python3.11/site-packages/airflow/cli/commands/task_command.py", line 341, in _run_raw_task
    return ti._run_raw_task(
           ^^^^^^^^^^^^^^^^^
  File "/home/mohammed/venv/lib/python3.11/site-packages/airflow/utils/session.py", line 97, in wrapper
    return func(*args, session=session, **kwargs)
           ^^^^^^^^^^^^^^^^^^^^^^^^^^^^^^^^^^^^^^
  File "/home/mohammed/venv/lib/python3.11/site-packages/airflow/models/taskinstance.py", line 3006, in _run_raw_task
    return _run_raw_task(
           ^^^^^^^^^^^^^^
  File "/home/mohammed/venv/lib/python3.11/site-packages/airflow/models/taskinstance.py", line 274, in _run_raw_task
    TaskInstance._execute_task_with_callbacks(
  File "/home/mohammed/venv/lib/python3.11/site-packages/airflow/models/taskinstance.py", line 3161, in _execute_task_with_callbacks
    result = self._execute_task(context, task_orig)
             ^^^^^^^^^^^^^^^^^^^^^^^^^^^^^^^^^^^^^^
  File "/home/mohammed/venv/lib/python3.11/site-packages/airflow/models/taskinstance.py", line 3185, in _execute_task
    return _execute_task(self, context, task_orig)
           ^^^^^^^^^^^^^^^^^^^^^^^^^^^^^^^^^^^^^^^
  File "/home/mohammed/venv/lib/python3.11/site-packages/airflow/models/taskinstance.py", line 768, in _execute_task
    result = _execute_callable(context=context, **execute_callable_kwargs)
             ^^^^^^^^^^^^^^^^^^^^^^^^^^^^^^^^^^^^^^^^^^^^^^^^^^^^^^^^^^^^^
  File "/home/mohammed/venv/lib/python3.11/site-packages/airflow/models/taskinstance.py", line 734, in _execute_callable
    return ExecutionCallableRunner(
           ^^^^^^^^^^^^^^^^^^^^^^^^
  File "/home/mohammed/venv/lib/python3.11/site-packages/airflow/utils/operator_helpers.py", line 252, in run
    return self.func(*args, **kwargs)
           ^^^^^^^^^^^^^^^^^^^^^^^^^^
  File "/home/mohammed/venv/lib/python3.11/site-packages/airflow/models/baseoperator.py", line 424, in wrapper
    return func(self, *args, **kwargs)
           ^^^^^^^^^^^^^^^^^^^^^^^^^^^
  File "/home/mohammed/venv/lib/python3.11/site-packages/airflow/operators/bash.py", line 276, in execute
    raise AirflowException(
airflow.exceptions.AirflowException: Bash command failed. The command returned a non-zero exit code 1.
[2025-05-28T18:09:49.737+0100] {local_task_job_runner.py:266} INFO - Task exited with return code 1
[2025-05-28T18:09:50.042+0100] {taskinstance.py:3901} INFO - 0 downstream tasks scheduled from follow-on schedule check
[2025-05-28T18:09:50.071+0100] {local_task_job_runner.py:245} INFO - ::endgroup::
