[2025-03-17T00:55:18.847+0000] {local_task_job_runner.py:123} INFO - ::group::Pre task execution logs
[2025-03-17T00:55:19.105+0000] {taskinstance.py:2614} INFO - Dependencies all met for dep_context=non-requeueable deps ti=<TaskInstance: load_reviews_pipeline.dbt_run scheduled__2024-08-22T00:00:00+00:00 [queued]>
[2025-03-17T00:55:19.172+0000] {taskinstance.py:2614} INFO - Dependencies all met for dep_context=requeueable deps ti=<TaskInstance: load_reviews_pipeline.dbt_run scheduled__2024-08-22T00:00:00+00:00 [queued]>
[2025-03-17T00:55:19.173+0000] {taskinstance.py:2867} INFO - Starting attempt 1 of 2
[2025-03-17T00:55:19.746+0000] {taskinstance.py:2890} INFO - Executing <Task(BashOperator): dbt_run> on 2024-08-22 00:00:00+00:00
[2025-03-17T00:55:19.786+0000] {standard_task_runner.py:72} INFO - Started process 294006 to run task
[2025-03-17T00:55:19.809+0000] {standard_task_runner.py:104} INFO - Running: ['airflow', 'tasks', 'run', 'load_reviews_pipeline', 'dbt_run', 'scheduled__2024-08-22T00:00:00+00:00', '--job-id', '392', '--raw', '--subdir', 'DAGS_FOLDER/dag_load_reviews.py', '--cfg-path', '/tmp/tmpg5nkno2q']
[2025-03-17T00:55:19.812+0000] {standard_task_runner.py:105} INFO - Job 392: Subtask dbt_run
[2025-03-17T00:55:20.603+0000] {task_command.py:467} INFO - Running <TaskInstance: load_reviews_pipeline.dbt_run scheduled__2024-08-22T00:00:00+00:00 [running]> on host DESKTOP-IM7V4RI.
[2025-03-17T00:55:21.774+0000] {taskinstance.py:3134} INFO - Exporting env vars: AIRFLOW_CTX_DAG_OWNER='mohammed' AIRFLOW_CTX_DAG_ID='load_reviews_pipeline' AIRFLOW_CTX_TASK_ID='dbt_run' AIRFLOW_CTX_EXECUTION_DATE='2024-08-22T00:00:00+00:00' AIRFLOW_CTX_TRY_NUMBER='1' AIRFLOW_CTX_DAG_RUN_ID='scheduled__2024-08-22T00:00:00+00:00'
[2025-03-17T00:55:21.793+0000] {logging_mixin.py:190} INFO - Task instance is in running state
[2025-03-17T00:55:21.806+0000] {logging_mixin.py:190} INFO -  Previous state of the Task instance: queued
[2025-03-17T00:55:21.807+0000] {logging_mixin.py:190} INFO - Current task name:dbt_run state:running start_date:2025-03-17 00:55:19.106549+00:00
[2025-03-17T00:55:21.809+0000] {logging_mixin.py:190} INFO - Dag name:load_reviews_pipeline and current dag run status:running
[2025-03-17T00:55:21.810+0000] {taskinstance.py:732} INFO - ::endgroup::
[2025-03-17T00:55:21.827+0000] {subprocess.py:78} INFO - Tmp dir root location: /tmp
[2025-03-17T00:55:21.840+0000] {subprocess.py:88} INFO - Running command: ['/usr/bin/bash', '-c', 'cd /home/mohammed/.dbt/bank_reviews_project && dbt run']
[2025-03-17T00:55:21.960+0000] {subprocess.py:99} INFO - Output:
[2025-03-17T00:55:33.451+0000] {subprocess.py:106} INFO - [0m00:55:33  Running with dbt=1.9.3
[2025-03-17T00:55:36.130+0000] {subprocess.py:106} INFO - [0m00:55:36  Registered adapter: postgres=1.9.0
[2025-03-17T00:55:40.075+0000] {subprocess.py:106} INFO - [0m00:55:40  Found 10 models, 4 data tests, 2 sources, 433 macros
[2025-03-17T00:55:40.089+0000] {subprocess.py:106} INFO - [0m00:55:40
[2025-03-17T00:55:40.091+0000] {subprocess.py:106} INFO - [0m00:55:40  Concurrency: 4 threads (target='dev')
[2025-03-17T00:55:40.093+0000] {subprocess.py:106} INFO - [0m00:55:40
[2025-03-17T00:55:41.436+0000] {subprocess.py:106} INFO - [0m00:55:41  1 of 10 START sql view model public.clean_reviews .............................. [RUN]
[2025-03-17T00:55:41.470+0000] {subprocess.py:106} INFO - [0m00:55:41  2 of 10 START sql table model public.my_first_dbt_model ........................ [RUN]
[2025-03-17T00:55:41.498+0000] {subprocess.py:106} INFO - [0m00:55:41  3 of 10 START sql view model public.remove_duplicates .......................... [RUN]
[2025-03-17T00:55:41.502+0000] {subprocess.py:106} INFO - [0m00:55:41  4 of 10 START sql view model public.stg_clean_reviews .......................... [RUN]
[2025-03-17T00:55:44.590+0000] {subprocess.py:106} INFO - [0m00:55:44  2 of 10 ERROR creating sql table model public.my_first_dbt_model ............... [[31mERROR[0m in 3.07s]
[2025-03-17T00:55:44.758+0000] {subprocess.py:106} INFO - [0m00:55:44  5 of 10 SKIP relation public.my_second_dbt_model ............................... [[33mSKIP[0m]
[2025-03-17T00:55:45.037+0000] {subprocess.py:106} INFO - [0m00:55:45  3 of 10 OK created sql view model public.remove_duplicates ..................... [[32mCREATE VIEW[0m in 3.53s]
[2025-03-17T00:55:45.058+0000] {subprocess.py:106} INFO - [0m00:55:45  4 of 10 OK created sql view model public.stg_clean_reviews ..................... [[32mCREATE VIEW[0m in 3.54s]
[2025-03-17T00:55:45.083+0000] {subprocess.py:106} INFO - [0m00:55:45  1 of 10 OK created sql view model public.clean_reviews ......................... [[32mCREATE VIEW[0m in 3.62s]
[2025-03-17T00:55:45.123+0000] {subprocess.py:106} INFO - [0m00:55:45  6 of 10 START sql view model public.dim_bank ................................... [RUN]
[2025-03-17T00:55:45.152+0000] {subprocess.py:106} INFO - [0m00:55:45  8 of 10 START sql view model public.dim_location ............................... [RUN]
[2025-03-17T00:55:45.180+0000] {subprocess.py:106} INFO - [0m00:55:45  9 of 10 START sql view model public.dim_sentiment .............................. [RUN]
[2025-03-17T00:55:45.201+0000] {subprocess.py:106} INFO - [0m00:55:45  7 of 10 START sql view model public.dim_branch ................................. [RUN]
[2025-03-17T00:55:46.261+0000] {subprocess.py:106} INFO - [0m00:55:46  6 of 10 OK created sql view model public.dim_bank .............................. [[32mCREATE VIEW[0m in 1.09s]
[2025-03-17T00:55:46.340+0000] {subprocess.py:106} INFO - [0m00:55:46  8 of 10 OK created sql view model public.dim_location .......................... [[32mCREATE VIEW[0m in 1.16s]
[2025-03-17T00:55:46.351+0000] {subprocess.py:106} INFO - [0m00:55:46  9 of 10 OK created sql view model public.dim_sentiment ......................... [[32mCREATE VIEW[0m in 1.13s]
[2025-03-17T00:55:46.545+0000] {subprocess.py:106} INFO - [0m00:55:46  7 of 10 OK created sql view model public.dim_branch ............................ [[32mCREATE VIEW[0m in 1.32s]
[2025-03-17T00:55:46.578+0000] {subprocess.py:106} INFO - [0m00:55:46  10 of 10 START sql view model public.fact_reviews .............................. [RUN]
[2025-03-17T00:55:46.973+0000] {subprocess.py:106} INFO - [0m00:55:46  10 of 10 OK created sql view model public.fact_reviews ......................... [[32mCREATE VIEW[0m in 0.39s]
[2025-03-17T00:55:47.053+0000] {subprocess.py:106} INFO - [0m00:55:47
[2025-03-17T00:55:47.055+0000] {subprocess.py:106} INFO - [0m00:55:47  Finished running 1 table model, 9 view models in 0 hours 0 minutes and 6.96 seconds (6.96s).
[2025-03-17T00:55:47.278+0000] {subprocess.py:106} INFO - [0m00:55:47
[2025-03-17T00:55:47.286+0000] {subprocess.py:106} INFO - [0m00:55:47  [31mCompleted with 1 error, 0 partial successes, and 0 warnings:[0m
[2025-03-17T00:55:47.291+0000] {subprocess.py:106} INFO - [0m00:55:47
[2025-03-17T00:55:47.325+0000] {subprocess.py:106} INFO - [0m00:55:47    Database Error in model my_first_dbt_model (models/example/my_first_dbt_model.sql)
[2025-03-17T00:55:47.325+0000] {subprocess.py:106} INFO -   relation "my_first_dbt_model__dbt_backup" already exists
[2025-03-17T00:55:47.326+0000] {subprocess.py:106} INFO -   compiled code at target/run/bank_reviews_project/models/example/my_first_dbt_model.sql
[2025-03-17T00:55:47.327+0000] {subprocess.py:106} INFO - [0m00:55:47
[2025-03-17T00:55:47.328+0000] {subprocess.py:106} INFO - [0m00:55:47  Done. PASS=8 WARN=0 ERROR=1 SKIP=1 TOTAL=10
[2025-03-17T00:55:55.343+0000] {subprocess.py:110} INFO - Command exited with return code 1
[2025-03-17T00:55:55.466+0000] {taskinstance.py:3313} ERROR - Task failed with exception
Traceback (most recent call last):
  File "/home/mohammed/venv/lib/python3.11/site-packages/airflow/models/taskinstance.py", line 768, in _execute_task
    result = _execute_callable(context=context, **execute_callable_kwargs)
             ^^^^^^^^^^^^^^^^^^^^^^^^^^^^^^^^^^^^^^^^^^^^^^^^^^^^^^^^^^^^^
  File "/home/mohammed/venv/lib/python3.11/site-packages/airflow/models/taskinstance.py", line 734, in _execute_callable
    return ExecutionCallableRunner(
           ^^^^^^^^^^^^^^^^^^^^^^^^
  File "/home/mohammed/venv/lib/python3.11/site-packages/airflow/utils/operator_helpers.py", line 252, in run
    return self.func(*args, **kwargs)
           ^^^^^^^^^^^^^^^^^^^^^^^^^^
  File "/home/mohammed/venv/lib/python3.11/site-packages/airflow/models/baseoperator.py", line 424, in wrapper
    return func(self, *args, **kwargs)
           ^^^^^^^^^^^^^^^^^^^^^^^^^^^
  File "/home/mohammed/venv/lib/python3.11/site-packages/airflow/operators/bash.py", line 276, in execute
    raise AirflowException(
airflow.exceptions.AirflowException: Bash command failed. The command returned a non-zero exit code 1.
[2025-03-17T00:55:55.507+0000] {logging_mixin.py:190} INFO - Task instance in failure state
[2025-03-17T00:55:55.508+0000] {logging_mixin.py:190} INFO - Task start:2025-03-17 00:55:19.106549+00:00 end:2025-03-17 00:55:55.505159+00:00 duration:36.39861
[2025-03-17T00:55:55.509+0000] {logging_mixin.py:190} INFO - Task:<Task(BashOperator): dbt_run> dag:<DAG: load_reviews_pipeline> dagrun:<DagRun load_reviews_pipeline @ 2024-08-22 00:00:00+00:00: scheduled__2024-08-22T00:00:00+00:00, state:running, queued_at: 2025-03-17 00:55:05.981490+00:00. externally triggered: False>
[2025-03-17T00:55:55.510+0000] {logging_mixin.py:190} INFO - Failure caused by Bash command failed. The command returned a non-zero exit code 1.
[2025-03-17T00:55:55.511+0000] {taskinstance.py:1226} INFO - Marking task as UP_FOR_RETRY. dag_id=load_reviews_pipeline, task_id=dbt_run, run_id=scheduled__2024-08-22T00:00:00+00:00, execution_date=20240822T000000, start_date=20250317T005519, end_date=20250317T005555
[2025-03-17T00:55:55.734+0000] {taskinstance.py:341} INFO - ::group::Post task execution logs
[2025-03-17T00:55:55.736+0000] {standard_task_runner.py:124} ERROR - Failed to execute job 392 for task dbt_run (Bash command failed. The command returned a non-zero exit code 1.; 294006)
Traceback (most recent call last):
  File "/home/mohammed/venv/lib/python3.11/site-packages/airflow/task/task_runner/standard_task_runner.py", line 117, in _start_by_fork
    ret = args.func(args, dag=self.dag)
          ^^^^^^^^^^^^^^^^^^^^^^^^^^^^^
  File "/home/mohammed/venv/lib/python3.11/site-packages/airflow/cli/cli_config.py", line 49, in command
    return func(*args, **kwargs)
           ^^^^^^^^^^^^^^^^^^^^^
  File "/home/mohammed/venv/lib/python3.11/site-packages/airflow/utils/cli.py", line 116, in wrapper
    return f(*args, **kwargs)
           ^^^^^^^^^^^^^^^^^^
  File "/home/mohammed/venv/lib/python3.11/site-packages/airflow/cli/commands/task_command.py", line 483, in task_run
    task_return_code = _run_task_by_selected_method(args, _dag, ti)
                       ^^^^^^^^^^^^^^^^^^^^^^^^^^^^^^^^^^^^^^^^^^^^
  File "/home/mohammed/venv/lib/python3.11/site-packages/airflow/cli/commands/task_command.py", line 256, in _run_task_by_selected_method
    return _run_raw_task(args, ti)
           ^^^^^^^^^^^^^^^^^^^^^^^
  File "/home/mohammed/venv/lib/python3.11/site-packages/airflow/cli/commands/task_command.py", line 341, in _run_raw_task
    return ti._run_raw_task(
           ^^^^^^^^^^^^^^^^^
  File "/home/mohammed/venv/lib/python3.11/site-packages/airflow/utils/session.py", line 97, in wrapper
    return func(*args, session=session, **kwargs)
           ^^^^^^^^^^^^^^^^^^^^^^^^^^^^^^^^^^^^^^
  File "/home/mohammed/venv/lib/python3.11/site-packages/airflow/models/taskinstance.py", line 3006, in _run_raw_task
    return _run_raw_task(
           ^^^^^^^^^^^^^^
  File "/home/mohammed/venv/lib/python3.11/site-packages/airflow/models/taskinstance.py", line 274, in _run_raw_task
    TaskInstance._execute_task_with_callbacks(
  File "/home/mohammed/venv/lib/python3.11/site-packages/airflow/models/taskinstance.py", line 3161, in _execute_task_with_callbacks
    result = self._execute_task(context, task_orig)
             ^^^^^^^^^^^^^^^^^^^^^^^^^^^^^^^^^^^^^^
  File "/home/mohammed/venv/lib/python3.11/site-packages/airflow/models/taskinstance.py", line 3185, in _execute_task
    return _execute_task(self, context, task_orig)
           ^^^^^^^^^^^^^^^^^^^^^^^^^^^^^^^^^^^^^^^
  File "/home/mohammed/venv/lib/python3.11/site-packages/airflow/models/taskinstance.py", line 768, in _execute_task
    result = _execute_callable(context=context, **execute_callable_kwargs)
             ^^^^^^^^^^^^^^^^^^^^^^^^^^^^^^^^^^^^^^^^^^^^^^^^^^^^^^^^^^^^^
  File "/home/mohammed/venv/lib/python3.11/site-packages/airflow/models/taskinstance.py", line 734, in _execute_callable
    return ExecutionCallableRunner(
           ^^^^^^^^^^^^^^^^^^^^^^^^
  File "/home/mohammed/venv/lib/python3.11/site-packages/airflow/utils/operator_helpers.py", line 252, in run
    return self.func(*args, **kwargs)
           ^^^^^^^^^^^^^^^^^^^^^^^^^^
  File "/home/mohammed/venv/lib/python3.11/site-packages/airflow/models/baseoperator.py", line 424, in wrapper
    return func(self, *args, **kwargs)
           ^^^^^^^^^^^^^^^^^^^^^^^^^^^
  File "/home/mohammed/venv/lib/python3.11/site-packages/airflow/operators/bash.py", line 276, in execute
    raise AirflowException(
airflow.exceptions.AirflowException: Bash command failed. The command returned a non-zero exit code 1.
[2025-03-17T00:55:55.823+0000] {local_task_job_runner.py:266} INFO - Task exited with return code 1
[2025-03-17T00:55:55.934+0000] {taskinstance.py:3901} INFO - 0 downstream tasks scheduled from follow-on schedule check
[2025-03-17T00:55:55.954+0000] {local_task_job_runner.py:245} INFO - ::endgroup::
