[2025-03-17T01:06:23.825+0000] {local_task_job_runner.py:123} INFO - ::group::Pre task execution logs
[2025-03-17T01:06:23.884+0000] {taskinstance.py:2614} INFO - Dependencies all met for dep_context=non-requeueable deps ti=<TaskInstance: load_reviews_pipeline.dbt_run scheduled__2024-10-10T00:00:00+00:00 [queued]>
[2025-03-17T01:06:23.909+0000] {taskinstance.py:2614} INFO - Dependencies all met for dep_context=requeueable deps ti=<TaskInstance: load_reviews_pipeline.dbt_run scheduled__2024-10-10T00:00:00+00:00 [queued]>
[2025-03-17T01:06:23.909+0000] {taskinstance.py:2867} INFO - Starting attempt 2 of 2
[2025-03-17T01:06:23.941+0000] {taskinstance.py:2890} INFO - Executing <Task(BashOperator): dbt_run> on 2024-10-10 00:00:00+00:00
[2025-03-17T01:06:23.949+0000] {standard_task_runner.py:72} INFO - Started process 310887 to run task
[2025-03-17T01:06:23.958+0000] {standard_task_runner.py:104} INFO - Running: ['airflow', 'tasks', 'run', 'load_reviews_pipeline', 'dbt_run', 'scheduled__2024-10-10T00:00:00+00:00', '--job-id', '504', '--raw', '--subdir', 'DAGS_FOLDER/dag_load_reviews.py', '--cfg-path', '/tmp/tmp24qgz70v']
[2025-03-17T01:06:23.960+0000] {standard_task_runner.py:105} INFO - Job 504: Subtask dbt_run
[2025-03-17T01:06:24.138+0000] {task_command.py:467} INFO - Running <TaskInstance: load_reviews_pipeline.dbt_run scheduled__2024-10-10T00:00:00+00:00 [running]> on host DESKTOP-IM7V4RI.
[2025-03-17T01:06:24.458+0000] {taskinstance.py:3134} INFO - Exporting env vars: AIRFLOW_CTX_DAG_OWNER='mohammed' AIRFLOW_CTX_DAG_ID='load_reviews_pipeline' AIRFLOW_CTX_TASK_ID='dbt_run' AIRFLOW_CTX_EXECUTION_DATE='2024-10-10T00:00:00+00:00' AIRFLOW_CTX_TRY_NUMBER='2' AIRFLOW_CTX_DAG_RUN_ID='scheduled__2024-10-10T00:00:00+00:00'
[2025-03-17T01:06:24.461+0000] {logging_mixin.py:190} INFO - Task instance is in running state
[2025-03-17T01:06:24.462+0000] {logging_mixin.py:190} INFO -  Previous state of the Task instance: queued
[2025-03-17T01:06:24.462+0000] {logging_mixin.py:190} INFO - Current task name:dbt_run state:running start_date:2025-03-17 01:06:23.884807+00:00
[2025-03-17T01:06:24.463+0000] {logging_mixin.py:190} INFO - Dag name:load_reviews_pipeline and current dag run status:running
[2025-03-17T01:06:24.463+0000] {taskinstance.py:732} INFO - ::endgroup::
[2025-03-17T01:06:24.465+0000] {subprocess.py:78} INFO - Tmp dir root location: /tmp
[2025-03-17T01:06:24.471+0000] {subprocess.py:88} INFO - Running command: ['/usr/bin/bash', '-c', 'cd /home/mohammed/.dbt/bank_reviews_project && dbt run']
[2025-03-17T01:06:24.498+0000] {subprocess.py:99} INFO - Output:
[2025-03-17T01:06:27.975+0000] {subprocess.py:106} INFO - [0m01:06:27  Running with dbt=1.9.3
[2025-03-17T01:06:28.536+0000] {subprocess.py:106} INFO - [0m01:06:28  Registered adapter: postgres=1.9.0
[2025-03-17T01:06:29.220+0000] {subprocess.py:106} INFO - [0m01:06:29  Found 10 models, 4 data tests, 2 sources, 433 macros
[2025-03-17T01:06:29.226+0000] {subprocess.py:106} INFO - [0m01:06:29
[2025-03-17T01:06:29.227+0000] {subprocess.py:106} INFO - [0m01:06:29  Concurrency: 4 threads (target='dev')
[2025-03-17T01:06:29.227+0000] {subprocess.py:106} INFO - [0m01:06:29
[2025-03-17T01:06:29.494+0000] {subprocess.py:106} INFO - [0m01:06:29  1 of 10 START sql view model public.clean_reviews .............................. [RUN]
[2025-03-17T01:06:29.496+0000] {subprocess.py:106} INFO - [0m01:06:29  2 of 10 START sql table model public.my_first_dbt_model ........................ [RUN]
[2025-03-17T01:06:29.498+0000] {subprocess.py:106} INFO - [0m01:06:29  3 of 10 START sql view model public.remove_duplicates .......................... [RUN]
[2025-03-17T01:06:29.500+0000] {subprocess.py:106} INFO - [0m01:06:29  4 of 10 START sql view model public.stg_clean_reviews .......................... [RUN]
[2025-03-17T01:06:30.212+0000] {subprocess.py:106} INFO - [0m01:06:30  4 of 10 OK created sql view model public.stg_clean_reviews ..................... [[32mCREATE VIEW[0m in 0.70s]
[2025-03-17T01:06:30.220+0000] {subprocess.py:106} INFO - [0m01:06:30  1 of 10 OK created sql view model public.clean_reviews ......................... [[32mCREATE VIEW[0m in 0.71s]
[2025-03-17T01:06:30.223+0000] {subprocess.py:106} INFO - [0m01:06:30  3 of 10 OK created sql view model public.remove_duplicates ..................... [[32mCREATE VIEW[0m in 0.71s]
[2025-03-17T01:06:30.225+0000] {subprocess.py:106} INFO - [0m01:06:30  2 of 10 OK created sql table model public.my_first_dbt_model ................... [[32mSELECT 2[0m in 0.72s]
[2025-03-17T01:06:30.239+0000] {subprocess.py:106} INFO - [0m01:06:30  5 of 10 START sql view model public.dim_bank ................................... [RUN]
[2025-03-17T01:06:30.242+0000] {subprocess.py:106} INFO - [0m01:06:30  6 of 10 START sql view model public.dim_branch ................................. [RUN]
[2025-03-17T01:06:30.249+0000] {subprocess.py:106} INFO - [0m01:06:30  7 of 10 START sql view model public.dim_location ............................... [RUN]
[2025-03-17T01:06:30.260+0000] {subprocess.py:106} INFO - [0m01:06:30  8 of 10 START sql view model public.dim_sentiment .............................. [RUN]
[2025-03-17T01:06:30.537+0000] {subprocess.py:106} INFO - [0m01:06:30  6 of 10 ERROR creating sql view model public.dim_branch ........................ [[31mERROR[0m in 0.27s]
[2025-03-17T01:06:30.539+0000] {subprocess.py:106} INFO - [0m01:06:30  5 of 10 ERROR creating sql view model public.dim_bank .......................... [[31mERROR[0m in 0.29s]
[2025-03-17T01:06:30.541+0000] {subprocess.py:106} INFO - [0m01:06:30  8 of 10 ERROR creating sql view model public.dim_sentiment ..................... [[31mERROR[0m in 0.26s]
[2025-03-17T01:06:30.563+0000] {subprocess.py:106} INFO - [0m01:06:30  9 of 10 START sql view model public.my_second_dbt_model ........................ [RUN]
[2025-03-17T01:06:30.574+0000] {subprocess.py:106} INFO - [0m01:06:30  7 of 10 ERROR creating sql view model public.dim_location ...................... [[31mERROR[0m in 0.29s]
[2025-03-17T01:06:30.591+0000] {subprocess.py:106} INFO - [0m01:06:30  10 of 10 SKIP relation public.fact_reviews ..................................... [[33mSKIP[0m]
[2025-03-17T01:06:30.673+0000] {subprocess.py:106} INFO - [0m01:06:30  9 of 10 ERROR creating sql view model public.my_second_dbt_model ............... [[31mERROR[0m in 0.10s]
[2025-03-17T01:06:30.748+0000] {subprocess.py:106} INFO - [0m01:06:30
[2025-03-17T01:06:30.750+0000] {subprocess.py:106} INFO - [0m01:06:30  Finished running 1 table model, 9 view models in 0 hours 0 minutes and 1.52 seconds (1.52s).
[2025-03-17T01:06:30.896+0000] {subprocess.py:106} INFO - [0m01:06:30
[2025-03-17T01:06:30.898+0000] {subprocess.py:106} INFO - [0m01:06:30  [31mCompleted with 5 errors, 0 partial successes, and 0 warnings:[0m
[2025-03-17T01:06:30.899+0000] {subprocess.py:106} INFO - [0m01:06:30
[2025-03-17T01:06:30.901+0000] {subprocess.py:106} INFO - [0m01:06:30    Database Error in model dim_branch (models/dim_branch.sql)
[2025-03-17T01:06:30.901+0000] {subprocess.py:106} INFO -   relation "dim_branch" already exists
[2025-03-17T01:06:30.902+0000] {subprocess.py:106} INFO -   compiled code at target/run/bank_reviews_project/models/dim_branch.sql
[2025-03-17T01:06:30.903+0000] {subprocess.py:106} INFO - [0m01:06:30
[2025-03-17T01:06:30.907+0000] {subprocess.py:106} INFO - [0m01:06:30    Database Error in model dim_bank (models/dim_bank.sql)
[2025-03-17T01:06:30.908+0000] {subprocess.py:106} INFO -   relation "dim_bank" already exists
[2025-03-17T01:06:30.909+0000] {subprocess.py:106} INFO -   compiled code at target/run/bank_reviews_project/models/dim_bank.sql
[2025-03-17T01:06:30.910+0000] {subprocess.py:106} INFO - [0m01:06:30
[2025-03-17T01:06:30.911+0000] {subprocess.py:106} INFO - [0m01:06:30    Database Error in model dim_sentiment (models/dim_sentiment.sql)
[2025-03-17T01:06:30.912+0000] {subprocess.py:106} INFO -   relation "dim_sentiment" already exists
[2025-03-17T01:06:30.912+0000] {subprocess.py:106} INFO -   compiled code at target/run/bank_reviews_project/models/dim_sentiment.sql
[2025-03-17T01:06:30.914+0000] {subprocess.py:106} INFO - [0m01:06:30
[2025-03-17T01:06:30.916+0000] {subprocess.py:106} INFO - [0m01:06:30    Database Error in model dim_location (models/dim_location.sql)
[2025-03-17T01:06:30.916+0000] {subprocess.py:106} INFO -   relation "dim_location" already exists
[2025-03-17T01:06:30.917+0000] {subprocess.py:106} INFO -   compiled code at target/run/bank_reviews_project/models/dim_location.sql
[2025-03-17T01:06:30.917+0000] {subprocess.py:106} INFO - [0m01:06:30
[2025-03-17T01:06:30.918+0000] {subprocess.py:106} INFO - [0m01:06:30    Database Error in model my_second_dbt_model (models/example/my_second_dbt_model.sql)
[2025-03-17T01:06:30.919+0000] {subprocess.py:106} INFO -   relation "my_second_dbt_model" already exists
[2025-03-17T01:06:30.919+0000] {subprocess.py:106} INFO -   compiled code at target/run/bank_reviews_project/models/example/my_second_dbt_model.sql
[2025-03-17T01:06:30.919+0000] {subprocess.py:106} INFO - [0m01:06:30
[2025-03-17T01:06:30.920+0000] {subprocess.py:106} INFO - [0m01:06:30  Done. PASS=4 WARN=0 ERROR=5 SKIP=1 TOTAL=10
[2025-03-17T01:06:32.928+0000] {subprocess.py:110} INFO - Command exited with return code 1
[2025-03-17T01:06:32.950+0000] {taskinstance.py:3313} ERROR - Task failed with exception
Traceback (most recent call last):
  File "/home/mohammed/venv/lib/python3.11/site-packages/airflow/models/taskinstance.py", line 768, in _execute_task
    result = _execute_callable(context=context, **execute_callable_kwargs)
             ^^^^^^^^^^^^^^^^^^^^^^^^^^^^^^^^^^^^^^^^^^^^^^^^^^^^^^^^^^^^^
  File "/home/mohammed/venv/lib/python3.11/site-packages/airflow/models/taskinstance.py", line 734, in _execute_callable
    return ExecutionCallableRunner(
           ^^^^^^^^^^^^^^^^^^^^^^^^
  File "/home/mohammed/venv/lib/python3.11/site-packages/airflow/utils/operator_helpers.py", line 252, in run
    return self.func(*args, **kwargs)
           ^^^^^^^^^^^^^^^^^^^^^^^^^^
  File "/home/mohammed/venv/lib/python3.11/site-packages/airflow/models/baseoperator.py", line 424, in wrapper
    return func(self, *args, **kwargs)
           ^^^^^^^^^^^^^^^^^^^^^^^^^^^
  File "/home/mohammed/venv/lib/python3.11/site-packages/airflow/operators/bash.py", line 276, in execute
    raise AirflowException(
airflow.exceptions.AirflowException: Bash command failed. The command returned a non-zero exit code 1.
[2025-03-17T01:06:32.955+0000] {logging_mixin.py:190} INFO - Task instance in failure state
[2025-03-17T01:06:32.956+0000] {logging_mixin.py:190} INFO - Task start:2025-03-17 01:06:23.884807+00:00 end:2025-03-17 01:06:32.954737+00:00 duration:9.06993
[2025-03-17T01:06:32.956+0000] {logging_mixin.py:190} INFO - Task:<Task(BashOperator): dbt_run> dag:<DAG: load_reviews_pipeline> dagrun:<DagRun load_reviews_pipeline @ 2024-10-10 00:00:00+00:00: scheduled__2024-10-10T00:00:00+00:00, state:running, queued_at: 2025-03-17 01:01:09.999241+00:00. externally triggered: False>
[2025-03-17T01:06:32.956+0000] {logging_mixin.py:190} INFO - Failure caused by Bash command failed. The command returned a non-zero exit code 1.
[2025-03-17T01:06:32.956+0000] {taskinstance.py:1226} INFO - Marking task as FAILED. dag_id=load_reviews_pipeline, task_id=dbt_run, run_id=scheduled__2024-10-10T00:00:00+00:00, execution_date=20241010T000000, start_date=20250317T010623, end_date=20250317T010632
[2025-03-17T01:06:33.112+0000] {taskinstance.py:341} INFO - ::group::Post task execution logs
[2025-03-17T01:06:33.114+0000] {standard_task_runner.py:124} ERROR - Failed to execute job 504 for task dbt_run (Bash command failed. The command returned a non-zero exit code 1.; 310887)
Traceback (most recent call last):
  File "/home/mohammed/venv/lib/python3.11/site-packages/airflow/task/task_runner/standard_task_runner.py", line 117, in _start_by_fork
    ret = args.func(args, dag=self.dag)
          ^^^^^^^^^^^^^^^^^^^^^^^^^^^^^
  File "/home/mohammed/venv/lib/python3.11/site-packages/airflow/cli/cli_config.py", line 49, in command
    return func(*args, **kwargs)
           ^^^^^^^^^^^^^^^^^^^^^
  File "/home/mohammed/venv/lib/python3.11/site-packages/airflow/utils/cli.py", line 116, in wrapper
    return f(*args, **kwargs)
           ^^^^^^^^^^^^^^^^^^
  File "/home/mohammed/venv/lib/python3.11/site-packages/airflow/cli/commands/task_command.py", line 483, in task_run
    task_return_code = _run_task_by_selected_method(args, _dag, ti)
                       ^^^^^^^^^^^^^^^^^^^^^^^^^^^^^^^^^^^^^^^^^^^^
  File "/home/mohammed/venv/lib/python3.11/site-packages/airflow/cli/commands/task_command.py", line 256, in _run_task_by_selected_method
    return _run_raw_task(args, ti)
           ^^^^^^^^^^^^^^^^^^^^^^^
  File "/home/mohammed/venv/lib/python3.11/site-packages/airflow/cli/commands/task_command.py", line 341, in _run_raw_task
    return ti._run_raw_task(
           ^^^^^^^^^^^^^^^^^
  File "/home/mohammed/venv/lib/python3.11/site-packages/airflow/utils/session.py", line 97, in wrapper
    return func(*args, session=session, **kwargs)
           ^^^^^^^^^^^^^^^^^^^^^^^^^^^^^^^^^^^^^^
  File "/home/mohammed/venv/lib/python3.11/site-packages/airflow/models/taskinstance.py", line 3006, in _run_raw_task
    return _run_raw_task(
           ^^^^^^^^^^^^^^
  File "/home/mohammed/venv/lib/python3.11/site-packages/airflow/models/taskinstance.py", line 274, in _run_raw_task
    TaskInstance._execute_task_with_callbacks(
  File "/home/mohammed/venv/lib/python3.11/site-packages/airflow/models/taskinstance.py", line 3161, in _execute_task_with_callbacks
    result = self._execute_task(context, task_orig)
             ^^^^^^^^^^^^^^^^^^^^^^^^^^^^^^^^^^^^^^
  File "/home/mohammed/venv/lib/python3.11/site-packages/airflow/models/taskinstance.py", line 3185, in _execute_task
    return _execute_task(self, context, task_orig)
           ^^^^^^^^^^^^^^^^^^^^^^^^^^^^^^^^^^^^^^^
  File "/home/mohammed/venv/lib/python3.11/site-packages/airflow/models/taskinstance.py", line 768, in _execute_task
    result = _execute_callable(context=context, **execute_callable_kwargs)
             ^^^^^^^^^^^^^^^^^^^^^^^^^^^^^^^^^^^^^^^^^^^^^^^^^^^^^^^^^^^^^
  File "/home/mohammed/venv/lib/python3.11/site-packages/airflow/models/taskinstance.py", line 734, in _execute_callable
    return ExecutionCallableRunner(
           ^^^^^^^^^^^^^^^^^^^^^^^^
  File "/home/mohammed/venv/lib/python3.11/site-packages/airflow/utils/operator_helpers.py", line 252, in run
    return self.func(*args, **kwargs)
           ^^^^^^^^^^^^^^^^^^^^^^^^^^
  File "/home/mohammed/venv/lib/python3.11/site-packages/airflow/models/baseoperator.py", line 424, in wrapper
    return func(self, *args, **kwargs)
           ^^^^^^^^^^^^^^^^^^^^^^^^^^^
  File "/home/mohammed/venv/lib/python3.11/site-packages/airflow/operators/bash.py", line 276, in execute
    raise AirflowException(
airflow.exceptions.AirflowException: Bash command failed. The command returned a non-zero exit code 1.
[2025-03-17T01:06:34.067+0000] {local_task_job_runner.py:266} INFO - Task exited with return code 1
[2025-03-17T01:06:34.093+0000] {local_task_job_runner.py:245} INFO - ::endgroup::
