[2025-03-17T00:24:27.432+0000] {local_task_job_runner.py:123} INFO - ::group::Pre task execution logs
[2025-03-17T00:24:27.630+0000] {taskinstance.py:2614} INFO - Dependencies all met for dep_context=non-requeueable deps ti=<TaskInstance: load_reviews_pipeline.dbt_run scheduled__2024-04-20T00:00:00+00:00 [queued]>
[2025-03-17T00:24:27.670+0000] {taskinstance.py:2614} INFO - Dependencies all met for dep_context=requeueable deps ti=<TaskInstance: load_reviews_pipeline.dbt_run scheduled__2024-04-20T00:00:00+00:00 [queued]>
[2025-03-17T00:24:27.696+0000] {taskinstance.py:2867} INFO - Starting attempt 2 of 2
[2025-03-17T00:24:27.833+0000] {taskinstance.py:2890} INFO - Executing <Task(BashOperator): dbt_run> on 2024-04-20 00:00:00+00:00
[2025-03-17T00:24:27.902+0000] {standard_task_runner.py:104} INFO - Running: ['airflow', 'tasks', 'run', 'load_reviews_pipeline', 'dbt_run', 'scheduled__2024-04-20T00:00:00+00:00', '--job-id', '205', '--raw', '--subdir', 'DAGS_FOLDER/dag_load_reviews.py', '--cfg-path', '/tmp/tmpvw6r0r0y']
[2025-03-17T00:24:27.879+0000] {standard_task_runner.py:72} INFO - Started process 258224 to run task
[2025-03-17T00:24:27.911+0000] {standard_task_runner.py:105} INFO - Job 205: Subtask dbt_run
[2025-03-17T00:24:28.247+0000] {task_command.py:467} INFO - Running <TaskInstance: load_reviews_pipeline.dbt_run scheduled__2024-04-20T00:00:00+00:00 [running]> on host DESKTOP-IM7V4RI.
[2025-03-17T00:24:29.145+0000] {taskinstance.py:3134} INFO - Exporting env vars: AIRFLOW_CTX_DAG_OWNER='mohammed' AIRFLOW_CTX_DAG_ID='load_reviews_pipeline' AIRFLOW_CTX_TASK_ID='dbt_run' AIRFLOW_CTX_EXECUTION_DATE='2024-04-20T00:00:00+00:00' AIRFLOW_CTX_TRY_NUMBER='2' AIRFLOW_CTX_DAG_RUN_ID='scheduled__2024-04-20T00:00:00+00:00'
[2025-03-17T00:24:29.149+0000] {logging_mixin.py:190} INFO - Task instance is in running state
[2025-03-17T00:24:29.157+0000] {logging_mixin.py:190} INFO -  Previous state of the Task instance: queued
[2025-03-17T00:24:29.158+0000] {logging_mixin.py:190} INFO - Current task name:dbt_run state:running start_date:2025-03-17 00:24:27.631124+00:00
[2025-03-17T00:24:29.160+0000] {logging_mixin.py:190} INFO - Dag name:load_reviews_pipeline and current dag run status:running
[2025-03-17T00:24:29.161+0000] {taskinstance.py:732} INFO - ::endgroup::
[2025-03-17T00:24:29.165+0000] {subprocess.py:78} INFO - Tmp dir root location: /tmp
[2025-03-17T00:24:29.178+0000] {subprocess.py:88} INFO - Running command: ['/usr/bin/bash', '-c', 'cd /home/mohammed/.dbt/bank_reviews_project && dbt run']
[2025-03-17T00:24:29.302+0000] {subprocess.py:99} INFO - Output:
[2025-03-17T00:24:45.654+0000] {subprocess.py:106} INFO - [0m00:24:45  Running with dbt=1.9.3
[2025-03-17T00:24:49.240+0000] {subprocess.py:106} INFO - [0m00:24:49  Registered adapter: postgres=1.9.0
[2025-03-17T00:24:59.581+0000] {subprocess.py:106} INFO - [0m00:24:59  Found 6 models, 4 data tests, 2 sources, 433 macros
[2025-03-17T00:24:59.648+0000] {subprocess.py:106} INFO - [0m00:24:59
[2025-03-17T00:24:59.660+0000] {subprocess.py:106} INFO - [0m00:24:59  Concurrency: 4 threads (target='dev')
[2025-03-17T00:24:59.665+0000] {subprocess.py:106} INFO - [0m00:24:59
[2025-03-17T00:25:04.068+0000] {subprocess.py:106} INFO - [0m00:25:04  1 of 6 START sql view model public.clean_reviews ............................... [RUN]
[2025-03-17T00:25:04.148+0000] {subprocess.py:106} INFO - [0m00:25:04  3 of 6 START sql view model public.remove_duplicates ........................... [RUN]
[2025-03-17T00:25:04.149+0000] {subprocess.py:106} INFO - [0m00:25:04  2 of 6 START sql table model public.my_first_dbt_model ......................... [RUN]
[2025-03-17T00:25:04.206+0000] {subprocess.py:106} INFO - [0m00:25:04  4 of 6 START sql view model public.stg_clean_reviews ........................... [RUN]
[2025-03-17T00:25:07.391+0000] {subprocess.py:106} INFO - [0m00:25:07  2 of 6 ERROR creating sql table model public.my_first_dbt_model ................ [[31mERROR[0m in 3.02s]
[2025-03-17T00:25:07.415+0000] {subprocess.py:106} INFO - [0m00:25:07  4 of 6 ERROR creating sql view model public.stg_clean_reviews .................. [[31mERROR[0m in 3.05s]
[2025-03-17T00:25:07.436+0000] {subprocess.py:106} INFO - [0m00:25:07  5 of 6 SKIP relation public.dwh_model .......................................... [[33mSKIP[0m]
[2025-03-17T00:25:07.441+0000] {subprocess.py:106} INFO - [0m00:25:07  6 of 6 SKIP relation public.my_second_dbt_model ................................ [[33mSKIP[0m]
[2025-03-17T00:25:07.942+0000] {subprocess.py:106} INFO - [0m00:25:07  1 of 6 ERROR creating sql view model public.clean_reviews ...................... [[31mERROR[0m in 3.78s]
[2025-03-17T00:25:10.026+0000] {subprocess.py:106} INFO - [0m00:25:10  3 of 6 ERROR creating sql view model public.remove_duplicates .................. [[31mERROR[0m in 5.77s]
[2025-03-17T00:25:10.373+0000] {subprocess.py:106} INFO - [0m00:25:10
[2025-03-17T00:25:10.378+0000] {subprocess.py:106} INFO - [0m00:25:10  Finished running 1 table model, 5 view models in 0 hours 0 minutes and 10.70 seconds (10.70s).
[2025-03-17T00:25:12.501+0000] {subprocess.py:106} INFO - [0m00:25:12
[2025-03-17T00:25:12.515+0000] {subprocess.py:106} INFO - [0m00:25:12  [31mCompleted with 4 errors, 0 partial successes, and 0 warnings:[0m
[2025-03-17T00:25:12.519+0000] {subprocess.py:106} INFO - [0m00:25:12
[2025-03-17T00:25:12.524+0000] {subprocess.py:106} INFO - [0m00:25:12    Database Error in model stg_clean_reviews (models/stg_clean_reviews.sql)
[2025-03-17T00:25:12.526+0000] {subprocess.py:106} INFO -   relation "stg_clean_reviews__dbt_backup" already exists
[2025-03-17T00:25:12.527+0000] {subprocess.py:106} INFO -   compiled code at target/run/bank_reviews_project/models/stg_clean_reviews.sql
[2025-03-17T00:25:12.533+0000] {subprocess.py:106} INFO - [0m00:25:12
[2025-03-17T00:25:12.545+0000] {subprocess.py:106} INFO - [0m00:25:12    Database Error in model my_first_dbt_model (models/example/my_first_dbt_model.sql)
[2025-03-17T00:25:12.546+0000] {subprocess.py:106} INFO -   relation "my_first_dbt_model__dbt_backup" already exists
[2025-03-17T00:25:12.547+0000] {subprocess.py:106} INFO -   compiled code at target/run/bank_reviews_project/models/example/my_first_dbt_model.sql
[2025-03-17T00:25:12.549+0000] {subprocess.py:106} INFO - [0m00:25:12
[2025-03-17T00:25:12.555+0000] {subprocess.py:106} INFO - [0m00:25:12    Database Error in model clean_reviews (models/clean_reviews.sql)
[2025-03-17T00:25:12.557+0000] {subprocess.py:106} INFO -   relation "clean_reviews__dbt_backup" already exists
[2025-03-17T00:25:12.558+0000] {subprocess.py:106} INFO -   compiled code at target/run/bank_reviews_project/models/clean_reviews.sql
[2025-03-17T00:25:12.563+0000] {subprocess.py:106} INFO - [0m00:25:12
[2025-03-17T00:25:12.569+0000] {subprocess.py:106} INFO - [0m00:25:12    Database Error in model remove_duplicates (models/remove_duplicates.sql)
[2025-03-17T00:25:12.570+0000] {subprocess.py:106} INFO -   relation "remove_duplicates__dbt_backup" already exists
[2025-03-17T00:25:12.571+0000] {subprocess.py:106} INFO -   compiled code at target/run/bank_reviews_project/models/remove_duplicates.sql
[2025-03-17T00:25:12.575+0000] {subprocess.py:106} INFO - [0m00:25:12
[2025-03-17T00:25:12.579+0000] {subprocess.py:106} INFO - [0m00:25:12  Done. PASS=0 WARN=0 ERROR=4 SKIP=2 TOTAL=6
[2025-03-17T00:25:17.408+0000] {subprocess.py:110} INFO - Command exited with return code 1
[2025-03-17T00:25:22.390+0000] {taskinstance.py:3313} ERROR - Task failed with exception
Traceback (most recent call last):
  File "/home/mohammed/venv/lib/python3.11/site-packages/airflow/models/taskinstance.py", line 768, in _execute_task
    result = _execute_callable(context=context, **execute_callable_kwargs)
             ^^^^^^^^^^^^^^^^^^^^^^^^^^^^^^^^^^^^^^^^^^^^^^^^^^^^^^^^^^^^^
  File "/home/mohammed/venv/lib/python3.11/site-packages/airflow/models/taskinstance.py", line 734, in _execute_callable
    return ExecutionCallableRunner(
           ^^^^^^^^^^^^^^^^^^^^^^^^
  File "/home/mohammed/venv/lib/python3.11/site-packages/airflow/utils/operator_helpers.py", line 252, in run
    return self.func(*args, **kwargs)
           ^^^^^^^^^^^^^^^^^^^^^^^^^^
  File "/home/mohammed/venv/lib/python3.11/site-packages/airflow/models/baseoperator.py", line 424, in wrapper
    return func(self, *args, **kwargs)
           ^^^^^^^^^^^^^^^^^^^^^^^^^^^
  File "/home/mohammed/venv/lib/python3.11/site-packages/airflow/operators/bash.py", line 276, in execute
    raise AirflowException(
airflow.exceptions.AirflowException: Bash command failed. The command returned a non-zero exit code 1.
[2025-03-17T00:25:23.751+0000] {logging_mixin.py:190} INFO - Task instance in failure state
[2025-03-17T00:25:23.755+0000] {logging_mixin.py:190} INFO - Task start:2025-03-17 00:24:27.631124+00:00 end:2025-03-17 00:25:23.393675+00:00 duration:55.762551
[2025-03-17T00:25:23.795+0000] {logging_mixin.py:190} INFO - Task:<Task(BashOperator): dbt_run> dag:<DAG: load_reviews_pipeline> dagrun:<DagRun load_reviews_pipeline @ 2024-04-20 00:00:00+00:00: scheduled__2024-04-20T00:00:00+00:00, state:running, queued_at: 2025-03-17 00:18:40.824686+00:00. externally triggered: False>
[2025-03-17T00:25:23.796+0000] {logging_mixin.py:190} INFO - Failure caused by Bash command failed. The command returned a non-zero exit code 1.
[2025-03-17T00:25:23.798+0000] {taskinstance.py:1226} INFO - Marking task as FAILED. dag_id=load_reviews_pipeline, task_id=dbt_run, run_id=scheduled__2024-04-20T00:00:00+00:00, execution_date=20240420T000000, start_date=20250317T002427, end_date=20250317T002523
[2025-03-17T00:25:25.792+0000] {taskinstance.py:341} INFO - ::group::Post task execution logs
[2025-03-17T00:25:25.861+0000] {standard_task_runner.py:124} ERROR - Failed to execute job 205 for task dbt_run (Bash command failed. The command returned a non-zero exit code 1.; 258224)
Traceback (most recent call last):
  File "/home/mohammed/venv/lib/python3.11/site-packages/airflow/task/task_runner/standard_task_runner.py", line 117, in _start_by_fork
    ret = args.func(args, dag=self.dag)
          ^^^^^^^^^^^^^^^^^^^^^^^^^^^^^
  File "/home/mohammed/venv/lib/python3.11/site-packages/airflow/cli/cli_config.py", line 49, in command
    return func(*args, **kwargs)
           ^^^^^^^^^^^^^^^^^^^^^
  File "/home/mohammed/venv/lib/python3.11/site-packages/airflow/utils/cli.py", line 116, in wrapper
    return f(*args, **kwargs)
           ^^^^^^^^^^^^^^^^^^
  File "/home/mohammed/venv/lib/python3.11/site-packages/airflow/cli/commands/task_command.py", line 483, in task_run
    task_return_code = _run_task_by_selected_method(args, _dag, ti)
                       ^^^^^^^^^^^^^^^^^^^^^^^^^^^^^^^^^^^^^^^^^^^^
  File "/home/mohammed/venv/lib/python3.11/site-packages/airflow/cli/commands/task_command.py", line 256, in _run_task_by_selected_method
    return _run_raw_task(args, ti)
           ^^^^^^^^^^^^^^^^^^^^^^^
  File "/home/mohammed/venv/lib/python3.11/site-packages/airflow/cli/commands/task_command.py", line 341, in _run_raw_task
    return ti._run_raw_task(
           ^^^^^^^^^^^^^^^^^
  File "/home/mohammed/venv/lib/python3.11/site-packages/airflow/utils/session.py", line 97, in wrapper
    return func(*args, session=session, **kwargs)
           ^^^^^^^^^^^^^^^^^^^^^^^^^^^^^^^^^^^^^^
  File "/home/mohammed/venv/lib/python3.11/site-packages/airflow/models/taskinstance.py", line 3006, in _run_raw_task
    return _run_raw_task(
           ^^^^^^^^^^^^^^
  File "/home/mohammed/venv/lib/python3.11/site-packages/airflow/models/taskinstance.py", line 274, in _run_raw_task
    TaskInstance._execute_task_with_callbacks(
  File "/home/mohammed/venv/lib/python3.11/site-packages/airflow/models/taskinstance.py", line 3161, in _execute_task_with_callbacks
    result = self._execute_task(context, task_orig)
             ^^^^^^^^^^^^^^^^^^^^^^^^^^^^^^^^^^^^^^
  File "/home/mohammed/venv/lib/python3.11/site-packages/airflow/models/taskinstance.py", line 3185, in _execute_task
    return _execute_task(self, context, task_orig)
           ^^^^^^^^^^^^^^^^^^^^^^^^^^^^^^^^^^^^^^^
  File "/home/mohammed/venv/lib/python3.11/site-packages/airflow/models/taskinstance.py", line 768, in _execute_task
    result = _execute_callable(context=context, **execute_callable_kwargs)
             ^^^^^^^^^^^^^^^^^^^^^^^^^^^^^^^^^^^^^^^^^^^^^^^^^^^^^^^^^^^^^
  File "/home/mohammed/venv/lib/python3.11/site-packages/airflow/models/taskinstance.py", line 734, in _execute_callable
    return ExecutionCallableRunner(
           ^^^^^^^^^^^^^^^^^^^^^^^^
  File "/home/mohammed/venv/lib/python3.11/site-packages/airflow/utils/operator_helpers.py", line 252, in run
    return self.func(*args, **kwargs)
           ^^^^^^^^^^^^^^^^^^^^^^^^^^
  File "/home/mohammed/venv/lib/python3.11/site-packages/airflow/models/baseoperator.py", line 424, in wrapper
    return func(self, *args, **kwargs)
           ^^^^^^^^^^^^^^^^^^^^^^^^^^^
  File "/home/mohammed/venv/lib/python3.11/site-packages/airflow/operators/bash.py", line 276, in execute
    raise AirflowException(
airflow.exceptions.AirflowException: Bash command failed. The command returned a non-zero exit code 1.
[2025-03-17T00:25:26.886+0000] {local_task_job_runner.py:266} INFO - Task exited with return code 1
[2025-03-17T00:25:26.538+0000] {standard_task_runner.py:217} INFO - Process not found (most likely exited), stop collecting metrics
[2025-03-17T00:25:27.518+0000] {local_task_job_runner.py:245} INFO - ::endgroup::
