[2025-03-17T00:24:28.102+0000] {local_task_job_runner.py:123} INFO - ::group::Pre task execution logs
[2025-03-17T00:24:28.280+0000] {taskinstance.py:2614} INFO - Dependencies all met for dep_context=non-requeueable deps ti=<TaskInstance: load_reviews_pipeline.dbt_run scheduled__2024-04-22T00:00:00+00:00 [queued]>
[2025-03-17T00:24:28.303+0000] {taskinstance.py:2614} INFO - Dependencies all met for dep_context=requeueable deps ti=<TaskInstance: load_reviews_pipeline.dbt_run scheduled__2024-04-22T00:00:00+00:00 [queued]>
[2025-03-17T00:24:28.312+0000] {taskinstance.py:2867} INFO - Starting attempt 2 of 2
[2025-03-17T00:24:28.493+0000] {taskinstance.py:2890} INFO - Executing <Task(BashOperator): dbt_run> on 2024-04-22 00:00:00+00:00
[2025-03-17T00:24:28.556+0000] {standard_task_runner.py:72} INFO - Started process 258285 to run task
[2025-03-17T00:24:28.593+0000] {standard_task_runner.py:104} INFO - Running: ['airflow', 'tasks', 'run', 'load_reviews_pipeline', 'dbt_run', 'scheduled__2024-04-22T00:00:00+00:00', '--job-id', '209', '--raw', '--subdir', 'DAGS_FOLDER/dag_load_reviews.py', '--cfg-path', '/tmp/tmpeyk0htyu']
[2025-03-17T00:24:28.596+0000] {standard_task_runner.py:105} INFO - Job 209: Subtask dbt_run
[2025-03-17T00:24:29.278+0000] {task_command.py:467} INFO - Running <TaskInstance: load_reviews_pipeline.dbt_run scheduled__2024-04-22T00:00:00+00:00 [running]> on host DESKTOP-IM7V4RI.
[2025-03-17T00:24:30.106+0000] {taskinstance.py:3134} INFO - Exporting env vars: AIRFLOW_CTX_DAG_OWNER='mohammed' AIRFLOW_CTX_DAG_ID='load_reviews_pipeline' AIRFLOW_CTX_TASK_ID='dbt_run' AIRFLOW_CTX_EXECUTION_DATE='2024-04-22T00:00:00+00:00' AIRFLOW_CTX_TRY_NUMBER='2' AIRFLOW_CTX_DAG_RUN_ID='scheduled__2024-04-22T00:00:00+00:00'
[2025-03-17T00:24:30.113+0000] {logging_mixin.py:190} INFO - Task instance is in running state
[2025-03-17T00:24:30.117+0000] {logging_mixin.py:190} INFO -  Previous state of the Task instance: queued
[2025-03-17T00:24:30.118+0000] {logging_mixin.py:190} INFO - Current task name:dbt_run state:running start_date:2025-03-17 00:24:28.283019+00:00
[2025-03-17T00:24:30.118+0000] {logging_mixin.py:190} INFO - Dag name:load_reviews_pipeline and current dag run status:running
[2025-03-17T00:24:30.119+0000] {taskinstance.py:732} INFO - ::endgroup::
[2025-03-17T00:24:30.121+0000] {subprocess.py:78} INFO - Tmp dir root location: /tmp
[2025-03-17T00:24:30.139+0000] {subprocess.py:88} INFO - Running command: ['/usr/bin/bash', '-c', 'cd /home/mohammed/.dbt/bank_reviews_project && dbt run']
[2025-03-17T00:24:30.327+0000] {subprocess.py:99} INFO - Output:
[2025-03-17T00:24:46.964+0000] {subprocess.py:106} INFO - [0m00:24:46  Running with dbt=1.9.3
[2025-03-17T00:24:51.879+0000] {subprocess.py:106} INFO - [0m00:24:51  Registered adapter: postgres=1.9.0
[2025-03-17T00:25:02.804+0000] {subprocess.py:106} INFO - [0m00:25:02  Found 6 models, 4 data tests, 2 sources, 433 macros
[2025-03-17T00:25:02.913+0000] {subprocess.py:106} INFO - [0m00:25:02
[2025-03-17T00:25:02.934+0000] {subprocess.py:106} INFO - [0m00:25:02  Concurrency: 4 threads (target='dev')
[2025-03-17T00:25:02.944+0000] {subprocess.py:106} INFO - [0m00:25:02
[2025-03-17T00:25:08.084+0000] {subprocess.py:106} INFO - [0m00:25:08  1 of 6 START sql view model public.clean_reviews ............................... [RUN]
[2025-03-17T00:25:08.139+0000] {subprocess.py:106} INFO - [0m00:25:08  3 of 6 START sql view model public.remove_duplicates ........................... [RUN]
[2025-03-17T00:25:08.152+0000] {subprocess.py:106} INFO - [0m00:25:08  2 of 6 START sql table model public.my_first_dbt_model ......................... [RUN]
[2025-03-17T00:25:08.174+0000] {subprocess.py:106} INFO - [0m00:25:08  4 of 6 START sql view model public.stg_clean_reviews ........................... [RUN]
[2025-03-17T00:25:12.656+0000] {subprocess.py:106} INFO - [0m00:25:12  4 of 6 OK created sql view model public.stg_clean_reviews ...................... [[32mCREATE VIEW[0m in 4.46s]
[2025-03-17T00:25:12.658+0000] {subprocess.py:106} INFO - [0m00:25:12  1 of 6 OK created sql view model public.clean_reviews .......................... [[32mCREATE VIEW[0m in 4.55s]
[2025-03-17T00:25:12.696+0000] {subprocess.py:106} INFO - [0m00:25:12  5 of 6 START sql view model public.dwh_model ................................... [RUN]
[2025-03-17T00:25:12.849+0000] {subprocess.py:106} INFO - [0m00:25:12  3 of 6 OK created sql view model public.remove_duplicates ...................... [[32mCREATE VIEW[0m in 4.71s]
[2025-03-17T00:25:12.851+0000] {subprocess.py:106} INFO - [0m00:25:12  2 of 6 OK created sql table model public.my_first_dbt_model .................... [[32mSELECT 2[0m in 4.70s]
[2025-03-17T00:25:12.865+0000] {subprocess.py:106} INFO - [0m00:25:12  6 of 6 START sql view model public.my_second_dbt_model ......................... [RUN]
[2025-03-17T00:25:12.968+0000] {subprocess.py:106} INFO - [0m00:25:12  5 of 6 ERROR creating sql view model public.dwh_model .......................... [[31mERROR[0m in 0.27s]
[2025-03-17T00:25:13.798+0000] {subprocess.py:106} INFO - [0m00:25:13  6 of 6 OK created sql view model public.my_second_dbt_model .................... [[32mCREATE VIEW[0m in 0.93s]
[2025-03-17T00:25:13.857+0000] {subprocess.py:106} INFO - [0m00:25:13
[2025-03-17T00:25:13.859+0000] {subprocess.py:106} INFO - [0m00:25:13  Finished running 1 table model, 5 view models in 0 hours 0 minutes and 10.91 seconds (10.91s).
[2025-03-17T00:25:14.028+0000] {subprocess.py:106} INFO - [0m00:25:14
[2025-03-17T00:25:14.037+0000] {subprocess.py:106} INFO - [0m00:25:14  [31mCompleted with 1 error, 0 partial successes, and 0 warnings:[0m
[2025-03-17T00:25:14.039+0000] {subprocess.py:106} INFO - [0m00:25:14
[2025-03-17T00:25:14.042+0000] {subprocess.py:106} INFO - [0m00:25:14    Database Error in model dwh_model (models/dwh_model.sql)
[2025-03-17T00:25:14.043+0000] {subprocess.py:106} INFO -   syntax error at or near ";"
[2025-03-17T00:25:14.044+0000] {subprocess.py:106} INFO -   LINE 52: SELECT * FROM fact_reviews;
[2025-03-17T00:25:14.045+0000] {subprocess.py:106} INFO -                                      ^
[2025-03-17T00:25:14.046+0000] {subprocess.py:106} INFO -   compiled code at target/run/bank_reviews_project/models/dwh_model.sql
[2025-03-17T00:25:14.047+0000] {subprocess.py:106} INFO - [0m00:25:14
[2025-03-17T00:25:14.052+0000] {subprocess.py:106} INFO - [0m00:25:14  Done. PASS=5 WARN=0 ERROR=1 SKIP=0 TOTAL=6
[2025-03-17T00:25:18.537+0000] {subprocess.py:110} INFO - Command exited with return code 1
[2025-03-17T00:25:24.434+0000] {taskinstance.py:3313} ERROR - Task failed with exception
Traceback (most recent call last):
  File "/home/mohammed/venv/lib/python3.11/site-packages/airflow/models/taskinstance.py", line 768, in _execute_task
    result = _execute_callable(context=context, **execute_callable_kwargs)
             ^^^^^^^^^^^^^^^^^^^^^^^^^^^^^^^^^^^^^^^^^^^^^^^^^^^^^^^^^^^^^
  File "/home/mohammed/venv/lib/python3.11/site-packages/airflow/models/taskinstance.py", line 734, in _execute_callable
    return ExecutionCallableRunner(
           ^^^^^^^^^^^^^^^^^^^^^^^^
  File "/home/mohammed/venv/lib/python3.11/site-packages/airflow/utils/operator_helpers.py", line 252, in run
    return self.func(*args, **kwargs)
           ^^^^^^^^^^^^^^^^^^^^^^^^^^
  File "/home/mohammed/venv/lib/python3.11/site-packages/airflow/models/baseoperator.py", line 424, in wrapper
    return func(self, *args, **kwargs)
           ^^^^^^^^^^^^^^^^^^^^^^^^^^^
  File "/home/mohammed/venv/lib/python3.11/site-packages/airflow/operators/bash.py", line 276, in execute
    raise AirflowException(
airflow.exceptions.AirflowException: Bash command failed. The command returned a non-zero exit code 1.
[2025-03-17T00:25:24.724+0000] {logging_mixin.py:190} INFO - Task instance in failure state
[2025-03-17T00:25:24.727+0000] {logging_mixin.py:190} INFO - Task start:2025-03-17 00:24:28.283019+00:00 end:2025-03-17 00:25:24.591305+00:00 duration:56.308286
[2025-03-17T00:25:24.760+0000] {logging_mixin.py:190} INFO - Task:<Task(BashOperator): dbt_run> dag:<DAG: load_reviews_pipeline> dagrun:<DagRun load_reviews_pipeline @ 2024-04-22 00:00:00+00:00: scheduled__2024-04-22T00:00:00+00:00, state:running, queued_at: 2025-03-17 00:18:41.793865+00:00. externally triggered: False>
[2025-03-17T00:25:24.769+0000] {logging_mixin.py:190} INFO - Failure caused by Bash command failed. The command returned a non-zero exit code 1.
[2025-03-17T00:25:24.775+0000] {taskinstance.py:1226} INFO - Marking task as FAILED. dag_id=load_reviews_pipeline, task_id=dbt_run, run_id=scheduled__2024-04-22T00:00:00+00:00, execution_date=20240422T000000, start_date=20250317T002428, end_date=20250317T002524
[2025-03-17T00:25:26.179+0000] {taskinstance.py:341} INFO - ::group::Post task execution logs
[2025-03-17T00:25:26.851+0000] {standard_task_runner.py:124} ERROR - Failed to execute job 209 for task dbt_run (Bash command failed. The command returned a non-zero exit code 1.; 258285)
Traceback (most recent call last):
  File "/home/mohammed/venv/lib/python3.11/site-packages/airflow/task/task_runner/standard_task_runner.py", line 117, in _start_by_fork
    ret = args.func(args, dag=self.dag)
          ^^^^^^^^^^^^^^^^^^^^^^^^^^^^^
  File "/home/mohammed/venv/lib/python3.11/site-packages/airflow/cli/cli_config.py", line 49, in command
    return func(*args, **kwargs)
           ^^^^^^^^^^^^^^^^^^^^^
  File "/home/mohammed/venv/lib/python3.11/site-packages/airflow/utils/cli.py", line 116, in wrapper
    return f(*args, **kwargs)
           ^^^^^^^^^^^^^^^^^^
  File "/home/mohammed/venv/lib/python3.11/site-packages/airflow/cli/commands/task_command.py", line 483, in task_run
    task_return_code = _run_task_by_selected_method(args, _dag, ti)
                       ^^^^^^^^^^^^^^^^^^^^^^^^^^^^^^^^^^^^^^^^^^^^
  File "/home/mohammed/venv/lib/python3.11/site-packages/airflow/cli/commands/task_command.py", line 256, in _run_task_by_selected_method
    return _run_raw_task(args, ti)
           ^^^^^^^^^^^^^^^^^^^^^^^
  File "/home/mohammed/venv/lib/python3.11/site-packages/airflow/cli/commands/task_command.py", line 341, in _run_raw_task
    return ti._run_raw_task(
           ^^^^^^^^^^^^^^^^^
  File "/home/mohammed/venv/lib/python3.11/site-packages/airflow/utils/session.py", line 97, in wrapper
    return func(*args, session=session, **kwargs)
           ^^^^^^^^^^^^^^^^^^^^^^^^^^^^^^^^^^^^^^
  File "/home/mohammed/venv/lib/python3.11/site-packages/airflow/models/taskinstance.py", line 3006, in _run_raw_task
    return _run_raw_task(
           ^^^^^^^^^^^^^^
  File "/home/mohammed/venv/lib/python3.11/site-packages/airflow/models/taskinstance.py", line 274, in _run_raw_task
    TaskInstance._execute_task_with_callbacks(
  File "/home/mohammed/venv/lib/python3.11/site-packages/airflow/models/taskinstance.py", line 3161, in _execute_task_with_callbacks
    result = self._execute_task(context, task_orig)
             ^^^^^^^^^^^^^^^^^^^^^^^^^^^^^^^^^^^^^^
  File "/home/mohammed/venv/lib/python3.11/site-packages/airflow/models/taskinstance.py", line 3185, in _execute_task
    return _execute_task(self, context, task_orig)
           ^^^^^^^^^^^^^^^^^^^^^^^^^^^^^^^^^^^^^^^
  File "/home/mohammed/venv/lib/python3.11/site-packages/airflow/models/taskinstance.py", line 768, in _execute_task
    result = _execute_callable(context=context, **execute_callable_kwargs)
             ^^^^^^^^^^^^^^^^^^^^^^^^^^^^^^^^^^^^^^^^^^^^^^^^^^^^^^^^^^^^^
  File "/home/mohammed/venv/lib/python3.11/site-packages/airflow/models/taskinstance.py", line 734, in _execute_callable
    return ExecutionCallableRunner(
           ^^^^^^^^^^^^^^^^^^^^^^^^
  File "/home/mohammed/venv/lib/python3.11/site-packages/airflow/utils/operator_helpers.py", line 252, in run
    return self.func(*args, **kwargs)
           ^^^^^^^^^^^^^^^^^^^^^^^^^^
  File "/home/mohammed/venv/lib/python3.11/site-packages/airflow/models/baseoperator.py", line 424, in wrapper
    return func(self, *args, **kwargs)
           ^^^^^^^^^^^^^^^^^^^^^^^^^^^
  File "/home/mohammed/venv/lib/python3.11/site-packages/airflow/operators/bash.py", line 276, in execute
    raise AirflowException(
airflow.exceptions.AirflowException: Bash command failed. The command returned a non-zero exit code 1.
[2025-03-17T00:25:27.185+0000] {local_task_job_runner.py:266} INFO - Task exited with return code 1
[2025-03-17T00:25:27.605+0000] {local_task_job_runner.py:245} INFO - ::endgroup::
