[2025-03-17T00:47:04.845+0000] {local_task_job_runner.py:123} INFO - ::group::Pre task execution logs
[2025-03-17T00:47:04.950+0000] {taskinstance.py:2614} INFO - Dependencies all met for dep_context=non-requeueable deps ti=<TaskInstance: load_reviews_pipeline.dbt_run scheduled__2024-06-28T00:00:00+00:00 [queued]>
[2025-03-17T00:47:04.985+0000] {taskinstance.py:2614} INFO - Dependencies all met for dep_context=requeueable deps ti=<TaskInstance: load_reviews_pipeline.dbt_run scheduled__2024-06-28T00:00:00+00:00 [queued]>
[2025-03-17T00:47:04.985+0000] {taskinstance.py:2867} INFO - Starting attempt 2 of 2
[2025-03-17T00:47:05.096+0000] {taskinstance.py:2890} INFO - Executing <Task(BashOperator): dbt_run> on 2024-06-28 00:00:00+00:00
[2025-03-17T00:47:05.132+0000] {standard_task_runner.py:72} INFO - Started process 282866 to run task
[2025-03-17T00:47:05.174+0000] {standard_task_runner.py:104} INFO - Running: ['airflow', 'tasks', 'run', 'load_reviews_pipeline', 'dbt_run', 'scheduled__2024-06-28T00:00:00+00:00', '--job-id', '343', '--raw', '--subdir', 'DAGS_FOLDER/dag_load_reviews.py', '--cfg-path', '/tmp/tmpt_wexzad']
[2025-03-17T00:47:05.185+0000] {standard_task_runner.py:105} INFO - Job 343: Subtask dbt_run
[2025-03-17T00:47:06.001+0000] {task_command.py:467} INFO - Running <TaskInstance: load_reviews_pipeline.dbt_run scheduled__2024-06-28T00:00:00+00:00 [running]> on host DESKTOP-IM7V4RI.
[2025-03-17T00:47:07.112+0000] {taskinstance.py:3134} INFO - Exporting env vars: AIRFLOW_CTX_DAG_OWNER='mohammed' AIRFLOW_CTX_DAG_ID='load_reviews_pipeline' AIRFLOW_CTX_TASK_ID='dbt_run' AIRFLOW_CTX_EXECUTION_DATE='2024-06-28T00:00:00+00:00' AIRFLOW_CTX_TRY_NUMBER='2' AIRFLOW_CTX_DAG_RUN_ID='scheduled__2024-06-28T00:00:00+00:00'
[2025-03-17T00:47:07.116+0000] {logging_mixin.py:190} INFO - Task instance is in running state
[2025-03-17T00:47:07.116+0000] {logging_mixin.py:190} INFO -  Previous state of the Task instance: queued
[2025-03-17T00:47:07.117+0000] {logging_mixin.py:190} INFO - Current task name:dbt_run state:running start_date:2025-03-17 00:47:04.950945+00:00
[2025-03-17T00:47:07.117+0000] {logging_mixin.py:190} INFO - Dag name:load_reviews_pipeline and current dag run status:running
[2025-03-17T00:47:07.119+0000] {taskinstance.py:732} INFO - ::endgroup::
[2025-03-17T00:47:07.137+0000] {subprocess.py:78} INFO - Tmp dir root location: /tmp
[2025-03-17T00:47:07.139+0000] {subprocess.py:88} INFO - Running command: ['/usr/bin/bash', '-c', 'cd /home/mohammed/.dbt/bank_reviews_project && dbt run']
[2025-03-17T00:47:07.178+0000] {subprocess.py:99} INFO - Output:
[2025-03-17T00:47:37.165+0000] {subprocess.py:106} INFO - [0m00:47:37  Running with dbt=1.9.3
[2025-03-17T00:47:42.153+0000] {subprocess.py:106} INFO - [0m00:47:42  Registered adapter: postgres=1.9.0
[2025-03-17T00:47:54.290+0000] {subprocess.py:106} INFO - [0m00:47:54  Found 11 models, 4 data tests, 2 sources, 433 macros
[2025-03-17T00:47:54.316+0000] {subprocess.py:106} INFO - [0m00:47:54
[2025-03-17T00:47:54.320+0000] {subprocess.py:106} INFO - [0m00:47:54  Concurrency: 4 threads (target='dev')
[2025-03-17T00:47:54.322+0000] {subprocess.py:106} INFO - [0m00:47:54
[2025-03-17T00:47:57.245+0000] {subprocess.py:106} INFO - [0m00:47:57  1 of 7 START sql view model public.clean_reviews ............................... [RUN]
[2025-03-17T00:47:57.266+0000] {subprocess.py:106} INFO - [0m00:47:57  2 of 7 START sql table model public.my_first_dbt_model ......................... [RUN]
[2025-03-17T00:47:57.291+0000] {subprocess.py:106} INFO - [0m00:47:57  3 of 7 START sql view model public.remove_duplicates ........................... [RUN]
[2025-03-17T00:47:57.295+0000] {subprocess.py:106} INFO - [0m00:47:57  4 of 7 START sql view model public.stg_clean_reviews ........................... [RUN]
[2025-03-17T00:48:00.732+0000] {subprocess.py:106} INFO - [0m00:48:00  2 of 7 OK created sql table model public.my_first_dbt_model .................... [[32mSELECT 2[0m in 3.42s]
[2025-03-17T00:48:00.797+0000] {subprocess.py:106} INFO - [0m00:48:00  3 of 7 OK created sql view model public.remove_duplicates ...................... [[32mCREATE VIEW[0m in 3.43s]
[2025-03-17T00:48:00.811+0000] {subprocess.py:106} INFO - [0m00:48:00  4 of 7 OK created sql view model public.stg_clean_reviews ...................... [[32mCREATE VIEW[0m in 3.46s]
[2025-03-17T00:48:00.831+0000] {subprocess.py:106} INFO - [0m00:48:00  1 of 7 OK created sql view model public.clean_reviews .......................... [[32mCREATE VIEW[0m in 3.52s]
[2025-03-17T00:48:00.840+0000] {subprocess.py:106} INFO - [0m00:48:00  5 of 7 START sql view model public.my_second_dbt_model ......................... [RUN]
[2025-03-17T00:48:00.886+0000] {subprocess.py:106} INFO - [0m00:48:00  7 of 7 START sql view model public.dwh_model ................................... [RUN]
[2025-03-17T00:48:00.905+0000] {subprocess.py:106} INFO - [0m00:48:00  6 of 7 START sql view model public.dim_bank .................................... [RUN]
[2025-03-17T00:48:01.652+0000] {subprocess.py:106} INFO - [0m00:48:01  7 of 7 OK created sql view model public.dwh_model .............................. [[32mCREATE VIEW[0m in 0.77s]
[2025-03-17T00:48:01.724+0000] {subprocess.py:106} INFO - [0m00:48:01  6 of 7 ERROR creating sql view model public.dim_bank ........................... [[31mERROR[0m in 0.82s]
[2025-03-17T00:48:01.818+0000] {subprocess.py:106} INFO - [0m00:48:01  5 of 7 OK created sql view model public.my_second_dbt_model .................... [[32mCREATE VIEW[0m in 0.95s]
[2025-03-17T00:48:02.041+0000] {subprocess.py:106} INFO - [0m00:48:02
[2025-03-17T00:48:02.060+0000] {subprocess.py:106} INFO - [0m00:48:02  Finished running 1 table model, 6 view models in 0 hours 0 minutes and 7.71 seconds (7.71s).
[2025-03-17T00:48:02.426+0000] {subprocess.py:106} INFO - [0m00:48:02
[2025-03-17T00:48:02.439+0000] {subprocess.py:106} INFO - [0m00:48:02  [31mCompleted with 1 error, 0 partial successes, and 0 warnings:[0m
[2025-03-17T00:48:02.442+0000] {subprocess.py:106} INFO - [0m00:48:02
[2025-03-17T00:48:02.448+0000] {subprocess.py:106} INFO - [0m00:48:02    Database Error in model dim_bank (models/dim_bank.sql)
[2025-03-17T00:48:02.449+0000] {subprocess.py:106} INFO -   syntax error at or near ";"
[2025-03-17T00:48:02.449+0000] {subprocess.py:106} INFO -   LINE 7: ... FROM "project_data_wherhouse"."public"."stg_clean_reviews";
[2025-03-17T00:48:02.450+0000] {subprocess.py:106} INFO -                                                                         ^
[2025-03-17T00:48:02.451+0000] {subprocess.py:106} INFO -   compiled code at target/run/bank_reviews_project/models/dim_bank.sql
[2025-03-17T00:48:02.467+0000] {subprocess.py:106} INFO - [0m00:48:02
[2025-03-17T00:48:02.480+0000] {subprocess.py:106} INFO - [0m00:48:02  Done. PASS=6 WARN=0 ERROR=1 SKIP=0 TOTAL=7
[2025-03-17T00:48:12.393+0000] {subprocess.py:110} INFO - Command exited with return code 1
[2025-03-17T00:48:13.743+0000] {taskinstance.py:3313} ERROR - Task failed with exception
Traceback (most recent call last):
  File "/home/mohammed/venv/lib/python3.11/site-packages/airflow/models/taskinstance.py", line 768, in _execute_task
    result = _execute_callable(context=context, **execute_callable_kwargs)
             ^^^^^^^^^^^^^^^^^^^^^^^^^^^^^^^^^^^^^^^^^^^^^^^^^^^^^^^^^^^^^
  File "/home/mohammed/venv/lib/python3.11/site-packages/airflow/models/taskinstance.py", line 734, in _execute_callable
    return ExecutionCallableRunner(
           ^^^^^^^^^^^^^^^^^^^^^^^^
  File "/home/mohammed/venv/lib/python3.11/site-packages/airflow/utils/operator_helpers.py", line 252, in run
    return self.func(*args, **kwargs)
           ^^^^^^^^^^^^^^^^^^^^^^^^^^
  File "/home/mohammed/venv/lib/python3.11/site-packages/airflow/models/baseoperator.py", line 424, in wrapper
    return func(self, *args, **kwargs)
           ^^^^^^^^^^^^^^^^^^^^^^^^^^^
  File "/home/mohammed/venv/lib/python3.11/site-packages/airflow/operators/bash.py", line 276, in execute
    raise AirflowException(
airflow.exceptions.AirflowException: Bash command failed. The command returned a non-zero exit code 1.
[2025-03-17T00:48:14.733+0000] {logging_mixin.py:190} INFO - Task instance in failure state
[2025-03-17T00:48:14.735+0000] {logging_mixin.py:190} INFO - Task start:2025-03-17 00:47:04.950945+00:00 end:2025-03-17 00:48:14.592618+00:00 duration:69.641673
[2025-03-17T00:48:14.741+0000] {logging_mixin.py:190} INFO - Task:<Task(BashOperator): dbt_run> dag:<DAG: load_reviews_pipeline> dagrun:<DagRun load_reviews_pipeline @ 2024-06-28 00:00:00+00:00: scheduled__2024-06-28T00:00:00+00:00, state:running, queued_at: 2025-03-17 00:41:43.528030+00:00. externally triggered: False>
[2025-03-17T00:48:14.741+0000] {logging_mixin.py:190} INFO - Failure caused by Bash command failed. The command returned a non-zero exit code 1.
[2025-03-17T00:48:14.788+0000] {taskinstance.py:1226} INFO - Marking task as FAILED. dag_id=load_reviews_pipeline, task_id=dbt_run, run_id=scheduled__2024-06-28T00:00:00+00:00, execution_date=20240628T000000, start_date=20250317T004704, end_date=20250317T004814
[2025-03-17T00:48:15.531+0000] {taskinstance.py:341} INFO - ::group::Post task execution logs
[2025-03-17T00:48:15.557+0000] {standard_task_runner.py:124} ERROR - Failed to execute job 343 for task dbt_run (Bash command failed. The command returned a non-zero exit code 1.; 282866)
Traceback (most recent call last):
  File "/home/mohammed/venv/lib/python3.11/site-packages/airflow/task/task_runner/standard_task_runner.py", line 117, in _start_by_fork
    ret = args.func(args, dag=self.dag)
          ^^^^^^^^^^^^^^^^^^^^^^^^^^^^^
  File "/home/mohammed/venv/lib/python3.11/site-packages/airflow/cli/cli_config.py", line 49, in command
    return func(*args, **kwargs)
           ^^^^^^^^^^^^^^^^^^^^^
  File "/home/mohammed/venv/lib/python3.11/site-packages/airflow/utils/cli.py", line 116, in wrapper
    return f(*args, **kwargs)
           ^^^^^^^^^^^^^^^^^^
  File "/home/mohammed/venv/lib/python3.11/site-packages/airflow/cli/commands/task_command.py", line 483, in task_run
    task_return_code = _run_task_by_selected_method(args, _dag, ti)
                       ^^^^^^^^^^^^^^^^^^^^^^^^^^^^^^^^^^^^^^^^^^^^
  File "/home/mohammed/venv/lib/python3.11/site-packages/airflow/cli/commands/task_command.py", line 256, in _run_task_by_selected_method
    return _run_raw_task(args, ti)
           ^^^^^^^^^^^^^^^^^^^^^^^
  File "/home/mohammed/venv/lib/python3.11/site-packages/airflow/cli/commands/task_command.py", line 341, in _run_raw_task
    return ti._run_raw_task(
           ^^^^^^^^^^^^^^^^^
  File "/home/mohammed/venv/lib/python3.11/site-packages/airflow/utils/session.py", line 97, in wrapper
    return func(*args, session=session, **kwargs)
           ^^^^^^^^^^^^^^^^^^^^^^^^^^^^^^^^^^^^^^
  File "/home/mohammed/venv/lib/python3.11/site-packages/airflow/models/taskinstance.py", line 3006, in _run_raw_task
    return _run_raw_task(
           ^^^^^^^^^^^^^^
  File "/home/mohammed/venv/lib/python3.11/site-packages/airflow/models/taskinstance.py", line 274, in _run_raw_task
    TaskInstance._execute_task_with_callbacks(
  File "/home/mohammed/venv/lib/python3.11/site-packages/airflow/models/taskinstance.py", line 3161, in _execute_task_with_callbacks
    result = self._execute_task(context, task_orig)
             ^^^^^^^^^^^^^^^^^^^^^^^^^^^^^^^^^^^^^^
  File "/home/mohammed/venv/lib/python3.11/site-packages/airflow/models/taskinstance.py", line 3185, in _execute_task
    return _execute_task(self, context, task_orig)
           ^^^^^^^^^^^^^^^^^^^^^^^^^^^^^^^^^^^^^^^
  File "/home/mohammed/venv/lib/python3.11/site-packages/airflow/models/taskinstance.py", line 768, in _execute_task
    result = _execute_callable(context=context, **execute_callable_kwargs)
             ^^^^^^^^^^^^^^^^^^^^^^^^^^^^^^^^^^^^^^^^^^^^^^^^^^^^^^^^^^^^^
  File "/home/mohammed/venv/lib/python3.11/site-packages/airflow/models/taskinstance.py", line 734, in _execute_callable
    return ExecutionCallableRunner(
           ^^^^^^^^^^^^^^^^^^^^^^^^
  File "/home/mohammed/venv/lib/python3.11/site-packages/airflow/utils/operator_helpers.py", line 252, in run
    return self.func(*args, **kwargs)
           ^^^^^^^^^^^^^^^^^^^^^^^^^^
  File "/home/mohammed/venv/lib/python3.11/site-packages/airflow/models/baseoperator.py", line 424, in wrapper
    return func(self, *args, **kwargs)
           ^^^^^^^^^^^^^^^^^^^^^^^^^^^
  File "/home/mohammed/venv/lib/python3.11/site-packages/airflow/operators/bash.py", line 276, in execute
    raise AirflowException(
airflow.exceptions.AirflowException: Bash command failed. The command returned a non-zero exit code 1.
[2025-03-17T00:48:15.763+0000] {local_task_job_runner.py:266} INFO - Task exited with return code 1
[2025-03-17T00:48:16.207+0000] {taskinstance.py:3901} INFO - 0 downstream tasks scheduled from follow-on schedule check
[2025-03-17T00:48:16.213+0000] {local_task_job_runner.py:245} INFO - ::endgroup::
