[2025-03-17T00:54:28.264+0000] {local_task_job_runner.py:123} INFO - ::group::Pre task execution logs
[2025-03-17T00:54:28.542+0000] {taskinstance.py:2614} INFO - Dependencies all met for dep_context=non-requeueable deps ti=<TaskInstance: load_reviews_pipeline.dbt_run scheduled__2024-08-18T00:00:00+00:00 [queued]>
[2025-03-17T00:54:28.614+0000] {taskinstance.py:2614} INFO - Dependencies all met for dep_context=requeueable deps ti=<TaskInstance: load_reviews_pipeline.dbt_run scheduled__2024-08-18T00:00:00+00:00 [queued]>
[2025-03-17T00:54:28.615+0000] {taskinstance.py:2867} INFO - Starting attempt 1 of 2
[2025-03-17T00:54:28.701+0000] {taskinstance.py:2890} INFO - Executing <Task(BashOperator): dbt_run> on 2024-08-18 00:00:00+00:00
[2025-03-17T00:54:28.719+0000] {standard_task_runner.py:72} INFO - Started process 292931 to run task
[2025-03-17T00:54:28.776+0000] {standard_task_runner.py:104} INFO - Running: ['airflow', 'tasks', 'run', 'load_reviews_pipeline', 'dbt_run', 'scheduled__2024-08-18T00:00:00+00:00', '--job-id', '384', '--raw', '--subdir', 'DAGS_FOLDER/dag_load_reviews.py', '--cfg-path', '/tmp/tmphbzn_5m5']
[2025-03-17T00:54:28.782+0000] {standard_task_runner.py:105} INFO - Job 384: Subtask dbt_run
[2025-03-17T00:54:29.336+0000] {task_command.py:467} INFO - Running <TaskInstance: load_reviews_pipeline.dbt_run scheduled__2024-08-18T00:00:00+00:00 [running]> on host DESKTOP-IM7V4RI.
[2025-03-17T00:54:30.357+0000] {taskinstance.py:3134} INFO - Exporting env vars: AIRFLOW_CTX_DAG_OWNER='mohammed' AIRFLOW_CTX_DAG_ID='load_reviews_pipeline' AIRFLOW_CTX_TASK_ID='dbt_run' AIRFLOW_CTX_EXECUTION_DATE='2024-08-18T00:00:00+00:00' AIRFLOW_CTX_TRY_NUMBER='1' AIRFLOW_CTX_DAG_RUN_ID='scheduled__2024-08-18T00:00:00+00:00'
[2025-03-17T00:54:30.390+0000] {logging_mixin.py:190} INFO - Task instance is in running state
[2025-03-17T00:54:30.391+0000] {logging_mixin.py:190} INFO -  Previous state of the Task instance: queued
[2025-03-17T00:54:30.391+0000] {logging_mixin.py:190} INFO - Current task name:dbt_run state:running start_date:2025-03-17 00:54:28.543527+00:00
[2025-03-17T00:54:30.392+0000] {logging_mixin.py:190} INFO - Dag name:load_reviews_pipeline and current dag run status:running
[2025-03-17T00:54:30.393+0000] {taskinstance.py:732} INFO - ::endgroup::
[2025-03-17T00:54:30.395+0000] {subprocess.py:78} INFO - Tmp dir root location: /tmp
[2025-03-17T00:54:30.398+0000] {subprocess.py:88} INFO - Running command: ['/usr/bin/bash', '-c', 'cd /home/mohammed/.dbt/bank_reviews_project && dbt run']
[2025-03-17T00:54:30.534+0000] {subprocess.py:99} INFO - Output:
[2025-03-17T00:55:00.950+0000] {subprocess.py:106} INFO - [0m00:55:00  Running with dbt=1.9.3
[2025-03-17T00:55:02.857+0000] {subprocess.py:106} INFO - [0m00:55:02  Registered adapter: postgres=1.9.0
[2025-03-17T00:55:06.782+0000] {subprocess.py:106} INFO - [0m00:55:06  Found 10 models, 4 data tests, 2 sources, 433 macros
[2025-03-17T00:55:06.848+0000] {subprocess.py:106} INFO - [0m00:55:06
[2025-03-17T00:55:06.879+0000] {subprocess.py:106} INFO - [0m00:55:06  Concurrency: 4 threads (target='dev')
[2025-03-17T00:55:06.888+0000] {subprocess.py:106} INFO - [0m00:55:06
[2025-03-17T00:55:09.480+0000] {subprocess.py:106} INFO - [0m00:55:09  1 of 10 START sql view model public.clean_reviews .............................. [RUN]
[2025-03-17T00:55:09.493+0000] {subprocess.py:106} INFO - [0m00:55:09  2 of 10 START sql table model public.my_first_dbt_model ........................ [RUN]
[2025-03-17T00:55:09.536+0000] {subprocess.py:106} INFO - [0m00:55:09  3 of 10 START sql view model public.remove_duplicates .......................... [RUN]
[2025-03-17T00:55:09.543+0000] {subprocess.py:106} INFO - [0m00:55:09  4 of 10 START sql view model public.stg_clean_reviews .......................... [RUN]
[2025-03-17T00:55:11.236+0000] {subprocess.py:106} INFO - [0m00:55:11  1 of 10 ERROR creating sql view model public.clean_reviews ..................... [[31mERROR[0m in 1.73s]
[2025-03-17T00:55:11.272+0000] {subprocess.py:106} INFO - [0m00:55:11  2 of 10 ERROR creating sql table model public.my_first_dbt_model ............... [[31mERROR[0m in 1.71s]
[2025-03-17T00:55:11.273+0000] {subprocess.py:106} INFO - [0m00:55:11  4 of 10 ERROR creating sql view model public.stg_clean_reviews ................. [[31mERROR[0m in 1.65s]
[2025-03-17T00:55:11.297+0000] {subprocess.py:106} INFO - [0m00:55:11  3 of 10 ERROR creating sql view model public.remove_duplicates ................. [[31mERROR[0m in 1.67s]
[2025-03-17T00:55:11.341+0000] {subprocess.py:106} INFO - [0m00:55:11  5 of 10 SKIP relation public.my_second_dbt_model ............................... [[33mSKIP[0m]
[2025-03-17T00:55:11.373+0000] {subprocess.py:106} INFO - [0m00:55:11  6 of 10 SKIP relation public.dim_bank .......................................... [[33mSKIP[0m]
[2025-03-17T00:55:11.388+0000] {subprocess.py:106} INFO - [0m00:55:11  7 of 10 SKIP relation public.dim_branch ........................................ [[33mSKIP[0m]
[2025-03-17T00:55:11.391+0000] {subprocess.py:106} INFO - [0m00:55:11  8 of 10 SKIP relation public.dim_location ...................................... [[33mSKIP[0m]
[2025-03-17T00:55:11.420+0000] {subprocess.py:106} INFO - [0m00:55:11  9 of 10 SKIP relation public.dim_sentiment ..................................... [[33mSKIP[0m]
[2025-03-17T00:55:11.434+0000] {subprocess.py:106} INFO - [0m00:55:11  10 of 10 SKIP relation public.fact_reviews ..................................... [[33mSKIP[0m]
[2025-03-17T00:55:11.858+0000] {subprocess.py:106} INFO - [0m00:55:11
[2025-03-17T00:55:11.863+0000] {subprocess.py:106} INFO - [0m00:55:11  Finished running 1 table model, 9 view models in 0 hours 0 minutes and 4.96 seconds (4.96s).
[2025-03-17T00:55:13.584+0000] {subprocess.py:106} INFO - [0m00:55:13
[2025-03-17T00:55:13.588+0000] {subprocess.py:106} INFO - [0m00:55:13  [31mCompleted with 4 errors, 0 partial successes, and 0 warnings:[0m
[2025-03-17T00:55:13.590+0000] {subprocess.py:106} INFO - [0m00:55:13
[2025-03-17T00:55:13.593+0000] {subprocess.py:106} INFO - [0m00:55:13    Database Error in model clean_reviews (models/clean_reviews.sql)
[2025-03-17T00:55:13.594+0000] {subprocess.py:106} INFO -   syntax error at or near "external"
[2025-03-17T00:55:13.601+0000] {subprocess.py:106} INFO -   LINE 2: drop external if exists "project_data_wherhouse"."public"."c...
[2025-03-17T00:55:13.601+0000] {subprocess.py:106} INFO -                ^
[2025-03-17T00:55:13.602+0000] {subprocess.py:106} INFO - [0m00:55:13
[2025-03-17T00:55:13.602+0000] {subprocess.py:106} INFO - [0m00:55:13    Database Error in model my_first_dbt_model (models/example/my_first_dbt_model.sql)
[2025-03-17T00:55:13.603+0000] {subprocess.py:106} INFO -   syntax error at or near "external"
[2025-03-17T00:55:13.604+0000] {subprocess.py:106} INFO -   LINE 2: drop external if exists "project_data_wherhouse"."public"."m...
[2025-03-17T00:55:13.605+0000] {subprocess.py:106} INFO -                ^
[2025-03-17T00:55:13.617+0000] {subprocess.py:106} INFO - [0m00:55:13
[2025-03-17T00:55:13.620+0000] {subprocess.py:106} INFO - [0m00:55:13    Database Error in model stg_clean_reviews (models/stg_clean_reviews.sql)
[2025-03-17T00:55:13.621+0000] {subprocess.py:106} INFO -   syntax error at or near "external"
[2025-03-17T00:55:13.625+0000] {subprocess.py:106} INFO -   LINE 2: drop external if exists "project_data_wherhouse"."public"."s...
[2025-03-17T00:55:13.640+0000] {subprocess.py:106} INFO -                ^
[2025-03-17T00:55:13.641+0000] {subprocess.py:106} INFO - [0m00:55:13
[2025-03-17T00:55:13.643+0000] {subprocess.py:106} INFO - [0m00:55:13    Database Error in model remove_duplicates (models/remove_duplicates.sql)
[2025-03-17T00:55:13.644+0000] {subprocess.py:106} INFO -   relation "remove_duplicates__dbt_backup" already exists
[2025-03-17T00:55:13.647+0000] {subprocess.py:106} INFO -   compiled code at target/run/bank_reviews_project/models/remove_duplicates.sql
[2025-03-17T00:55:13.648+0000] {subprocess.py:106} INFO - [0m00:55:13
[2025-03-17T00:55:13.664+0000] {subprocess.py:106} INFO - [0m00:55:13  Done. PASS=0 WARN=0 ERROR=4 SKIP=6 TOTAL=10
[2025-03-17T00:55:17.561+0000] {subprocess.py:110} INFO - Command exited with return code 1
[2025-03-17T00:55:17.851+0000] {taskinstance.py:3313} ERROR - Task failed with exception
Traceback (most recent call last):
  File "/home/mohammed/venv/lib/python3.11/site-packages/airflow/models/taskinstance.py", line 768, in _execute_task
    result = _execute_callable(context=context, **execute_callable_kwargs)
             ^^^^^^^^^^^^^^^^^^^^^^^^^^^^^^^^^^^^^^^^^^^^^^^^^^^^^^^^^^^^^
  File "/home/mohammed/venv/lib/python3.11/site-packages/airflow/models/taskinstance.py", line 734, in _execute_callable
    return ExecutionCallableRunner(
           ^^^^^^^^^^^^^^^^^^^^^^^^
  File "/home/mohammed/venv/lib/python3.11/site-packages/airflow/utils/operator_helpers.py", line 252, in run
    return self.func(*args, **kwargs)
           ^^^^^^^^^^^^^^^^^^^^^^^^^^
  File "/home/mohammed/venv/lib/python3.11/site-packages/airflow/models/baseoperator.py", line 424, in wrapper
    return func(self, *args, **kwargs)
           ^^^^^^^^^^^^^^^^^^^^^^^^^^^
  File "/home/mohammed/venv/lib/python3.11/site-packages/airflow/operators/bash.py", line 276, in execute
    raise AirflowException(
airflow.exceptions.AirflowException: Bash command failed. The command returned a non-zero exit code 1.
[2025-03-17T00:55:18.621+0000] {logging_mixin.py:190} INFO - Task instance in failure state
[2025-03-17T00:55:18.623+0000] {logging_mixin.py:190} INFO - Task start:2025-03-17 00:54:28.543527+00:00 end:2025-03-17 00:55:18.435547+00:00 duration:49.89202
[2025-03-17T00:55:18.626+0000] {logging_mixin.py:190} INFO - Task:<Task(BashOperator): dbt_run> dag:<DAG: load_reviews_pipeline> dagrun:<DagRun load_reviews_pipeline @ 2024-08-18 00:00:00+00:00: scheduled__2024-08-18T00:00:00+00:00, state:running, queued_at: 2025-03-17 00:54:21.479125+00:00. externally triggered: False>
[2025-03-17T00:55:18.666+0000] {logging_mixin.py:190} INFO - Failure caused by Bash command failed. The command returned a non-zero exit code 1.
[2025-03-17T00:55:18.669+0000] {taskinstance.py:1226} INFO - Marking task as UP_FOR_RETRY. dag_id=load_reviews_pipeline, task_id=dbt_run, run_id=scheduled__2024-08-18T00:00:00+00:00, execution_date=20240818T000000, start_date=20250317T005428, end_date=20250317T005518
[2025-03-17T00:55:19.451+0000] {taskinstance.py:341} INFO - ::group::Post task execution logs
[2025-03-17T00:55:19.495+0000] {standard_task_runner.py:124} ERROR - Failed to execute job 384 for task dbt_run (Bash command failed. The command returned a non-zero exit code 1.; 292931)
Traceback (most recent call last):
  File "/home/mohammed/venv/lib/python3.11/site-packages/airflow/task/task_runner/standard_task_runner.py", line 117, in _start_by_fork
    ret = args.func(args, dag=self.dag)
          ^^^^^^^^^^^^^^^^^^^^^^^^^^^^^
  File "/home/mohammed/venv/lib/python3.11/site-packages/airflow/cli/cli_config.py", line 49, in command
    return func(*args, **kwargs)
           ^^^^^^^^^^^^^^^^^^^^^
  File "/home/mohammed/venv/lib/python3.11/site-packages/airflow/utils/cli.py", line 116, in wrapper
    return f(*args, **kwargs)
           ^^^^^^^^^^^^^^^^^^
  File "/home/mohammed/venv/lib/python3.11/site-packages/airflow/cli/commands/task_command.py", line 483, in task_run
    task_return_code = _run_task_by_selected_method(args, _dag, ti)
                       ^^^^^^^^^^^^^^^^^^^^^^^^^^^^^^^^^^^^^^^^^^^^
  File "/home/mohammed/venv/lib/python3.11/site-packages/airflow/cli/commands/task_command.py", line 256, in _run_task_by_selected_method
    return _run_raw_task(args, ti)
           ^^^^^^^^^^^^^^^^^^^^^^^
  File "/home/mohammed/venv/lib/python3.11/site-packages/airflow/cli/commands/task_command.py", line 341, in _run_raw_task
    return ti._run_raw_task(
           ^^^^^^^^^^^^^^^^^
  File "/home/mohammed/venv/lib/python3.11/site-packages/airflow/utils/session.py", line 97, in wrapper
    return func(*args, session=session, **kwargs)
           ^^^^^^^^^^^^^^^^^^^^^^^^^^^^^^^^^^^^^^
  File "/home/mohammed/venv/lib/python3.11/site-packages/airflow/models/taskinstance.py", line 3006, in _run_raw_task
    return _run_raw_task(
           ^^^^^^^^^^^^^^
  File "/home/mohammed/venv/lib/python3.11/site-packages/airflow/models/taskinstance.py", line 274, in _run_raw_task
    TaskInstance._execute_task_with_callbacks(
  File "/home/mohammed/venv/lib/python3.11/site-packages/airflow/models/taskinstance.py", line 3161, in _execute_task_with_callbacks
    result = self._execute_task(context, task_orig)
             ^^^^^^^^^^^^^^^^^^^^^^^^^^^^^^^^^^^^^^
  File "/home/mohammed/venv/lib/python3.11/site-packages/airflow/models/taskinstance.py", line 3185, in _execute_task
    return _execute_task(self, context, task_orig)
           ^^^^^^^^^^^^^^^^^^^^^^^^^^^^^^^^^^^^^^^
  File "/home/mohammed/venv/lib/python3.11/site-packages/airflow/models/taskinstance.py", line 768, in _execute_task
    result = _execute_callable(context=context, **execute_callable_kwargs)
             ^^^^^^^^^^^^^^^^^^^^^^^^^^^^^^^^^^^^^^^^^^^^^^^^^^^^^^^^^^^^^
  File "/home/mohammed/venv/lib/python3.11/site-packages/airflow/models/taskinstance.py", line 734, in _execute_callable
    return ExecutionCallableRunner(
           ^^^^^^^^^^^^^^^^^^^^^^^^
  File "/home/mohammed/venv/lib/python3.11/site-packages/airflow/utils/operator_helpers.py", line 252, in run
    return self.func(*args, **kwargs)
           ^^^^^^^^^^^^^^^^^^^^^^^^^^
  File "/home/mohammed/venv/lib/python3.11/site-packages/airflow/models/baseoperator.py", line 424, in wrapper
    return func(self, *args, **kwargs)
           ^^^^^^^^^^^^^^^^^^^^^^^^^^^
  File "/home/mohammed/venv/lib/python3.11/site-packages/airflow/operators/bash.py", line 276, in execute
    raise AirflowException(
airflow.exceptions.AirflowException: Bash command failed. The command returned a non-zero exit code 1.
[2025-03-17T00:55:19.548+0000] {local_task_job_runner.py:266} INFO - Task exited with return code 1
[2025-03-17T00:55:19.668+0000] {taskinstance.py:3901} INFO - 0 downstream tasks scheduled from follow-on schedule check
[2025-03-17T00:55:19.747+0000] {local_task_job_runner.py:245} INFO - ::endgroup::
