[2025-03-17T00:18:46.616+0000] {local_task_job_runner.py:123} INFO - ::group::Pre task execution logs
[2025-03-17T00:18:46.708+0000] {taskinstance.py:2614} INFO - Dependencies all met for dep_context=non-requeueable deps ti=<TaskInstance: load_reviews_pipeline.dbt_run scheduled__2024-04-23T00:00:00+00:00 [queued]>
[2025-03-17T00:18:46.731+0000] {taskinstance.py:2614} INFO - Dependencies all met for dep_context=requeueable deps ti=<TaskInstance: load_reviews_pipeline.dbt_run scheduled__2024-04-23T00:00:00+00:00 [queued]>
[2025-03-17T00:18:46.733+0000] {taskinstance.py:2867} INFO - Starting attempt 1 of 2
[2025-03-17T00:18:46.872+0000] {taskinstance.py:2890} INFO - Executing <Task(BashOperator): dbt_run> on 2024-04-23 00:00:00+00:00
[2025-03-17T00:18:46.914+0000] {standard_task_runner.py:72} INFO - Started process 253016 to run task
[2025-03-17T00:18:46.960+0000] {standard_task_runner.py:104} INFO - Running: ['airflow', 'tasks', 'run', 'load_reviews_pipeline', 'dbt_run', 'scheduled__2024-04-23T00:00:00+00:00', '--job-id', '188', '--raw', '--subdir', 'DAGS_FOLDER/dag_load_reviews.py', '--cfg-path', '/tmp/tmpt6jk4p1e']
[2025-03-17T00:18:46.963+0000] {standard_task_runner.py:105} INFO - Job 188: Subtask dbt_run
[2025-03-17T00:18:47.445+0000] {task_command.py:467} INFO - Running <TaskInstance: load_reviews_pipeline.dbt_run scheduled__2024-04-23T00:00:00+00:00 [running]> on host DESKTOP-IM7V4RI.
[2025-03-17T00:18:47.890+0000] {taskinstance.py:3134} INFO - Exporting env vars: AIRFLOW_CTX_DAG_OWNER='mohammed' AIRFLOW_CTX_DAG_ID='load_reviews_pipeline' AIRFLOW_CTX_TASK_ID='dbt_run' AIRFLOW_CTX_EXECUTION_DATE='2024-04-23T00:00:00+00:00' AIRFLOW_CTX_TRY_NUMBER='1' AIRFLOW_CTX_DAG_RUN_ID='scheduled__2024-04-23T00:00:00+00:00'
[2025-03-17T00:18:47.892+0000] {logging_mixin.py:190} INFO - Task instance is in running state
[2025-03-17T00:18:47.893+0000] {logging_mixin.py:190} INFO -  Previous state of the Task instance: queued
[2025-03-17T00:18:47.894+0000] {logging_mixin.py:190} INFO - Current task name:dbt_run state:running start_date:2025-03-17 00:18:46.708904+00:00
[2025-03-17T00:18:47.905+0000] {logging_mixin.py:190} INFO - Dag name:load_reviews_pipeline and current dag run status:running
[2025-03-17T00:18:47.906+0000] {taskinstance.py:732} INFO - ::endgroup::
[2025-03-17T00:18:47.910+0000] {subprocess.py:78} INFO - Tmp dir root location: /tmp
[2025-03-17T00:18:47.913+0000] {subprocess.py:88} INFO - Running command: ['/usr/bin/bash', '-c', 'cd /home/mohammed/.dbt/bank_reviews_project && dbt run']
[2025-03-17T00:18:47.997+0000] {subprocess.py:99} INFO - Output:
[2025-03-17T00:19:02.126+0000] {subprocess.py:106} INFO - [0m00:19:02  Running with dbt=1.9.3
[2025-03-17T00:19:03.063+0000] {subprocess.py:106} INFO - [0m00:19:03  Registered adapter: postgres=1.9.0
[2025-03-17T00:19:05.870+0000] {subprocess.py:106} INFO - [0m00:19:05  Found 6 models, 4 data tests, 2 sources, 433 macros
[2025-03-17T00:19:05.896+0000] {subprocess.py:106} INFO - [0m00:19:05
[2025-03-17T00:19:05.898+0000] {subprocess.py:106} INFO - [0m00:19:05  Concurrency: 4 threads (target='dev')
[2025-03-17T00:19:05.900+0000] {subprocess.py:106} INFO - [0m00:19:05
[2025-03-17T00:19:09.456+0000] {subprocess.py:106} INFO - [0m00:19:09  1 of 6 START sql view model public.clean_reviews ............................... [RUN]
[2025-03-17T00:19:09.529+0000] {subprocess.py:106} INFO - [0m00:19:09  2 of 6 START sql table model public.my_first_dbt_model ......................... [RUN]
[2025-03-17T00:19:09.532+0000] {subprocess.py:106} INFO - [0m00:19:09  3 of 6 START sql view model public.remove_duplicates ........................... [RUN]
[2025-03-17T00:19:09.567+0000] {subprocess.py:106} INFO - [0m00:19:09  4 of 6 START sql view model public.stg_clean_reviews ........................... [RUN]
[2025-03-17T00:19:10.986+0000] {subprocess.py:106} INFO - [0m00:19:10  4 of 6 ERROR creating sql view model public.stg_clean_reviews .................. [[31mERROR[0m in 1.41s]
[2025-03-17T00:19:11.005+0000] {subprocess.py:106} INFO - [0m00:19:11  5 of 6 SKIP relation public.dwh_model .......................................... [[33mSKIP[0m]
[2025-03-17T00:19:11.362+0000] {subprocess.py:106} INFO - [0m00:19:11  1 of 6 OK created sql view model public.clean_reviews .......................... [[32mCREATE VIEW[0m in 1.91s]
[2025-03-17T00:19:11.921+0000] {subprocess.py:106} INFO - [0m00:19:11  3 of 6 ERROR creating sql view model public.remove_duplicates .................. [[31mERROR[0m in 2.38s]
[2025-03-17T00:19:12.284+0000] {subprocess.py:106} INFO - [0m00:19:12  2 of 6 ERROR creating sql table model public.my_first_dbt_model ................ [[31mERROR[0m in 2.75s]
[2025-03-17T00:19:12.323+0000] {subprocess.py:106} INFO - [0m00:19:12  6 of 6 SKIP relation public.my_second_dbt_model ................................ [[33mSKIP[0m]
[2025-03-17T00:19:12.454+0000] {subprocess.py:106} INFO - [0m00:19:12
[2025-03-17T00:19:12.477+0000] {subprocess.py:106} INFO - [0m00:19:12  Finished running 1 table model, 5 view models in 0 hours 0 minutes and 6.55 seconds (6.55s).
[2025-03-17T00:19:13.139+0000] {subprocess.py:106} INFO - [0m00:19:13
[2025-03-17T00:19:13.141+0000] {subprocess.py:106} INFO - [0m00:19:13  [31mCompleted with 3 errors, 0 partial successes, and 0 warnings:[0m
[2025-03-17T00:19:13.144+0000] {subprocess.py:106} INFO - [0m00:19:13
[2025-03-17T00:19:13.147+0000] {subprocess.py:106} INFO - [0m00:19:13    Database Error in model stg_clean_reviews (models/stg_clean_reviews.sql)
[2025-03-17T00:19:13.148+0000] {subprocess.py:106} INFO -   syntax error at or near ";"
[2025-03-17T00:19:13.148+0000] {subprocess.py:106} INFO -   LINE 23: SELECT * FROM clean_data;
[2025-03-17T00:19:13.149+0000] {subprocess.py:106} INFO -                                    ^
[2025-03-17T00:19:13.150+0000] {subprocess.py:106} INFO -   compiled code at target/run/bank_reviews_project/models/stg_clean_reviews.sql
[2025-03-17T00:19:13.153+0000] {subprocess.py:106} INFO - [0m00:19:13
[2025-03-17T00:19:13.155+0000] {subprocess.py:106} INFO - [0m00:19:13    Database Error in model remove_duplicates (models/remove_duplicates.sql)
[2025-03-17T00:19:13.156+0000] {subprocess.py:106} INFO -   relation "remove_duplicates__dbt_backup" already exists
[2025-03-17T00:19:13.156+0000] {subprocess.py:106} INFO -   compiled code at target/run/bank_reviews_project/models/remove_duplicates.sql
[2025-03-17T00:19:13.178+0000] {subprocess.py:106} INFO - [0m00:19:13
[2025-03-17T00:19:13.181+0000] {subprocess.py:106} INFO - [0m00:19:13    Database Error in model my_first_dbt_model (models/example/my_first_dbt_model.sql)
[2025-03-17T00:19:13.181+0000] {subprocess.py:106} INFO -   relation "my_first_dbt_model__dbt_backup" already exists
[2025-03-17T00:19:13.182+0000] {subprocess.py:106} INFO -   compiled code at target/run/bank_reviews_project/models/example/my_first_dbt_model.sql
[2025-03-17T00:19:13.184+0000] {subprocess.py:106} INFO - [0m00:19:13
[2025-03-17T00:19:13.186+0000] {subprocess.py:106} INFO - [0m00:19:13  Done. PASS=1 WARN=0 ERROR=3 SKIP=2 TOTAL=6
[2025-03-17T00:19:16.371+0000] {subprocess.py:110} INFO - Command exited with return code 1
[2025-03-17T00:19:16.486+0000] {taskinstance.py:3313} ERROR - Task failed with exception
Traceback (most recent call last):
  File "/home/mohammed/venv/lib/python3.11/site-packages/airflow/models/taskinstance.py", line 768, in _execute_task
    result = _execute_callable(context=context, **execute_callable_kwargs)
             ^^^^^^^^^^^^^^^^^^^^^^^^^^^^^^^^^^^^^^^^^^^^^^^^^^^^^^^^^^^^^
  File "/home/mohammed/venv/lib/python3.11/site-packages/airflow/models/taskinstance.py", line 734, in _execute_callable
    return ExecutionCallableRunner(
           ^^^^^^^^^^^^^^^^^^^^^^^^
  File "/home/mohammed/venv/lib/python3.11/site-packages/airflow/utils/operator_helpers.py", line 252, in run
    return self.func(*args, **kwargs)
           ^^^^^^^^^^^^^^^^^^^^^^^^^^
  File "/home/mohammed/venv/lib/python3.11/site-packages/airflow/models/baseoperator.py", line 424, in wrapper
    return func(self, *args, **kwargs)
           ^^^^^^^^^^^^^^^^^^^^^^^^^^^
  File "/home/mohammed/venv/lib/python3.11/site-packages/airflow/operators/bash.py", line 276, in execute
    raise AirflowException(
airflow.exceptions.AirflowException: Bash command failed. The command returned a non-zero exit code 1.
[2025-03-17T00:19:16.642+0000] {logging_mixin.py:190} INFO - Task instance in failure state
[2025-03-17T00:19:16.642+0000] {logging_mixin.py:190} INFO - Task start:2025-03-17 00:18:46.708904+00:00 end:2025-03-17 00:19:16.620855+00:00 duration:29.911951
[2025-03-17T00:19:16.644+0000] {logging_mixin.py:190} INFO - Task:<Task(BashOperator): dbt_run> dag:<DAG: load_reviews_pipeline> dagrun:<DagRun load_reviews_pipeline @ 2024-04-23 00:00:00+00:00: scheduled__2024-04-23T00:00:00+00:00, state:running, queued_at: 2025-03-17 00:18:42.183270+00:00. externally triggered: False>
[2025-03-17T00:19:16.645+0000] {logging_mixin.py:190} INFO - Failure caused by Bash command failed. The command returned a non-zero exit code 1.
[2025-03-17T00:19:16.646+0000] {taskinstance.py:1226} INFO - Marking task as UP_FOR_RETRY. dag_id=load_reviews_pipeline, task_id=dbt_run, run_id=scheduled__2024-04-23T00:00:00+00:00, execution_date=20240423T000000, start_date=20250317T001846, end_date=20250317T001916
[2025-03-17T00:19:16.912+0000] {taskinstance.py:341} INFO - ::group::Post task execution logs
[2025-03-17T00:19:16.914+0000] {standard_task_runner.py:124} ERROR - Failed to execute job 188 for task dbt_run (Bash command failed. The command returned a non-zero exit code 1.; 253016)
Traceback (most recent call last):
  File "/home/mohammed/venv/lib/python3.11/site-packages/airflow/task/task_runner/standard_task_runner.py", line 117, in _start_by_fork
    ret = args.func(args, dag=self.dag)
          ^^^^^^^^^^^^^^^^^^^^^^^^^^^^^
  File "/home/mohammed/venv/lib/python3.11/site-packages/airflow/cli/cli_config.py", line 49, in command
    return func(*args, **kwargs)
           ^^^^^^^^^^^^^^^^^^^^^
  File "/home/mohammed/venv/lib/python3.11/site-packages/airflow/utils/cli.py", line 116, in wrapper
    return f(*args, **kwargs)
           ^^^^^^^^^^^^^^^^^^
  File "/home/mohammed/venv/lib/python3.11/site-packages/airflow/cli/commands/task_command.py", line 483, in task_run
    task_return_code = _run_task_by_selected_method(args, _dag, ti)
                       ^^^^^^^^^^^^^^^^^^^^^^^^^^^^^^^^^^^^^^^^^^^^
  File "/home/mohammed/venv/lib/python3.11/site-packages/airflow/cli/commands/task_command.py", line 256, in _run_task_by_selected_method
    return _run_raw_task(args, ti)
           ^^^^^^^^^^^^^^^^^^^^^^^
  File "/home/mohammed/venv/lib/python3.11/site-packages/airflow/cli/commands/task_command.py", line 341, in _run_raw_task
    return ti._run_raw_task(
           ^^^^^^^^^^^^^^^^^
  File "/home/mohammed/venv/lib/python3.11/site-packages/airflow/utils/session.py", line 97, in wrapper
    return func(*args, session=session, **kwargs)
           ^^^^^^^^^^^^^^^^^^^^^^^^^^^^^^^^^^^^^^
  File "/home/mohammed/venv/lib/python3.11/site-packages/airflow/models/taskinstance.py", line 3006, in _run_raw_task
    return _run_raw_task(
           ^^^^^^^^^^^^^^
  File "/home/mohammed/venv/lib/python3.11/site-packages/airflow/models/taskinstance.py", line 274, in _run_raw_task
    TaskInstance._execute_task_with_callbacks(
  File "/home/mohammed/venv/lib/python3.11/site-packages/airflow/models/taskinstance.py", line 3161, in _execute_task_with_callbacks
    result = self._execute_task(context, task_orig)
             ^^^^^^^^^^^^^^^^^^^^^^^^^^^^^^^^^^^^^^
  File "/home/mohammed/venv/lib/python3.11/site-packages/airflow/models/taskinstance.py", line 3185, in _execute_task
    return _execute_task(self, context, task_orig)
           ^^^^^^^^^^^^^^^^^^^^^^^^^^^^^^^^^^^^^^^
  File "/home/mohammed/venv/lib/python3.11/site-packages/airflow/models/taskinstance.py", line 768, in _execute_task
    result = _execute_callable(context=context, **execute_callable_kwargs)
             ^^^^^^^^^^^^^^^^^^^^^^^^^^^^^^^^^^^^^^^^^^^^^^^^^^^^^^^^^^^^^
  File "/home/mohammed/venv/lib/python3.11/site-packages/airflow/models/taskinstance.py", line 734, in _execute_callable
    return ExecutionCallableRunner(
           ^^^^^^^^^^^^^^^^^^^^^^^^
  File "/home/mohammed/venv/lib/python3.11/site-packages/airflow/utils/operator_helpers.py", line 252, in run
    return self.func(*args, **kwargs)
           ^^^^^^^^^^^^^^^^^^^^^^^^^^
  File "/home/mohammed/venv/lib/python3.11/site-packages/airflow/models/baseoperator.py", line 424, in wrapper
    return func(self, *args, **kwargs)
           ^^^^^^^^^^^^^^^^^^^^^^^^^^^
  File "/home/mohammed/venv/lib/python3.11/site-packages/airflow/operators/bash.py", line 276, in execute
    raise AirflowException(
airflow.exceptions.AirflowException: Bash command failed. The command returned a non-zero exit code 1.
[2025-03-17T00:19:17.005+0000] {local_task_job_runner.py:266} INFO - Task exited with return code 1
[2025-03-17T00:19:17.114+0000] {taskinstance.py:3901} INFO - 0 downstream tasks scheduled from follow-on schedule check
[2025-03-17T00:19:17.132+0000] {local_task_job_runner.py:245} INFO - ::endgroup::
