[2025-03-17T00:18:45.880+0000] {local_task_job_runner.py:123} INFO - ::group::Pre task execution logs
[2025-03-17T00:18:45.997+0000] {taskinstance.py:2614} INFO - Dependencies all met for dep_context=non-requeueable deps ti=<TaskInstance: load_reviews_pipeline.dbt_run scheduled__2024-04-19T00:00:00+00:00 [queued]>
[2025-03-17T00:18:46.024+0000] {taskinstance.py:2614} INFO - Dependencies all met for dep_context=requeueable deps ti=<TaskInstance: load_reviews_pipeline.dbt_run scheduled__2024-04-19T00:00:00+00:00 [queued]>
[2025-03-17T00:18:46.025+0000] {taskinstance.py:2867} INFO - Starting attempt 1 of 2
[2025-03-17T00:18:46.127+0000] {taskinstance.py:2890} INFO - Executing <Task(BashOperator): dbt_run> on 2024-04-19 00:00:00+00:00
[2025-03-17T00:18:46.167+0000] {standard_task_runner.py:72} INFO - Started process 252982 to run task
[2025-03-17T00:18:46.205+0000] {standard_task_runner.py:104} INFO - Running: ['airflow', 'tasks', 'run', 'load_reviews_pipeline', 'dbt_run', 'scheduled__2024-04-19T00:00:00+00:00', '--job-id', '184', '--raw', '--subdir', 'DAGS_FOLDER/dag_load_reviews.py', '--cfg-path', '/tmp/tmp58jpvzit']
[2025-03-17T00:18:46.214+0000] {standard_task_runner.py:105} INFO - Job 184: Subtask dbt_run
[2025-03-17T00:18:46.703+0000] {task_command.py:467} INFO - Running <TaskInstance: load_reviews_pipeline.dbt_run scheduled__2024-04-19T00:00:00+00:00 [running]> on host DESKTOP-IM7V4RI.
[2025-03-17T00:18:47.339+0000] {taskinstance.py:3134} INFO - Exporting env vars: AIRFLOW_CTX_DAG_OWNER='mohammed' AIRFLOW_CTX_DAG_ID='load_reviews_pipeline' AIRFLOW_CTX_TASK_ID='dbt_run' AIRFLOW_CTX_EXECUTION_DATE='2024-04-19T00:00:00+00:00' AIRFLOW_CTX_TRY_NUMBER='1' AIRFLOW_CTX_DAG_RUN_ID='scheduled__2024-04-19T00:00:00+00:00'
[2025-03-17T00:18:47.342+0000] {logging_mixin.py:190} INFO - Task instance is in running state
[2025-03-17T00:18:47.343+0000] {logging_mixin.py:190} INFO -  Previous state of the Task instance: queued
[2025-03-17T00:18:47.343+0000] {logging_mixin.py:190} INFO - Current task name:dbt_run state:running start_date:2025-03-17 00:18:45.998659+00:00
[2025-03-17T00:18:47.344+0000] {logging_mixin.py:190} INFO - Dag name:load_reviews_pipeline and current dag run status:running
[2025-03-17T00:18:47.344+0000] {taskinstance.py:732} INFO - ::endgroup::
[2025-03-17T00:18:47.346+0000] {subprocess.py:78} INFO - Tmp dir root location: /tmp
[2025-03-17T00:18:47.362+0000] {subprocess.py:88} INFO - Running command: ['/usr/bin/bash', '-c', 'cd /home/mohammed/.dbt/bank_reviews_project && dbt run']
[2025-03-17T00:18:47.460+0000] {subprocess.py:99} INFO - Output:
[2025-03-17T00:19:00.684+0000] {subprocess.py:106} INFO - [0m00:19:00  Running with dbt=1.9.3
[2025-03-17T00:19:02.517+0000] {subprocess.py:106} INFO - [0m00:19:02  Registered adapter: postgres=1.9.0
[2025-03-17T00:19:04.004+0000] {subprocess.py:106} INFO - [0m00:19:04  Found 6 models, 4 data tests, 2 sources, 433 macros
[2025-03-17T00:19:04.032+0000] {subprocess.py:106} INFO - [0m00:19:04
[2025-03-17T00:19:04.034+0000] {subprocess.py:106} INFO - [0m00:19:04  Concurrency: 4 threads (target='dev')
[2025-03-17T00:19:04.036+0000] {subprocess.py:106} INFO - [0m00:19:04
[2025-03-17T00:19:08.906+0000] {subprocess.py:106} INFO - [0m00:19:08  1 of 6 START sql view model public.clean_reviews ............................... [RUN]
[2025-03-17T00:19:08.916+0000] {subprocess.py:106} INFO - [0m00:19:08  2 of 6 START sql table model public.my_first_dbt_model ......................... [RUN]
[2025-03-17T00:19:08.918+0000] {subprocess.py:106} INFO - [0m00:19:08  4 of 6 START sql view model public.stg_clean_reviews ........................... [RUN]
[2025-03-17T00:19:08.926+0000] {subprocess.py:106} INFO - [0m00:19:08  3 of 6 START sql view model public.remove_duplicates ........................... [RUN]
[2025-03-17T00:19:10.130+0000] {subprocess.py:106} INFO - [0m00:19:10  4 of 6 ERROR creating sql view model public.stg_clean_reviews .................. [[31mERROR[0m in 1.15s]
[2025-03-17T00:19:10.207+0000] {subprocess.py:106} INFO - [0m00:19:10  5 of 6 SKIP relation public.dwh_model .......................................... [[33mSKIP[0m]
[2025-03-17T00:19:11.206+0000] {subprocess.py:106} INFO - [0m00:19:11  3 of 6 OK created sql view model public.remove_duplicates ...................... [[32mCREATE VIEW[0m in 2.28s]
[2025-03-17T00:19:11.213+0000] {subprocess.py:106} INFO - [0m00:19:11  1 of 6 OK created sql view model public.clean_reviews .......................... [[32mCREATE VIEW[0m in 2.29s]
[2025-03-17T00:19:11.240+0000] {subprocess.py:106} INFO - [0m00:19:11  2 of 6 OK created sql table model public.my_first_dbt_model .................... [[32mSELECT 2[0m in 2.32s]
[2025-03-17T00:19:11.255+0000] {subprocess.py:106} INFO - [0m00:19:11  6 of 6 START sql view model public.my_second_dbt_model ......................... [RUN]
[2025-03-17T00:19:11.394+0000] {subprocess.py:106} INFO - [0m00:19:11  6 of 6 ERROR creating sql view model public.my_second_dbt_model ................ [[31mERROR[0m in 0.14s]
[2025-03-17T00:19:11.490+0000] {subprocess.py:106} INFO - [0m00:19:11
[2025-03-17T00:19:11.492+0000] {subprocess.py:106} INFO - [0m00:19:11  Finished running 1 table model, 5 view models in 0 hours 0 minutes and 7.43 seconds (7.43s).
[2025-03-17T00:19:11.754+0000] {subprocess.py:106} INFO - [0m00:19:11
[2025-03-17T00:19:11.758+0000] {subprocess.py:106} INFO - [0m00:19:11  [31mCompleted with 2 errors, 0 partial successes, and 0 warnings:[0m
[2025-03-17T00:19:11.760+0000] {subprocess.py:106} INFO - [0m00:19:11
[2025-03-17T00:19:11.761+0000] {subprocess.py:106} INFO - [0m00:19:11    Database Error in model stg_clean_reviews (models/stg_clean_reviews.sql)
[2025-03-17T00:19:11.761+0000] {subprocess.py:106} INFO -   syntax error at or near ";"
[2025-03-17T00:19:11.762+0000] {subprocess.py:106} INFO -   LINE 23: SELECT * FROM clean_data;
[2025-03-17T00:19:11.762+0000] {subprocess.py:106} INFO -                                    ^
[2025-03-17T00:19:11.763+0000] {subprocess.py:106} INFO -   compiled code at target/run/bank_reviews_project/models/stg_clean_reviews.sql
[2025-03-17T00:19:11.763+0000] {subprocess.py:106} INFO - [0m00:19:11
[2025-03-17T00:19:11.764+0000] {subprocess.py:106} INFO - [0m00:19:11    Database Error in model my_second_dbt_model (models/example/my_second_dbt_model.sql)
[2025-03-17T00:19:11.764+0000] {subprocess.py:106} INFO -   relation "public.my_second_dbt_model" does not exist
[2025-03-17T00:19:11.765+0000] {subprocess.py:106} INFO -   compiled code at target/run/bank_reviews_project/models/example/my_second_dbt_model.sql
[2025-03-17T00:19:11.765+0000] {subprocess.py:106} INFO - [0m00:19:11
[2025-03-17T00:19:11.768+0000] {subprocess.py:106} INFO - [0m00:19:11  Done. PASS=3 WARN=0 ERROR=2 SKIP=1 TOTAL=6
[2025-03-17T00:19:13.937+0000] {subprocess.py:110} INFO - Command exited with return code 1
[2025-03-17T00:19:14.095+0000] {taskinstance.py:3313} ERROR - Task failed with exception
Traceback (most recent call last):
  File "/home/mohammed/venv/lib/python3.11/site-packages/airflow/models/taskinstance.py", line 768, in _execute_task
    result = _execute_callable(context=context, **execute_callable_kwargs)
             ^^^^^^^^^^^^^^^^^^^^^^^^^^^^^^^^^^^^^^^^^^^^^^^^^^^^^^^^^^^^^
  File "/home/mohammed/venv/lib/python3.11/site-packages/airflow/models/taskinstance.py", line 734, in _execute_callable
    return ExecutionCallableRunner(
           ^^^^^^^^^^^^^^^^^^^^^^^^
  File "/home/mohammed/venv/lib/python3.11/site-packages/airflow/utils/operator_helpers.py", line 252, in run
    return self.func(*args, **kwargs)
           ^^^^^^^^^^^^^^^^^^^^^^^^^^
  File "/home/mohammed/venv/lib/python3.11/site-packages/airflow/models/baseoperator.py", line 424, in wrapper
    return func(self, *args, **kwargs)
           ^^^^^^^^^^^^^^^^^^^^^^^^^^^
  File "/home/mohammed/venv/lib/python3.11/site-packages/airflow/operators/bash.py", line 276, in execute
    raise AirflowException(
airflow.exceptions.AirflowException: Bash command failed. The command returned a non-zero exit code 1.
[2025-03-17T00:19:14.226+0000] {logging_mixin.py:190} INFO - Task instance in failure state
[2025-03-17T00:19:14.227+0000] {logging_mixin.py:190} INFO - Task start:2025-03-17 00:18:45.998659+00:00 end:2025-03-17 00:19:14.212976+00:00 duration:28.214317
[2025-03-17T00:19:14.228+0000] {logging_mixin.py:190} INFO - Task:<Task(BashOperator): dbt_run> dag:<DAG: load_reviews_pipeline> dagrun:<DagRun load_reviews_pipeline @ 2024-04-19 00:00:00+00:00: scheduled__2024-04-19T00:00:00+00:00, state:running, queued_at: 2025-03-17 00:18:40.546404+00:00. externally triggered: False>
[2025-03-17T00:19:14.230+0000] {logging_mixin.py:190} INFO - Failure caused by Bash command failed. The command returned a non-zero exit code 1.
[2025-03-17T00:19:14.231+0000] {taskinstance.py:1226} INFO - Marking task as UP_FOR_RETRY. dag_id=load_reviews_pipeline, task_id=dbt_run, run_id=scheduled__2024-04-19T00:00:00+00:00, execution_date=20240419T000000, start_date=20250317T001845, end_date=20250317T001914
[2025-03-17T00:19:14.548+0000] {taskinstance.py:341} INFO - ::group::Post task execution logs
[2025-03-17T00:19:14.550+0000] {standard_task_runner.py:124} ERROR - Failed to execute job 184 for task dbt_run (Bash command failed. The command returned a non-zero exit code 1.; 252982)
Traceback (most recent call last):
  File "/home/mohammed/venv/lib/python3.11/site-packages/airflow/task/task_runner/standard_task_runner.py", line 117, in _start_by_fork
    ret = args.func(args, dag=self.dag)
          ^^^^^^^^^^^^^^^^^^^^^^^^^^^^^
  File "/home/mohammed/venv/lib/python3.11/site-packages/airflow/cli/cli_config.py", line 49, in command
    return func(*args, **kwargs)
           ^^^^^^^^^^^^^^^^^^^^^
  File "/home/mohammed/venv/lib/python3.11/site-packages/airflow/utils/cli.py", line 116, in wrapper
    return f(*args, **kwargs)
           ^^^^^^^^^^^^^^^^^^
  File "/home/mohammed/venv/lib/python3.11/site-packages/airflow/cli/commands/task_command.py", line 483, in task_run
    task_return_code = _run_task_by_selected_method(args, _dag, ti)
                       ^^^^^^^^^^^^^^^^^^^^^^^^^^^^^^^^^^^^^^^^^^^^
  File "/home/mohammed/venv/lib/python3.11/site-packages/airflow/cli/commands/task_command.py", line 256, in _run_task_by_selected_method
    return _run_raw_task(args, ti)
           ^^^^^^^^^^^^^^^^^^^^^^^
  File "/home/mohammed/venv/lib/python3.11/site-packages/airflow/cli/commands/task_command.py", line 341, in _run_raw_task
    return ti._run_raw_task(
           ^^^^^^^^^^^^^^^^^
  File "/home/mohammed/venv/lib/python3.11/site-packages/airflow/utils/session.py", line 97, in wrapper
    return func(*args, session=session, **kwargs)
           ^^^^^^^^^^^^^^^^^^^^^^^^^^^^^^^^^^^^^^
  File "/home/mohammed/venv/lib/python3.11/site-packages/airflow/models/taskinstance.py", line 3006, in _run_raw_task
    return _run_raw_task(
           ^^^^^^^^^^^^^^
  File "/home/mohammed/venv/lib/python3.11/site-packages/airflow/models/taskinstance.py", line 274, in _run_raw_task
    TaskInstance._execute_task_with_callbacks(
  File "/home/mohammed/venv/lib/python3.11/site-packages/airflow/models/taskinstance.py", line 3161, in _execute_task_with_callbacks
    result = self._execute_task(context, task_orig)
             ^^^^^^^^^^^^^^^^^^^^^^^^^^^^^^^^^^^^^^
  File "/home/mohammed/venv/lib/python3.11/site-packages/airflow/models/taskinstance.py", line 3185, in _execute_task
    return _execute_task(self, context, task_orig)
           ^^^^^^^^^^^^^^^^^^^^^^^^^^^^^^^^^^^^^^^
  File "/home/mohammed/venv/lib/python3.11/site-packages/airflow/models/taskinstance.py", line 768, in _execute_task
    result = _execute_callable(context=context, **execute_callable_kwargs)
             ^^^^^^^^^^^^^^^^^^^^^^^^^^^^^^^^^^^^^^^^^^^^^^^^^^^^^^^^^^^^^
  File "/home/mohammed/venv/lib/python3.11/site-packages/airflow/models/taskinstance.py", line 734, in _execute_callable
    return ExecutionCallableRunner(
           ^^^^^^^^^^^^^^^^^^^^^^^^
  File "/home/mohammed/venv/lib/python3.11/site-packages/airflow/utils/operator_helpers.py", line 252, in run
    return self.func(*args, **kwargs)
           ^^^^^^^^^^^^^^^^^^^^^^^^^^
  File "/home/mohammed/venv/lib/python3.11/site-packages/airflow/models/baseoperator.py", line 424, in wrapper
    return func(self, *args, **kwargs)
           ^^^^^^^^^^^^^^^^^^^^^^^^^^^
  File "/home/mohammed/venv/lib/python3.11/site-packages/airflow/operators/bash.py", line 276, in execute
    raise AirflowException(
airflow.exceptions.AirflowException: Bash command failed. The command returned a non-zero exit code 1.
[2025-03-17T00:19:14.639+0000] {local_task_job_runner.py:266} INFO - Task exited with return code 1
[2025-03-17T00:19:14.863+0000] {taskinstance.py:3901} INFO - 0 downstream tasks scheduled from follow-on schedule check
[2025-03-17T00:19:14.873+0000] {local_task_job_runner.py:245} INFO - ::endgroup::
