[2025-03-18T17:11:07.458+0000] {local_task_job_runner.py:123} INFO - ::group::Pre task execution logs
[2025-03-18T17:11:07.911+0000] {taskinstance.py:2614} INFO - Dependencies all met for dep_context=non-requeueable deps ti=<TaskInstance: load_dbt_clean_reviews_pipeline.dbt_run scheduled__2024-04-13T00:00:00+00:00 [queued]>
[2025-03-18T17:11:07.982+0000] {taskinstance.py:2614} INFO - Dependencies all met for dep_context=requeueable deps ti=<TaskInstance: load_dbt_clean_reviews_pipeline.dbt_run scheduled__2024-04-13T00:00:00+00:00 [queued]>
[2025-03-18T17:11:08.024+0000] {taskinstance.py:2867} INFO - Starting attempt 2 of 2
[2025-03-18T17:11:08.210+0000] {taskinstance.py:2890} INFO - Executing <Task(BashOperator): dbt_run> on 2024-04-13 00:00:00+00:00
[2025-03-18T17:11:08.311+0000] {standard_task_runner.py:72} INFO - Started process 55366 to run task
[2025-03-18T17:11:08.372+0000] {standard_task_runner.py:104} INFO - Running: ['airflow', 'tasks', 'run', 'load_dbt_clean_reviews_pipeline', 'dbt_run', 'scheduled__2024-04-13T00:00:00+00:00', '--job-id', '796', '--raw', '--subdir', 'DAGS_FOLDER/dag_load_reviews.py', '--cfg-path', '/tmp/tmpq68r2mvn']
[2025-03-18T17:11:08.375+0000] {standard_task_runner.py:105} INFO - Job 796: Subtask dbt_run
[2025-03-18T17:11:09.134+0000] {task_command.py:467} INFO - Running <TaskInstance: load_dbt_clean_reviews_pipeline.dbt_run scheduled__2024-04-13T00:00:00+00:00 [running]> on host DESKTOP-IM7V4RI.
[2025-03-18T17:11:10.778+0000] {taskinstance.py:3134} INFO - Exporting env vars: AIRFLOW_CTX_DAG_OWNER='mohammed' AIRFLOW_CTX_DAG_ID='load_dbt_clean_reviews_pipeline' AIRFLOW_CTX_TASK_ID='dbt_run' AIRFLOW_CTX_EXECUTION_DATE='2024-04-13T00:00:00+00:00' AIRFLOW_CTX_TRY_NUMBER='2' AIRFLOW_CTX_DAG_RUN_ID='scheduled__2024-04-13T00:00:00+00:00'
[2025-03-18T17:11:10.832+0000] {logging_mixin.py:190} INFO - Task instance is in running state
[2025-03-18T17:11:10.833+0000] {logging_mixin.py:190} INFO -  Previous state of the Task instance: queued
[2025-03-18T17:11:10.834+0000] {logging_mixin.py:190} INFO - Current task name:dbt_run state:running start_date:2025-03-18 17:11:07.912868+00:00
[2025-03-18T17:11:10.835+0000] {logging_mixin.py:190} INFO - Dag name:load_dbt_clean_reviews_pipeline and current dag run status:running
[2025-03-18T17:11:10.836+0000] {taskinstance.py:732} INFO - ::endgroup::
[2025-03-18T17:11:10.838+0000] {subprocess.py:78} INFO - Tmp dir root location: /tmp
[2025-03-18T17:11:10.881+0000] {subprocess.py:88} INFO - Running command: ['/usr/bin/bash', '-c', 'cd /home/mohammed/.dbt/dbt_projects/bank_reviews_transactional && dbt run']
[2025-03-18T17:11:10.951+0000] {subprocess.py:99} INFO - Output:
[2025-03-18T17:11:30.801+0000] {subprocess.py:106} INFO - [0m17:11:30  Running with dbt=1.9.3
[2025-03-18T17:11:35.834+0000] {subprocess.py:106} INFO - [0m17:11:35  Registered adapter: postgres=1.9.0
[2025-03-18T17:11:39.362+0000] {subprocess.py:106} INFO - [0m17:11:39  [[33mWARNING[0m]: Configuration paths exist in your dbt_project.yml file which do not apply to any resources.
[2025-03-18T17:11:39.367+0000] {subprocess.py:106} INFO - There are 1 unused configuration paths:
[2025-03-18T17:11:39.368+0000] {subprocess.py:106} INFO - - models.bank_reviews_transactional.transactional
[2025-03-18T17:11:42.350+0000] {subprocess.py:106} INFO - [0m17:11:42  Found 3 models, 4 data tests, 1 source, 433 macros
[2025-03-18T17:11:42.440+0000] {subprocess.py:106} INFO - [0m17:11:42
[2025-03-18T17:11:42.445+0000] {subprocess.py:106} INFO - [0m17:11:42  Concurrency: 4 threads (target='dev')
[2025-03-18T17:11:42.447+0000] {subprocess.py:106} INFO - [0m17:11:42
[2025-03-18T17:11:43.870+0000] {subprocess.py:106} INFO - [0m17:11:43  1 of 3 START sql table model transactional.clean_reviews ....................... [RUN]
[2025-03-18T17:11:43.879+0000] {subprocess.py:106} INFO - [0m17:11:43  2 of 3 START sql table model transactional.my_first_dbt_model .................. [RUN]
[2025-03-18T17:11:44.969+0000] {subprocess.py:106} INFO - [0m17:11:44  1 of 3 ERROR creating sql table model transactional.clean_reviews .............. [[31mERROR[0m in 1.05s]
[2025-03-18T17:11:45.731+0000] {subprocess.py:106} INFO - [0m17:11:45  2 of 3 OK created sql table model transactional.my_first_dbt_model ............. [[32mSELECT 2[0m in 1.78s]
[2025-03-18T17:11:45.759+0000] {subprocess.py:106} INFO - [0m17:11:45  3 of 3 START sql view model transactional.my_second_dbt_model .................. [RUN]
[2025-03-18T17:11:46.618+0000] {subprocess.py:106} INFO - [0m17:11:46  3 of 3 OK created sql view model transactional.my_second_dbt_model ............. [[32mCREATE VIEW[0m in 0.85s]
[2025-03-18T17:11:47.009+0000] {subprocess.py:106} INFO - [0m17:11:47
[2025-03-18T17:11:47.012+0000] {subprocess.py:106} INFO - [0m17:11:47  Finished running 2 table models, 1 view model in 0 hours 0 minutes and 4.56 seconds (4.56s).
[2025-03-18T17:11:47.713+0000] {subprocess.py:106} INFO - [0m17:11:47
[2025-03-18T17:11:47.720+0000] {subprocess.py:106} INFO - [0m17:11:47  [31mCompleted with 1 error, 0 partial successes, and 0 warnings:[0m
[2025-03-18T17:11:47.726+0000] {subprocess.py:106} INFO - [0m17:11:47
[2025-03-18T17:11:47.746+0000] {subprocess.py:106} INFO - [0m17:11:47    Database Error in model clean_reviews (models/clean_reviews.sql)
[2025-03-18T17:11:47.747+0000] {subprocess.py:106} INFO -   column r.bank_name does not exist
[2025-03-18T17:11:47.748+0000] {subprocess.py:106} INFO -   LINE 141:         r.bank_name,
[2025-03-18T17:11:47.749+0000] {subprocess.py:106} INFO -                     ^
[2025-03-18T17:11:47.749+0000] {subprocess.py:106} INFO -   HINT:  Perhaps you meant to reference the column "c.bank_name".
[2025-03-18T17:11:47.750+0000] {subprocess.py:106} INFO -   compiled code at target/run/bank_reviews_transactional/models/clean_reviews.sql
[2025-03-18T17:11:47.754+0000] {subprocess.py:106} INFO - [0m17:11:47
[2025-03-18T17:11:47.758+0000] {subprocess.py:106} INFO - [0m17:11:47  Done. PASS=2 WARN=0 ERROR=1 SKIP=0 TOTAL=3
[2025-03-18T17:11:51.477+0000] {subprocess.py:110} INFO - Command exited with return code 1
[2025-03-18T17:11:51.561+0000] {taskinstance.py:3313} ERROR - Task failed with exception
Traceback (most recent call last):
  File "/home/mohammed/venv/lib/python3.11/site-packages/airflow/models/taskinstance.py", line 768, in _execute_task
    result = _execute_callable(context=context, **execute_callable_kwargs)
             ^^^^^^^^^^^^^^^^^^^^^^^^^^^^^^^^^^^^^^^^^^^^^^^^^^^^^^^^^^^^^
  File "/home/mohammed/venv/lib/python3.11/site-packages/airflow/models/taskinstance.py", line 734, in _execute_callable
    return ExecutionCallableRunner(
           ^^^^^^^^^^^^^^^^^^^^^^^^
  File "/home/mohammed/venv/lib/python3.11/site-packages/airflow/utils/operator_helpers.py", line 252, in run
    return self.func(*args, **kwargs)
           ^^^^^^^^^^^^^^^^^^^^^^^^^^
  File "/home/mohammed/venv/lib/python3.11/site-packages/airflow/models/baseoperator.py", line 424, in wrapper
    return func(self, *args, **kwargs)
           ^^^^^^^^^^^^^^^^^^^^^^^^^^^
  File "/home/mohammed/venv/lib/python3.11/site-packages/airflow/operators/bash.py", line 276, in execute
    raise AirflowException(
airflow.exceptions.AirflowException: Bash command failed. The command returned a non-zero exit code 1.
[2025-03-18T17:11:51.610+0000] {logging_mixin.py:190} INFO - Task instance in failure state
[2025-03-18T17:11:51.611+0000] {logging_mixin.py:190} INFO - Task start:2025-03-18 17:11:07.912868+00:00 end:2025-03-18 17:11:51.598022+00:00 duration:43.685154
[2025-03-18T17:11:51.616+0000] {logging_mixin.py:190} INFO - Task:<Task(BashOperator): dbt_run> dag:<DAG: load_dbt_clean_reviews_pipeline> dagrun:<DagRun load_dbt_clean_reviews_pipeline @ 2024-04-13 00:00:00+00:00: scheduled__2024-04-13T00:00:00+00:00, state:running, queued_at: 2025-03-18 17:05:04.777196+00:00. externally triggered: False>
[2025-03-18T17:11:51.617+0000] {logging_mixin.py:190} INFO - Failure caused by Bash command failed. The command returned a non-zero exit code 1.
[2025-03-18T17:11:51.618+0000] {taskinstance.py:1226} INFO - Marking task as FAILED. dag_id=load_dbt_clean_reviews_pipeline, task_id=dbt_run, run_id=scheduled__2024-04-13T00:00:00+00:00, execution_date=20240413T000000, start_date=20250318T171107, end_date=20250318T171151
[2025-03-18T17:11:51.836+0000] {taskinstance.py:341} INFO - ::group::Post task execution logs
[2025-03-18T17:11:51.838+0000] {standard_task_runner.py:124} ERROR - Failed to execute job 796 for task dbt_run (Bash command failed. The command returned a non-zero exit code 1.; 55366)
Traceback (most recent call last):
  File "/home/mohammed/venv/lib/python3.11/site-packages/airflow/task/task_runner/standard_task_runner.py", line 117, in _start_by_fork
    ret = args.func(args, dag=self.dag)
          ^^^^^^^^^^^^^^^^^^^^^^^^^^^^^
  File "/home/mohammed/venv/lib/python3.11/site-packages/airflow/cli/cli_config.py", line 49, in command
    return func(*args, **kwargs)
           ^^^^^^^^^^^^^^^^^^^^^
  File "/home/mohammed/venv/lib/python3.11/site-packages/airflow/utils/cli.py", line 116, in wrapper
    return f(*args, **kwargs)
           ^^^^^^^^^^^^^^^^^^
  File "/home/mohammed/venv/lib/python3.11/site-packages/airflow/cli/commands/task_command.py", line 483, in task_run
    task_return_code = _run_task_by_selected_method(args, _dag, ti)
                       ^^^^^^^^^^^^^^^^^^^^^^^^^^^^^^^^^^^^^^^^^^^^
  File "/home/mohammed/venv/lib/python3.11/site-packages/airflow/cli/commands/task_command.py", line 256, in _run_task_by_selected_method
    return _run_raw_task(args, ti)
           ^^^^^^^^^^^^^^^^^^^^^^^
  File "/home/mohammed/venv/lib/python3.11/site-packages/airflow/cli/commands/task_command.py", line 341, in _run_raw_task
    return ti._run_raw_task(
           ^^^^^^^^^^^^^^^^^
  File "/home/mohammed/venv/lib/python3.11/site-packages/airflow/utils/session.py", line 97, in wrapper
    return func(*args, session=session, **kwargs)
           ^^^^^^^^^^^^^^^^^^^^^^^^^^^^^^^^^^^^^^
  File "/home/mohammed/venv/lib/python3.11/site-packages/airflow/models/taskinstance.py", line 3006, in _run_raw_task
    return _run_raw_task(
           ^^^^^^^^^^^^^^
  File "/home/mohammed/venv/lib/python3.11/site-packages/airflow/models/taskinstance.py", line 274, in _run_raw_task
    TaskInstance._execute_task_with_callbacks(
  File "/home/mohammed/venv/lib/python3.11/site-packages/airflow/models/taskinstance.py", line 3161, in _execute_task_with_callbacks
    result = self._execute_task(context, task_orig)
             ^^^^^^^^^^^^^^^^^^^^^^^^^^^^^^^^^^^^^^
  File "/home/mohammed/venv/lib/python3.11/site-packages/airflow/models/taskinstance.py", line 3185, in _execute_task
    return _execute_task(self, context, task_orig)
           ^^^^^^^^^^^^^^^^^^^^^^^^^^^^^^^^^^^^^^^
  File "/home/mohammed/venv/lib/python3.11/site-packages/airflow/models/taskinstance.py", line 768, in _execute_task
    result = _execute_callable(context=context, **execute_callable_kwargs)
             ^^^^^^^^^^^^^^^^^^^^^^^^^^^^^^^^^^^^^^^^^^^^^^^^^^^^^^^^^^^^^
  File "/home/mohammed/venv/lib/python3.11/site-packages/airflow/models/taskinstance.py", line 734, in _execute_callable
    return ExecutionCallableRunner(
           ^^^^^^^^^^^^^^^^^^^^^^^^
  File "/home/mohammed/venv/lib/python3.11/site-packages/airflow/utils/operator_helpers.py", line 252, in run
    return self.func(*args, **kwargs)
           ^^^^^^^^^^^^^^^^^^^^^^^^^^
  File "/home/mohammed/venv/lib/python3.11/site-packages/airflow/models/baseoperator.py", line 424, in wrapper
    return func(self, *args, **kwargs)
           ^^^^^^^^^^^^^^^^^^^^^^^^^^^
  File "/home/mohammed/venv/lib/python3.11/site-packages/airflow/operators/bash.py", line 276, in execute
    raise AirflowException(
airflow.exceptions.AirflowException: Bash command failed. The command returned a non-zero exit code 1.
[2025-03-18T17:11:51.867+0000] {local_task_job_runner.py:266} INFO - Task exited with return code 1
[2025-03-18T17:11:51.955+0000] {taskinstance.py:3901} INFO - 0 downstream tasks scheduled from follow-on schedule check
[2025-03-18T17:11:51.960+0000] {local_task_job_runner.py:245} INFO - ::endgroup::
