[2025-03-17T00:32:04.451+0000] {local_task_job_runner.py:123} INFO - ::group::Pre task execution logs
[2025-03-17T00:32:04.741+0000] {taskinstance.py:2614} INFO - Dependencies all met for dep_context=non-requeueable deps ti=<TaskInstance: load_reviews_pipeline.dbt_run scheduled__2024-05-05T00:00:00+00:00 [queued]>
[2025-03-17T00:32:04.834+0000] {taskinstance.py:2614} INFO - Dependencies all met for dep_context=requeueable deps ti=<TaskInstance: load_reviews_pipeline.dbt_run scheduled__2024-05-05T00:00:00+00:00 [queued]>
[2025-03-17T00:32:04.836+0000] {taskinstance.py:2867} INFO - Starting attempt 2 of 2
[2025-03-17T00:32:05.128+0000] {taskinstance.py:2890} INFO - Executing <Task(BashOperator): dbt_run> on 2024-05-05 00:00:00+00:00
[2025-03-17T00:32:05.393+0000] {standard_task_runner.py:72} INFO - Started process 265024 to run task
[2025-03-17T00:32:05.974+0000] {standard_task_runner.py:104} INFO - Running: ['airflow', 'tasks', 'run', 'load_reviews_pipeline', 'dbt_run', 'scheduled__2024-05-05T00:00:00+00:00', '--job-id', '235', '--raw', '--subdir', 'DAGS_FOLDER/dag_load_reviews.py', '--cfg-path', '/tmp/tmphrfx5kw8']
[2025-03-17T00:32:05.978+0000] {standard_task_runner.py:105} INFO - Job 235: Subtask dbt_run
[2025-03-17T00:32:07.731+0000] {task_command.py:467} INFO - Running <TaskInstance: load_reviews_pipeline.dbt_run scheduled__2024-05-05T00:00:00+00:00 [running]> on host DESKTOP-IM7V4RI.
[2025-03-17T00:32:11.344+0000] {taskinstance.py:3134} INFO - Exporting env vars: AIRFLOW_CTX_DAG_OWNER='mohammed' AIRFLOW_CTX_DAG_ID='load_reviews_pipeline' AIRFLOW_CTX_TASK_ID='dbt_run' AIRFLOW_CTX_EXECUTION_DATE='2024-05-05T00:00:00+00:00' AIRFLOW_CTX_TRY_NUMBER='2' AIRFLOW_CTX_DAG_RUN_ID='scheduled__2024-05-05T00:00:00+00:00'
[2025-03-17T00:32:11.355+0000] {logging_mixin.py:190} INFO - Task instance is in running state
[2025-03-17T00:32:11.356+0000] {logging_mixin.py:190} INFO -  Previous state of the Task instance: queued
[2025-03-17T00:32:11.356+0000] {logging_mixin.py:190} INFO - Current task name:dbt_run state:running start_date:2025-03-17 00:32:04.742304+00:00
[2025-03-17T00:32:11.357+0000] {logging_mixin.py:190} INFO - Dag name:load_reviews_pipeline and current dag run status:running
[2025-03-17T00:32:11.358+0000] {taskinstance.py:732} INFO - ::endgroup::
[2025-03-17T00:32:11.360+0000] {subprocess.py:78} INFO - Tmp dir root location: /tmp
[2025-03-17T00:32:11.419+0000] {subprocess.py:88} INFO - Running command: ['/usr/bin/bash', '-c', 'cd /home/mohammed/.dbt/bank_reviews_project && dbt run']
[2025-03-17T00:32:11.605+0000] {subprocess.py:99} INFO - Output:
[2025-03-17T00:32:36.340+0000] {subprocess.py:106} INFO - [0m00:32:36  Running with dbt=1.9.3
[2025-03-17T00:32:41.571+0000] {subprocess.py:106} INFO - [0m00:32:41  Registered adapter: postgres=1.9.0
[2025-03-17T00:32:46.326+0000] {subprocess.py:106} INFO - [0m00:32:46  Found 6 models, 4 data tests, 2 sources, 433 macros
[2025-03-17T00:32:46.342+0000] {subprocess.py:106} INFO - [0m00:32:46
[2025-03-17T00:32:46.367+0000] {subprocess.py:106} INFO - [0m00:32:46  Concurrency: 4 threads (target='dev')
[2025-03-17T00:32:46.370+0000] {subprocess.py:106} INFO - [0m00:32:46
[2025-03-17T00:32:48.694+0000] {subprocess.py:106} INFO - [0m00:32:48  2 of 6 START sql table model public.my_first_dbt_model ......................... [RUN]
[2025-03-17T00:32:48.700+0000] {subprocess.py:106} INFO - [0m00:32:48  3 of 6 START sql view model public.remove_duplicates ........................... [RUN]
[2025-03-17T00:32:48.703+0000] {subprocess.py:106} INFO - [0m00:32:48  4 of 6 START sql view model public.stg_clean_reviews ........................... [RUN]
[2025-03-17T00:32:48.715+0000] {subprocess.py:106} INFO - [0m00:32:48  1 of 6 START sql view model public.clean_reviews ............................... [RUN]
[2025-03-17T00:32:56.782+0000] {subprocess.py:106} INFO - [0m00:32:56  2 of 6 ERROR creating sql table model public.my_first_dbt_model ................ [[31mERROR[0m in 8.04s]
[2025-03-17T00:32:56.834+0000] {subprocess.py:106} INFO - [0m00:32:56  4 of 6 ERROR creating sql view model public.stg_clean_reviews .................. [[31mERROR[0m in 8.02s]
[2025-03-17T00:32:56.920+0000] {subprocess.py:106} INFO - [0m00:32:56  5 of 6 SKIP relation public.dwh_model .......................................... [[33mSKIP[0m]
[2025-03-17T00:32:56.946+0000] {subprocess.py:106} INFO - [0m00:32:56  6 of 6 SKIP relation public.my_second_dbt_model ................................ [[33mSKIP[0m]
[2025-03-17T00:32:59.092+0000] {subprocess.py:106} INFO - [0m00:32:59  3 of 6 ERROR creating sql view model public.remove_duplicates .................. [[31mERROR[0m in 10.28s]
[2025-03-17T00:33:01.953+0000] {subprocess.py:106} INFO - [0m00:33:01  1 of 6 ERROR creating sql view model public.clean_reviews ...................... [[31mERROR[0m in 13.24s]
[2025-03-17T00:33:02.319+0000] {subprocess.py:106} INFO - [0m00:33:02
[2025-03-17T00:33:02.326+0000] {subprocess.py:106} INFO - [0m00:33:02  Finished running 1 table model, 5 view models in 0 hours 0 minutes and 15.94 seconds (15.94s).
[2025-03-17T00:33:04.419+0000] {subprocess.py:106} INFO - [0m00:33:04
[2025-03-17T00:33:04.432+0000] {subprocess.py:106} INFO - [0m00:33:04  [31mCompleted with 4 errors, 0 partial successes, and 0 warnings:[0m
[2025-03-17T00:33:04.439+0000] {subprocess.py:106} INFO - [0m00:33:04
[2025-03-17T00:33:04.447+0000] {subprocess.py:106} INFO - [0m00:33:04    Database Error in model my_first_dbt_model (models/example/my_first_dbt_model.sql)
[2025-03-17T00:33:04.449+0000] {subprocess.py:106} INFO -   relation "my_first_dbt_model__dbt_backup" already exists
[2025-03-17T00:33:04.449+0000] {subprocess.py:106} INFO -   compiled code at target/run/bank_reviews_project/models/example/my_first_dbt_model.sql
[2025-03-17T00:33:04.457+0000] {subprocess.py:106} INFO - [0m00:33:04
[2025-03-17T00:33:04.466+0000] {subprocess.py:106} INFO - [0m00:33:04    Database Error in model stg_clean_reviews (models/stg_clean_reviews.sql)
[2025-03-17T00:33:04.467+0000] {subprocess.py:106} INFO -   relation "stg_clean_reviews__dbt_backup" already exists
[2025-03-17T00:33:04.470+0000] {subprocess.py:106} INFO -   compiled code at target/run/bank_reviews_project/models/stg_clean_reviews.sql
[2025-03-17T00:33:04.473+0000] {subprocess.py:106} INFO - [0m00:33:04
[2025-03-17T00:33:04.479+0000] {subprocess.py:106} INFO - [0m00:33:04    Database Error in model remove_duplicates (models/remove_duplicates.sql)
[2025-03-17T00:33:04.484+0000] {subprocess.py:106} INFO -   relation "remove_duplicates__dbt_backup" already exists
[2025-03-17T00:33:04.485+0000] {subprocess.py:106} INFO -   compiled code at target/run/bank_reviews_project/models/remove_duplicates.sql
[2025-03-17T00:33:04.490+0000] {subprocess.py:106} INFO - [0m00:33:04
[2025-03-17T00:33:04.497+0000] {subprocess.py:106} INFO - [0m00:33:04    Database Error in model clean_reviews (models/clean_reviews.sql)
[2025-03-17T00:33:04.498+0000] {subprocess.py:106} INFO -   relation "clean_reviews__dbt_backup" already exists
[2025-03-17T00:33:04.499+0000] {subprocess.py:106} INFO -   compiled code at target/run/bank_reviews_project/models/clean_reviews.sql
[2025-03-17T00:33:04.515+0000] {subprocess.py:106} INFO - [0m00:33:04
[2025-03-17T00:33:04.519+0000] {subprocess.py:106} INFO - [0m00:33:04  Done. PASS=0 WARN=0 ERROR=4 SKIP=2 TOTAL=6
[2025-03-17T00:33:14.399+0000] {subprocess.py:110} INFO - Command exited with return code 1
[2025-03-17T00:33:16.760+0000] {taskinstance.py:3313} ERROR - Task failed with exception
Traceback (most recent call last):
  File "/home/mohammed/venv/lib/python3.11/site-packages/airflow/models/taskinstance.py", line 768, in _execute_task
    result = _execute_callable(context=context, **execute_callable_kwargs)
             ^^^^^^^^^^^^^^^^^^^^^^^^^^^^^^^^^^^^^^^^^^^^^^^^^^^^^^^^^^^^^
  File "/home/mohammed/venv/lib/python3.11/site-packages/airflow/models/taskinstance.py", line 734, in _execute_callable
    return ExecutionCallableRunner(
           ^^^^^^^^^^^^^^^^^^^^^^^^
  File "/home/mohammed/venv/lib/python3.11/site-packages/airflow/utils/operator_helpers.py", line 252, in run
    return self.func(*args, **kwargs)
           ^^^^^^^^^^^^^^^^^^^^^^^^^^
  File "/home/mohammed/venv/lib/python3.11/site-packages/airflow/models/baseoperator.py", line 424, in wrapper
    return func(self, *args, **kwargs)
           ^^^^^^^^^^^^^^^^^^^^^^^^^^^
  File "/home/mohammed/venv/lib/python3.11/site-packages/airflow/operators/bash.py", line 276, in execute
    raise AirflowException(
airflow.exceptions.AirflowException: Bash command failed. The command returned a non-zero exit code 1.
[2025-03-17T00:33:16.352+0000] {logging_mixin.py:190} INFO - Task instance in failure state
[2025-03-17T00:33:16.408+0000] {logging_mixin.py:190} INFO - Task start:2025-03-17 00:32:04.742304+00:00 end:2025-03-17 00:33:16.858123+00:00 duration:72.115819
[2025-03-17T00:33:16.413+0000] {logging_mixin.py:190} INFO - Task:<Task(BashOperator): dbt_run> dag:<DAG: load_reviews_pipeline> dagrun:<DagRun load_reviews_pipeline @ 2024-05-05 00:00:00+00:00: scheduled__2024-05-05T00:00:00+00:00, state:running, queued_at: 2025-03-17 00:25:41.747983+00:00. externally triggered: False>
[2025-03-17T00:33:16.414+0000] {logging_mixin.py:190} INFO - Failure caused by Bash command failed. The command returned a non-zero exit code 1.
[2025-03-17T00:33:16.418+0000] {taskinstance.py:1226} INFO - Marking task as FAILED. dag_id=load_reviews_pipeline, task_id=dbt_run, run_id=scheduled__2024-05-05T00:00:00+00:00, execution_date=20240505T000000, start_date=20250317T003204, end_date=20250317T003316
[2025-03-17T00:33:20.840+0000] {taskinstance.py:341} INFO - ::group::Post task execution logs
[2025-03-17T00:33:20.872+0000] {standard_task_runner.py:124} ERROR - Failed to execute job 235 for task dbt_run (Bash command failed. The command returned a non-zero exit code 1.; 265024)
Traceback (most recent call last):
  File "/home/mohammed/venv/lib/python3.11/site-packages/airflow/task/task_runner/standard_task_runner.py", line 117, in _start_by_fork
    ret = args.func(args, dag=self.dag)
          ^^^^^^^^^^^^^^^^^^^^^^^^^^^^^
  File "/home/mohammed/venv/lib/python3.11/site-packages/airflow/cli/cli_config.py", line 49, in command
    return func(*args, **kwargs)
           ^^^^^^^^^^^^^^^^^^^^^
  File "/home/mohammed/venv/lib/python3.11/site-packages/airflow/utils/cli.py", line 116, in wrapper
    return f(*args, **kwargs)
           ^^^^^^^^^^^^^^^^^^
  File "/home/mohammed/venv/lib/python3.11/site-packages/airflow/cli/commands/task_command.py", line 483, in task_run
    task_return_code = _run_task_by_selected_method(args, _dag, ti)
                       ^^^^^^^^^^^^^^^^^^^^^^^^^^^^^^^^^^^^^^^^^^^^
  File "/home/mohammed/venv/lib/python3.11/site-packages/airflow/cli/commands/task_command.py", line 256, in _run_task_by_selected_method
    return _run_raw_task(args, ti)
           ^^^^^^^^^^^^^^^^^^^^^^^
  File "/home/mohammed/venv/lib/python3.11/site-packages/airflow/cli/commands/task_command.py", line 341, in _run_raw_task
    return ti._run_raw_task(
           ^^^^^^^^^^^^^^^^^
  File "/home/mohammed/venv/lib/python3.11/site-packages/airflow/utils/session.py", line 97, in wrapper
    return func(*args, session=session, **kwargs)
           ^^^^^^^^^^^^^^^^^^^^^^^^^^^^^^^^^^^^^^
  File "/home/mohammed/venv/lib/python3.11/site-packages/airflow/models/taskinstance.py", line 3006, in _run_raw_task
    return _run_raw_task(
           ^^^^^^^^^^^^^^
  File "/home/mohammed/venv/lib/python3.11/site-packages/airflow/models/taskinstance.py", line 274, in _run_raw_task
    TaskInstance._execute_task_with_callbacks(
  File "/home/mohammed/venv/lib/python3.11/site-packages/airflow/models/taskinstance.py", line 3161, in _execute_task_with_callbacks
    result = self._execute_task(context, task_orig)
             ^^^^^^^^^^^^^^^^^^^^^^^^^^^^^^^^^^^^^^
  File "/home/mohammed/venv/lib/python3.11/site-packages/airflow/models/taskinstance.py", line 3185, in _execute_task
    return _execute_task(self, context, task_orig)
           ^^^^^^^^^^^^^^^^^^^^^^^^^^^^^^^^^^^^^^^
  File "/home/mohammed/venv/lib/python3.11/site-packages/airflow/models/taskinstance.py", line 768, in _execute_task
    result = _execute_callable(context=context, **execute_callable_kwargs)
             ^^^^^^^^^^^^^^^^^^^^^^^^^^^^^^^^^^^^^^^^^^^^^^^^^^^^^^^^^^^^^
  File "/home/mohammed/venv/lib/python3.11/site-packages/airflow/models/taskinstance.py", line 734, in _execute_callable
    return ExecutionCallableRunner(
           ^^^^^^^^^^^^^^^^^^^^^^^^
  File "/home/mohammed/venv/lib/python3.11/site-packages/airflow/utils/operator_helpers.py", line 252, in run
    return self.func(*args, **kwargs)
           ^^^^^^^^^^^^^^^^^^^^^^^^^^
  File "/home/mohammed/venv/lib/python3.11/site-packages/airflow/models/baseoperator.py", line 424, in wrapper
    return func(self, *args, **kwargs)
           ^^^^^^^^^^^^^^^^^^^^^^^^^^^
  File "/home/mohammed/venv/lib/python3.11/site-packages/airflow/operators/bash.py", line 276, in execute
    raise AirflowException(
airflow.exceptions.AirflowException: Bash command failed. The command returned a non-zero exit code 1.
[2025-03-17T00:33:21.269+0000] {local_task_job_runner.py:266} INFO - Task exited with return code 1
[2025-03-17T00:33:21.752+0000] {local_task_job_runner.py:245} INFO - ::endgroup::
