[2025-03-17T00:00:06.000+0000] {local_task_job_runner.py:123} INFO - ::group::Pre task execution logs
[2025-03-17T00:00:06.795+0000] {taskinstance.py:2614} INFO - Dependencies all met for dep_context=non-requeueable deps ti=<TaskInstance: load_reviews_pipeline.dbt_run scheduled__2024-03-26T00:00:00+00:00 [queued]>
[2025-03-17T00:00:07.005+0000] {taskinstance.py:2614} INFO - Dependencies all met for dep_context=requeueable deps ti=<TaskInstance: load_reviews_pipeline.dbt_run scheduled__2024-03-26T00:00:00+00:00 [queued]>
[2025-03-17T00:00:07.006+0000] {taskinstance.py:2867} INFO - Starting attempt 1 of 2
[2025-03-17T00:00:09.199+0000] {taskinstance.py:2890} INFO - Executing <Task(BashOperator): dbt_run> on 2024-03-26 00:00:00+00:00
[2025-03-17T00:00:09.270+0000] {standard_task_runner.py:72} INFO - Started process 239192 to run task
[2025-03-17T00:00:09.387+0000] {standard_task_runner.py:104} INFO - Running: ['airflow', 'tasks', 'run', 'load_reviews_pipeline', 'dbt_run', 'scheduled__2024-03-26T00:00:00+00:00', '--job-id', '122', '--raw', '--subdir', 'DAGS_FOLDER/dag_load_reviews.py', '--cfg-path', '/tmp/tmps2cptjvi']
[2025-03-17T00:00:09.390+0000] {standard_task_runner.py:105} INFO - Job 122: Subtask dbt_run
[2025-03-17T00:00:09.453+0000] {task_command.py:467} INFO - Running <TaskInstance: load_reviews_pipeline.dbt_run scheduled__2024-03-26T00:00:00+00:00 [running]> on host DESKTOP-IM7V4RI.
[2025-03-17T00:00:12.105+0000] {taskinstance.py:3134} INFO - Exporting env vars: AIRFLOW_CTX_DAG_OWNER='mohammed' AIRFLOW_CTX_DAG_ID='load_reviews_pipeline' AIRFLOW_CTX_TASK_ID='dbt_run' AIRFLOW_CTX_EXECUTION_DATE='2024-03-26T00:00:00+00:00' AIRFLOW_CTX_TRY_NUMBER='1' AIRFLOW_CTX_DAG_RUN_ID='scheduled__2024-03-26T00:00:00+00:00'
[2025-03-17T00:00:12.146+0000] {logging_mixin.py:190} INFO - Task instance is in running state
[2025-03-17T00:00:12.147+0000] {logging_mixin.py:190} INFO -  Previous state of the Task instance: queued
[2025-03-17T00:00:12.150+0000] {logging_mixin.py:190} INFO - Current task name:dbt_run state:running start_date:2025-03-17 00:00:06.796495+00:00
[2025-03-17T00:00:12.152+0000] {logging_mixin.py:190} INFO - Dag name:load_reviews_pipeline and current dag run status:running
[2025-03-17T00:00:12.155+0000] {taskinstance.py:732} INFO - ::endgroup::
[2025-03-17T00:00:12.177+0000] {subprocess.py:78} INFO - Tmp dir root location: /tmp
[2025-03-17T00:00:12.180+0000] {subprocess.py:88} INFO - Running command: ['/usr/bin/bash', '-c', 'cd /home/mohammed/.dbt/bank_reviews_project && dbt run']
[2025-03-17T00:00:12.390+0000] {subprocess.py:99} INFO - Output:
[2025-03-17T00:00:15.307+0000] {job.py:229} INFO - Heartbeat recovered after 12.97 seconds
[2025-03-17T00:00:25.735+0000] {job.py:229} INFO - Heartbeat recovered after 10.51 seconds
[2025-03-17T00:00:58.473+0000] {subprocess.py:106} INFO - [0m00:00:58  Running with dbt=1.9.3
[2025-03-17T00:00:58.530+0000] {job.py:229} INFO - Heartbeat recovered after 12.32 seconds
[2025-03-17T00:01:02.870+0000] {subprocess.py:106} INFO - [0m00:01:02  Registered adapter: postgres=1.9.0
[2025-03-17T00:01:12.202+0000] {job.py:229} INFO - Heartbeat recovered after 13.70 seconds
[2025-03-17T00:02:00.572+0000] {job.py:229} INFO - Heartbeat recovered after 48.42 seconds
[2025-03-17T00:02:00.854+0000] {subprocess.py:106} INFO - [0m00:02:00  Encountered an error:
[2025-03-17T00:02:00.925+0000] {subprocess.py:106} INFO - Compilation Error
[2025-03-17T00:02:00.964+0000] {subprocess.py:106} INFO -   Model 'model.bank_reviews_project.stg_clean_reviews' (models/stg_clean_reviews.sql) depends on a source named 'public.clean_reviews_enriched' which was not found
[2025-03-17T00:02:20.353+0000] {subprocess.py:110} INFO - Command exited with return code 2
[2025-03-17T00:02:20.921+0000] {taskinstance.py:3313} ERROR - Task failed with exception
Traceback (most recent call last):
  File "/home/mohammed/venv/lib/python3.11/site-packages/airflow/models/taskinstance.py", line 768, in _execute_task
    result = _execute_callable(context=context, **execute_callable_kwargs)
             ^^^^^^^^^^^^^^^^^^^^^^^^^^^^^^^^^^^^^^^^^^^^^^^^^^^^^^^^^^^^^
  File "/home/mohammed/venv/lib/python3.11/site-packages/airflow/models/taskinstance.py", line 734, in _execute_callable
    return ExecutionCallableRunner(
           ^^^^^^^^^^^^^^^^^^^^^^^^
  File "/home/mohammed/venv/lib/python3.11/site-packages/airflow/utils/operator_helpers.py", line 252, in run
    return self.func(*args, **kwargs)
           ^^^^^^^^^^^^^^^^^^^^^^^^^^
  File "/home/mohammed/venv/lib/python3.11/site-packages/airflow/models/baseoperator.py", line 424, in wrapper
    return func(self, *args, **kwargs)
           ^^^^^^^^^^^^^^^^^^^^^^^^^^^
  File "/home/mohammed/venv/lib/python3.11/site-packages/airflow/operators/bash.py", line 276, in execute
    raise AirflowException(
airflow.exceptions.AirflowException: Bash command failed. The command returned a non-zero exit code 2.
[2025-03-17T00:02:21.208+0000] {logging_mixin.py:190} INFO - Task instance in failure state
[2025-03-17T00:02:21.210+0000] {logging_mixin.py:190} INFO - Task start:2025-03-17 00:00:06.796495+00:00 end:2025-03-17 00:02:21.188846+00:00 duration:134.392351
[2025-03-17T00:02:21.221+0000] {logging_mixin.py:190} INFO - Task:<Task(BashOperator): dbt_run> dag:<DAG: load_reviews_pipeline> dagrun:<DagRun load_reviews_pipeline @ 2024-03-26 00:00:00+00:00: scheduled__2024-03-26T00:00:00+00:00, state:running, queued_at: 2025-03-16 23:59:40.541447+00:00. externally triggered: False>
[2025-03-17T00:02:21.233+0000] {logging_mixin.py:190} INFO - Failure caused by Bash command failed. The command returned a non-zero exit code 2.
[2025-03-17T00:02:21.234+0000] {taskinstance.py:1226} INFO - Marking task as UP_FOR_RETRY. dag_id=load_reviews_pipeline, task_id=dbt_run, run_id=scheduled__2024-03-26T00:00:00+00:00, execution_date=20240326T000000, start_date=20250317T000006, end_date=20250317T000221
[2025-03-17T00:02:22.209+0000] {taskinstance.py:341} INFO - ::group::Post task execution logs
[2025-03-17T00:02:22.215+0000] {standard_task_runner.py:124} ERROR - Failed to execute job 122 for task dbt_run (Bash command failed. The command returned a non-zero exit code 2.; 239192)
Traceback (most recent call last):
  File "/home/mohammed/venv/lib/python3.11/site-packages/airflow/task/task_runner/standard_task_runner.py", line 117, in _start_by_fork
    ret = args.func(args, dag=self.dag)
          ^^^^^^^^^^^^^^^^^^^^^^^^^^^^^
  File "/home/mohammed/venv/lib/python3.11/site-packages/airflow/cli/cli_config.py", line 49, in command
    return func(*args, **kwargs)
           ^^^^^^^^^^^^^^^^^^^^^
  File "/home/mohammed/venv/lib/python3.11/site-packages/airflow/utils/cli.py", line 116, in wrapper
    return f(*args, **kwargs)
           ^^^^^^^^^^^^^^^^^^
  File "/home/mohammed/venv/lib/python3.11/site-packages/airflow/cli/commands/task_command.py", line 483, in task_run
    task_return_code = _run_task_by_selected_method(args, _dag, ti)
                       ^^^^^^^^^^^^^^^^^^^^^^^^^^^^^^^^^^^^^^^^^^^^
  File "/home/mohammed/venv/lib/python3.11/site-packages/airflow/cli/commands/task_command.py", line 256, in _run_task_by_selected_method
    return _run_raw_task(args, ti)
           ^^^^^^^^^^^^^^^^^^^^^^^
  File "/home/mohammed/venv/lib/python3.11/site-packages/airflow/cli/commands/task_command.py", line 341, in _run_raw_task
    return ti._run_raw_task(
           ^^^^^^^^^^^^^^^^^
  File "/home/mohammed/venv/lib/python3.11/site-packages/airflow/utils/session.py", line 97, in wrapper
    return func(*args, session=session, **kwargs)
           ^^^^^^^^^^^^^^^^^^^^^^^^^^^^^^^^^^^^^^
  File "/home/mohammed/venv/lib/python3.11/site-packages/airflow/models/taskinstance.py", line 3006, in _run_raw_task
    return _run_raw_task(
           ^^^^^^^^^^^^^^
  File "/home/mohammed/venv/lib/python3.11/site-packages/airflow/models/taskinstance.py", line 274, in _run_raw_task
    TaskInstance._execute_task_with_callbacks(
  File "/home/mohammed/venv/lib/python3.11/site-packages/airflow/models/taskinstance.py", line 3161, in _execute_task_with_callbacks
    result = self._execute_task(context, task_orig)
             ^^^^^^^^^^^^^^^^^^^^^^^^^^^^^^^^^^^^^^
  File "/home/mohammed/venv/lib/python3.11/site-packages/airflow/models/taskinstance.py", line 3185, in _execute_task
    return _execute_task(self, context, task_orig)
           ^^^^^^^^^^^^^^^^^^^^^^^^^^^^^^^^^^^^^^^
  File "/home/mohammed/venv/lib/python3.11/site-packages/airflow/models/taskinstance.py", line 768, in _execute_task
    result = _execute_callable(context=context, **execute_callable_kwargs)
             ^^^^^^^^^^^^^^^^^^^^^^^^^^^^^^^^^^^^^^^^^^^^^^^^^^^^^^^^^^^^^
  File "/home/mohammed/venv/lib/python3.11/site-packages/airflow/models/taskinstance.py", line 734, in _execute_callable
    return ExecutionCallableRunner(
           ^^^^^^^^^^^^^^^^^^^^^^^^
  File "/home/mohammed/venv/lib/python3.11/site-packages/airflow/utils/operator_helpers.py", line 252, in run
    return self.func(*args, **kwargs)
           ^^^^^^^^^^^^^^^^^^^^^^^^^^
  File "/home/mohammed/venv/lib/python3.11/site-packages/airflow/models/baseoperator.py", line 424, in wrapper
    return func(self, *args, **kwargs)
           ^^^^^^^^^^^^^^^^^^^^^^^^^^^
  File "/home/mohammed/venv/lib/python3.11/site-packages/airflow/operators/bash.py", line 276, in execute
    raise AirflowException(
airflow.exceptions.AirflowException: Bash command failed. The command returned a non-zero exit code 2.
[2025-03-17T00:02:22.300+0000] {local_task_job_runner.py:266} INFO - Task exited with return code 1
[2025-03-17T00:02:22.529+0000] {taskinstance.py:3901} INFO - 0 downstream tasks scheduled from follow-on schedule check
[2025-03-17T00:02:22.554+0000] {local_task_job_runner.py:245} INFO - ::endgroup::
