[2025-03-27T00:50:35.086+0000] {local_task_job_runner.py:123} INFO - ::group::Pre task execution logs
[2025-03-27T00:50:35.258+0000] {taskinstance.py:2614} INFO - Dependencies all met for dep_context=non-requeueable deps ti=<TaskInstance: load_dbt_clean_reviews_pipeline.dbt_run_decisionnal scheduled__2025-03-23T00:00:00+00:00 [queued]>
[2025-03-27T00:50:35.281+0000] {taskinstance.py:2614} INFO - Dependencies all met for dep_context=requeueable deps ti=<TaskInstance: load_dbt_clean_reviews_pipeline.dbt_run_decisionnal scheduled__2025-03-23T00:00:00+00:00 [queued]>
[2025-03-27T00:50:35.283+0000] {taskinstance.py:2867} INFO - Starting attempt 1 of 2
[2025-03-27T00:50:35.393+0000] {taskinstance.py:2890} INFO - Executing <Task(BashOperator): dbt_run_decisionnal> on 2025-03-23 00:00:00+00:00
[2025-03-27T00:50:35.413+0000] {standard_task_runner.py:72} INFO - Started process 780 to run task
[2025-03-27T00:50:35.430+0000] {standard_task_runner.py:104} INFO - Running: ['airflow', 'tasks', 'run', 'load_dbt_clean_reviews_pipeline', 'dbt_run_decisionnal', 'scheduled__2025-03-23T00:00:00+00:00', '--job-id', '1978', '--raw', '--subdir', 'DAGS_FOLDER/dag_load_reviews.py', '--cfg-path', '/tmp/tmpdqnwv7ja']
[2025-03-27T00:50:35.437+0000] {standard_task_runner.py:105} INFO - Job 1978: Subtask dbt_run_decisionnal
[2025-03-27T00:50:35.749+0000] {task_command.py:467} INFO - Running <TaskInstance: load_dbt_clean_reviews_pipeline.dbt_run_decisionnal scheduled__2025-03-23T00:00:00+00:00 [running]> on host DESKTOP-IM7V4RI.
[2025-03-27T00:50:36.261+0000] {taskinstance.py:3134} INFO - Exporting env vars: AIRFLOW_CTX_DAG_OWNER='mohammed' AIRFLOW_CTX_DAG_ID='load_dbt_clean_reviews_pipeline' AIRFLOW_CTX_TASK_ID='dbt_run_decisionnal' AIRFLOW_CTX_EXECUTION_DATE='2025-03-23T00:00:00+00:00' AIRFLOW_CTX_TRY_NUMBER='1' AIRFLOW_CTX_DAG_RUN_ID='scheduled__2025-03-23T00:00:00+00:00'
[2025-03-27T00:50:36.268+0000] {logging_mixin.py:190} INFO - Task instance is in running state
[2025-03-27T00:50:36.268+0000] {logging_mixin.py:190} INFO -  Previous state of the Task instance: queued
[2025-03-27T00:50:36.269+0000] {logging_mixin.py:190} INFO - Current task name:dbt_run_decisionnal state:running start_date:2025-03-27 00:50:35.258679+00:00
[2025-03-27T00:50:36.269+0000] {logging_mixin.py:190} INFO - Dag name:load_dbt_clean_reviews_pipeline and current dag run status:running
[2025-03-27T00:50:36.270+0000] {taskinstance.py:732} INFO - ::endgroup::
[2025-03-27T00:50:36.272+0000] {subprocess.py:78} INFO - Tmp dir root location: /tmp
[2025-03-27T00:50:36.274+0000] {subprocess.py:88} INFO - Running command: ['/usr/bin/bash', '-c', 'cd /home/mohammed/.dbt/dbt_projects/bank_reviews_decisionnal && dbt run']
[2025-03-27T00:50:36.328+0000] {subprocess.py:99} INFO - Output:
[2025-03-27T00:50:44.093+0000] {subprocess.py:106} INFO - [0m00:50:44  Running with dbt=1.9.3
[2025-03-27T00:50:46.250+0000] {subprocess.py:106} INFO - [0m00:50:46  Registered adapter: postgres=1.9.0
[2025-03-27T00:50:47.108+0000] {subprocess.py:106} INFO - [0m00:50:47  [[33mWARNING[0m]: Configuration paths exist in your dbt_project.yml file which do not apply to any resources.
[2025-03-27T00:50:47.109+0000] {subprocess.py:106} INFO - There are 1 unused configuration paths:
[2025-03-27T00:50:47.110+0000] {subprocess.py:106} INFO - - models.bank_reviews_decisionnal.decisionnal
[2025-03-27T00:50:47.536+0000] {subprocess.py:106} INFO - [0m00:50:47  Found 5 models, 2 sources, 547 macros
[2025-03-27T00:50:47.543+0000] {subprocess.py:106} INFO - [0m00:50:47
[2025-03-27T00:50:47.544+0000] {subprocess.py:106} INFO - [0m00:50:47  Concurrency: 4 threads (target='dev')
[2025-03-27T00:50:47.550+0000] {subprocess.py:106} INFO - [0m00:50:47
[2025-03-27T00:50:48.073+0000] {subprocess.py:106} INFO - [0m00:50:48  1 of 5 START sql view model decisionnal.dim_bank ............................... [RUN]
[2025-03-27T00:50:48.083+0000] {subprocess.py:106} INFO - [0m00:50:48  2 of 5 START sql view model decisionnal.dim_branch ............................. [RUN]
[2025-03-27T00:50:48.085+0000] {subprocess.py:106} INFO - [0m00:50:48  3 of 5 START sql view model decisionnal.dim_location ........................... [RUN]
[2025-03-27T00:50:48.094+0000] {subprocess.py:106} INFO - [0m00:50:48  4 of 5 START sql view model decisionnal.dim_sentiment .......................... [RUN]
[2025-03-27T00:50:48.964+0000] {subprocess.py:106} INFO - [0m00:50:48  1 of 5 ERROR creating sql view model decisionnal.dim_bank ...................... [[31mERROR[0m in 0.87s]
[2025-03-27T00:50:49.034+0000] {subprocess.py:106} INFO - [0m00:50:49  2 of 5 ERROR creating sql view model decisionnal.dim_branch .................... [[31mERROR[0m in 0.94s]
[2025-03-27T00:50:49.045+0000] {subprocess.py:106} INFO - [0m00:50:49  4 of 5 OK created sql view model decisionnal.dim_sentiment ..................... [[32mCREATE VIEW[0m in 0.91s]
[2025-03-27T00:50:49.053+0000] {subprocess.py:106} INFO - [0m00:50:49  3 of 5 OK created sql view model decisionnal.dim_location ...................... [[32mCREATE VIEW[0m in 0.94s]
[2025-03-27T00:50:49.058+0000] {subprocess.py:106} INFO - [0m00:50:49  5 of 5 SKIP relation decisionnal.fact_reviews .................................. [[33mSKIP[0m]
[2025-03-27T00:50:49.088+0000] {subprocess.py:106} INFO - [0m00:50:49
[2025-03-27T00:50:49.089+0000] {subprocess.py:106} INFO - [0m00:50:49  Finished running 5 view models in 0 hours 0 minutes and 1.54 seconds (1.54s).
[2025-03-27T00:50:49.156+0000] {subprocess.py:106} INFO - [0m00:50:49
[2025-03-27T00:50:49.157+0000] {subprocess.py:106} INFO - [0m00:50:49  [31mCompleted with 2 errors, 0 partial successes, and 0 warnings:[0m
[2025-03-27T00:50:49.158+0000] {subprocess.py:106} INFO - [0m00:50:49
[2025-03-27T00:50:49.158+0000] {subprocess.py:106} INFO - [0m00:50:49    Database Error in model dim_bank (models/dim_bank.sql)
[2025-03-27T00:50:49.159+0000] {subprocess.py:106} INFO -   relation "dim_bank__dbt_backup" already exists
[2025-03-27T00:50:49.159+0000] {subprocess.py:106} INFO -   compiled code at target/run/bank_reviews_decisionnal/models/dim_bank.sql
[2025-03-27T00:50:49.159+0000] {subprocess.py:106} INFO - [0m00:50:49
[2025-03-27T00:50:49.160+0000] {subprocess.py:106} INFO - [0m00:50:49    Database Error in model dim_branch (models/dim_branch.sql)
[2025-03-27T00:50:49.160+0000] {subprocess.py:106} INFO -   relation "dim_branch__dbt_backup" already exists
[2025-03-27T00:50:49.160+0000] {subprocess.py:106} INFO -   compiled code at target/run/bank_reviews_decisionnal/models/dim_branch.sql
[2025-03-27T00:50:49.160+0000] {subprocess.py:106} INFO - [0m00:50:49
[2025-03-27T00:50:49.160+0000] {subprocess.py:106} INFO - [0m00:50:49  Done. PASS=2 WARN=0 ERROR=2 SKIP=1 TOTAL=5
[2025-03-27T00:50:50.801+0000] {subprocess.py:110} INFO - Command exited with return code 1
[2025-03-27T00:50:50.844+0000] {taskinstance.py:3313} ERROR - Task failed with exception
Traceback (most recent call last):
  File "/home/mohammed/venv/lib/python3.11/site-packages/airflow/models/taskinstance.py", line 768, in _execute_task
    result = _execute_callable(context=context, **execute_callable_kwargs)
             ^^^^^^^^^^^^^^^^^^^^^^^^^^^^^^^^^^^^^^^^^^^^^^^^^^^^^^^^^^^^^
  File "/home/mohammed/venv/lib/python3.11/site-packages/airflow/models/taskinstance.py", line 734, in _execute_callable
    return ExecutionCallableRunner(
           ^^^^^^^^^^^^^^^^^^^^^^^^
  File "/home/mohammed/venv/lib/python3.11/site-packages/airflow/utils/operator_helpers.py", line 252, in run
    return self.func(*args, **kwargs)
           ^^^^^^^^^^^^^^^^^^^^^^^^^^
  File "/home/mohammed/venv/lib/python3.11/site-packages/airflow/models/baseoperator.py", line 424, in wrapper
    return func(self, *args, **kwargs)
           ^^^^^^^^^^^^^^^^^^^^^^^^^^^
  File "/home/mohammed/venv/lib/python3.11/site-packages/airflow/operators/bash.py", line 276, in execute
    raise AirflowException(
airflow.exceptions.AirflowException: Bash command failed. The command returned a non-zero exit code 1.
[2025-03-27T00:50:50.871+0000] {logging_mixin.py:190} INFO - Task instance in failure state
[2025-03-27T00:50:50.872+0000] {logging_mixin.py:190} INFO - Task start:2025-03-27 00:50:35.258679+00:00 end:2025-03-27 00:50:50.869921+00:00 duration:15.611242
[2025-03-27T00:50:50.873+0000] {logging_mixin.py:190} INFO - Task:<Task(BashOperator): dbt_run_decisionnal> dag:<DAG: load_dbt_clean_reviews_pipeline> dagrun:<DagRun load_dbt_clean_reviews_pipeline @ 2025-03-23 00:00:00+00:00: scheduled__2025-03-23T00:00:00+00:00, state:running, queued_at: 2025-03-27 00:50:32.434869+00:00. externally triggered: False>
[2025-03-27T00:50:50.873+0000] {logging_mixin.py:190} INFO - Failure caused by Bash command failed. The command returned a non-zero exit code 1.
[2025-03-27T00:50:50.874+0000] {taskinstance.py:1226} INFO - Marking task as UP_FOR_RETRY. dag_id=load_dbt_clean_reviews_pipeline, task_id=dbt_run_decisionnal, run_id=scheduled__2025-03-23T00:00:00+00:00, execution_date=20250323T000000, start_date=20250327T005035, end_date=20250327T005050
[2025-03-27T00:50:50.977+0000] {taskinstance.py:341} INFO - ::group::Post task execution logs
[2025-03-27T00:50:50.978+0000] {standard_task_runner.py:124} ERROR - Failed to execute job 1978 for task dbt_run_decisionnal (Bash command failed. The command returned a non-zero exit code 1.; 780)
Traceback (most recent call last):
  File "/home/mohammed/venv/lib/python3.11/site-packages/airflow/task/task_runner/standard_task_runner.py", line 117, in _start_by_fork
    ret = args.func(args, dag=self.dag)
          ^^^^^^^^^^^^^^^^^^^^^^^^^^^^^
  File "/home/mohammed/venv/lib/python3.11/site-packages/airflow/cli/cli_config.py", line 49, in command
    return func(*args, **kwargs)
           ^^^^^^^^^^^^^^^^^^^^^
  File "/home/mohammed/venv/lib/python3.11/site-packages/airflow/utils/cli.py", line 116, in wrapper
    return f(*args, **kwargs)
           ^^^^^^^^^^^^^^^^^^
  File "/home/mohammed/venv/lib/python3.11/site-packages/airflow/cli/commands/task_command.py", line 483, in task_run
    task_return_code = _run_task_by_selected_method(args, _dag, ti)
                       ^^^^^^^^^^^^^^^^^^^^^^^^^^^^^^^^^^^^^^^^^^^^
  File "/home/mohammed/venv/lib/python3.11/site-packages/airflow/cli/commands/task_command.py", line 256, in _run_task_by_selected_method
    return _run_raw_task(args, ti)
           ^^^^^^^^^^^^^^^^^^^^^^^
  File "/home/mohammed/venv/lib/python3.11/site-packages/airflow/cli/commands/task_command.py", line 341, in _run_raw_task
    return ti._run_raw_task(
           ^^^^^^^^^^^^^^^^^
  File "/home/mohammed/venv/lib/python3.11/site-packages/airflow/utils/session.py", line 97, in wrapper
    return func(*args, session=session, **kwargs)
           ^^^^^^^^^^^^^^^^^^^^^^^^^^^^^^^^^^^^^^
  File "/home/mohammed/venv/lib/python3.11/site-packages/airflow/models/taskinstance.py", line 3006, in _run_raw_task
    return _run_raw_task(
           ^^^^^^^^^^^^^^
  File "/home/mohammed/venv/lib/python3.11/site-packages/airflow/models/taskinstance.py", line 274, in _run_raw_task
    TaskInstance._execute_task_with_callbacks(
  File "/home/mohammed/venv/lib/python3.11/site-packages/airflow/models/taskinstance.py", line 3161, in _execute_task_with_callbacks
    result = self._execute_task(context, task_orig)
             ^^^^^^^^^^^^^^^^^^^^^^^^^^^^^^^^^^^^^^
  File "/home/mohammed/venv/lib/python3.11/site-packages/airflow/models/taskinstance.py", line 3185, in _execute_task
    return _execute_task(self, context, task_orig)
           ^^^^^^^^^^^^^^^^^^^^^^^^^^^^^^^^^^^^^^^
  File "/home/mohammed/venv/lib/python3.11/site-packages/airflow/models/taskinstance.py", line 768, in _execute_task
    result = _execute_callable(context=context, **execute_callable_kwargs)
             ^^^^^^^^^^^^^^^^^^^^^^^^^^^^^^^^^^^^^^^^^^^^^^^^^^^^^^^^^^^^^
  File "/home/mohammed/venv/lib/python3.11/site-packages/airflow/models/taskinstance.py", line 734, in _execute_callable
    return ExecutionCallableRunner(
           ^^^^^^^^^^^^^^^^^^^^^^^^
  File "/home/mohammed/venv/lib/python3.11/site-packages/airflow/utils/operator_helpers.py", line 252, in run
    return self.func(*args, **kwargs)
           ^^^^^^^^^^^^^^^^^^^^^^^^^^
  File "/home/mohammed/venv/lib/python3.11/site-packages/airflow/models/baseoperator.py", line 424, in wrapper
    return func(self, *args, **kwargs)
           ^^^^^^^^^^^^^^^^^^^^^^^^^^^
  File "/home/mohammed/venv/lib/python3.11/site-packages/airflow/operators/bash.py", line 276, in execute
    raise AirflowException(
airflow.exceptions.AirflowException: Bash command failed. The command returned a non-zero exit code 1.
[2025-03-27T00:50:51.005+0000] {local_task_job_runner.py:266} INFO - Task exited with return code 1
[2025-03-27T00:50:51.047+0000] {taskinstance.py:3901} INFO - 0 downstream tasks scheduled from follow-on schedule check
[2025-03-27T00:50:51.055+0000] {local_task_job_runner.py:245} INFO - ::endgroup::
