[2025-03-17T00:41:33.318+0000] {local_task_job_runner.py:123} INFO - ::group::Pre task execution logs
[2025-03-17T00:41:33.386+0000] {taskinstance.py:2614} INFO - Dependencies all met for dep_context=non-requeueable deps ti=<TaskInstance: load_reviews_pipeline.dbt_run scheduled__2024-06-07T00:00:00+00:00 [queued]>
[2025-03-17T00:41:33.456+0000] {taskinstance.py:2614} INFO - Dependencies all met for dep_context=requeueable deps ti=<TaskInstance: load_reviews_pipeline.dbt_run scheduled__2024-06-07T00:00:00+00:00 [queued]>
[2025-03-17T00:41:33.457+0000] {taskinstance.py:2867} INFO - Starting attempt 2 of 2
[2025-03-17T00:41:33.514+0000] {taskinstance.py:2890} INFO - Executing <Task(BashOperator): dbt_run> on 2024-06-07 00:00:00+00:00
[2025-03-17T00:41:33.533+0000] {standard_task_runner.py:72} INFO - Started process 275672 to run task
[2025-03-17T00:41:33.546+0000] {standard_task_runner.py:104} INFO - Running: ['airflow', 'tasks', 'run', 'load_reviews_pipeline', 'dbt_run', 'scheduled__2024-06-07T00:00:00+00:00', '--job-id', '303', '--raw', '--subdir', 'DAGS_FOLDER/dag_load_reviews.py', '--cfg-path', '/tmp/tmp66ntbbmw']
[2025-03-17T00:41:33.548+0000] {standard_task_runner.py:105} INFO - Job 303: Subtask dbt_run
[2025-03-17T00:41:33.724+0000] {task_command.py:467} INFO - Running <TaskInstance: load_reviews_pipeline.dbt_run scheduled__2024-06-07T00:00:00+00:00 [running]> on host DESKTOP-IM7V4RI.
[2025-03-17T00:41:34.060+0000] {taskinstance.py:3134} INFO - Exporting env vars: AIRFLOW_CTX_DAG_OWNER='mohammed' AIRFLOW_CTX_DAG_ID='load_reviews_pipeline' AIRFLOW_CTX_TASK_ID='dbt_run' AIRFLOW_CTX_EXECUTION_DATE='2024-06-07T00:00:00+00:00' AIRFLOW_CTX_TRY_NUMBER='2' AIRFLOW_CTX_DAG_RUN_ID='scheduled__2024-06-07T00:00:00+00:00'
[2025-03-17T00:41:34.063+0000] {logging_mixin.py:190} INFO - Task instance is in running state
[2025-03-17T00:41:34.063+0000] {logging_mixin.py:190} INFO -  Previous state of the Task instance: queued
[2025-03-17T00:41:34.064+0000] {logging_mixin.py:190} INFO - Current task name:dbt_run state:running start_date:2025-03-17 00:41:33.387441+00:00
[2025-03-17T00:41:34.065+0000] {logging_mixin.py:190} INFO - Dag name:load_reviews_pipeline and current dag run status:running
[2025-03-17T00:41:34.065+0000] {taskinstance.py:732} INFO - ::endgroup::
[2025-03-17T00:41:34.067+0000] {subprocess.py:78} INFO - Tmp dir root location: /tmp
[2025-03-17T00:41:34.070+0000] {subprocess.py:88} INFO - Running command: ['/usr/bin/bash', '-c', 'cd /home/mohammed/.dbt/bank_reviews_project && dbt run']
[2025-03-17T00:41:34.103+0000] {subprocess.py:99} INFO - Output:
[2025-03-17T00:41:39.769+0000] {subprocess.py:106} INFO - [0m00:41:39  Running with dbt=1.9.3
[2025-03-17T00:41:40.701+0000] {subprocess.py:106} INFO - [0m00:41:40  Registered adapter: postgres=1.9.0
[2025-03-17T00:41:41.542+0000] {subprocess.py:106} INFO - [0m00:41:41  Found 6 models, 4 data tests, 2 sources, 433 macros
[2025-03-17T00:41:41.549+0000] {subprocess.py:106} INFO - [0m00:41:41
[2025-03-17T00:41:41.550+0000] {subprocess.py:106} INFO - [0m00:41:41  Concurrency: 4 threads (target='dev')
[2025-03-17T00:41:41.551+0000] {subprocess.py:106} INFO - [0m00:41:41
[2025-03-17T00:41:41.844+0000] {subprocess.py:106} INFO - [0m00:41:41  1 of 6 START sql view model public.clean_reviews ............................... [RUN]
[2025-03-17T00:41:41.852+0000] {subprocess.py:106} INFO - [0m00:41:41  2 of 6 START sql table model public.my_first_dbt_model ......................... [RUN]
[2025-03-17T00:41:41.855+0000] {subprocess.py:106} INFO - [0m00:41:41  3 of 6 START sql view model public.remove_duplicates ........................... [RUN]
[2025-03-17T00:41:41.858+0000] {subprocess.py:106} INFO - [0m00:41:41  4 of 6 START sql view model public.stg_clean_reviews ........................... [RUN]
[2025-03-17T00:41:42.564+0000] {subprocess.py:106} INFO - [0m00:41:42  2 of 6 ERROR creating sql table model public.my_first_dbt_model ................ [[31mERROR[0m in 0.56s]
[2025-03-17T00:41:42.590+0000] {subprocess.py:106} INFO - [0m00:41:42  5 of 6 SKIP relation public.my_second_dbt_model ................................ [[33mSKIP[0m]
[2025-03-17T00:41:42.613+0000] {subprocess.py:106} INFO - [0m00:41:42  4 of 6 OK created sql view model public.stg_clean_reviews ...................... [[32mCREATE VIEW[0m in 0.73s]
[2025-03-17T00:41:42.622+0000] {subprocess.py:106} INFO - [0m00:41:42  1 of 6 OK created sql view model public.clean_reviews .......................... [[32mCREATE VIEW[0m in 0.76s]
[2025-03-17T00:41:42.626+0000] {subprocess.py:106} INFO - [0m00:41:42  3 of 6 OK created sql view model public.remove_duplicates ...................... [[32mCREATE VIEW[0m in 0.76s]
[2025-03-17T00:41:42.632+0000] {subprocess.py:106} INFO - [0m00:41:42  6 of 6 START sql view model public.dwh_model ................................... [RUN]
[2025-03-17T00:41:42.721+0000] {subprocess.py:106} INFO - [0m00:41:42  6 of 6 ERROR creating sql view model public.dwh_model .......................... [[31mERROR[0m in 0.08s]
[2025-03-17T00:41:42.769+0000] {subprocess.py:106} INFO - [0m00:41:42
[2025-03-17T00:41:42.771+0000] {subprocess.py:106} INFO - [0m00:41:42  Finished running 1 table model, 5 view models in 0 hours 0 minutes and 1.22 seconds (1.22s).
[2025-03-17T00:41:42.873+0000] {subprocess.py:106} INFO - [0m00:41:42
[2025-03-17T00:41:42.875+0000] {subprocess.py:106} INFO - [0m00:41:42  [31mCompleted with 2 errors, 0 partial successes, and 0 warnings:[0m
[2025-03-17T00:41:42.877+0000] {subprocess.py:106} INFO - [0m00:41:42
[2025-03-17T00:41:42.880+0000] {subprocess.py:106} INFO - [0m00:41:42    Database Error in model my_first_dbt_model (models/example/my_first_dbt_model.sql)
[2025-03-17T00:41:42.881+0000] {subprocess.py:106} INFO -   relation "my_first_dbt_model__dbt_backup" already exists
[2025-03-17T00:41:42.882+0000] {subprocess.py:106} INFO -   compiled code at target/run/bank_reviews_project/models/example/my_first_dbt_model.sql
[2025-03-17T00:41:42.882+0000] {subprocess.py:106} INFO - [0m00:41:42
[2025-03-17T00:41:42.883+0000] {subprocess.py:106} INFO - [0m00:41:42    Database Error in model dwh_model (models/dwh_model.sql)
[2025-03-17T00:41:42.884+0000] {subprocess.py:106} INFO -   relation "dwh_model" already exists
[2025-03-17T00:41:42.885+0000] {subprocess.py:106} INFO -   compiled code at target/run/bank_reviews_project/models/dwh_model.sql
[2025-03-17T00:41:42.885+0000] {subprocess.py:106} INFO - [0m00:41:42
[2025-03-17T00:41:42.887+0000] {subprocess.py:106} INFO - [0m00:41:42  Done. PASS=3 WARN=0 ERROR=2 SKIP=1 TOTAL=6
[2025-03-17T00:41:44.864+0000] {subprocess.py:110} INFO - Command exited with return code 1
[2025-03-17T00:41:44.933+0000] {taskinstance.py:3313} ERROR - Task failed with exception
Traceback (most recent call last):
  File "/home/mohammed/venv/lib/python3.11/site-packages/airflow/models/taskinstance.py", line 768, in _execute_task
    result = _execute_callable(context=context, **execute_callable_kwargs)
             ^^^^^^^^^^^^^^^^^^^^^^^^^^^^^^^^^^^^^^^^^^^^^^^^^^^^^^^^^^^^^
  File "/home/mohammed/venv/lib/python3.11/site-packages/airflow/models/taskinstance.py", line 734, in _execute_callable
    return ExecutionCallableRunner(
           ^^^^^^^^^^^^^^^^^^^^^^^^
  File "/home/mohammed/venv/lib/python3.11/site-packages/airflow/utils/operator_helpers.py", line 252, in run
    return self.func(*args, **kwargs)
           ^^^^^^^^^^^^^^^^^^^^^^^^^^
  File "/home/mohammed/venv/lib/python3.11/site-packages/airflow/models/baseoperator.py", line 424, in wrapper
    return func(self, *args, **kwargs)
           ^^^^^^^^^^^^^^^^^^^^^^^^^^^
  File "/home/mohammed/venv/lib/python3.11/site-packages/airflow/operators/bash.py", line 276, in execute
    raise AirflowException(
airflow.exceptions.AirflowException: Bash command failed. The command returned a non-zero exit code 1.
[2025-03-17T00:41:44.947+0000] {logging_mixin.py:190} INFO - Task instance in failure state
[2025-03-17T00:41:44.948+0000] {logging_mixin.py:190} INFO - Task start:2025-03-17 00:41:33.387441+00:00 end:2025-03-17 00:41:44.944455+00:00 duration:11.557014
[2025-03-17T00:41:44.949+0000] {logging_mixin.py:190} INFO - Task:<Task(BashOperator): dbt_run> dag:<DAG: load_reviews_pipeline> dagrun:<DagRun load_reviews_pipeline @ 2024-06-07 00:00:00+00:00: scheduled__2024-06-07T00:00:00+00:00, state:running, queued_at: 2025-03-17 00:36:03.265906+00:00. externally triggered: False>
[2025-03-17T00:41:44.949+0000] {logging_mixin.py:190} INFO - Failure caused by Bash command failed. The command returned a non-zero exit code 1.
[2025-03-17T00:41:44.950+0000] {taskinstance.py:1226} INFO - Marking task as FAILED. dag_id=load_reviews_pipeline, task_id=dbt_run, run_id=scheduled__2024-06-07T00:00:00+00:00, execution_date=20240607T000000, start_date=20250317T004133, end_date=20250317T004144
[2025-03-17T00:41:45.088+0000] {taskinstance.py:341} INFO - ::group::Post task execution logs
[2025-03-17T00:41:45.093+0000] {standard_task_runner.py:124} ERROR - Failed to execute job 303 for task dbt_run (Bash command failed. The command returned a non-zero exit code 1.; 275672)
Traceback (most recent call last):
  File "/home/mohammed/venv/lib/python3.11/site-packages/airflow/task/task_runner/standard_task_runner.py", line 117, in _start_by_fork
    ret = args.func(args, dag=self.dag)
          ^^^^^^^^^^^^^^^^^^^^^^^^^^^^^
  File "/home/mohammed/venv/lib/python3.11/site-packages/airflow/cli/cli_config.py", line 49, in command
    return func(*args, **kwargs)
           ^^^^^^^^^^^^^^^^^^^^^
  File "/home/mohammed/venv/lib/python3.11/site-packages/airflow/utils/cli.py", line 116, in wrapper
    return f(*args, **kwargs)
           ^^^^^^^^^^^^^^^^^^
  File "/home/mohammed/venv/lib/python3.11/site-packages/airflow/cli/commands/task_command.py", line 483, in task_run
    task_return_code = _run_task_by_selected_method(args, _dag, ti)
                       ^^^^^^^^^^^^^^^^^^^^^^^^^^^^^^^^^^^^^^^^^^^^
  File "/home/mohammed/venv/lib/python3.11/site-packages/airflow/cli/commands/task_command.py", line 256, in _run_task_by_selected_method
    return _run_raw_task(args, ti)
           ^^^^^^^^^^^^^^^^^^^^^^^
  File "/home/mohammed/venv/lib/python3.11/site-packages/airflow/cli/commands/task_command.py", line 341, in _run_raw_task
    return ti._run_raw_task(
           ^^^^^^^^^^^^^^^^^
  File "/home/mohammed/venv/lib/python3.11/site-packages/airflow/utils/session.py", line 97, in wrapper
    return func(*args, session=session, **kwargs)
           ^^^^^^^^^^^^^^^^^^^^^^^^^^^^^^^^^^^^^^
  File "/home/mohammed/venv/lib/python3.11/site-packages/airflow/models/taskinstance.py", line 3006, in _run_raw_task
    return _run_raw_task(
           ^^^^^^^^^^^^^^
  File "/home/mohammed/venv/lib/python3.11/site-packages/airflow/models/taskinstance.py", line 274, in _run_raw_task
    TaskInstance._execute_task_with_callbacks(
  File "/home/mohammed/venv/lib/python3.11/site-packages/airflow/models/taskinstance.py", line 3161, in _execute_task_with_callbacks
    result = self._execute_task(context, task_orig)
             ^^^^^^^^^^^^^^^^^^^^^^^^^^^^^^^^^^^^^^
  File "/home/mohammed/venv/lib/python3.11/site-packages/airflow/models/taskinstance.py", line 3185, in _execute_task
    return _execute_task(self, context, task_orig)
           ^^^^^^^^^^^^^^^^^^^^^^^^^^^^^^^^^^^^^^^
  File "/home/mohammed/venv/lib/python3.11/site-packages/airflow/models/taskinstance.py", line 768, in _execute_task
    result = _execute_callable(context=context, **execute_callable_kwargs)
             ^^^^^^^^^^^^^^^^^^^^^^^^^^^^^^^^^^^^^^^^^^^^^^^^^^^^^^^^^^^^^
  File "/home/mohammed/venv/lib/python3.11/site-packages/airflow/models/taskinstance.py", line 734, in _execute_callable
    return ExecutionCallableRunner(
           ^^^^^^^^^^^^^^^^^^^^^^^^
  File "/home/mohammed/venv/lib/python3.11/site-packages/airflow/utils/operator_helpers.py", line 252, in run
    return self.func(*args, **kwargs)
           ^^^^^^^^^^^^^^^^^^^^^^^^^^
  File "/home/mohammed/venv/lib/python3.11/site-packages/airflow/models/baseoperator.py", line 424, in wrapper
    return func(self, *args, **kwargs)
           ^^^^^^^^^^^^^^^^^^^^^^^^^^^
  File "/home/mohammed/venv/lib/python3.11/site-packages/airflow/operators/bash.py", line 276, in execute
    raise AirflowException(
airflow.exceptions.AirflowException: Bash command failed. The command returned a non-zero exit code 1.
[2025-03-17T00:41:45.146+0000] {local_task_job_runner.py:266} INFO - Task exited with return code 1
[2025-03-17T00:41:45.250+0000] {local_task_job_runner.py:245} INFO - ::endgroup::
