[2025-03-17T00:36:08.950+0000] {local_task_job_runner.py:123} INFO - ::group::Pre task execution logs
[2025-03-17T00:36:09.108+0000] {taskinstance.py:2614} INFO - Dependencies all met for dep_context=non-requeueable deps ti=<TaskInstance: load_reviews_pipeline.dbt_run scheduled__2024-06-07T00:00:00+00:00 [queued]>
[2025-03-17T00:36:09.143+0000] {taskinstance.py:2614} INFO - Dependencies all met for dep_context=requeueable deps ti=<TaskInstance: load_reviews_pipeline.dbt_run scheduled__2024-06-07T00:00:00+00:00 [queued]>
[2025-03-17T00:36:09.145+0000] {taskinstance.py:2867} INFO - Starting attempt 1 of 2
[2025-03-17T00:36:09.214+0000] {taskinstance.py:2890} INFO - Executing <Task(BashOperator): dbt_run> on 2024-06-07 00:00:00+00:00
[2025-03-17T00:36:09.237+0000] {standard_task_runner.py:72} INFO - Started process 269249 to run task
[2025-03-17T00:36:09.259+0000] {standard_task_runner.py:104} INFO - Running: ['airflow', 'tasks', 'run', 'load_reviews_pipeline', 'dbt_run', 'scheduled__2024-06-07T00:00:00+00:00', '--job-id', '270', '--raw', '--subdir', 'DAGS_FOLDER/dag_load_reviews.py', '--cfg-path', '/tmp/tmp_3dyzzer']
[2025-03-17T00:36:09.265+0000] {standard_task_runner.py:105} INFO - Job 270: Subtask dbt_run
[2025-03-17T00:36:09.857+0000] {task_command.py:467} INFO - Running <TaskInstance: load_reviews_pipeline.dbt_run scheduled__2024-06-07T00:00:00+00:00 [running]> on host DESKTOP-IM7V4RI.
[2025-03-17T00:36:10.765+0000] {taskinstance.py:3134} INFO - Exporting env vars: AIRFLOW_CTX_DAG_OWNER='mohammed' AIRFLOW_CTX_DAG_ID='load_reviews_pipeline' AIRFLOW_CTX_TASK_ID='dbt_run' AIRFLOW_CTX_EXECUTION_DATE='2024-06-07T00:00:00+00:00' AIRFLOW_CTX_TRY_NUMBER='1' AIRFLOW_CTX_DAG_RUN_ID='scheduled__2024-06-07T00:00:00+00:00'
[2025-03-17T00:36:10.781+0000] {logging_mixin.py:190} INFO - Task instance is in running state
[2025-03-17T00:36:10.782+0000] {logging_mixin.py:190} INFO -  Previous state of the Task instance: queued
[2025-03-17T00:36:10.783+0000] {logging_mixin.py:190} INFO - Current task name:dbt_run state:running start_date:2025-03-17 00:36:09.110739+00:00
[2025-03-17T00:36:10.785+0000] {logging_mixin.py:190} INFO - Dag name:load_reviews_pipeline and current dag run status:running
[2025-03-17T00:36:10.785+0000] {taskinstance.py:732} INFO - ::endgroup::
[2025-03-17T00:36:10.789+0000] {subprocess.py:78} INFO - Tmp dir root location: /tmp
[2025-03-17T00:36:10.804+0000] {subprocess.py:88} INFO - Running command: ['/usr/bin/bash', '-c', 'cd /home/mohammed/.dbt/bank_reviews_project && dbt run']
[2025-03-17T00:36:10.878+0000] {subprocess.py:99} INFO - Output:
[2025-03-17T00:36:20.292+0000] {subprocess.py:106} INFO - [0m00:36:20  Running with dbt=1.9.3
[2025-03-17T00:36:21.669+0000] {subprocess.py:106} INFO - [0m00:36:21  Registered adapter: postgres=1.9.0
[2025-03-17T00:36:23.228+0000] {subprocess.py:106} INFO - [0m00:36:23  Found 6 models, 4 data tests, 2 sources, 433 macros
[2025-03-17T00:36:23.236+0000] {subprocess.py:106} INFO - [0m00:36:23
[2025-03-17T00:36:23.238+0000] {subprocess.py:106} INFO - [0m00:36:23  Concurrency: 4 threads (target='dev')
[2025-03-17T00:36:23.239+0000] {subprocess.py:106} INFO - [0m00:36:23
[2025-03-17T00:36:23.769+0000] {subprocess.py:106} INFO - [0m00:36:23  1 of 6 START sql view model public.clean_reviews ............................... [RUN]
[2025-03-17T00:36:23.777+0000] {subprocess.py:106} INFO - [0m00:36:23  2 of 6 START sql table model public.my_first_dbt_model ......................... [RUN]
[2025-03-17T00:36:23.781+0000] {subprocess.py:106} INFO - [0m00:36:23  3 of 6 START sql view model public.remove_duplicates ........................... [RUN]
[2025-03-17T00:36:23.786+0000] {subprocess.py:106} INFO - [0m00:36:23  4 of 6 START sql view model public.stg_clean_reviews ........................... [RUN]
[2025-03-17T00:36:24.864+0000] {subprocess.py:106} INFO - [0m00:36:24  4 of 6 OK created sql view model public.stg_clean_reviews ...................... [[32mCREATE VIEW[0m in 1.06s]
[2025-03-17T00:36:24.876+0000] {subprocess.py:106} INFO - [0m00:36:24  5 of 6 START sql view model public.dwh_model ................................... [RUN]
[2025-03-17T00:36:25.272+0000] {subprocess.py:106} INFO - [0m00:36:25  2 of 6 ERROR creating sql table model public.my_first_dbt_model ................ [[31mERROR[0m in 1.48s]
[2025-03-17T00:36:25.561+0000] {subprocess.py:106} INFO - [0m00:36:25  1 of 6 ERROR creating sql view model public.clean_reviews ...................... [[31mERROR[0m in 1.75s]
[2025-03-17T00:36:25.575+0000] {subprocess.py:106} INFO - [0m00:36:25  6 of 6 SKIP relation public.my_second_dbt_model ................................ [[33mSKIP[0m]
[2025-03-17T00:36:25.651+0000] {subprocess.py:106} INFO - [0m00:36:25  3 of 6 ERROR creating sql view model public.remove_duplicates .................. [[31mERROR[0m in 1.86s]
[2025-03-17T00:36:25.687+0000] {subprocess.py:106} INFO - [0m00:36:25  5 of 6 OK created sql view model public.dwh_model .............................. [[32mCREATE VIEW[0m in 0.79s]
[2025-03-17T00:36:25.859+0000] {subprocess.py:106} INFO - [0m00:36:25
[2025-03-17T00:36:25.861+0000] {subprocess.py:106} INFO - [0m00:36:25  Finished running 1 table model, 5 view models in 0 hours 0 minutes and 2.61 seconds (2.61s).
[2025-03-17T00:36:26.038+0000] {subprocess.py:106} INFO - [0m00:36:26
[2025-03-17T00:36:26.040+0000] {subprocess.py:106} INFO - [0m00:36:26  [31mCompleted with 3 errors, 0 partial successes, and 0 warnings:[0m
[2025-03-17T00:36:26.041+0000] {subprocess.py:106} INFO - [0m00:36:26
[2025-03-17T00:36:26.044+0000] {subprocess.py:106} INFO - [0m00:36:26    Database Error in model my_first_dbt_model (models/example/my_first_dbt_model.sql)
[2025-03-17T00:36:26.044+0000] {subprocess.py:106} INFO -   relation "my_first_dbt_model__dbt_backup" already exists
[2025-03-17T00:36:26.045+0000] {subprocess.py:106} INFO -   compiled code at target/run/bank_reviews_project/models/example/my_first_dbt_model.sql
[2025-03-17T00:36:26.045+0000] {subprocess.py:106} INFO - [0m00:36:26
[2025-03-17T00:36:26.049+0000] {subprocess.py:106} INFO - [0m00:36:26    Database Error in model clean_reviews (models/clean_reviews.sql)
[2025-03-17T00:36:26.050+0000] {subprocess.py:106} INFO -   relation "clean_reviews__dbt_backup" already exists
[2025-03-17T00:36:26.051+0000] {subprocess.py:106} INFO -   compiled code at target/run/bank_reviews_project/models/clean_reviews.sql
[2025-03-17T00:36:26.052+0000] {subprocess.py:106} INFO - [0m00:36:26
[2025-03-17T00:36:26.057+0000] {subprocess.py:106} INFO - [0m00:36:26    Database Error in model remove_duplicates (models/remove_duplicates.sql)
[2025-03-17T00:36:26.058+0000] {subprocess.py:106} INFO -   relation "remove_duplicates__dbt_backup" already exists
[2025-03-17T00:36:26.059+0000] {subprocess.py:106} INFO -   compiled code at target/run/bank_reviews_project/models/remove_duplicates.sql
[2025-03-17T00:36:26.059+0000] {subprocess.py:106} INFO - [0m00:36:26
[2025-03-17T00:36:26.062+0000] {subprocess.py:106} INFO - [0m00:36:26  Done. PASS=2 WARN=0 ERROR=3 SKIP=1 TOTAL=6
[2025-03-17T00:36:29.317+0000] {subprocess.py:110} INFO - Command exited with return code 1
[2025-03-17T00:36:29.429+0000] {taskinstance.py:3313} ERROR - Task failed with exception
Traceback (most recent call last):
  File "/home/mohammed/venv/lib/python3.11/site-packages/airflow/models/taskinstance.py", line 768, in _execute_task
    result = _execute_callable(context=context, **execute_callable_kwargs)
             ^^^^^^^^^^^^^^^^^^^^^^^^^^^^^^^^^^^^^^^^^^^^^^^^^^^^^^^^^^^^^
  File "/home/mohammed/venv/lib/python3.11/site-packages/airflow/models/taskinstance.py", line 734, in _execute_callable
    return ExecutionCallableRunner(
           ^^^^^^^^^^^^^^^^^^^^^^^^
  File "/home/mohammed/venv/lib/python3.11/site-packages/airflow/utils/operator_helpers.py", line 252, in run
    return self.func(*args, **kwargs)
           ^^^^^^^^^^^^^^^^^^^^^^^^^^
  File "/home/mohammed/venv/lib/python3.11/site-packages/airflow/models/baseoperator.py", line 424, in wrapper
    return func(self, *args, **kwargs)
           ^^^^^^^^^^^^^^^^^^^^^^^^^^^
  File "/home/mohammed/venv/lib/python3.11/site-packages/airflow/operators/bash.py", line 276, in execute
    raise AirflowException(
airflow.exceptions.AirflowException: Bash command failed. The command returned a non-zero exit code 1.
[2025-03-17T00:36:29.472+0000] {logging_mixin.py:190} INFO - Task instance in failure state
[2025-03-17T00:36:29.473+0000] {logging_mixin.py:190} INFO - Task start:2025-03-17 00:36:09.110739+00:00 end:2025-03-17 00:36:29.466304+00:00 duration:20.355565
[2025-03-17T00:36:29.474+0000] {logging_mixin.py:190} INFO - Task:<Task(BashOperator): dbt_run> dag:<DAG: load_reviews_pipeline> dagrun:<DagRun load_reviews_pipeline @ 2024-06-07 00:00:00+00:00: scheduled__2024-06-07T00:00:00+00:00, state:running, queued_at: 2025-03-17 00:36:03.265906+00:00. externally triggered: False>
[2025-03-17T00:36:29.474+0000] {logging_mixin.py:190} INFO - Failure caused by Bash command failed. The command returned a non-zero exit code 1.
[2025-03-17T00:36:29.475+0000] {taskinstance.py:1226} INFO - Marking task as UP_FOR_RETRY. dag_id=load_reviews_pipeline, task_id=dbt_run, run_id=scheduled__2024-06-07T00:00:00+00:00, execution_date=20240607T000000, start_date=20250317T003609, end_date=20250317T003629
[2025-03-17T00:36:29.734+0000] {taskinstance.py:341} INFO - ::group::Post task execution logs
[2025-03-17T00:36:29.736+0000] {standard_task_runner.py:124} ERROR - Failed to execute job 270 for task dbt_run (Bash command failed. The command returned a non-zero exit code 1.; 269249)
Traceback (most recent call last):
  File "/home/mohammed/venv/lib/python3.11/site-packages/airflow/task/task_runner/standard_task_runner.py", line 117, in _start_by_fork
    ret = args.func(args, dag=self.dag)
          ^^^^^^^^^^^^^^^^^^^^^^^^^^^^^
  File "/home/mohammed/venv/lib/python3.11/site-packages/airflow/cli/cli_config.py", line 49, in command
    return func(*args, **kwargs)
           ^^^^^^^^^^^^^^^^^^^^^
  File "/home/mohammed/venv/lib/python3.11/site-packages/airflow/utils/cli.py", line 116, in wrapper
    return f(*args, **kwargs)
           ^^^^^^^^^^^^^^^^^^
  File "/home/mohammed/venv/lib/python3.11/site-packages/airflow/cli/commands/task_command.py", line 483, in task_run
    task_return_code = _run_task_by_selected_method(args, _dag, ti)
                       ^^^^^^^^^^^^^^^^^^^^^^^^^^^^^^^^^^^^^^^^^^^^
  File "/home/mohammed/venv/lib/python3.11/site-packages/airflow/cli/commands/task_command.py", line 256, in _run_task_by_selected_method
    return _run_raw_task(args, ti)
           ^^^^^^^^^^^^^^^^^^^^^^^
  File "/home/mohammed/venv/lib/python3.11/site-packages/airflow/cli/commands/task_command.py", line 341, in _run_raw_task
    return ti._run_raw_task(
           ^^^^^^^^^^^^^^^^^
  File "/home/mohammed/venv/lib/python3.11/site-packages/airflow/utils/session.py", line 97, in wrapper
    return func(*args, session=session, **kwargs)
           ^^^^^^^^^^^^^^^^^^^^^^^^^^^^^^^^^^^^^^
  File "/home/mohammed/venv/lib/python3.11/site-packages/airflow/models/taskinstance.py", line 3006, in _run_raw_task
    return _run_raw_task(
           ^^^^^^^^^^^^^^
  File "/home/mohammed/venv/lib/python3.11/site-packages/airflow/models/taskinstance.py", line 274, in _run_raw_task
    TaskInstance._execute_task_with_callbacks(
  File "/home/mohammed/venv/lib/python3.11/site-packages/airflow/models/taskinstance.py", line 3161, in _execute_task_with_callbacks
    result = self._execute_task(context, task_orig)
             ^^^^^^^^^^^^^^^^^^^^^^^^^^^^^^^^^^^^^^
  File "/home/mohammed/venv/lib/python3.11/site-packages/airflow/models/taskinstance.py", line 3185, in _execute_task
    return _execute_task(self, context, task_orig)
           ^^^^^^^^^^^^^^^^^^^^^^^^^^^^^^^^^^^^^^^
  File "/home/mohammed/venv/lib/python3.11/site-packages/airflow/models/taskinstance.py", line 768, in _execute_task
    result = _execute_callable(context=context, **execute_callable_kwargs)
             ^^^^^^^^^^^^^^^^^^^^^^^^^^^^^^^^^^^^^^^^^^^^^^^^^^^^^^^^^^^^^
  File "/home/mohammed/venv/lib/python3.11/site-packages/airflow/models/taskinstance.py", line 734, in _execute_callable
    return ExecutionCallableRunner(
           ^^^^^^^^^^^^^^^^^^^^^^^^
  File "/home/mohammed/venv/lib/python3.11/site-packages/airflow/utils/operator_helpers.py", line 252, in run
    return self.func(*args, **kwargs)
           ^^^^^^^^^^^^^^^^^^^^^^^^^^
  File "/home/mohammed/venv/lib/python3.11/site-packages/airflow/models/baseoperator.py", line 424, in wrapper
    return func(self, *args, **kwargs)
           ^^^^^^^^^^^^^^^^^^^^^^^^^^^
  File "/home/mohammed/venv/lib/python3.11/site-packages/airflow/operators/bash.py", line 276, in execute
    raise AirflowException(
airflow.exceptions.AirflowException: Bash command failed. The command returned a non-zero exit code 1.
[2025-03-17T00:36:30.115+0000] {local_task_job_runner.py:266} INFO - Task exited with return code 1
[2025-03-17T00:36:30.201+0000] {local_task_job_runner.py:245} INFO - ::endgroup::
