[2025-03-28T22:40:19.310+0000] {local_task_job_runner.py:123} INFO - ::group::Pre task execution logs
[2025-03-28T22:40:20.619+0000] {taskinstance.py:2614} INFO - Dependencies all met for dep_context=non-requeueable deps ti=<TaskInstance: bank_reviews_etl_and_analysis_pipeline.dbt_run_decisionnal scheduled__2024-04-21T00:00:00+00:00 [queued]>
[2025-03-28T22:40:20.763+0000] {taskinstance.py:2614} INFO - Dependencies all met for dep_context=requeueable deps ti=<TaskInstance: bank_reviews_etl_and_analysis_pipeline.dbt_run_decisionnal scheduled__2024-04-21T00:00:00+00:00 [queued]>
[2025-03-28T22:40:20.763+0000] {taskinstance.py:2867} INFO - Starting attempt 1 of 2
[2025-03-28T22:40:21.167+0000] {taskinstance.py:2890} INFO - Executing <Task(BashOperator): dbt_run_decisionnal> on 2024-04-21 00:00:00+00:00
[2025-03-28T22:40:22.382+0000] {standard_task_runner.py:72} INFO - Started process 573567 to run task
[2025-03-28T22:40:27.567+0000] {standard_task_runner.py:104} INFO - Running: ['airflow', 'tasks', 'run', 'bank_reviews_etl_and_analysis_pipeline', 'dbt_run_decisionnal', 'scheduled__2024-04-21T00:00:00+00:00', '--job-id', '2395', '--raw', '--subdir', 'DAGS_FOLDER/dag_load_reviews.py', '--cfg-path', '/tmp/tmpob6rj3gm']
[2025-03-28T22:40:28.226+0000] {standard_task_runner.py:105} INFO - Job 2395: Subtask dbt_run_decisionnal
[2025-03-28T22:40:45.864+0000] {job.py:229} INFO - Heartbeat recovered after 29.95 seconds
[2025-03-28T22:40:52.256+0000] {task_command.py:467} INFO - Running <TaskInstance: bank_reviews_etl_and_analysis_pipeline.dbt_run_decisionnal scheduled__2024-04-21T00:00:00+00:00 [running]> on host DESKTOP-IM7V4RI.
[2025-03-28T22:40:57.314+0000] {job.py:229} INFO - Heartbeat recovered after 14.64 seconds
[2025-03-28T22:41:05.282+0000] {taskinstance.py:3134} INFO - Exporting env vars: AIRFLOW_CTX_DAG_OWNER='mohammed' AIRFLOW_CTX_DAG_ID='bank_reviews_etl_and_analysis_pipeline' AIRFLOW_CTX_TASK_ID='dbt_run_decisionnal' AIRFLOW_CTX_EXECUTION_DATE='2024-04-21T00:00:00+00:00' AIRFLOW_CTX_TRY_NUMBER='1' AIRFLOW_CTX_DAG_RUN_ID='scheduled__2024-04-21T00:00:00+00:00'
[2025-03-28T22:41:05.707+0000] {logging_mixin.py:190} INFO - Task instance is in running state
[2025-03-28T22:41:05.708+0000] {logging_mixin.py:190} INFO -  Previous state of the Task instance: queued
[2025-03-28T22:41:05.710+0000] {logging_mixin.py:190} INFO - Current task name:dbt_run_decisionnal state:running start_date:2025-03-28 22:40:20.634138+00:00
[2025-03-28T22:41:05.710+0000] {logging_mixin.py:190} INFO - Dag name:bank_reviews_etl_and_analysis_pipeline and current dag run status:running
[2025-03-28T22:41:05.719+0000] {taskinstance.py:732} INFO - ::endgroup::
[2025-03-28T22:41:05.845+0000] {subprocess.py:78} INFO - Tmp dir root location: /tmp
[2025-03-28T22:41:05.971+0000] {subprocess.py:88} INFO - Running command: ['/usr/bin/bash', '-c', 'cd /home/mohammed/.dbt/dbt_projects/bank_reviews_decisionnal && dbt run']
[2025-03-28T22:41:06.898+0000] {subprocess.py:99} INFO - Output:
[2025-03-28T22:41:16.695+0000] {job.py:229} INFO - Heartbeat recovered after 10.65 seconds
[2025-03-28T22:41:24.605+0000] {job.py:229} INFO - Heartbeat recovered after 10.52 seconds
[2025-03-28T22:42:06.820+0000] {job.py:229} INFO - Heartbeat recovered after 11.31 seconds
[2025-03-28T22:42:19.930+0000] {job.py:229} INFO - Heartbeat recovered after 13.19 seconds
[2025-03-28T22:42:40.521+0000] {subprocess.py:106} INFO - [0m22:42:40  Running with dbt=1.9.3
[2025-03-28T22:42:47.885+0000] {subprocess.py:106} INFO - [0m22:42:47  Registered adapter: postgres=1.9.0
[2025-03-28T22:42:51.691+0000] {subprocess.py:106} INFO - [0m22:42:51  [[33mWARNING[0m]: Configuration paths exist in your dbt_project.yml file which do not apply to any resources.
[2025-03-28T22:42:51.712+0000] {subprocess.py:106} INFO - There are 1 unused configuration paths:
[2025-03-28T22:42:51.733+0000] {subprocess.py:106} INFO - - models.bank_reviews_decisionnal.decisionnal
[2025-03-28T22:42:54.932+0000] {subprocess.py:106} INFO - [0m22:42:54  Found 5 models, 2 sources, 547 macros
[2025-03-28T22:42:54.962+0000] {subprocess.py:106} INFO - [0m22:42:54
[2025-03-28T22:42:54.964+0000] {subprocess.py:106} INFO - [0m22:42:54  Concurrency: 4 threads (target='dev')
[2025-03-28T22:42:54.966+0000] {subprocess.py:106} INFO - [0m22:42:54
[2025-03-28T22:43:08.201+0000] {subprocess.py:106} INFO - [0m22:43:08  1 of 5 START sql view model decisionnal.dim_bank ............................... [RUN]
[2025-03-28T22:43:08.269+0000] {subprocess.py:106} INFO - [0m22:43:08  3 of 5 START sql view model decisionnal.dim_location ........................... [RUN]
[2025-03-28T22:43:08.294+0000] {subprocess.py:106} INFO - [0m22:43:08  2 of 5 START sql view model decisionnal.dim_branch ............................. [RUN]
[2025-03-28T22:43:08.312+0000] {subprocess.py:106} INFO - [0m22:43:08  4 of 5 START sql view model decisionnal.dim_sentiment .......................... [RUN]
[2025-03-28T22:43:08.456+0000] {job.py:229} INFO - Heartbeat recovered after 14.39 seconds
[2025-03-28T22:43:39.316+0000] {subprocess.py:106} INFO - [0m22:43:39  3 of 5 ERROR creating sql view model decisionnal.dim_location .................. [[31mERROR[0m in 30.80s]
[2025-03-28T22:43:39.782+0000] {subprocess.py:106} INFO - [0m22:43:39  4 of 5 ERROR creating sql view model decisionnal.dim_sentiment ................. [[31mERROR[0m in 30.17s]
[2025-03-28T22:43:45.589+0000] {job.py:229} INFO - Heartbeat recovered after 37.18 seconds
[2025-03-28T22:43:48.029+0000] {subprocess.py:106} INFO - [0m22:43:48  2 of 5 ERROR creating sql view model decisionnal.dim_branch .................... [[31mERROR[0m in 39.78s]
[2025-03-28T22:43:48.077+0000] {subprocess.py:106} INFO - [0m22:43:48  1 of 5 ERROR creating sql view model decisionnal.dim_bank ...................... [[31mERROR[0m in 39.85s]
[2025-03-28T22:43:48.096+0000] {subprocess.py:106} INFO - [0m22:43:48  5 of 5 SKIP relation decisionnal.fact_reviews .................................. [[33mSKIP[0m]
[2025-03-28T22:43:48.222+0000] {subprocess.py:106} INFO - [0m22:43:48
[2025-03-28T22:43:48.232+0000] {subprocess.py:106} INFO - [0m22:43:48  Finished running 5 view models in 0 hours 0 minutes and 53.25 seconds (53.25s).
[2025-03-28T22:43:49.256+0000] {subprocess.py:106} INFO - [0m22:43:49
[2025-03-28T22:43:49.267+0000] {subprocess.py:106} INFO - [0m22:43:49  [31mCompleted with 4 errors, 0 partial successes, and 0 warnings:[0m
[2025-03-28T22:43:49.269+0000] {subprocess.py:106} INFO - [0m22:43:49
[2025-03-28T22:43:49.277+0000] {subprocess.py:106} INFO - [0m22:43:49    Database Error in model dim_sentiment (models/dim_sentiment.sql)
[2025-03-28T22:43:49.278+0000] {subprocess.py:106} INFO -   connection to server at "localhost" (127.0.0.1), port 5432 failed: timeout expired
[2025-03-28T22:43:49.279+0000] {subprocess.py:106} INFO - 
[2025-03-28T22:43:49.279+0000] {subprocess.py:106} INFO -   compiled code at target/run/bank_reviews_decisionnal/models/dim_sentiment.sql
[2025-03-28T22:43:49.280+0000] {subprocess.py:106} INFO - [0m22:43:49
[2025-03-28T22:43:49.283+0000] {subprocess.py:106} INFO - [0m22:43:49    Database Error in model dim_location (models/dim_location.sql)
[2025-03-28T22:43:49.285+0000] {subprocess.py:106} INFO -   connection to server at "localhost" (127.0.0.1), port 5432 failed: timeout expired
[2025-03-28T22:43:49.286+0000] {subprocess.py:106} INFO - 
[2025-03-28T22:43:49.287+0000] {subprocess.py:106} INFO -   compiled code at target/run/bank_reviews_decisionnal/models/dim_location.sql
[2025-03-28T22:43:49.287+0000] {subprocess.py:106} INFO - [0m22:43:49
[2025-03-28T22:43:49.308+0000] {subprocess.py:106} INFO - [0m22:43:49    Database Error in model dim_branch (models/dim_branch.sql)
[2025-03-28T22:43:49.309+0000] {subprocess.py:106} INFO -   relation "dim_branch" already exists
[2025-03-28T22:43:49.309+0000] {subprocess.py:106} INFO -   compiled code at target/run/bank_reviews_decisionnal/models/dim_branch.sql
[2025-03-28T22:43:49.310+0000] {subprocess.py:106} INFO - [0m22:43:49
[2025-03-28T22:43:49.311+0000] {subprocess.py:106} INFO - [0m22:43:49    Database Error in model dim_bank (models/dim_bank.sql)
[2025-03-28T22:43:49.312+0000] {subprocess.py:106} INFO -   relation "dim_bank" already exists
[2025-03-28T22:43:49.313+0000] {subprocess.py:106} INFO -   compiled code at target/run/bank_reviews_decisionnal/models/dim_bank.sql
[2025-03-28T22:43:49.313+0000] {subprocess.py:106} INFO - [0m22:43:49
[2025-03-28T22:43:49.316+0000] {subprocess.py:106} INFO - [0m22:43:49  Done. PASS=0 WARN=0 ERROR=4 SKIP=1 TOTAL=5
[2025-03-28T22:43:52.516+0000] {subprocess.py:110} INFO - Command exited with return code 1
[2025-03-28T22:43:55.235+0000] {taskinstance.py:3313} ERROR - Task failed with exception
Traceback (most recent call last):
  File "/home/mohammed/venv/lib/python3.11/site-packages/airflow/models/taskinstance.py", line 768, in _execute_task
    result = _execute_callable(context=context, **execute_callable_kwargs)
             ^^^^^^^^^^^^^^^^^^^^^^^^^^^^^^^^^^^^^^^^^^^^^^^^^^^^^^^^^^^^^
  File "/home/mohammed/venv/lib/python3.11/site-packages/airflow/models/taskinstance.py", line 734, in _execute_callable
    return ExecutionCallableRunner(
           ^^^^^^^^^^^^^^^^^^^^^^^^
  File "/home/mohammed/venv/lib/python3.11/site-packages/airflow/utils/operator_helpers.py", line 252, in run
    return self.func(*args, **kwargs)
           ^^^^^^^^^^^^^^^^^^^^^^^^^^
  File "/home/mohammed/venv/lib/python3.11/site-packages/airflow/models/baseoperator.py", line 424, in wrapper
    return func(self, *args, **kwargs)
           ^^^^^^^^^^^^^^^^^^^^^^^^^^^
  File "/home/mohammed/venv/lib/python3.11/site-packages/airflow/operators/bash.py", line 276, in execute
    raise AirflowException(
airflow.exceptions.AirflowException: Bash command failed. The command returned a non-zero exit code 1.
[2025-03-28T22:43:55.933+0000] {logging_mixin.py:190} INFO - Task instance in failure state
[2025-03-28T22:43:55.937+0000] {logging_mixin.py:190} INFO - Task start:2025-03-28 22:40:20.634138+00:00 end:2025-03-28 22:43:55.848100+00:00 duration:215.213962
[2025-03-28T22:43:55.964+0000] {logging_mixin.py:190} INFO - Task:<Task(BashOperator): dbt_run_decisionnal> dag:<DAG: bank_reviews_etl_and_analysis_pipeline> dagrun:<DagRun bank_reviews_etl_and_analysis_pipeline @ 2024-04-21 00:00:00+00:00: scheduled__2024-04-21T00:00:00+00:00, state:running, queued_at: 2025-03-28 22:39:56.821154+00:00. externally triggered: False>
[2025-03-28T22:43:55.979+0000] {logging_mixin.py:190} INFO - Failure caused by Bash command failed. The command returned a non-zero exit code 1.
[2025-03-28T22:43:56.009+0000] {taskinstance.py:1226} INFO - Marking task as UP_FOR_RETRY. dag_id=bank_reviews_etl_and_analysis_pipeline, task_id=dbt_run_decisionnal, run_id=scheduled__2024-04-21T00:00:00+00:00, execution_date=20240421T000000, start_date=20250328T224020, end_date=20250328T224355
[2025-03-28T22:43:58.314+0000] {taskinstance.py:341} INFO - ::group::Post task execution logs
[2025-03-28T22:43:58.510+0000] {standard_task_runner.py:124} ERROR - Failed to execute job 2395 for task dbt_run_decisionnal (Bash command failed. The command returned a non-zero exit code 1.; 573567)
Traceback (most recent call last):
  File "/home/mohammed/venv/lib/python3.11/site-packages/airflow/task/task_runner/standard_task_runner.py", line 117, in _start_by_fork
    ret = args.func(args, dag=self.dag)
          ^^^^^^^^^^^^^^^^^^^^^^^^^^^^^
  File "/home/mohammed/venv/lib/python3.11/site-packages/airflow/cli/cli_config.py", line 49, in command
    return func(*args, **kwargs)
           ^^^^^^^^^^^^^^^^^^^^^
  File "/home/mohammed/venv/lib/python3.11/site-packages/airflow/utils/cli.py", line 116, in wrapper
    return f(*args, **kwargs)
           ^^^^^^^^^^^^^^^^^^
  File "/home/mohammed/venv/lib/python3.11/site-packages/airflow/cli/commands/task_command.py", line 483, in task_run
    task_return_code = _run_task_by_selected_method(args, _dag, ti)
                       ^^^^^^^^^^^^^^^^^^^^^^^^^^^^^^^^^^^^^^^^^^^^
  File "/home/mohammed/venv/lib/python3.11/site-packages/airflow/cli/commands/task_command.py", line 256, in _run_task_by_selected_method
    return _run_raw_task(args, ti)
           ^^^^^^^^^^^^^^^^^^^^^^^
  File "/home/mohammed/venv/lib/python3.11/site-packages/airflow/cli/commands/task_command.py", line 341, in _run_raw_task
    return ti._run_raw_task(
           ^^^^^^^^^^^^^^^^^
  File "/home/mohammed/venv/lib/python3.11/site-packages/airflow/utils/session.py", line 97, in wrapper
    return func(*args, session=session, **kwargs)
           ^^^^^^^^^^^^^^^^^^^^^^^^^^^^^^^^^^^^^^
  File "/home/mohammed/venv/lib/python3.11/site-packages/airflow/models/taskinstance.py", line 3006, in _run_raw_task
    return _run_raw_task(
           ^^^^^^^^^^^^^^
  File "/home/mohammed/venv/lib/python3.11/site-packages/airflow/models/taskinstance.py", line 274, in _run_raw_task
    TaskInstance._execute_task_with_callbacks(
  File "/home/mohammed/venv/lib/python3.11/site-packages/airflow/models/taskinstance.py", line 3161, in _execute_task_with_callbacks
    result = self._execute_task(context, task_orig)
             ^^^^^^^^^^^^^^^^^^^^^^^^^^^^^^^^^^^^^^
  File "/home/mohammed/venv/lib/python3.11/site-packages/airflow/models/taskinstance.py", line 3185, in _execute_task
    return _execute_task(self, context, task_orig)
           ^^^^^^^^^^^^^^^^^^^^^^^^^^^^^^^^^^^^^^^
  File "/home/mohammed/venv/lib/python3.11/site-packages/airflow/models/taskinstance.py", line 768, in _execute_task
    result = _execute_callable(context=context, **execute_callable_kwargs)
             ^^^^^^^^^^^^^^^^^^^^^^^^^^^^^^^^^^^^^^^^^^^^^^^^^^^^^^^^^^^^^
  File "/home/mohammed/venv/lib/python3.11/site-packages/airflow/models/taskinstance.py", line 734, in _execute_callable
    return ExecutionCallableRunner(
           ^^^^^^^^^^^^^^^^^^^^^^^^
  File "/home/mohammed/venv/lib/python3.11/site-packages/airflow/utils/operator_helpers.py", line 252, in run
    return self.func(*args, **kwargs)
           ^^^^^^^^^^^^^^^^^^^^^^^^^^
  File "/home/mohammed/venv/lib/python3.11/site-packages/airflow/models/baseoperator.py", line 424, in wrapper
    return func(self, *args, **kwargs)
           ^^^^^^^^^^^^^^^^^^^^^^^^^^^
  File "/home/mohammed/venv/lib/python3.11/site-packages/airflow/operators/bash.py", line 276, in execute
    raise AirflowException(
airflow.exceptions.AirflowException: Bash command failed. The command returned a non-zero exit code 1.
[2025-03-28T22:43:58.687+0000] {local_task_job_runner.py:266} INFO - Task exited with return code 1
[2025-03-28T22:43:58.809+0000] {standard_task_runner.py:217} INFO - Process not found (most likely exited), stop collecting metrics
[2025-03-28T22:44:02.311+0000] {taskinstance.py:3901} INFO - 0 downstream tasks scheduled from follow-on schedule check
[2025-03-28T22:44:02.330+0000] {local_task_job_runner.py:245} INFO - ::endgroup::
