[2025-03-28T22:40:18.589+0000] {local_task_job_runner.py:123} INFO - ::group::Pre task execution logs
[2025-03-28T22:40:20.655+0000] {taskinstance.py:2614} INFO - Dependencies all met for dep_context=non-requeueable deps ti=<TaskInstance: bank_reviews_etl_and_analysis_pipeline.dbt_run_decisionnal manual__2025-03-28T22:39:52.392302+00:00 [queued]>
[2025-03-28T22:40:20.795+0000] {taskinstance.py:2614} INFO - Dependencies all met for dep_context=requeueable deps ti=<TaskInstance: bank_reviews_etl_and_analysis_pipeline.dbt_run_decisionnal manual__2025-03-28T22:39:52.392302+00:00 [queued]>
[2025-03-28T22:40:20.796+0000] {taskinstance.py:2867} INFO - Starting attempt 1 of 2
[2025-03-28T22:40:21.332+0000] {taskinstance.py:2890} INFO - Executing <Task(BashOperator): dbt_run_decisionnal> on 2025-03-28 22:39:52.392302+00:00
[2025-03-28T22:40:25.474+0000] {standard_task_runner.py:72} INFO - Started process 573576 to run task
[2025-03-28T22:40:31.700+0000] {standard_task_runner.py:104} INFO - Running: ['airflow', 'tasks', 'run', 'bank_reviews_etl_and_analysis_pipeline', 'dbt_run_decisionnal', 'manual__2025-03-28T22:39:52.392302+00:00', '--job-id', '2386', '--raw', '--subdir', 'DAGS_FOLDER/dag_load_reviews.py', '--cfg-path', '/tmp/tmprdiu3xj1']
[2025-03-28T22:40:32.261+0000] {standard_task_runner.py:105} INFO - Job 2386: Subtask dbt_run_decisionnal
[2025-03-28T22:40:46.152+0000] {job.py:229} INFO - Heartbeat recovered after 30.31 seconds
[2025-03-28T22:40:51.926+0000] {task_command.py:467} INFO - Running <TaskInstance: bank_reviews_etl_and_analysis_pipeline.dbt_run_decisionnal manual__2025-03-28T22:39:52.392302+00:00 [running]> on host DESKTOP-IM7V4RI.
[2025-03-28T22:40:57.528+0000] {job.py:229} INFO - Heartbeat recovered after 12.81 seconds
[2025-03-28T22:41:05.602+0000] {taskinstance.py:3134} INFO - Exporting env vars: AIRFLOW_CTX_DAG_OWNER='mohammed' AIRFLOW_CTX_DAG_ID='bank_reviews_etl_and_analysis_pipeline' AIRFLOW_CTX_TASK_ID='dbt_run_decisionnal' AIRFLOW_CTX_EXECUTION_DATE='2025-03-28T22:39:52.392302+00:00' AIRFLOW_CTX_TRY_NUMBER='1' AIRFLOW_CTX_DAG_RUN_ID='manual__2025-03-28T22:39:52.392302+00:00'
[2025-03-28T22:41:06.253+0000] {logging_mixin.py:190} INFO - Task instance is in running state
[2025-03-28T22:41:06.254+0000] {logging_mixin.py:190} INFO -  Previous state of the Task instance: queued
[2025-03-28T22:41:06.258+0000] {logging_mixin.py:190} INFO - Current task name:dbt_run_decisionnal state:running start_date:2025-03-28 22:40:20.677362+00:00
[2025-03-28T22:41:06.292+0000] {logging_mixin.py:190} INFO - Dag name:bank_reviews_etl_and_analysis_pipeline and current dag run status:running
[2025-03-28T22:41:06.294+0000] {taskinstance.py:732} INFO - ::endgroup::
[2025-03-28T22:41:06.501+0000] {subprocess.py:78} INFO - Tmp dir root location: /tmp
[2025-03-28T22:41:06.565+0000] {subprocess.py:88} INFO - Running command: ['/usr/bin/bash', '-c', 'cd /home/mohammed/.dbt/dbt_projects/bank_reviews_decisionnal && dbt run']
[2025-03-28T22:41:07.210+0000] {subprocess.py:99} INFO - Output:
[2025-03-28T22:42:11.540+0000] {job.py:229} INFO - Heartbeat recovered after 12.68 seconds
[2025-03-28T22:42:40.399+0000] {subprocess.py:106} INFO - [0m22:42:40  Running with dbt=1.9.3
[2025-03-28T22:42:47.709+0000] {subprocess.py:106} INFO - [0m22:42:47  Registered adapter: postgres=1.9.0
[2025-03-28T22:42:51.688+0000] {subprocess.py:106} INFO - [0m22:42:51  [[33mWARNING[0m]: Configuration paths exist in your dbt_project.yml file which do not apply to any resources.
[2025-03-28T22:42:51.720+0000] {subprocess.py:106} INFO - There are 1 unused configuration paths:
[2025-03-28T22:42:51.733+0000] {subprocess.py:106} INFO - - models.bank_reviews_decisionnal.decisionnal
[2025-03-28T22:42:54.844+0000] {subprocess.py:106} INFO - [0m22:42:54  Found 5 models, 2 sources, 547 macros
[2025-03-28T22:42:54.902+0000] {subprocess.py:106} INFO - [0m22:42:54
[2025-03-28T22:42:54.915+0000] {subprocess.py:106} INFO - [0m22:42:54  Concurrency: 4 threads (target='dev')
[2025-03-28T22:42:54.918+0000] {subprocess.py:106} INFO - [0m22:42:54
[2025-03-28T22:43:08.058+0000] {subprocess.py:106} INFO - [0m22:43:08  2 of 5 START sql view model decisionnal.dim_branch ............................. [RUN]
[2025-03-28T22:43:08.281+0000] {subprocess.py:106} INFO - [0m22:43:08  1 of 5 START sql view model decisionnal.dim_bank ............................... [RUN]
[2025-03-28T22:43:08.282+0000] {subprocess.py:106} INFO - [0m22:43:08  3 of 5 START sql view model decisionnal.dim_location ........................... [RUN]
[2025-03-28T22:43:08.285+0000] {subprocess.py:106} INFO - [0m22:43:08  4 of 5 START sql view model decisionnal.dim_sentiment .......................... [RUN]
[2025-03-28T22:43:08.398+0000] {job.py:229} INFO - Heartbeat recovered after 14.37 seconds
[2025-03-28T22:43:41.551+0000] {job.py:229} INFO - Heartbeat recovered after 33.20 seconds
[2025-03-28T22:43:45.849+0000] {subprocess.py:106} INFO - [0m22:43:45  2 of 5 ERROR creating sql view model decisionnal.dim_branch .................... [[31mERROR[0m in 37.76s]
[2025-03-28T22:43:46.115+0000] {subprocess.py:106} INFO - [0m22:43:46  3 of 5 ERROR creating sql view model decisionnal.dim_location .................. [[31mERROR[0m in 38.03s]
[2025-03-28T22:43:46.889+0000] {subprocess.py:106} INFO - [0m22:43:46  1 of 5 ERROR creating sql view model decisionnal.dim_bank ...................... [[31mERROR[0m in 38.78s]
[2025-03-28T22:43:48.453+0000] {subprocess.py:106} INFO - [0m22:43:48  4 of 5 ERROR creating sql view model decisionnal.dim_sentiment ................. [[31mERROR[0m in 40.37s]
[2025-03-28T22:43:48.466+0000] {subprocess.py:106} INFO - [0m22:43:48  5 of 5 SKIP relation decisionnal.fact_reviews .................................. [[33mSKIP[0m]
[2025-03-28T22:43:48.580+0000] {subprocess.py:106} INFO - [0m22:43:48
[2025-03-28T22:43:48.604+0000] {subprocess.py:106} INFO - [0m22:43:48  Finished running 5 view models in 0 hours 0 minutes and 53.66 seconds (53.66s).
[2025-03-28T22:43:48.914+0000] {subprocess.py:106} INFO - [0m22:43:48
[2025-03-28T22:43:48.915+0000] {subprocess.py:106} INFO - [0m22:43:48  [31mCompleted with 4 errors, 0 partial successes, and 0 warnings:[0m
[2025-03-28T22:43:48.923+0000] {subprocess.py:106} INFO - [0m22:43:48
[2025-03-28T22:43:48.925+0000] {subprocess.py:106} INFO - [0m22:43:48    Database Error in model dim_branch (models/dim_branch.sql)
[2025-03-28T22:43:48.925+0000] {subprocess.py:106} INFO -   relation "dim_branch" already exists
[2025-03-28T22:43:48.926+0000] {subprocess.py:106} INFO -   compiled code at target/run/bank_reviews_decisionnal/models/dim_branch.sql
[2025-03-28T22:43:48.926+0000] {subprocess.py:106} INFO - [0m22:43:48
[2025-03-28T22:43:48.927+0000] {subprocess.py:106} INFO - [0m22:43:48    Database Error in model dim_location (models/dim_location.sql)
[2025-03-28T22:43:48.927+0000] {subprocess.py:106} INFO -   relation "dim_location" already exists
[2025-03-28T22:43:48.928+0000] {subprocess.py:106} INFO -   compiled code at target/run/bank_reviews_decisionnal/models/dim_location.sql
[2025-03-28T22:43:48.929+0000] {subprocess.py:106} INFO - [0m22:43:48
[2025-03-28T22:43:48.947+0000] {subprocess.py:106} INFO - [0m22:43:48    Database Error in model dim_bank (models/dim_bank.sql)
[2025-03-28T22:43:48.948+0000] {subprocess.py:106} INFO -   relation "dim_bank" already exists
[2025-03-28T22:43:48.950+0000] {subprocess.py:106} INFO -   compiled code at target/run/bank_reviews_decisionnal/models/dim_bank.sql
[2025-03-28T22:43:48.951+0000] {subprocess.py:106} INFO - [0m22:43:48
[2025-03-28T22:43:48.951+0000] {subprocess.py:106} INFO - [0m22:43:48    Database Error in model dim_sentiment (models/dim_sentiment.sql)
[2025-03-28T22:43:48.952+0000] {subprocess.py:106} INFO -   relation "dim_sentiment" already exists
[2025-03-28T22:43:48.954+0000] {subprocess.py:106} INFO -   compiled code at target/run/bank_reviews_decisionnal/models/dim_sentiment.sql
[2025-03-28T22:43:48.955+0000] {subprocess.py:106} INFO - [0m22:43:48
[2025-03-28T22:43:48.956+0000] {subprocess.py:106} INFO - [0m22:43:48  Done. PASS=0 WARN=0 ERROR=4 SKIP=1 TOTAL=5
[2025-03-28T22:43:52.277+0000] {subprocess.py:110} INFO - Command exited with return code 1
[2025-03-28T22:43:54.719+0000] {taskinstance.py:3313} ERROR - Task failed with exception
Traceback (most recent call last):
  File "/home/mohammed/venv/lib/python3.11/site-packages/airflow/models/taskinstance.py", line 768, in _execute_task
    result = _execute_callable(context=context, **execute_callable_kwargs)
             ^^^^^^^^^^^^^^^^^^^^^^^^^^^^^^^^^^^^^^^^^^^^^^^^^^^^^^^^^^^^^
  File "/home/mohammed/venv/lib/python3.11/site-packages/airflow/models/taskinstance.py", line 734, in _execute_callable
    return ExecutionCallableRunner(
           ^^^^^^^^^^^^^^^^^^^^^^^^
  File "/home/mohammed/venv/lib/python3.11/site-packages/airflow/utils/operator_helpers.py", line 252, in run
    return self.func(*args, **kwargs)
           ^^^^^^^^^^^^^^^^^^^^^^^^^^
  File "/home/mohammed/venv/lib/python3.11/site-packages/airflow/models/baseoperator.py", line 424, in wrapper
    return func(self, *args, **kwargs)
           ^^^^^^^^^^^^^^^^^^^^^^^^^^^
  File "/home/mohammed/venv/lib/python3.11/site-packages/airflow/operators/bash.py", line 276, in execute
    raise AirflowException(
airflow.exceptions.AirflowException: Bash command failed. The command returned a non-zero exit code 1.
[2025-03-28T22:43:55.302+0000] {logging_mixin.py:190} INFO - Task instance in failure state
[2025-03-28T22:43:55.388+0000] {logging_mixin.py:190} INFO - Task start:2025-03-28 22:40:20.677362+00:00 end:2025-03-28 22:43:55.189267+00:00 duration:214.511905
[2025-03-28T22:43:55.405+0000] {logging_mixin.py:190} INFO - Task:<Task(BashOperator): dbt_run_decisionnal> dag:<DAG: bank_reviews_etl_and_analysis_pipeline> dagrun:<DagRun bank_reviews_etl_and_analysis_pipeline @ 2025-03-28 22:39:52.392302+00:00: manual__2025-03-28T22:39:52.392302+00:00, state:running, queued_at: 2025-03-28 22:39:53.099828+00:00. externally triggered: True>
[2025-03-28T22:43:55.406+0000] {logging_mixin.py:190} INFO - Failure caused by Bash command failed. The command returned a non-zero exit code 1.
[2025-03-28T22:43:55.410+0000] {taskinstance.py:1226} INFO - Marking task as UP_FOR_RETRY. dag_id=bank_reviews_etl_and_analysis_pipeline, task_id=dbt_run_decisionnal, run_id=manual__2025-03-28T22:39:52.392302+00:00, execution_date=20250328T223952, start_date=20250328T224020, end_date=20250328T224355
[2025-03-28T22:43:57.323+0000] {taskinstance.py:341} INFO - ::group::Post task execution logs
[2025-03-28T22:43:57.465+0000] {standard_task_runner.py:124} ERROR - Failed to execute job 2386 for task dbt_run_decisionnal (Bash command failed. The command returned a non-zero exit code 1.; 573576)
Traceback (most recent call last):
  File "/home/mohammed/venv/lib/python3.11/site-packages/airflow/task/task_runner/standard_task_runner.py", line 117, in _start_by_fork
    ret = args.func(args, dag=self.dag)
          ^^^^^^^^^^^^^^^^^^^^^^^^^^^^^
  File "/home/mohammed/venv/lib/python3.11/site-packages/airflow/cli/cli_config.py", line 49, in command
    return func(*args, **kwargs)
           ^^^^^^^^^^^^^^^^^^^^^
  File "/home/mohammed/venv/lib/python3.11/site-packages/airflow/utils/cli.py", line 116, in wrapper
    return f(*args, **kwargs)
           ^^^^^^^^^^^^^^^^^^
  File "/home/mohammed/venv/lib/python3.11/site-packages/airflow/cli/commands/task_command.py", line 483, in task_run
    task_return_code = _run_task_by_selected_method(args, _dag, ti)
                       ^^^^^^^^^^^^^^^^^^^^^^^^^^^^^^^^^^^^^^^^^^^^
  File "/home/mohammed/venv/lib/python3.11/site-packages/airflow/cli/commands/task_command.py", line 256, in _run_task_by_selected_method
    return _run_raw_task(args, ti)
           ^^^^^^^^^^^^^^^^^^^^^^^
  File "/home/mohammed/venv/lib/python3.11/site-packages/airflow/cli/commands/task_command.py", line 341, in _run_raw_task
    return ti._run_raw_task(
           ^^^^^^^^^^^^^^^^^
  File "/home/mohammed/venv/lib/python3.11/site-packages/airflow/utils/session.py", line 97, in wrapper
    return func(*args, session=session, **kwargs)
           ^^^^^^^^^^^^^^^^^^^^^^^^^^^^^^^^^^^^^^
  File "/home/mohammed/venv/lib/python3.11/site-packages/airflow/models/taskinstance.py", line 3006, in _run_raw_task
    return _run_raw_task(
           ^^^^^^^^^^^^^^
  File "/home/mohammed/venv/lib/python3.11/site-packages/airflow/models/taskinstance.py", line 274, in _run_raw_task
    TaskInstance._execute_task_with_callbacks(
  File "/home/mohammed/venv/lib/python3.11/site-packages/airflow/models/taskinstance.py", line 3161, in _execute_task_with_callbacks
    result = self._execute_task(context, task_orig)
             ^^^^^^^^^^^^^^^^^^^^^^^^^^^^^^^^^^^^^^
  File "/home/mohammed/venv/lib/python3.11/site-packages/airflow/models/taskinstance.py", line 3185, in _execute_task
    return _execute_task(self, context, task_orig)
           ^^^^^^^^^^^^^^^^^^^^^^^^^^^^^^^^^^^^^^^
  File "/home/mohammed/venv/lib/python3.11/site-packages/airflow/models/taskinstance.py", line 768, in _execute_task
    result = _execute_callable(context=context, **execute_callable_kwargs)
             ^^^^^^^^^^^^^^^^^^^^^^^^^^^^^^^^^^^^^^^^^^^^^^^^^^^^^^^^^^^^^
  File "/home/mohammed/venv/lib/python3.11/site-packages/airflow/models/taskinstance.py", line 734, in _execute_callable
    return ExecutionCallableRunner(
           ^^^^^^^^^^^^^^^^^^^^^^^^
  File "/home/mohammed/venv/lib/python3.11/site-packages/airflow/utils/operator_helpers.py", line 252, in run
    return self.func(*args, **kwargs)
           ^^^^^^^^^^^^^^^^^^^^^^^^^^
  File "/home/mohammed/venv/lib/python3.11/site-packages/airflow/models/baseoperator.py", line 424, in wrapper
    return func(self, *args, **kwargs)
           ^^^^^^^^^^^^^^^^^^^^^^^^^^^
  File "/home/mohammed/venv/lib/python3.11/site-packages/airflow/operators/bash.py", line 276, in execute
    raise AirflowException(
airflow.exceptions.AirflowException: Bash command failed. The command returned a non-zero exit code 1.
[2025-03-28T22:43:57.826+0000] {local_task_job_runner.py:266} INFO - Task exited with return code 1
[2025-03-28T22:43:58.446+0000] {standard_task_runner.py:217} INFO - Process not found (most likely exited), stop collecting metrics
[2025-03-28T22:44:02.008+0000] {taskinstance.py:3901} INFO - 0 downstream tasks scheduled from follow-on schedule check
[2025-03-28T22:44:02.018+0000] {local_task_job_runner.py:245} INFO - ::endgroup::
