[2025-03-17T00:34:03.705+0000] {local_task_job_runner.py:123} INFO - ::group::Pre task execution logs
[2025-03-17T00:34:03.894+0000] {taskinstance.py:2614} INFO - Dependencies all met for dep_context=non-requeueable deps ti=<TaskInstance: load_reviews_pipeline.dbt_run scheduled__2024-05-31T00:00:00+00:00 [queued]>
[2025-03-17T00:34:03.945+0000] {taskinstance.py:2614} INFO - Dependencies all met for dep_context=requeueable deps ti=<TaskInstance: load_reviews_pipeline.dbt_run scheduled__2024-05-31T00:00:00+00:00 [queued]>
[2025-03-17T00:34:03.945+0000] {taskinstance.py:2867} INFO - Starting attempt 1 of 2
[2025-03-17T00:34:04.109+0000] {taskinstance.py:2890} INFO - Executing <Task(BashOperator): dbt_run> on 2024-05-31 00:00:00+00:00
[2025-03-17T00:34:04.228+0000] {standard_task_runner.py:72} INFO - Started process 266948 to run task
[2025-03-17T00:34:04.280+0000] {standard_task_runner.py:104} INFO - Running: ['airflow', 'tasks', 'run', 'load_reviews_pipeline', 'dbt_run', 'scheduled__2024-05-31T00:00:00+00:00', '--job-id', '261', '--raw', '--subdir', 'DAGS_FOLDER/dag_load_reviews.py', '--cfg-path', '/tmp/tmpvmb05nxu']
[2025-03-17T00:34:04.285+0000] {standard_task_runner.py:105} INFO - Job 261: Subtask dbt_run
[2025-03-17T00:34:04.882+0000] {task_command.py:467} INFO - Running <TaskInstance: load_reviews_pipeline.dbt_run scheduled__2024-05-31T00:00:00+00:00 [running]> on host DESKTOP-IM7V4RI.
[2025-03-17T00:34:06.223+0000] {taskinstance.py:3134} INFO - Exporting env vars: AIRFLOW_CTX_DAG_OWNER='mohammed' AIRFLOW_CTX_DAG_ID='load_reviews_pipeline' AIRFLOW_CTX_TASK_ID='dbt_run' AIRFLOW_CTX_EXECUTION_DATE='2024-05-31T00:00:00+00:00' AIRFLOW_CTX_TRY_NUMBER='1' AIRFLOW_CTX_DAG_RUN_ID='scheduled__2024-05-31T00:00:00+00:00'
[2025-03-17T00:34:06.249+0000] {logging_mixin.py:190} INFO - Task instance is in running state
[2025-03-17T00:34:06.252+0000] {logging_mixin.py:190} INFO -  Previous state of the Task instance: queued
[2025-03-17T00:34:06.253+0000] {logging_mixin.py:190} INFO - Current task name:dbt_run state:running start_date:2025-03-17 00:34:03.895425+00:00
[2025-03-17T00:34:06.270+0000] {logging_mixin.py:190} INFO - Dag name:load_reviews_pipeline and current dag run status:running
[2025-03-17T00:34:06.271+0000] {taskinstance.py:732} INFO - ::endgroup::
[2025-03-17T00:34:06.274+0000] {subprocess.py:78} INFO - Tmp dir root location: /tmp
[2025-03-17T00:34:06.278+0000] {subprocess.py:88} INFO - Running command: ['/usr/bin/bash', '-c', 'cd /home/mohammed/.dbt/bank_reviews_project && dbt run']
[2025-03-17T00:34:06.485+0000] {subprocess.py:99} INFO - Output:
[2025-03-17T00:34:23.143+0000] {subprocess.py:106} INFO - [0m00:34:23  Running with dbt=1.9.3
[2025-03-17T00:34:30.699+0000] {subprocess.py:106} INFO - [0m00:34:30  Registered adapter: postgres=1.9.0
[2025-03-17T00:34:40.201+0000] {subprocess.py:106} INFO - [0m00:34:40  Found 6 models, 4 data tests, 2 sources, 433 macros
[2025-03-17T00:34:40.443+0000] {subprocess.py:106} INFO - [0m00:34:40
[2025-03-17T00:34:40.598+0000] {subprocess.py:106} INFO - [0m00:34:40  Concurrency: 4 threads (target='dev')
[2025-03-17T00:34:40.600+0000] {subprocess.py:106} INFO - [0m00:34:40
[2025-03-17T00:34:44.239+0000] {subprocess.py:106} INFO - [0m00:34:44  2 of 6 START sql table model public.my_first_dbt_model ......................... [RUN]
[2025-03-17T00:34:44.252+0000] {subprocess.py:106} INFO - [0m00:34:44  1 of 6 START sql view model public.clean_reviews ............................... [RUN]
[2025-03-17T00:34:44.278+0000] {subprocess.py:106} INFO - [0m00:34:44  3 of 6 START sql view model public.remove_duplicates ........................... [RUN]
[2025-03-17T00:34:44.285+0000] {subprocess.py:106} INFO - [0m00:34:44  4 of 6 START sql view model public.stg_clean_reviews ........................... [RUN]
[2025-03-17T00:34:46.359+0000] {subprocess.py:106} INFO - [0m00:34:46  1 of 6 ERROR creating sql view model public.clean_reviews ...................... [[31mERROR[0m in 2.03s]
[2025-03-17T00:34:46.366+0000] {subprocess.py:106} INFO - [0m00:34:46  2 of 6 ERROR creating sql table model public.my_first_dbt_model ................ [[31mERROR[0m in 2.11s]
[2025-03-17T00:34:46.437+0000] {subprocess.py:106} INFO - [0m00:34:46  5 of 6 SKIP relation public.my_second_dbt_model ................................ [[33mSKIP[0m]
[2025-03-17T00:34:46.544+0000] {subprocess.py:106} INFO - [0m00:34:46  4 of 6 OK created sql view model public.stg_clean_reviews ...................... [[32mCREATE VIEW[0m in 2.26s]
[2025-03-17T00:34:46.559+0000] {subprocess.py:106} INFO - [0m00:34:46  6 of 6 START sql view model public.dwh_model ................................... [RUN]
[2025-03-17T00:34:46.581+0000] {subprocess.py:106} INFO - [0m00:34:46  3 of 6 OK created sql view model public.remove_duplicates ...................... [[32mCREATE VIEW[0m in 2.28s]
[2025-03-17T00:34:47.973+0000] {subprocess.py:106} INFO - [0m00:34:47  6 of 6 OK created sql view model public.dwh_model .............................. [[32mCREATE VIEW[0m in 1.40s]
[2025-03-17T00:34:48.195+0000] {subprocess.py:106} INFO - [0m00:34:48
[2025-03-17T00:34:48.201+0000] {subprocess.py:106} INFO - [0m00:34:48  Finished running 1 table model, 5 view models in 0 hours 0 minutes and 7.77 seconds (7.77s).
[2025-03-17T00:34:48.610+0000] {subprocess.py:106} INFO - [0m00:34:48
[2025-03-17T00:34:48.613+0000] {subprocess.py:106} INFO - [0m00:34:48  [31mCompleted with 2 errors, 0 partial successes, and 0 warnings:[0m
[2025-03-17T00:34:48.617+0000] {subprocess.py:106} INFO - [0m00:34:48
[2025-03-17T00:34:48.658+0000] {subprocess.py:106} INFO - [0m00:34:48    Database Error in model clean_reviews (models/clean_reviews.sql)
[2025-03-17T00:34:48.661+0000] {subprocess.py:106} INFO -   syntax error at or near "external"
[2025-03-17T00:34:48.663+0000] {subprocess.py:106} INFO -   LINE 2: drop external if exists "project_data_wherhouse"."public"."c...
[2025-03-17T00:34:48.668+0000] {subprocess.py:106} INFO -                ^
[2025-03-17T00:34:48.671+0000] {subprocess.py:106} INFO - [0m00:34:48
[2025-03-17T00:34:48.672+0000] {subprocess.py:106} INFO - [0m00:34:48    Database Error in model my_first_dbt_model (models/example/my_first_dbt_model.sql)
[2025-03-17T00:34:48.689+0000] {subprocess.py:106} INFO -   syntax error at or near "external"
[2025-03-17T00:34:48.690+0000] {subprocess.py:106} INFO -   LINE 2: drop external if exists "project_data_wherhouse"."public"."m...
[2025-03-17T00:34:48.691+0000] {subprocess.py:106} INFO -                ^
[2025-03-17T00:34:48.693+0000] {subprocess.py:106} INFO - [0m00:34:48
[2025-03-17T00:34:48.694+0000] {subprocess.py:106} INFO - [0m00:34:48  Done. PASS=3 WARN=0 ERROR=2 SKIP=1 TOTAL=6
[2025-03-17T00:34:52.345+0000] {subprocess.py:110} INFO - Command exited with return code 1
[2025-03-17T00:34:54.387+0000] {taskinstance.py:3313} ERROR - Task failed with exception
Traceback (most recent call last):
  File "/home/mohammed/venv/lib/python3.11/site-packages/airflow/models/taskinstance.py", line 768, in _execute_task
    result = _execute_callable(context=context, **execute_callable_kwargs)
             ^^^^^^^^^^^^^^^^^^^^^^^^^^^^^^^^^^^^^^^^^^^^^^^^^^^^^^^^^^^^^
  File "/home/mohammed/venv/lib/python3.11/site-packages/airflow/models/taskinstance.py", line 734, in _execute_callable
    return ExecutionCallableRunner(
           ^^^^^^^^^^^^^^^^^^^^^^^^
  File "/home/mohammed/venv/lib/python3.11/site-packages/airflow/utils/operator_helpers.py", line 252, in run
    return self.func(*args, **kwargs)
           ^^^^^^^^^^^^^^^^^^^^^^^^^^
  File "/home/mohammed/venv/lib/python3.11/site-packages/airflow/models/baseoperator.py", line 424, in wrapper
    return func(self, *args, **kwargs)
           ^^^^^^^^^^^^^^^^^^^^^^^^^^^
  File "/home/mohammed/venv/lib/python3.11/site-packages/airflow/operators/bash.py", line 276, in execute
    raise AirflowException(
airflow.exceptions.AirflowException: Bash command failed. The command returned a non-zero exit code 1.
[2025-03-17T00:34:54.467+0000] {logging_mixin.py:190} INFO - Task instance in failure state
[2025-03-17T00:34:54.468+0000] {logging_mixin.py:190} INFO - Task start:2025-03-17 00:34:03.895425+00:00 end:2025-03-17 00:34:54.456885+00:00 duration:50.56146
[2025-03-17T00:34:54.471+0000] {logging_mixin.py:190} INFO - Task:<Task(BashOperator): dbt_run> dag:<DAG: load_reviews_pipeline> dagrun:<DagRun load_reviews_pipeline @ 2024-05-31 00:00:00+00:00: scheduled__2024-05-31T00:00:00+00:00, state:running, queued_at: 2025-03-17 00:33:55.908203+00:00. externally triggered: False>
[2025-03-17T00:34:54.472+0000] {logging_mixin.py:190} INFO - Failure caused by Bash command failed. The command returned a non-zero exit code 1.
[2025-03-17T00:34:54.473+0000] {taskinstance.py:1226} INFO - Marking task as UP_FOR_RETRY. dag_id=load_reviews_pipeline, task_id=dbt_run, run_id=scheduled__2024-05-31T00:00:00+00:00, execution_date=20240531T000000, start_date=20250317T003403, end_date=20250317T003454
[2025-03-17T00:34:55.211+0000] {taskinstance.py:341} INFO - ::group::Post task execution logs
[2025-03-17T00:34:55.225+0000] {standard_task_runner.py:124} ERROR - Failed to execute job 261 for task dbt_run (Bash command failed. The command returned a non-zero exit code 1.; 266948)
Traceback (most recent call last):
  File "/home/mohammed/venv/lib/python3.11/site-packages/airflow/task/task_runner/standard_task_runner.py", line 117, in _start_by_fork
    ret = args.func(args, dag=self.dag)
          ^^^^^^^^^^^^^^^^^^^^^^^^^^^^^
  File "/home/mohammed/venv/lib/python3.11/site-packages/airflow/cli/cli_config.py", line 49, in command
    return func(*args, **kwargs)
           ^^^^^^^^^^^^^^^^^^^^^
  File "/home/mohammed/venv/lib/python3.11/site-packages/airflow/utils/cli.py", line 116, in wrapper
    return f(*args, **kwargs)
           ^^^^^^^^^^^^^^^^^^
  File "/home/mohammed/venv/lib/python3.11/site-packages/airflow/cli/commands/task_command.py", line 483, in task_run
    task_return_code = _run_task_by_selected_method(args, _dag, ti)
                       ^^^^^^^^^^^^^^^^^^^^^^^^^^^^^^^^^^^^^^^^^^^^
  File "/home/mohammed/venv/lib/python3.11/site-packages/airflow/cli/commands/task_command.py", line 256, in _run_task_by_selected_method
    return _run_raw_task(args, ti)
           ^^^^^^^^^^^^^^^^^^^^^^^
  File "/home/mohammed/venv/lib/python3.11/site-packages/airflow/cli/commands/task_command.py", line 341, in _run_raw_task
    return ti._run_raw_task(
           ^^^^^^^^^^^^^^^^^
  File "/home/mohammed/venv/lib/python3.11/site-packages/airflow/utils/session.py", line 97, in wrapper
    return func(*args, session=session, **kwargs)
           ^^^^^^^^^^^^^^^^^^^^^^^^^^^^^^^^^^^^^^
  File "/home/mohammed/venv/lib/python3.11/site-packages/airflow/models/taskinstance.py", line 3006, in _run_raw_task
    return _run_raw_task(
           ^^^^^^^^^^^^^^
  File "/home/mohammed/venv/lib/python3.11/site-packages/airflow/models/taskinstance.py", line 274, in _run_raw_task
    TaskInstance._execute_task_with_callbacks(
  File "/home/mohammed/venv/lib/python3.11/site-packages/airflow/models/taskinstance.py", line 3161, in _execute_task_with_callbacks
    result = self._execute_task(context, task_orig)
             ^^^^^^^^^^^^^^^^^^^^^^^^^^^^^^^^^^^^^^
  File "/home/mohammed/venv/lib/python3.11/site-packages/airflow/models/taskinstance.py", line 3185, in _execute_task
    return _execute_task(self, context, task_orig)
           ^^^^^^^^^^^^^^^^^^^^^^^^^^^^^^^^^^^^^^^
  File "/home/mohammed/venv/lib/python3.11/site-packages/airflow/models/taskinstance.py", line 768, in _execute_task
    result = _execute_callable(context=context, **execute_callable_kwargs)
             ^^^^^^^^^^^^^^^^^^^^^^^^^^^^^^^^^^^^^^^^^^^^^^^^^^^^^^^^^^^^^
  File "/home/mohammed/venv/lib/python3.11/site-packages/airflow/models/taskinstance.py", line 734, in _execute_callable
    return ExecutionCallableRunner(
           ^^^^^^^^^^^^^^^^^^^^^^^^
  File "/home/mohammed/venv/lib/python3.11/site-packages/airflow/utils/operator_helpers.py", line 252, in run
    return self.func(*args, **kwargs)
           ^^^^^^^^^^^^^^^^^^^^^^^^^^
  File "/home/mohammed/venv/lib/python3.11/site-packages/airflow/models/baseoperator.py", line 424, in wrapper
    return func(self, *args, **kwargs)
           ^^^^^^^^^^^^^^^^^^^^^^^^^^^
  File "/home/mohammed/venv/lib/python3.11/site-packages/airflow/operators/bash.py", line 276, in execute
    raise AirflowException(
airflow.exceptions.AirflowException: Bash command failed. The command returned a non-zero exit code 1.
[2025-03-17T00:34:55.344+0000] {local_task_job_runner.py:266} INFO - Task exited with return code 1
[2025-03-17T00:34:55.583+0000] {local_task_job_runner.py:245} INFO - ::endgroup::
