[2025-03-17T00:40:00.420+0000] {local_task_job_runner.py:123} INFO - ::group::Pre task execution logs
[2025-03-17T00:40:00.576+0000] {taskinstance.py:2614} INFO - Dependencies all met for dep_context=non-requeueable deps ti=<TaskInstance: load_reviews_pipeline.dbt_run scheduled__2024-05-31T00:00:00+00:00 [queued]>
[2025-03-17T00:40:00.612+0000] {taskinstance.py:2614} INFO - Dependencies all met for dep_context=requeueable deps ti=<TaskInstance: load_reviews_pipeline.dbt_run scheduled__2024-05-31T00:00:00+00:00 [queued]>
[2025-03-17T00:40:00.613+0000] {taskinstance.py:2867} INFO - Starting attempt 2 of 2
[2025-03-17T00:40:00.687+0000] {taskinstance.py:2890} INFO - Executing <Task(BashOperator): dbt_run> on 2024-05-31 00:00:00+00:00
[2025-03-17T00:40:00.717+0000] {standard_task_runner.py:72} INFO - Started process 273153 to run task
[2025-03-17T00:40:00.752+0000] {standard_task_runner.py:104} INFO - Running: ['airflow', 'tasks', 'run', 'load_reviews_pipeline', 'dbt_run', 'scheduled__2024-05-31T00:00:00+00:00', '--job-id', '283', '--raw', '--subdir', 'DAGS_FOLDER/dag_load_reviews.py', '--cfg-path', '/tmp/tmpms2h7dwg']
[2025-03-17T00:40:00.755+0000] {standard_task_runner.py:105} INFO - Job 283: Subtask dbt_run
[2025-03-17T00:40:01.291+0000] {task_command.py:467} INFO - Running <TaskInstance: load_reviews_pipeline.dbt_run scheduled__2024-05-31T00:00:00+00:00 [running]> on host DESKTOP-IM7V4RI.
[2025-03-17T00:40:01.851+0000] {taskinstance.py:3134} INFO - Exporting env vars: AIRFLOW_CTX_DAG_OWNER='mohammed' AIRFLOW_CTX_DAG_ID='load_reviews_pipeline' AIRFLOW_CTX_TASK_ID='dbt_run' AIRFLOW_CTX_EXECUTION_DATE='2024-05-31T00:00:00+00:00' AIRFLOW_CTX_TRY_NUMBER='2' AIRFLOW_CTX_DAG_RUN_ID='scheduled__2024-05-31T00:00:00+00:00'
[2025-03-17T00:40:01.856+0000] {logging_mixin.py:190} INFO - Task instance is in running state
[2025-03-17T00:40:01.857+0000] {logging_mixin.py:190} INFO -  Previous state of the Task instance: queued
[2025-03-17T00:40:01.858+0000] {logging_mixin.py:190} INFO - Current task name:dbt_run state:running start_date:2025-03-17 00:40:00.577267+00:00
[2025-03-17T00:40:01.858+0000] {logging_mixin.py:190} INFO - Dag name:load_reviews_pipeline and current dag run status:running
[2025-03-17T00:40:01.859+0000] {taskinstance.py:732} INFO - ::endgroup::
[2025-03-17T00:40:01.862+0000] {subprocess.py:78} INFO - Tmp dir root location: /tmp
[2025-03-17T00:40:01.865+0000] {subprocess.py:88} INFO - Running command: ['/usr/bin/bash', '-c', 'cd /home/mohammed/.dbt/bank_reviews_project && dbt run']
[2025-03-17T00:40:01.894+0000] {subprocess.py:99} INFO - Output:
[2025-03-17T00:40:16.493+0000] {subprocess.py:106} INFO - [0m00:40:16  Running with dbt=1.9.3
[2025-03-17T00:40:18.380+0000] {subprocess.py:106} INFO - [0m00:40:18  Registered adapter: postgres=1.9.0
[2025-03-17T00:40:21.252+0000] {subprocess.py:106} INFO - [0m00:40:21  Found 6 models, 4 data tests, 2 sources, 433 macros
[2025-03-17T00:40:21.265+0000] {subprocess.py:106} INFO - [0m00:40:21
[2025-03-17T00:40:21.267+0000] {subprocess.py:106} INFO - [0m00:40:21  Concurrency: 4 threads (target='dev')
[2025-03-17T00:40:21.269+0000] {subprocess.py:106} INFO - [0m00:40:21
[2025-03-17T00:40:21.913+0000] {subprocess.py:106} INFO - [0m00:40:21  1 of 6 START sql view model public.clean_reviews ............................... [RUN]
[2025-03-17T00:40:21.923+0000] {subprocess.py:106} INFO - [0m00:40:21  2 of 6 START sql table model public.my_first_dbt_model ......................... [RUN]
[2025-03-17T00:40:21.934+0000] {subprocess.py:106} INFO - [0m00:40:21  3 of 6 START sql view model public.remove_duplicates ........................... [RUN]
[2025-03-17T00:40:21.973+0000] {subprocess.py:106} INFO - [0m00:40:21  4 of 6 START sql view model public.stg_clean_reviews ........................... [RUN]
[2025-03-17T00:40:23.623+0000] {subprocess.py:106} INFO - [0m00:40:23  1 of 6 OK created sql view model public.clean_reviews .......................... [[32mCREATE VIEW[0m in 1.70s]
[2025-03-17T00:40:23.641+0000] {subprocess.py:106} INFO - [0m00:40:23  4 of 6 OK created sql view model public.stg_clean_reviews ...................... [[32mCREATE VIEW[0m in 1.66s]
[2025-03-17T00:40:23.650+0000] {subprocess.py:106} INFO - [0m00:40:23  3 of 6 OK created sql view model public.remove_duplicates ...................... [[32mCREATE VIEW[0m in 1.68s]
[2025-03-17T00:40:23.657+0000] {subprocess.py:106} INFO - [0m00:40:23  2 of 6 OK created sql table model public.my_first_dbt_model .................... [[32mSELECT 2[0m in 1.72s]
[2025-03-17T00:40:23.684+0000] {subprocess.py:106} INFO - [0m00:40:23  5 of 6 START sql view model public.dwh_model ................................... [RUN]
[2025-03-17T00:40:23.694+0000] {subprocess.py:106} INFO - [0m00:40:23  6 of 6 START sql view model public.my_second_dbt_model ......................... [RUN]
[2025-03-17T00:40:24.118+0000] {subprocess.py:106} INFO - [0m00:40:24  5 of 6 ERROR creating sql view model public.dwh_model .......................... [[31mERROR[0m in 0.42s]
[2025-03-17T00:40:24.158+0000] {subprocess.py:106} INFO - [0m00:40:24  6 of 6 ERROR creating sql view model public.my_second_dbt_model ................ [[31mERROR[0m in 0.45s]
[2025-03-17T00:40:24.271+0000] {subprocess.py:106} INFO - [0m00:40:24
[2025-03-17T00:40:24.282+0000] {subprocess.py:106} INFO - [0m00:40:24  Finished running 1 table model, 5 view models in 0 hours 0 minutes and 3.00 seconds (3.00s).
[2025-03-17T00:40:24.551+0000] {subprocess.py:106} INFO - [0m00:40:24
[2025-03-17T00:40:24.555+0000] {subprocess.py:106} INFO - [0m00:40:24  [31mCompleted with 2 errors, 0 partial successes, and 0 warnings:[0m
[2025-03-17T00:40:24.562+0000] {subprocess.py:106} INFO - [0m00:40:24
[2025-03-17T00:40:24.570+0000] {subprocess.py:106} INFO - [0m00:40:24    Database Error in model dwh_model (models/dwh_model.sql)
[2025-03-17T00:40:24.571+0000] {subprocess.py:106} INFO -   relation "dwh_model" already exists
[2025-03-17T00:40:24.571+0000] {subprocess.py:106} INFO -   compiled code at target/run/bank_reviews_project/models/dwh_model.sql
[2025-03-17T00:40:24.572+0000] {subprocess.py:106} INFO - [0m00:40:24
[2025-03-17T00:40:24.574+0000] {subprocess.py:106} INFO - [0m00:40:24    Database Error in model my_second_dbt_model (models/example/my_second_dbt_model.sql)
[2025-03-17T00:40:24.576+0000] {subprocess.py:106} INFO -   relation "my_second_dbt_model" already exists
[2025-03-17T00:40:24.577+0000] {subprocess.py:106} INFO -   compiled code at target/run/bank_reviews_project/models/example/my_second_dbt_model.sql
[2025-03-17T00:40:24.580+0000] {subprocess.py:106} INFO - [0m00:40:24
[2025-03-17T00:40:24.584+0000] {subprocess.py:106} INFO - [0m00:40:24  Done. PASS=4 WARN=0 ERROR=2 SKIP=0 TOTAL=6
[2025-03-17T00:40:27.144+0000] {subprocess.py:110} INFO - Command exited with return code 1
[2025-03-17T00:40:27.227+0000] {taskinstance.py:3313} ERROR - Task failed with exception
Traceback (most recent call last):
  File "/home/mohammed/venv/lib/python3.11/site-packages/airflow/models/taskinstance.py", line 768, in _execute_task
    result = _execute_callable(context=context, **execute_callable_kwargs)
             ^^^^^^^^^^^^^^^^^^^^^^^^^^^^^^^^^^^^^^^^^^^^^^^^^^^^^^^^^^^^^
  File "/home/mohammed/venv/lib/python3.11/site-packages/airflow/models/taskinstance.py", line 734, in _execute_callable
    return ExecutionCallableRunner(
           ^^^^^^^^^^^^^^^^^^^^^^^^
  File "/home/mohammed/venv/lib/python3.11/site-packages/airflow/utils/operator_helpers.py", line 252, in run
    return self.func(*args, **kwargs)
           ^^^^^^^^^^^^^^^^^^^^^^^^^^
  File "/home/mohammed/venv/lib/python3.11/site-packages/airflow/models/baseoperator.py", line 424, in wrapper
    return func(self, *args, **kwargs)
           ^^^^^^^^^^^^^^^^^^^^^^^^^^^
  File "/home/mohammed/venv/lib/python3.11/site-packages/airflow/operators/bash.py", line 276, in execute
    raise AirflowException(
airflow.exceptions.AirflowException: Bash command failed. The command returned a non-zero exit code 1.
[2025-03-17T00:40:27.238+0000] {logging_mixin.py:190} INFO - Task instance in failure state
[2025-03-17T00:40:27.239+0000] {logging_mixin.py:190} INFO - Task start:2025-03-17 00:40:00.577267+00:00 end:2025-03-17 00:40:27.236413+00:00 duration:26.659146
[2025-03-17T00:40:27.240+0000] {logging_mixin.py:190} INFO - Task:<Task(BashOperator): dbt_run> dag:<DAG: load_reviews_pipeline> dagrun:<DagRun load_reviews_pipeline @ 2024-05-31 00:00:00+00:00: scheduled__2024-05-31T00:00:00+00:00, state:running, queued_at: 2025-03-17 00:33:55.908203+00:00. externally triggered: False>
[2025-03-17T00:40:27.240+0000] {logging_mixin.py:190} INFO - Failure caused by Bash command failed. The command returned a non-zero exit code 1.
[2025-03-17T00:40:27.241+0000] {taskinstance.py:1226} INFO - Marking task as FAILED. dag_id=load_reviews_pipeline, task_id=dbt_run, run_id=scheduled__2024-05-31T00:00:00+00:00, execution_date=20240531T000000, start_date=20250317T004000, end_date=20250317T004027
[2025-03-17T00:40:27.407+0000] {taskinstance.py:341} INFO - ::group::Post task execution logs
[2025-03-17T00:40:27.409+0000] {standard_task_runner.py:124} ERROR - Failed to execute job 283 for task dbt_run (Bash command failed. The command returned a non-zero exit code 1.; 273153)
Traceback (most recent call last):
  File "/home/mohammed/venv/lib/python3.11/site-packages/airflow/task/task_runner/standard_task_runner.py", line 117, in _start_by_fork
    ret = args.func(args, dag=self.dag)
          ^^^^^^^^^^^^^^^^^^^^^^^^^^^^^
  File "/home/mohammed/venv/lib/python3.11/site-packages/airflow/cli/cli_config.py", line 49, in command
    return func(*args, **kwargs)
           ^^^^^^^^^^^^^^^^^^^^^
  File "/home/mohammed/venv/lib/python3.11/site-packages/airflow/utils/cli.py", line 116, in wrapper
    return f(*args, **kwargs)
           ^^^^^^^^^^^^^^^^^^
  File "/home/mohammed/venv/lib/python3.11/site-packages/airflow/cli/commands/task_command.py", line 483, in task_run
    task_return_code = _run_task_by_selected_method(args, _dag, ti)
                       ^^^^^^^^^^^^^^^^^^^^^^^^^^^^^^^^^^^^^^^^^^^^
  File "/home/mohammed/venv/lib/python3.11/site-packages/airflow/cli/commands/task_command.py", line 256, in _run_task_by_selected_method
    return _run_raw_task(args, ti)
           ^^^^^^^^^^^^^^^^^^^^^^^
  File "/home/mohammed/venv/lib/python3.11/site-packages/airflow/cli/commands/task_command.py", line 341, in _run_raw_task
    return ti._run_raw_task(
           ^^^^^^^^^^^^^^^^^
  File "/home/mohammed/venv/lib/python3.11/site-packages/airflow/utils/session.py", line 97, in wrapper
    return func(*args, session=session, **kwargs)
           ^^^^^^^^^^^^^^^^^^^^^^^^^^^^^^^^^^^^^^
  File "/home/mohammed/venv/lib/python3.11/site-packages/airflow/models/taskinstance.py", line 3006, in _run_raw_task
    return _run_raw_task(
           ^^^^^^^^^^^^^^
  File "/home/mohammed/venv/lib/python3.11/site-packages/airflow/models/taskinstance.py", line 274, in _run_raw_task
    TaskInstance._execute_task_with_callbacks(
  File "/home/mohammed/venv/lib/python3.11/site-packages/airflow/models/taskinstance.py", line 3161, in _execute_task_with_callbacks
    result = self._execute_task(context, task_orig)
             ^^^^^^^^^^^^^^^^^^^^^^^^^^^^^^^^^^^^^^
  File "/home/mohammed/venv/lib/python3.11/site-packages/airflow/models/taskinstance.py", line 3185, in _execute_task
    return _execute_task(self, context, task_orig)
           ^^^^^^^^^^^^^^^^^^^^^^^^^^^^^^^^^^^^^^^
  File "/home/mohammed/venv/lib/python3.11/site-packages/airflow/models/taskinstance.py", line 768, in _execute_task
    result = _execute_callable(context=context, **execute_callable_kwargs)
             ^^^^^^^^^^^^^^^^^^^^^^^^^^^^^^^^^^^^^^^^^^^^^^^^^^^^^^^^^^^^^
  File "/home/mohammed/venv/lib/python3.11/site-packages/airflow/models/taskinstance.py", line 734, in _execute_callable
    return ExecutionCallableRunner(
           ^^^^^^^^^^^^^^^^^^^^^^^^
  File "/home/mohammed/venv/lib/python3.11/site-packages/airflow/utils/operator_helpers.py", line 252, in run
    return self.func(*args, **kwargs)
           ^^^^^^^^^^^^^^^^^^^^^^^^^^
  File "/home/mohammed/venv/lib/python3.11/site-packages/airflow/models/baseoperator.py", line 424, in wrapper
    return func(self, *args, **kwargs)
           ^^^^^^^^^^^^^^^^^^^^^^^^^^^
  File "/home/mohammed/venv/lib/python3.11/site-packages/airflow/operators/bash.py", line 276, in execute
    raise AirflowException(
airflow.exceptions.AirflowException: Bash command failed. The command returned a non-zero exit code 1.
[2025-03-17T00:40:27.453+0000] {local_task_job_runner.py:266} INFO - Task exited with return code 1
[2025-03-17T00:40:27.528+0000] {local_task_job_runner.py:245} INFO - ::endgroup::
