[2025-03-17T00:07:35.502+0000] {local_task_job_runner.py:123} INFO - ::group::Pre task execution logs
[2025-03-17T00:07:35.882+0000] {taskinstance.py:2614} INFO - Dependencies all met for dep_context=non-requeueable deps ti=<TaskInstance: load_reviews_pipeline.dbt_run scheduled__2024-03-18T00:00:00+00:00 [queued]>
[2025-03-17T00:07:35.948+0000] {taskinstance.py:2614} INFO - Dependencies all met for dep_context=requeueable deps ti=<TaskInstance: load_reviews_pipeline.dbt_run scheduled__2024-03-18T00:00:00+00:00 [queued]>
[2025-03-17T00:07:35.949+0000] {taskinstance.py:2867} INFO - Starting attempt 2 of 2
[2025-03-17T00:07:36.014+0000] {taskinstance.py:2890} INFO - Executing <Task(BashOperator): dbt_run> on 2024-03-18 00:00:00+00:00
[2025-03-17T00:07:36.179+0000] {standard_task_runner.py:72} INFO - Started process 244613 to run task
[2025-03-17T00:07:36.285+0000] {standard_task_runner.py:104} INFO - Running: ['airflow', 'tasks', 'run', 'load_reviews_pipeline', 'dbt_run', 'scheduled__2024-03-18T00:00:00+00:00', '--job-id', '135', '--raw', '--subdir', 'DAGS_FOLDER/dag_load_reviews.py', '--cfg-path', '/tmp/tmpetn8_9fj']
[2025-03-17T00:07:36.287+0000] {standard_task_runner.py:105} INFO - Job 135: Subtask dbt_run
[2025-03-17T00:07:36.906+0000] {task_command.py:467} INFO - Running <TaskInstance: load_reviews_pipeline.dbt_run scheduled__2024-03-18T00:00:00+00:00 [running]> on host DESKTOP-IM7V4RI.
[2025-03-17T00:07:37.914+0000] {taskinstance.py:3134} INFO - Exporting env vars: AIRFLOW_CTX_DAG_OWNER='mohammed' AIRFLOW_CTX_DAG_ID='load_reviews_pipeline' AIRFLOW_CTX_TASK_ID='dbt_run' AIRFLOW_CTX_EXECUTION_DATE='2024-03-18T00:00:00+00:00' AIRFLOW_CTX_TRY_NUMBER='2' AIRFLOW_CTX_DAG_RUN_ID='scheduled__2024-03-18T00:00:00+00:00'
[2025-03-17T00:07:37.970+0000] {logging_mixin.py:190} INFO - Task instance is in running state
[2025-03-17T00:07:37.971+0000] {logging_mixin.py:190} INFO -  Previous state of the Task instance: queued
[2025-03-17T00:07:37.972+0000] {logging_mixin.py:190} INFO - Current task name:dbt_run state:running start_date:2025-03-17 00:07:35.884497+00:00
[2025-03-17T00:07:37.972+0000] {logging_mixin.py:190} INFO - Dag name:load_reviews_pipeline and current dag run status:running
[2025-03-17T00:07:37.973+0000] {taskinstance.py:732} INFO - ::endgroup::
[2025-03-17T00:07:37.978+0000] {subprocess.py:78} INFO - Tmp dir root location: /tmp
[2025-03-17T00:07:38.034+0000] {subprocess.py:88} INFO - Running command: ['/usr/bin/bash', '-c', 'cd /home/mohammed/.dbt/bank_reviews_project && dbt run']
[2025-03-17T00:07:38.629+0000] {subprocess.py:99} INFO - Output:
[2025-03-17T00:08:23.061+0000] {subprocess.py:106} INFO - [0m00:08:23  Running with dbt=1.9.3
[2025-03-17T00:08:25.834+0000] {subprocess.py:106} INFO - [0m00:08:25  Registered adapter: postgres=1.9.0
[2025-03-17T00:08:35.796+0000] {job.py:229} INFO - Heartbeat recovered after 14.99 seconds
[2025-03-17T00:09:00.060+0000] {subprocess.py:106} INFO - [0m00:09:00  Encountered an error:
[2025-03-17T00:09:00.188+0000] {subprocess.py:106} INFO - Compilation Error
[2025-03-17T00:09:00.196+0000] {subprocess.py:106} INFO -   Model 'model.bank_reviews_project.stg_clean_reviews' (models/stg_clean_reviews.sql) depends on a source named 'bank_reviews_project.clean_reviews_enriched' which was not found
[2025-03-17T00:09:17.052+0000] {job.py:229} INFO - Heartbeat recovered after 41.31 seconds
[2025-03-17T00:09:30.398+0000] {subprocess.py:110} INFO - Command exited with return code 2
[2025-03-17T00:09:31.761+0000] {taskinstance.py:3313} ERROR - Task failed with exception
Traceback (most recent call last):
  File "/home/mohammed/venv/lib/python3.11/site-packages/airflow/models/taskinstance.py", line 768, in _execute_task
    result = _execute_callable(context=context, **execute_callable_kwargs)
             ^^^^^^^^^^^^^^^^^^^^^^^^^^^^^^^^^^^^^^^^^^^^^^^^^^^^^^^^^^^^^
  File "/home/mohammed/venv/lib/python3.11/site-packages/airflow/models/taskinstance.py", line 734, in _execute_callable
    return ExecutionCallableRunner(
           ^^^^^^^^^^^^^^^^^^^^^^^^
  File "/home/mohammed/venv/lib/python3.11/site-packages/airflow/utils/operator_helpers.py", line 252, in run
    return self.func(*args, **kwargs)
           ^^^^^^^^^^^^^^^^^^^^^^^^^^
  File "/home/mohammed/venv/lib/python3.11/site-packages/airflow/models/baseoperator.py", line 424, in wrapper
    return func(self, *args, **kwargs)
           ^^^^^^^^^^^^^^^^^^^^^^^^^^^
  File "/home/mohammed/venv/lib/python3.11/site-packages/airflow/operators/bash.py", line 276, in execute
    raise AirflowException(
airflow.exceptions.AirflowException: Bash command failed. The command returned a non-zero exit code 2.
[2025-03-17T00:09:31.985+0000] {logging_mixin.py:190} INFO - Task instance in failure state
[2025-03-17T00:09:32.014+0000] {logging_mixin.py:190} INFO - Task start:2025-03-17 00:07:35.884497+00:00 end:2025-03-17 00:09:31.908273+00:00 duration:116.023776
[2025-03-17T00:09:32.034+0000] {logging_mixin.py:190} INFO - Task:<Task(BashOperator): dbt_run> dag:<DAG: load_reviews_pipeline> dagrun:<DagRun load_reviews_pipeline @ 2024-03-18 00:00:00+00:00: scheduled__2024-03-18T00:00:00+00:00, state:running, queued_at: 2025-03-16 23:59:37.858125+00:00. externally triggered: False>
[2025-03-17T00:09:32.059+0000] {logging_mixin.py:190} INFO - Failure caused by Bash command failed. The command returned a non-zero exit code 2.
[2025-03-17T00:09:32.062+0000] {taskinstance.py:1226} INFO - Marking task as FAILED. dag_id=load_reviews_pipeline, task_id=dbt_run, run_id=scheduled__2024-03-18T00:00:00+00:00, execution_date=20240318T000000, start_date=20250317T000735, end_date=20250317T000931
[2025-03-17T00:09:33.339+0000] {job.py:229} INFO - Heartbeat recovered after 16.49 seconds
[2025-03-17T00:09:33.948+0000] {taskinstance.py:341} INFO - ::group::Post task execution logs
[2025-03-17T00:09:33.988+0000] {standard_task_runner.py:124} ERROR - Failed to execute job 135 for task dbt_run (Bash command failed. The command returned a non-zero exit code 2.; 244613)
Traceback (most recent call last):
  File "/home/mohammed/venv/lib/python3.11/site-packages/airflow/task/task_runner/standard_task_runner.py", line 117, in _start_by_fork
    ret = args.func(args, dag=self.dag)
          ^^^^^^^^^^^^^^^^^^^^^^^^^^^^^
  File "/home/mohammed/venv/lib/python3.11/site-packages/airflow/cli/cli_config.py", line 49, in command
    return func(*args, **kwargs)
           ^^^^^^^^^^^^^^^^^^^^^
  File "/home/mohammed/venv/lib/python3.11/site-packages/airflow/utils/cli.py", line 116, in wrapper
    return f(*args, **kwargs)
           ^^^^^^^^^^^^^^^^^^
  File "/home/mohammed/venv/lib/python3.11/site-packages/airflow/cli/commands/task_command.py", line 483, in task_run
    task_return_code = _run_task_by_selected_method(args, _dag, ti)
                       ^^^^^^^^^^^^^^^^^^^^^^^^^^^^^^^^^^^^^^^^^^^^
  File "/home/mohammed/venv/lib/python3.11/site-packages/airflow/cli/commands/task_command.py", line 256, in _run_task_by_selected_method
    return _run_raw_task(args, ti)
           ^^^^^^^^^^^^^^^^^^^^^^^
  File "/home/mohammed/venv/lib/python3.11/site-packages/airflow/cli/commands/task_command.py", line 341, in _run_raw_task
    return ti._run_raw_task(
           ^^^^^^^^^^^^^^^^^
  File "/home/mohammed/venv/lib/python3.11/site-packages/airflow/utils/session.py", line 97, in wrapper
    return func(*args, session=session, **kwargs)
           ^^^^^^^^^^^^^^^^^^^^^^^^^^^^^^^^^^^^^^
  File "/home/mohammed/venv/lib/python3.11/site-packages/airflow/models/taskinstance.py", line 3006, in _run_raw_task
    return _run_raw_task(
           ^^^^^^^^^^^^^^
  File "/home/mohammed/venv/lib/python3.11/site-packages/airflow/models/taskinstance.py", line 274, in _run_raw_task
    TaskInstance._execute_task_with_callbacks(
  File "/home/mohammed/venv/lib/python3.11/site-packages/airflow/models/taskinstance.py", line 3161, in _execute_task_with_callbacks
    result = self._execute_task(context, task_orig)
             ^^^^^^^^^^^^^^^^^^^^^^^^^^^^^^^^^^^^^^
  File "/home/mohammed/venv/lib/python3.11/site-packages/airflow/models/taskinstance.py", line 3185, in _execute_task
    return _execute_task(self, context, task_orig)
           ^^^^^^^^^^^^^^^^^^^^^^^^^^^^^^^^^^^^^^^
  File "/home/mohammed/venv/lib/python3.11/site-packages/airflow/models/taskinstance.py", line 768, in _execute_task
    result = _execute_callable(context=context, **execute_callable_kwargs)
             ^^^^^^^^^^^^^^^^^^^^^^^^^^^^^^^^^^^^^^^^^^^^^^^^^^^^^^^^^^^^^
  File "/home/mohammed/venv/lib/python3.11/site-packages/airflow/models/taskinstance.py", line 734, in _execute_callable
    return ExecutionCallableRunner(
           ^^^^^^^^^^^^^^^^^^^^^^^^
  File "/home/mohammed/venv/lib/python3.11/site-packages/airflow/utils/operator_helpers.py", line 252, in run
    return self.func(*args, **kwargs)
           ^^^^^^^^^^^^^^^^^^^^^^^^^^
  File "/home/mohammed/venv/lib/python3.11/site-packages/airflow/models/baseoperator.py", line 424, in wrapper
    return func(self, *args, **kwargs)
           ^^^^^^^^^^^^^^^^^^^^^^^^^^^
  File "/home/mohammed/venv/lib/python3.11/site-packages/airflow/operators/bash.py", line 276, in execute
    raise AirflowException(
airflow.exceptions.AirflowException: Bash command failed. The command returned a non-zero exit code 2.
[2025-03-17T00:09:34.108+0000] {local_task_job_runner.py:266} INFO - Task exited with return code 1
[2025-03-17T00:09:35.160+0000] {taskinstance.py:3901} INFO - 0 downstream tasks scheduled from follow-on schedule check
[2025-03-17T00:09:35.186+0000] {local_task_job_runner.py:245} INFO - ::endgroup::
[2025-03-17T00:09:35.506+0000] {standard_task_runner.py:217} INFO - Process not found (most likely exited), stop collecting metrics
