[2025-05-28T18:14:53.127+0100] {local_task_job_runner.py:123} INFO - ::group::Pre task execution logs
[2025-05-28T18:14:53.199+0100] {taskinstance.py:2614} INFO - Dependencies all met for dep_context=non-requeueable deps ti=<TaskInstance: bank_reviews_etl_and_analysis_pipeline.dbt_run_decisionnal scheduled__2025-04-27T00:00:00+00:00 [queued]>
[2025-05-28T18:14:53.221+0100] {taskinstance.py:2614} INFO - Dependencies all met for dep_context=requeueable deps ti=<TaskInstance: bank_reviews_etl_and_analysis_pipeline.dbt_run_decisionnal scheduled__2025-04-27T00:00:00+00:00 [queued]>
[2025-05-28T18:14:53.221+0100] {taskinstance.py:2867} INFO - Starting attempt 2 of 2
[2025-05-28T18:14:53.258+0100] {taskinstance.py:2890} INFO - Executing <Task(BashOperator): dbt_run_decisionnal> on 2025-04-27 00:00:00+00:00
[2025-05-28T18:14:53.282+0100] {standard_task_runner.py:104} INFO - Running: ['airflow', 'tasks', 'run', 'bank_reviews_etl_and_analysis_pipeline', 'dbt_run_decisionnal', 'scheduled__2025-04-27T00:00:00+00:00', '--job-id', '2518', '--raw', '--subdir', 'DAGS_FOLDER/dag_load_reviews.py', '--cfg-path', '/tmp/tmpxzoi6jvt']
[2025-05-28T18:14:53.281+0100] {standard_task_runner.py:72} INFO - Started process 9232 to run task
[2025-05-28T18:14:53.285+0100] {standard_task_runner.py:105} INFO - Job 2518: Subtask dbt_run_decisionnal
[2025-05-28T18:14:53.539+0100] {task_command.py:467} INFO - Running <TaskInstance: bank_reviews_etl_and_analysis_pipeline.dbt_run_decisionnal scheduled__2025-04-27T00:00:00+00:00 [running]> on host DESKTOP-IM7V4RI.
[2025-05-28T18:14:54.048+0100] {taskinstance.py:3134} INFO - Exporting env vars: AIRFLOW_CTX_DAG_OWNER='mohammed' AIRFLOW_CTX_DAG_ID='bank_reviews_etl_and_analysis_pipeline' AIRFLOW_CTX_TASK_ID='dbt_run_decisionnal' AIRFLOW_CTX_EXECUTION_DATE='2025-04-27T00:00:00+00:00' AIRFLOW_CTX_TRY_NUMBER='2' AIRFLOW_CTX_DAG_RUN_ID='scheduled__2025-04-27T00:00:00+00:00'
[2025-05-28T18:14:54.050+0100] {logging_mixin.py:190} INFO - Task instance is in running state
[2025-05-28T18:14:54.050+0100] {logging_mixin.py:190} INFO -  Previous state of the Task instance: queued
[2025-05-28T18:14:54.050+0100] {logging_mixin.py:190} INFO - Current task name:dbt_run_decisionnal state:running start_date:2025-05-28 17:14:53.200492+00:00
[2025-05-28T18:14:54.051+0100] {logging_mixin.py:190} INFO - Dag name:bank_reviews_etl_and_analysis_pipeline and current dag run status:running
[2025-05-28T18:14:54.051+0100] {taskinstance.py:732} INFO - ::endgroup::
[2025-05-28T18:14:54.052+0100] {subprocess.py:78} INFO - Tmp dir root location: /tmp
[2025-05-28T18:14:54.053+0100] {subprocess.py:88} INFO - Running command: ['/usr/bin/bash', '-c', 'cd /home/mohammed/.dbt/dbt_projects/bank_reviews_decisionnal && dbt run --full-refresh']
[2025-05-28T18:14:54.070+0100] {subprocess.py:99} INFO - Output:
[2025-05-28T18:15:05.868+0100] {subprocess.py:106} INFO - [0m17:15:05  Running with dbt=1.9.3
[2025-05-28T18:15:07.307+0100] {subprocess.py:106} INFO - [0m17:15:07  Registered adapter: postgres=1.9.0
[2025-05-28T18:15:08.635+0100] {subprocess.py:106} INFO - [0m17:15:08  [[33mWARNING[0m]: Configuration paths exist in your dbt_project.yml file which do not apply to any resources.
[2025-05-28T18:15:08.636+0100] {subprocess.py:106} INFO - There are 1 unused configuration paths:
[2025-05-28T18:15:08.636+0100] {subprocess.py:106} INFO - - models.bank_reviews_decisionnal.decisionnal
[2025-05-28T18:15:09.308+0100] {subprocess.py:106} INFO - [0m17:15:09  Found 5 models, 2 sources, 547 macros
[2025-05-28T18:15:09.316+0100] {subprocess.py:106} INFO - [0m17:15:09
[2025-05-28T18:15:09.317+0100] {subprocess.py:106} INFO - [0m17:15:09  Concurrency: 4 threads (target='dev')
[2025-05-28T18:15:09.318+0100] {subprocess.py:106} INFO - [0m17:15:09
[2025-05-28T18:15:11.779+0100] {subprocess.py:106} INFO - [0m17:15:11  1 of 5 START sql table model decisionnal.dim_bank .............................. [RUN]
[2025-05-28T18:15:11.805+0100] {subprocess.py:106} INFO - [0m17:15:11  2 of 5 START sql table model decisionnal.dim_branch ............................ [RUN]
[2025-05-28T18:15:11.806+0100] {subprocess.py:106} INFO - [0m17:15:11  3 of 5 START sql table model decisionnal.dim_location .......................... [RUN]
[2025-05-28T18:15:11.810+0100] {subprocess.py:106} INFO - [0m17:15:11  4 of 5 START sql table model decisionnal.dim_sentiment ......................... [RUN]
[2025-05-28T18:15:14.750+0100] {subprocess.py:106} INFO - [0m17:15:14  2 of 5 OK created sql table model decisionnal.dim_branch ....................... [[32mSELECT 298[0m in 2.94s]
[2025-05-28T18:15:19.413+0100] {subprocess.py:106} INFO - [0m17:15:19  1 of 5 OK created sql table model decisionnal.dim_bank ......................... [[32mSELECT 299[0m in 7.62s]
[2025-05-28T18:15:19.441+0100] {subprocess.py:106} INFO - [0m17:15:19  4 of 5 OK created sql table model decisionnal.dim_sentiment .................... [[32mSELECT 3[0m in 7.63s]
[2025-05-28T18:15:19.704+0100] {subprocess.py:106} INFO - [0m17:15:19  3 of 5 ERROR creating sql table model decisionnal.dim_location ................. [[31mERROR[0m in 7.90s]
[2025-05-28T18:15:19.730+0100] {subprocess.py:106} INFO - [0m17:15:19  5 of 5 SKIP relation decisionnal.fact_reviews .................................. [[33mSKIP[0m]
[2025-05-28T18:15:19.796+0100] {subprocess.py:106} INFO - [0m17:15:19
[2025-05-28T18:15:19.797+0100] {subprocess.py:106} INFO - [0m17:15:19  Finished running 5 table models in 0 hours 0 minutes and 10.47 seconds (10.47s).
[2025-05-28T18:15:19.984+0100] {subprocess.py:106} INFO - [0m17:15:19
[2025-05-28T18:15:19.985+0100] {subprocess.py:106} INFO - [0m17:15:19  [31mCompleted with 1 error, 0 partial successes, and 0 warnings:[0m
[2025-05-28T18:15:19.990+0100] {subprocess.py:106} INFO - [0m17:15:19
[2025-05-28T18:15:19.994+0100] {subprocess.py:106} INFO - [0m17:15:19    Database Error in model dim_location (models/dim_location.sql)
[2025-05-28T18:15:19.994+0100] {subprocess.py:106} INFO -   relation "dim_location__dbt_backup" already exists
[2025-05-28T18:15:19.995+0100] {subprocess.py:106} INFO -   compiled code at target/run/bank_reviews_decisionnal/models/dim_location.sql
[2025-05-28T18:15:19.997+0100] {subprocess.py:106} INFO - [0m17:15:19
[2025-05-28T18:15:19.999+0100] {subprocess.py:106} INFO - [0m17:15:19  Done. PASS=3 WARN=0 ERROR=1 SKIP=1 TOTAL=5
[2025-05-28T18:15:21.954+0100] {subprocess.py:110} INFO - Command exited with return code 1
[2025-05-28T18:15:22.057+0100] {taskinstance.py:3313} ERROR - Task failed with exception
Traceback (most recent call last):
  File "/home/mohammed/venv/lib/python3.11/site-packages/airflow/models/taskinstance.py", line 768, in _execute_task
    result = _execute_callable(context=context, **execute_callable_kwargs)
             ^^^^^^^^^^^^^^^^^^^^^^^^^^^^^^^^^^^^^^^^^^^^^^^^^^^^^^^^^^^^^
  File "/home/mohammed/venv/lib/python3.11/site-packages/airflow/models/taskinstance.py", line 734, in _execute_callable
    return ExecutionCallableRunner(
           ^^^^^^^^^^^^^^^^^^^^^^^^
  File "/home/mohammed/venv/lib/python3.11/site-packages/airflow/utils/operator_helpers.py", line 252, in run
    return self.func(*args, **kwargs)
           ^^^^^^^^^^^^^^^^^^^^^^^^^^
  File "/home/mohammed/venv/lib/python3.11/site-packages/airflow/models/baseoperator.py", line 424, in wrapper
    return func(self, *args, **kwargs)
           ^^^^^^^^^^^^^^^^^^^^^^^^^^^
  File "/home/mohammed/venv/lib/python3.11/site-packages/airflow/operators/bash.py", line 276, in execute
    raise AirflowException(
airflow.exceptions.AirflowException: Bash command failed. The command returned a non-zero exit code 1.
[2025-05-28T18:15:22.069+0100] {logging_mixin.py:190} INFO - Task instance in failure state
[2025-05-28T18:15:22.070+0100] {logging_mixin.py:190} INFO - Task start:2025-05-28 17:14:53.200492+00:00 end:2025-05-28 17:15:22.067937+00:00 duration:28.867445
[2025-05-28T18:15:22.071+0100] {logging_mixin.py:190} INFO - Task:<Task(BashOperator): dbt_run_decisionnal> dag:<DAG: bank_reviews_etl_and_analysis_pipeline> dagrun:<DagRun bank_reviews_etl_and_analysis_pipeline @ 2025-04-27 00:00:00+00:00: scheduled__2025-04-27T00:00:00+00:00, state:running, queued_at: 2025-05-28 17:08:59.008906+00:00. externally triggered: False>
[2025-05-28T18:15:22.072+0100] {logging_mixin.py:190} INFO - Failure caused by Bash command failed. The command returned a non-zero exit code 1.
[2025-05-28T18:15:22.073+0100] {taskinstance.py:1226} INFO - Marking task as FAILED. dag_id=bank_reviews_etl_and_analysis_pipeline, task_id=dbt_run_decisionnal, run_id=scheduled__2025-04-27T00:00:00+00:00, execution_date=20250427T000000, start_date=20250528T171453, end_date=20250528T171522
[2025-05-28T18:15:22.234+0100] {taskinstance.py:341} INFO - ::group::Post task execution logs
[2025-05-28T18:15:22.248+0100] {standard_task_runner.py:124} ERROR - Failed to execute job 2518 for task dbt_run_decisionnal (Bash command failed. The command returned a non-zero exit code 1.; 9232)
Traceback (most recent call last):
  File "/home/mohammed/venv/lib/python3.11/site-packages/airflow/task/task_runner/standard_task_runner.py", line 117, in _start_by_fork
    ret = args.func(args, dag=self.dag)
          ^^^^^^^^^^^^^^^^^^^^^^^^^^^^^
  File "/home/mohammed/venv/lib/python3.11/site-packages/airflow/cli/cli_config.py", line 49, in command
    return func(*args, **kwargs)
           ^^^^^^^^^^^^^^^^^^^^^
  File "/home/mohammed/venv/lib/python3.11/site-packages/airflow/utils/cli.py", line 116, in wrapper
    return f(*args, **kwargs)
           ^^^^^^^^^^^^^^^^^^
  File "/home/mohammed/venv/lib/python3.11/site-packages/airflow/cli/commands/task_command.py", line 483, in task_run
    task_return_code = _run_task_by_selected_method(args, _dag, ti)
                       ^^^^^^^^^^^^^^^^^^^^^^^^^^^^^^^^^^^^^^^^^^^^
  File "/home/mohammed/venv/lib/python3.11/site-packages/airflow/cli/commands/task_command.py", line 256, in _run_task_by_selected_method
    return _run_raw_task(args, ti)
           ^^^^^^^^^^^^^^^^^^^^^^^
  File "/home/mohammed/venv/lib/python3.11/site-packages/airflow/cli/commands/task_command.py", line 341, in _run_raw_task
    return ti._run_raw_task(
           ^^^^^^^^^^^^^^^^^
  File "/home/mohammed/venv/lib/python3.11/site-packages/airflow/utils/session.py", line 97, in wrapper
    return func(*args, session=session, **kwargs)
           ^^^^^^^^^^^^^^^^^^^^^^^^^^^^^^^^^^^^^^
  File "/home/mohammed/venv/lib/python3.11/site-packages/airflow/models/taskinstance.py", line 3006, in _run_raw_task
    return _run_raw_task(
           ^^^^^^^^^^^^^^
  File "/home/mohammed/venv/lib/python3.11/site-packages/airflow/models/taskinstance.py", line 274, in _run_raw_task
    TaskInstance._execute_task_with_callbacks(
  File "/home/mohammed/venv/lib/python3.11/site-packages/airflow/models/taskinstance.py", line 3161, in _execute_task_with_callbacks
    result = self._execute_task(context, task_orig)
             ^^^^^^^^^^^^^^^^^^^^^^^^^^^^^^^^^^^^^^
  File "/home/mohammed/venv/lib/python3.11/site-packages/airflow/models/taskinstance.py", line 3185, in _execute_task
    return _execute_task(self, context, task_orig)
           ^^^^^^^^^^^^^^^^^^^^^^^^^^^^^^^^^^^^^^^
  File "/home/mohammed/venv/lib/python3.11/site-packages/airflow/models/taskinstance.py", line 768, in _execute_task
    result = _execute_callable(context=context, **execute_callable_kwargs)
             ^^^^^^^^^^^^^^^^^^^^^^^^^^^^^^^^^^^^^^^^^^^^^^^^^^^^^^^^^^^^^
  File "/home/mohammed/venv/lib/python3.11/site-packages/airflow/models/taskinstance.py", line 734, in _execute_callable
    return ExecutionCallableRunner(
           ^^^^^^^^^^^^^^^^^^^^^^^^
  File "/home/mohammed/venv/lib/python3.11/site-packages/airflow/utils/operator_helpers.py", line 252, in run
    return self.func(*args, **kwargs)
           ^^^^^^^^^^^^^^^^^^^^^^^^^^
  File "/home/mohammed/venv/lib/python3.11/site-packages/airflow/models/baseoperator.py", line 424, in wrapper
    return func(self, *args, **kwargs)
           ^^^^^^^^^^^^^^^^^^^^^^^^^^^
  File "/home/mohammed/venv/lib/python3.11/site-packages/airflow/operators/bash.py", line 276, in execute
    raise AirflowException(
airflow.exceptions.AirflowException: Bash command failed. The command returned a non-zero exit code 1.
[2025-05-28T18:15:22.314+0100] {local_task_job_runner.py:266} INFO - Task exited with return code 1
[2025-05-28T18:15:22.389+0100] {taskinstance.py:3901} INFO - 0 downstream tasks scheduled from follow-on schedule check
[2025-05-28T18:15:22.397+0100] {local_task_job_runner.py:245} INFO - ::endgroup::
