[2025-03-28T22:55:12.468+0000] {local_task_job_runner.py:123} INFO - ::group::Pre task execution logs
[2025-03-28T22:55:12.592+0000] {taskinstance.py:2614} INFO - Dependencies all met for dep_context=non-requeueable deps ti=<TaskInstance: bank_reviews_etl_and_analysis_pipeline.dbt_run_decisionnal scheduled__2024-07-28T00:00:00+00:00 [queued]>
[2025-03-28T22:55:12.628+0000] {taskinstance.py:2614} INFO - Dependencies all met for dep_context=requeueable deps ti=<TaskInstance: bank_reviews_etl_and_analysis_pipeline.dbt_run_decisionnal scheduled__2024-07-28T00:00:00+00:00 [queued]>
[2025-03-28T22:55:12.628+0000] {taskinstance.py:2867} INFO - Starting attempt 2 of 2
[2025-03-28T22:55:12.722+0000] {taskinstance.py:2890} INFO - Executing <Task(BashOperator): dbt_run_decisionnal> on 2024-07-28 00:00:00+00:00
[2025-03-28T22:55:12.760+0000] {standard_task_runner.py:72} INFO - Started process 587322 to run task
[2025-03-28T22:55:12.789+0000] {standard_task_runner.py:104} INFO - Running: ['airflow', 'tasks', 'run', 'bank_reviews_etl_and_analysis_pipeline', 'dbt_run_decisionnal', 'scheduled__2024-07-28T00:00:00+00:00', '--job-id', '2445', '--raw', '--subdir', 'DAGS_FOLDER/dag_load_reviews.py', '--cfg-path', '/tmp/tmph3nergqn']
[2025-03-28T22:55:12.805+0000] {standard_task_runner.py:105} INFO - Job 2445: Subtask dbt_run_decisionnal
[2025-03-28T22:55:13.497+0000] {task_command.py:467} INFO - Running <TaskInstance: bank_reviews_etl_and_analysis_pipeline.dbt_run_decisionnal scheduled__2024-07-28T00:00:00+00:00 [running]> on host DESKTOP-IM7V4RI.
[2025-03-28T22:55:14.551+0000] {taskinstance.py:3134} INFO - Exporting env vars: AIRFLOW_CTX_DAG_OWNER='mohammed' AIRFLOW_CTX_DAG_ID='bank_reviews_etl_and_analysis_pipeline' AIRFLOW_CTX_TASK_ID='dbt_run_decisionnal' AIRFLOW_CTX_EXECUTION_DATE='2024-07-28T00:00:00+00:00' AIRFLOW_CTX_TRY_NUMBER='2' AIRFLOW_CTX_DAG_RUN_ID='scheduled__2024-07-28T00:00:00+00:00'
[2025-03-28T22:55:14.554+0000] {logging_mixin.py:190} INFO - Task instance is in running state
[2025-03-28T22:55:14.554+0000] {logging_mixin.py:190} INFO -  Previous state of the Task instance: queued
[2025-03-28T22:55:14.555+0000] {logging_mixin.py:190} INFO - Current task name:dbt_run_decisionnal state:running start_date:2025-03-28 22:55:12.593370+00:00
[2025-03-28T22:55:14.555+0000] {logging_mixin.py:190} INFO - Dag name:bank_reviews_etl_and_analysis_pipeline and current dag run status:running
[2025-03-28T22:55:14.557+0000] {taskinstance.py:732} INFO - ::endgroup::
[2025-03-28T22:55:14.560+0000] {subprocess.py:78} INFO - Tmp dir root location: /tmp
[2025-03-28T22:55:14.565+0000] {subprocess.py:88} INFO - Running command: ['/usr/bin/bash', '-c', 'cd /home/mohammed/.dbt/dbt_projects/bank_reviews_decisionnal && dbt run']
[2025-03-28T22:55:14.647+0000] {subprocess.py:99} INFO - Output:
[2025-03-28T22:55:27.945+0000] {subprocess.py:106} INFO - [0m22:55:27  Running with dbt=1.9.3
[2025-03-28T22:55:30.980+0000] {subprocess.py:106} INFO - [0m22:55:30  Registered adapter: postgres=1.9.0
[2025-03-28T22:55:32.679+0000] {subprocess.py:106} INFO - [0m22:55:32  [[33mWARNING[0m]: Configuration paths exist in your dbt_project.yml file which do not apply to any resources.
[2025-03-28T22:55:32.680+0000] {subprocess.py:106} INFO - There are 1 unused configuration paths:
[2025-03-28T22:55:32.680+0000] {subprocess.py:106} INFO - - models.bank_reviews_decisionnal.decisionnal
[2025-03-28T22:55:34.155+0000] {subprocess.py:106} INFO - [0m22:55:34  Found 5 models, 2 sources, 547 macros
[2025-03-28T22:55:34.191+0000] {subprocess.py:106} INFO - [0m22:55:34
[2025-03-28T22:55:34.193+0000] {subprocess.py:106} INFO - [0m22:55:34  Concurrency: 4 threads (target='dev')
[2025-03-28T22:55:34.195+0000] {subprocess.py:106} INFO - [0m22:55:34
[2025-03-28T22:55:38.404+0000] {subprocess.py:106} INFO - [0m22:55:38  1 of 5 START sql table model decisionnal.dim_bank .............................. [RUN]
[2025-03-28T22:55:38.421+0000] {subprocess.py:106} INFO - [0m22:55:38  2 of 5 START sql table model decisionnal.dim_branch ............................ [RUN]
[2025-03-28T22:55:38.431+0000] {subprocess.py:106} INFO - [0m22:55:38  3 of 5 START sql table model decisionnal.dim_location .......................... [RUN]
[2025-03-28T22:55:38.451+0000] {subprocess.py:106} INFO - [0m22:55:38  4 of 5 START sql table model decisionnal.dim_sentiment ......................... [RUN]
[2025-03-28T22:55:41.456+0000] {subprocess.py:106} INFO - [0m22:55:41  4 of 5 OK created sql table model decisionnal.dim_sentiment .................... [[32mSELECT 2591[0m in 2.92s]
[2025-03-28T22:55:41.477+0000] {subprocess.py:106} INFO - [0m22:55:41  1 of 5 OK created sql table model decisionnal.dim_bank ......................... [[32mSELECT 299[0m in 3.05s]
[2025-03-28T22:55:41.507+0000] {subprocess.py:106} INFO - [0m22:55:41  2 of 5 OK created sql table model decisionnal.dim_branch ....................... [[32mSELECT 298[0m in 3.03s]
[2025-03-28T22:55:41.761+0000] {subprocess.py:106} INFO - [0m22:55:41  3 of 5 OK created sql table model decisionnal.dim_location ..................... [[32mSELECT 298[0m in 3.31s]
[2025-03-28T22:55:41.771+0000] {subprocess.py:106} INFO - [0m22:55:41  5 of 5 START sql table model decisionnal.fact_reviews .......................... [RUN]
[2025-03-28T22:55:42.103+0000] {subprocess.py:106} INFO - [0m22:55:42  5 of 5 ERROR creating sql table model decisionnal.fact_reviews ................. [[31mERROR[0m in 0.33s]
[2025-03-28T22:55:42.173+0000] {subprocess.py:106} INFO - [0m22:55:42
[2025-03-28T22:55:42.175+0000] {subprocess.py:106} INFO - [0m22:55:42  Finished running 5 table models in 0 hours 0 minutes and 7.98 seconds (7.98s).
[2025-03-28T22:55:42.391+0000] {subprocess.py:106} INFO - [0m22:55:42
[2025-03-28T22:55:42.393+0000] {subprocess.py:106} INFO - [0m22:55:42  [31mCompleted with 1 error, 0 partial successes, and 0 warnings:[0m
[2025-03-28T22:55:42.395+0000] {subprocess.py:106} INFO - [0m22:55:42
[2025-03-28T22:55:42.406+0000] {subprocess.py:106} INFO - [0m22:55:42    Database Error in model fact_reviews (models/fact_reviews.sql)
[2025-03-28T22:55:42.407+0000] {subprocess.py:106} INFO -   column cr.topics does not exist
[2025-03-28T22:55:42.407+0000] {subprocess.py:106} INFO -   LINE 24:     cr.topics,
[2025-03-28T22:55:42.408+0000] {subprocess.py:106} INFO -                ^
[2025-03-28T22:55:42.408+0000] {subprocess.py:106} INFO -   HINT:  Perhaps you meant to reference the column "cr.topic".
[2025-03-28T22:55:42.408+0000] {subprocess.py:106} INFO -   compiled code at target/run/bank_reviews_decisionnal/models/fact_reviews.sql
[2025-03-28T22:55:42.410+0000] {subprocess.py:106} INFO - [0m22:55:42
[2025-03-28T22:55:42.412+0000] {subprocess.py:106} INFO - [0m22:55:42  Done. PASS=4 WARN=0 ERROR=1 SKIP=0 TOTAL=5
[2025-03-28T22:55:44.527+0000] {subprocess.py:110} INFO - Command exited with return code 1
[2025-03-28T22:55:44.620+0000] {taskinstance.py:3313} ERROR - Task failed with exception
Traceback (most recent call last):
  File "/home/mohammed/venv/lib/python3.11/site-packages/airflow/models/taskinstance.py", line 768, in _execute_task
    result = _execute_callable(context=context, **execute_callable_kwargs)
             ^^^^^^^^^^^^^^^^^^^^^^^^^^^^^^^^^^^^^^^^^^^^^^^^^^^^^^^^^^^^^
  File "/home/mohammed/venv/lib/python3.11/site-packages/airflow/models/taskinstance.py", line 734, in _execute_callable
    return ExecutionCallableRunner(
           ^^^^^^^^^^^^^^^^^^^^^^^^
  File "/home/mohammed/venv/lib/python3.11/site-packages/airflow/utils/operator_helpers.py", line 252, in run
    return self.func(*args, **kwargs)
           ^^^^^^^^^^^^^^^^^^^^^^^^^^
  File "/home/mohammed/venv/lib/python3.11/site-packages/airflow/models/baseoperator.py", line 424, in wrapper
    return func(self, *args, **kwargs)
           ^^^^^^^^^^^^^^^^^^^^^^^^^^^
  File "/home/mohammed/venv/lib/python3.11/site-packages/airflow/operators/bash.py", line 276, in execute
    raise AirflowException(
airflow.exceptions.AirflowException: Bash command failed. The command returned a non-zero exit code 1.
[2025-03-28T22:55:44.633+0000] {logging_mixin.py:190} INFO - Task instance in failure state
[2025-03-28T22:55:44.634+0000] {logging_mixin.py:190} INFO - Task start:2025-03-28 22:55:12.593370+00:00 end:2025-03-28 22:55:44.630516+00:00 duration:32.037146
[2025-03-28T22:55:44.635+0000] {logging_mixin.py:190} INFO - Task:<Task(BashOperator): dbt_run_decisionnal> dag:<DAG: bank_reviews_etl_and_analysis_pipeline> dagrun:<DagRun bank_reviews_etl_and_analysis_pipeline @ 2024-07-28 00:00:00+00:00: scheduled__2024-07-28T00:00:00+00:00, state:running, queued_at: 2025-03-28 22:49:30.587975+00:00. externally triggered: False>
[2025-03-28T22:55:44.635+0000] {logging_mixin.py:190} INFO - Failure caused by Bash command failed. The command returned a non-zero exit code 1.
[2025-03-28T22:55:44.636+0000] {taskinstance.py:1226} INFO - Marking task as FAILED. dag_id=bank_reviews_etl_and_analysis_pipeline, task_id=dbt_run_decisionnal, run_id=scheduled__2024-07-28T00:00:00+00:00, execution_date=20240728T000000, start_date=20250328T225512, end_date=20250328T225544
[2025-03-28T22:55:44.819+0000] {taskinstance.py:341} INFO - ::group::Post task execution logs
[2025-03-28T22:55:44.820+0000] {standard_task_runner.py:124} ERROR - Failed to execute job 2445 for task dbt_run_decisionnal (Bash command failed. The command returned a non-zero exit code 1.; 587322)
Traceback (most recent call last):
  File "/home/mohammed/venv/lib/python3.11/site-packages/airflow/task/task_runner/standard_task_runner.py", line 117, in _start_by_fork
    ret = args.func(args, dag=self.dag)
          ^^^^^^^^^^^^^^^^^^^^^^^^^^^^^
  File "/home/mohammed/venv/lib/python3.11/site-packages/airflow/cli/cli_config.py", line 49, in command
    return func(*args, **kwargs)
           ^^^^^^^^^^^^^^^^^^^^^
  File "/home/mohammed/venv/lib/python3.11/site-packages/airflow/utils/cli.py", line 116, in wrapper
    return f(*args, **kwargs)
           ^^^^^^^^^^^^^^^^^^
  File "/home/mohammed/venv/lib/python3.11/site-packages/airflow/cli/commands/task_command.py", line 483, in task_run
    task_return_code = _run_task_by_selected_method(args, _dag, ti)
                       ^^^^^^^^^^^^^^^^^^^^^^^^^^^^^^^^^^^^^^^^^^^^
  File "/home/mohammed/venv/lib/python3.11/site-packages/airflow/cli/commands/task_command.py", line 256, in _run_task_by_selected_method
    return _run_raw_task(args, ti)
           ^^^^^^^^^^^^^^^^^^^^^^^
  File "/home/mohammed/venv/lib/python3.11/site-packages/airflow/cli/commands/task_command.py", line 341, in _run_raw_task
    return ti._run_raw_task(
           ^^^^^^^^^^^^^^^^^
  File "/home/mohammed/venv/lib/python3.11/site-packages/airflow/utils/session.py", line 97, in wrapper
    return func(*args, session=session, **kwargs)
           ^^^^^^^^^^^^^^^^^^^^^^^^^^^^^^^^^^^^^^
  File "/home/mohammed/venv/lib/python3.11/site-packages/airflow/models/taskinstance.py", line 3006, in _run_raw_task
    return _run_raw_task(
           ^^^^^^^^^^^^^^
  File "/home/mohammed/venv/lib/python3.11/site-packages/airflow/models/taskinstance.py", line 274, in _run_raw_task
    TaskInstance._execute_task_with_callbacks(
  File "/home/mohammed/venv/lib/python3.11/site-packages/airflow/models/taskinstance.py", line 3161, in _execute_task_with_callbacks
    result = self._execute_task(context, task_orig)
             ^^^^^^^^^^^^^^^^^^^^^^^^^^^^^^^^^^^^^^
  File "/home/mohammed/venv/lib/python3.11/site-packages/airflow/models/taskinstance.py", line 3185, in _execute_task
    return _execute_task(self, context, task_orig)
           ^^^^^^^^^^^^^^^^^^^^^^^^^^^^^^^^^^^^^^^
  File "/home/mohammed/venv/lib/python3.11/site-packages/airflow/models/taskinstance.py", line 768, in _execute_task
    result = _execute_callable(context=context, **execute_callable_kwargs)
             ^^^^^^^^^^^^^^^^^^^^^^^^^^^^^^^^^^^^^^^^^^^^^^^^^^^^^^^^^^^^^
  File "/home/mohammed/venv/lib/python3.11/site-packages/airflow/models/taskinstance.py", line 734, in _execute_callable
    return ExecutionCallableRunner(
           ^^^^^^^^^^^^^^^^^^^^^^^^
  File "/home/mohammed/venv/lib/python3.11/site-packages/airflow/utils/operator_helpers.py", line 252, in run
    return self.func(*args, **kwargs)
           ^^^^^^^^^^^^^^^^^^^^^^^^^^
  File "/home/mohammed/venv/lib/python3.11/site-packages/airflow/models/baseoperator.py", line 424, in wrapper
    return func(self, *args, **kwargs)
           ^^^^^^^^^^^^^^^^^^^^^^^^^^^
  File "/home/mohammed/venv/lib/python3.11/site-packages/airflow/operators/bash.py", line 276, in execute
    raise AirflowException(
airflow.exceptions.AirflowException: Bash command failed. The command returned a non-zero exit code 1.
[2025-03-28T22:55:44.892+0000] {local_task_job_runner.py:266} INFO - Task exited with return code 1
[2025-03-28T22:55:44.954+0000] {taskinstance.py:3901} INFO - 0 downstream tasks scheduled from follow-on schedule check
[2025-03-28T22:55:44.957+0000] {local_task_job_runner.py:245} INFO - ::endgroup::
