[2025-03-18T19:54:51.270+0000] {local_task_job_runner.py:123} INFO - ::group::Pre task execution logs
[2025-03-18T19:54:51.333+0000] {taskinstance.py:2614} INFO - Dependencies all met for dep_context=non-requeueable deps ti=<TaskInstance: process_clean_reviews.sentiment_analysis manual__2025-03-18T19:49:22.435102+00:00 [queued]>
[2025-03-18T19:54:51.360+0000] {taskinstance.py:2614} INFO - Dependencies all met for dep_context=requeueable deps ti=<TaskInstance: process_clean_reviews.sentiment_analysis manual__2025-03-18T19:49:22.435102+00:00 [queued]>
[2025-03-18T19:54:51.360+0000] {taskinstance.py:2867} INFO - Starting attempt 2 of 2
[2025-03-18T19:54:51.404+0000] {taskinstance.py:2890} INFO - Executing <Task(BashOperator): sentiment_analysis> on 2025-03-18 19:49:22.435102+00:00
[2025-03-18T19:54:51.419+0000] {standard_task_runner.py:72} INFO - Started process 73361 to run task
[2025-03-18T19:54:51.426+0000] {standard_task_runner.py:104} INFO - Running: ['airflow', 'tasks', 'run', 'process_clean_reviews', 'sentiment_analysis', 'manual__2025-03-18T19:49:22.435102+00:00', '--job-id', '1207', '--raw', '--subdir', 'DAGS_FOLDER/process_clean_reviews.py', '--cfg-path', '/tmp/tmpf3gkh2e7']
[2025-03-18T19:54:51.431+0000] {standard_task_runner.py:105} INFO - Job 1207: Subtask sentiment_analysis
[2025-03-18T19:54:51.640+0000] {task_command.py:467} INFO - Running <TaskInstance: process_clean_reviews.sentiment_analysis manual__2025-03-18T19:49:22.435102+00:00 [running]> on host DESKTOP-IM7V4RI.
[2025-03-18T19:54:51.939+0000] {taskinstance.py:3134} INFO - Exporting env vars: AIRFLOW_CTX_DAG_OWNER='airflow' AIRFLOW_CTX_DAG_ID='process_clean_reviews' AIRFLOW_CTX_TASK_ID='sentiment_analysis' AIRFLOW_CTX_EXECUTION_DATE='2025-03-18T19:49:22.435102+00:00' AIRFLOW_CTX_TRY_NUMBER='2' AIRFLOW_CTX_DAG_RUN_ID='manual__2025-03-18T19:49:22.435102+00:00'
[2025-03-18T19:54:51.941+0000] {logging_mixin.py:190} INFO - Task instance is in running state
[2025-03-18T19:54:51.942+0000] {logging_mixin.py:190} INFO -  Previous state of the Task instance: queued
[2025-03-18T19:54:51.943+0000] {logging_mixin.py:190} INFO - Current task name:sentiment_analysis state:running start_date:2025-03-18 19:54:51.333743+00:00
[2025-03-18T19:54:51.943+0000] {logging_mixin.py:190} INFO - Dag name:process_clean_reviews and current dag run status:running
[2025-03-18T19:54:51.944+0000] {taskinstance.py:732} INFO - ::endgroup::
[2025-03-18T19:54:51.945+0000] {subprocess.py:78} INFO - Tmp dir root location: /tmp
[2025-03-18T19:54:51.948+0000] {subprocess.py:88} INFO - Running command: ['/usr/bin/bash', '-c', 'python3 /home/mohammed/airflow/scripts/sentiment_analysis.py']
[2025-03-18T19:54:51.972+0000] {subprocess.py:99} INFO - Output:
[2025-03-18T19:54:57.129+0000] {subprocess.py:106} INFO - /home/mohammed/venv/lib/python3.11/site-packages/fuzzywuzzy/fuzz.py:11: UserWarning: Using slow pure-python SequenceMatcher. Install python-Levenshtein to remove this warning
[2025-03-18T19:54:57.130+0000] {subprocess.py:106} INFO -   warnings.warn('Using slow pure-python SequenceMatcher. Install python-Levenshtein to remove this warning')
[2025-03-18T19:55:06.380+0000] {subprocess.py:106} INFO - [nltk_data] Downloading package vader_lexicon to
[2025-03-18T19:55:06.381+0000] {subprocess.py:106} INFO - [nltk_data]     /home/mohammed/nltk_data...
[2025-03-18T19:55:06.382+0000] {subprocess.py:106} INFO - [nltk_data]   Package vader_lexicon is already up-to-date!
[2025-03-18T19:55:06.383+0000] {subprocess.py:106} INFO - Traceback (most recent call last):
[2025-03-18T19:55:06.384+0000] {subprocess.py:106} INFO -   File "/home/mohammed/airflow/scripts/sentiment_analysis.py", line 68, in <module>
[2025-03-18T19:55:06.385+0000] {subprocess.py:106} INFO -     sia_en = SentimentIntensityAnalyzer(model_name)  # English VADER
[2025-03-18T19:55:06.385+0000] {subprocess.py:106} INFO -              ^^^^^^^^^^^^^^^^^^^^^^^^^^^^^^^^^^^^^^
[2025-03-18T19:55:06.396+0000] {subprocess.py:106} INFO -   File "/home/mohammed/venv/lib/python3.11/site-packages/nltk/sentiment/vader.py", line 340, in __init__
[2025-03-18T19:55:06.397+0000] {subprocess.py:106} INFO -     self.lexicon_file = nltk.data.load(lexicon_file)
[2025-03-18T19:55:06.398+0000] {subprocess.py:106} INFO -                         ^^^^^^^^^^^^^^^^^^^^^^^^^^^^
[2025-03-18T19:55:06.398+0000] {subprocess.py:106} INFO -   File "/home/mohammed/venv/lib/python3.11/site-packages/nltk/data.py", line 799, in load
[2025-03-18T19:55:06.399+0000] {subprocess.py:106} INFO -     raise ValueError(
[2025-03-18T19:55:06.400+0000] {subprocess.py:106} INFO - ValueError: Could not determine format for nltk:CAMeL-Lab/bert-base-arabic-camelbert-da based on its file
[2025-03-18T19:55:06.400+0000] {subprocess.py:106} INFO - extension; use the "format" argument to specify the format explicitly.
[2025-03-18T19:55:09.361+0000] {subprocess.py:110} INFO - Command exited with return code 1
[2025-03-18T19:55:09.414+0000] {taskinstance.py:3313} ERROR - Task failed with exception
Traceback (most recent call last):
  File "/home/mohammed/venv/lib/python3.11/site-packages/airflow/models/taskinstance.py", line 768, in _execute_task
    result = _execute_callable(context=context, **execute_callable_kwargs)
             ^^^^^^^^^^^^^^^^^^^^^^^^^^^^^^^^^^^^^^^^^^^^^^^^^^^^^^^^^^^^^
  File "/home/mohammed/venv/lib/python3.11/site-packages/airflow/models/taskinstance.py", line 734, in _execute_callable
    return ExecutionCallableRunner(
           ^^^^^^^^^^^^^^^^^^^^^^^^
  File "/home/mohammed/venv/lib/python3.11/site-packages/airflow/utils/operator_helpers.py", line 252, in run
    return self.func(*args, **kwargs)
           ^^^^^^^^^^^^^^^^^^^^^^^^^^
  File "/home/mohammed/venv/lib/python3.11/site-packages/airflow/models/baseoperator.py", line 424, in wrapper
    return func(self, *args, **kwargs)
           ^^^^^^^^^^^^^^^^^^^^^^^^^^^
  File "/home/mohammed/venv/lib/python3.11/site-packages/airflow/operators/bash.py", line 276, in execute
    raise AirflowException(
airflow.exceptions.AirflowException: Bash command failed. The command returned a non-zero exit code 1.
[2025-03-18T19:55:09.433+0000] {logging_mixin.py:190} INFO - Task instance in failure state
[2025-03-18T19:55:09.434+0000] {logging_mixin.py:190} INFO - Task start:2025-03-18 19:54:51.333743+00:00 end:2025-03-18 19:55:09.429363+00:00 duration:18.09562
[2025-03-18T19:55:09.435+0000] {logging_mixin.py:190} INFO - Task:<Task(BashOperator): sentiment_analysis> dag:<DAG: process_clean_reviews> dagrun:<DagRun process_clean_reviews @ 2025-03-18 19:49:22.435102+00:00: manual__2025-03-18T19:49:22.435102+00:00, state:running, queued_at: 2025-03-18 19:49:22.866173+00:00. externally triggered: True>
[2025-03-18T19:55:09.435+0000] {logging_mixin.py:190} INFO - Failure caused by Bash command failed. The command returned a non-zero exit code 1.
[2025-03-18T19:55:09.436+0000] {taskinstance.py:1226} INFO - Marking task as FAILED. dag_id=process_clean_reviews, task_id=sentiment_analysis, run_id=manual__2025-03-18T19:49:22.435102+00:00, execution_date=20250318T194922, start_date=20250318T195451, end_date=20250318T195509
[2025-03-18T19:55:09.589+0000] {taskinstance.py:341} INFO - ::group::Post task execution logs
[2025-03-18T19:55:09.591+0000] {standard_task_runner.py:124} ERROR - Failed to execute job 1207 for task sentiment_analysis (Bash command failed. The command returned a non-zero exit code 1.; 73361)
Traceback (most recent call last):
  File "/home/mohammed/venv/lib/python3.11/site-packages/airflow/task/task_runner/standard_task_runner.py", line 117, in _start_by_fork
    ret = args.func(args, dag=self.dag)
          ^^^^^^^^^^^^^^^^^^^^^^^^^^^^^
  File "/home/mohammed/venv/lib/python3.11/site-packages/airflow/cli/cli_config.py", line 49, in command
    return func(*args, **kwargs)
           ^^^^^^^^^^^^^^^^^^^^^
  File "/home/mohammed/venv/lib/python3.11/site-packages/airflow/utils/cli.py", line 116, in wrapper
    return f(*args, **kwargs)
           ^^^^^^^^^^^^^^^^^^
  File "/home/mohammed/venv/lib/python3.11/site-packages/airflow/cli/commands/task_command.py", line 483, in task_run
    task_return_code = _run_task_by_selected_method(args, _dag, ti)
                       ^^^^^^^^^^^^^^^^^^^^^^^^^^^^^^^^^^^^^^^^^^^^
  File "/home/mohammed/venv/lib/python3.11/site-packages/airflow/cli/commands/task_command.py", line 256, in _run_task_by_selected_method
    return _run_raw_task(args, ti)
           ^^^^^^^^^^^^^^^^^^^^^^^
  File "/home/mohammed/venv/lib/python3.11/site-packages/airflow/cli/commands/task_command.py", line 341, in _run_raw_task
    return ti._run_raw_task(
           ^^^^^^^^^^^^^^^^^
  File "/home/mohammed/venv/lib/python3.11/site-packages/airflow/utils/session.py", line 97, in wrapper
    return func(*args, session=session, **kwargs)
           ^^^^^^^^^^^^^^^^^^^^^^^^^^^^^^^^^^^^^^
  File "/home/mohammed/venv/lib/python3.11/site-packages/airflow/models/taskinstance.py", line 3006, in _run_raw_task
    return _run_raw_task(
           ^^^^^^^^^^^^^^
  File "/home/mohammed/venv/lib/python3.11/site-packages/airflow/models/taskinstance.py", line 274, in _run_raw_task
    TaskInstance._execute_task_with_callbacks(
  File "/home/mohammed/venv/lib/python3.11/site-packages/airflow/models/taskinstance.py", line 3161, in _execute_task_with_callbacks
    result = self._execute_task(context, task_orig)
             ^^^^^^^^^^^^^^^^^^^^^^^^^^^^^^^^^^^^^^
  File "/home/mohammed/venv/lib/python3.11/site-packages/airflow/models/taskinstance.py", line 3185, in _execute_task
    return _execute_task(self, context, task_orig)
           ^^^^^^^^^^^^^^^^^^^^^^^^^^^^^^^^^^^^^^^
  File "/home/mohammed/venv/lib/python3.11/site-packages/airflow/models/taskinstance.py", line 768, in _execute_task
    result = _execute_callable(context=context, **execute_callable_kwargs)
             ^^^^^^^^^^^^^^^^^^^^^^^^^^^^^^^^^^^^^^^^^^^^^^^^^^^^^^^^^^^^^
  File "/home/mohammed/venv/lib/python3.11/site-packages/airflow/models/taskinstance.py", line 734, in _execute_callable
    return ExecutionCallableRunner(
           ^^^^^^^^^^^^^^^^^^^^^^^^
  File "/home/mohammed/venv/lib/python3.11/site-packages/airflow/utils/operator_helpers.py", line 252, in run
    return self.func(*args, **kwargs)
           ^^^^^^^^^^^^^^^^^^^^^^^^^^
  File "/home/mohammed/venv/lib/python3.11/site-packages/airflow/models/baseoperator.py", line 424, in wrapper
    return func(self, *args, **kwargs)
           ^^^^^^^^^^^^^^^^^^^^^^^^^^^
  File "/home/mohammed/venv/lib/python3.11/site-packages/airflow/operators/bash.py", line 276, in execute
    raise AirflowException(
airflow.exceptions.AirflowException: Bash command failed. The command returned a non-zero exit code 1.
[2025-03-18T19:55:09.652+0000] {local_task_job_runner.py:266} INFO - Task exited with return code 1
[2025-03-18T19:55:09.773+0000] {taskinstance.py:3901} INFO - 0 downstream tasks scheduled from follow-on schedule check
[2025-03-18T19:55:09.788+0000] {local_task_job_runner.py:245} INFO - ::endgroup::
