[2025-03-17T00:17:55.210+0000] {local_task_job_runner.py:123} INFO - ::group::Pre task execution logs
[2025-03-17T00:17:55.289+0000] {taskinstance.py:2614} INFO - Dependencies all met for dep_context=non-requeueable deps ti=<TaskInstance: load_reviews_pipeline.dbt_run scheduled__2024-04-09T00:00:00+00:00 [queued]>
[2025-03-17T00:17:55.312+0000] {taskinstance.py:2614} INFO - Dependencies all met for dep_context=requeueable deps ti=<TaskInstance: load_reviews_pipeline.dbt_run scheduled__2024-04-09T00:00:00+00:00 [queued]>
[2025-03-17T00:17:55.313+0000] {taskinstance.py:2867} INFO - Starting attempt 2 of 2
[2025-03-17T00:17:55.366+0000] {taskinstance.py:2890} INFO - Executing <Task(BashOperator): dbt_run> on 2024-04-09 00:00:00+00:00
[2025-03-17T00:17:55.390+0000] {standard_task_runner.py:72} INFO - Started process 251578 to run task
[2025-03-17T00:17:55.397+0000] {standard_task_runner.py:104} INFO - Running: ['airflow', 'tasks', 'run', 'load_reviews_pipeline', 'dbt_run', 'scheduled__2024-04-09T00:00:00+00:00', '--job-id', '164', '--raw', '--subdir', 'DAGS_FOLDER/dag_load_reviews.py', '--cfg-path', '/tmp/tmp0_5f7k0b']
[2025-03-17T00:17:55.399+0000] {standard_task_runner.py:105} INFO - Job 164: Subtask dbt_run
[2025-03-17T00:17:55.574+0000] {task_command.py:467} INFO - Running <TaskInstance: load_reviews_pipeline.dbt_run scheduled__2024-04-09T00:00:00+00:00 [running]> on host DESKTOP-IM7V4RI.
[2025-03-17T00:17:55.858+0000] {taskinstance.py:3134} INFO - Exporting env vars: AIRFLOW_CTX_DAG_OWNER='mohammed' AIRFLOW_CTX_DAG_ID='load_reviews_pipeline' AIRFLOW_CTX_TASK_ID='dbt_run' AIRFLOW_CTX_EXECUTION_DATE='2024-04-09T00:00:00+00:00' AIRFLOW_CTX_TRY_NUMBER='2' AIRFLOW_CTX_DAG_RUN_ID='scheduled__2024-04-09T00:00:00+00:00'
[2025-03-17T00:17:55.861+0000] {logging_mixin.py:190} INFO - Task instance is in running state
[2025-03-17T00:17:55.862+0000] {logging_mixin.py:190} INFO -  Previous state of the Task instance: queued
[2025-03-17T00:17:55.862+0000] {logging_mixin.py:190} INFO - Current task name:dbt_run state:running start_date:2025-03-17 00:17:55.290357+00:00
[2025-03-17T00:17:55.863+0000] {logging_mixin.py:190} INFO - Dag name:load_reviews_pipeline and current dag run status:running
[2025-03-17T00:17:55.863+0000] {taskinstance.py:732} INFO - ::endgroup::
[2025-03-17T00:17:55.864+0000] {subprocess.py:78} INFO - Tmp dir root location: /tmp
[2025-03-17T00:17:55.866+0000] {subprocess.py:88} INFO - Running command: ['/usr/bin/bash', '-c', 'cd /home/mohammed/.dbt/bank_reviews_project && dbt run']
[2025-03-17T00:17:55.897+0000] {subprocess.py:99} INFO - Output:
[2025-03-17T00:18:02.167+0000] {subprocess.py:106} INFO - [0m00:18:02  Running with dbt=1.9.3
[2025-03-17T00:18:04.329+0000] {subprocess.py:106} INFO - [0m00:18:04  Registered adapter: postgres=1.9.0
[2025-03-17T00:18:08.552+0000] {subprocess.py:106} INFO - [0m00:18:08  Found 6 models, 4 data tests, 2 sources, 433 macros
[2025-03-17T00:18:08.624+0000] {subprocess.py:106} INFO - [0m00:18:08
[2025-03-17T00:18:08.643+0000] {subprocess.py:106} INFO - [0m00:18:08  Concurrency: 4 threads (target='dev')
[2025-03-17T00:18:08.649+0000] {subprocess.py:106} INFO - [0m00:18:08
[2025-03-17T00:18:10.110+0000] {subprocess.py:106} INFO - [0m00:18:10  1 of 6 START sql view model public.clean_reviews ............................... [RUN]
[2025-03-17T00:18:10.122+0000] {subprocess.py:106} INFO - [0m00:18:10  2 of 6 START sql table model public.my_first_dbt_model ......................... [RUN]
[2025-03-17T00:18:10.175+0000] {subprocess.py:106} INFO - [0m00:18:10  4 of 6 START sql view model public.stg_clean_reviews ........................... [RUN]
[2025-03-17T00:18:10.211+0000] {subprocess.py:106} INFO - [0m00:18:10  3 of 6 START sql view model public.remove_duplicates ........................... [RUN]
[2025-03-17T00:18:12.257+0000] {subprocess.py:106} INFO - [0m00:18:12  4 of 6 ERROR creating sql view model public.stg_clean_reviews .................. [[31mERROR[0m in 1.84s]
[2025-03-17T00:18:12.287+0000] {subprocess.py:106} INFO - [0m00:18:12  5 of 6 SKIP relation public.dwh_model .......................................... [[33mSKIP[0m]
[2025-03-17T00:18:13.089+0000] {subprocess.py:106} INFO - [0m00:18:13  2 of 6 ERROR creating sql table model public.my_first_dbt_model ................ [[31mERROR[0m in 2.93s]
[2025-03-17T00:18:13.112+0000] {subprocess.py:106} INFO - [0m00:18:13  6 of 6 SKIP relation public.my_second_dbt_model ................................ [[33mSKIP[0m]
[2025-03-17T00:18:13.173+0000] {subprocess.py:106} INFO - [0m00:18:13  3 of 6 OK created sql view model public.remove_duplicates ...................... [[32mCREATE VIEW[0m in 2.93s]
[2025-03-17T00:18:13.405+0000] {subprocess.py:106} INFO - [0m00:18:13  1 of 6 OK created sql view model public.clean_reviews .......................... [[32mCREATE VIEW[0m in 3.27s]
[2025-03-17T00:18:13.683+0000] {subprocess.py:106} INFO - [0m00:18:13
[2025-03-17T00:18:13.686+0000] {subprocess.py:106} INFO - [0m00:18:13  Finished running 1 table model, 5 view models in 0 hours 0 minutes and 5.03 seconds (5.03s).
[2025-03-17T00:18:16.620+0000] {subprocess.py:106} INFO - [0m00:18:16
[2025-03-17T00:18:16.625+0000] {subprocess.py:106} INFO - [0m00:18:16  [31mCompleted with 2 errors, 0 partial successes, and 0 warnings:[0m
[2025-03-17T00:18:16.637+0000] {subprocess.py:106} INFO - [0m00:18:16
[2025-03-17T00:18:16.667+0000] {subprocess.py:106} INFO - [0m00:18:16    Database Error in model stg_clean_reviews (models/stg_clean_reviews.sql)
[2025-03-17T00:18:16.668+0000] {subprocess.py:106} INFO -   syntax error at or near ";"
[2025-03-17T00:18:16.670+0000] {subprocess.py:106} INFO -   LINE 23: SELECT * FROM clean_data;
[2025-03-17T00:18:16.671+0000] {subprocess.py:106} INFO -                                    ^
[2025-03-17T00:18:16.673+0000] {subprocess.py:106} INFO -   compiled code at target/run/bank_reviews_project/models/stg_clean_reviews.sql
[2025-03-17T00:18:16.681+0000] {subprocess.py:106} INFO - [0m00:18:16
[2025-03-17T00:18:16.691+0000] {subprocess.py:106} INFO - [0m00:18:16    Database Error in model my_first_dbt_model (models/example/my_first_dbt_model.sql)
[2025-03-17T00:18:16.692+0000] {subprocess.py:106} INFO -   relation "my_first_dbt_model__dbt_backup" already exists
[2025-03-17T00:18:16.692+0000] {subprocess.py:106} INFO -   compiled code at target/run/bank_reviews_project/models/example/my_first_dbt_model.sql
[2025-03-17T00:18:16.694+0000] {subprocess.py:106} INFO - [0m00:18:16
[2025-03-17T00:18:16.698+0000] {subprocess.py:106} INFO - [0m00:18:16  Done. PASS=2 WARN=0 ERROR=2 SKIP=2 TOTAL=6
[2025-03-17T00:18:21.218+0000] {subprocess.py:110} INFO - Command exited with return code 1
[2025-03-17T00:18:22.283+0000] {taskinstance.py:3313} ERROR - Task failed with exception
Traceback (most recent call last):
  File "/home/mohammed/venv/lib/python3.11/site-packages/airflow/models/taskinstance.py", line 768, in _execute_task
    result = _execute_callable(context=context, **execute_callable_kwargs)
             ^^^^^^^^^^^^^^^^^^^^^^^^^^^^^^^^^^^^^^^^^^^^^^^^^^^^^^^^^^^^^
  File "/home/mohammed/venv/lib/python3.11/site-packages/airflow/models/taskinstance.py", line 734, in _execute_callable
    return ExecutionCallableRunner(
           ^^^^^^^^^^^^^^^^^^^^^^^^
  File "/home/mohammed/venv/lib/python3.11/site-packages/airflow/utils/operator_helpers.py", line 252, in run
    return self.func(*args, **kwargs)
           ^^^^^^^^^^^^^^^^^^^^^^^^^^
  File "/home/mohammed/venv/lib/python3.11/site-packages/airflow/models/baseoperator.py", line 424, in wrapper
    return func(self, *args, **kwargs)
           ^^^^^^^^^^^^^^^^^^^^^^^^^^^
  File "/home/mohammed/venv/lib/python3.11/site-packages/airflow/operators/bash.py", line 276, in execute
    raise AirflowException(
airflow.exceptions.AirflowException: Bash command failed. The command returned a non-zero exit code 1.
[2025-03-17T00:18:22.526+0000] {logging_mixin.py:190} INFO - Task instance in failure state
[2025-03-17T00:18:22.527+0000] {logging_mixin.py:190} INFO - Task start:2025-03-17 00:17:55.290357+00:00 end:2025-03-17 00:18:22.422122+00:00 duration:27.131765
[2025-03-17T00:18:22.537+0000] {logging_mixin.py:190} INFO - Task:<Task(BashOperator): dbt_run> dag:<DAG: load_reviews_pipeline> dagrun:<DagRun load_reviews_pipeline @ 2024-04-09 00:00:00+00:00: scheduled__2024-04-09T00:00:00+00:00, state:running, queued_at: 2025-03-17 00:09:41.941848+00:00. externally triggered: False>
[2025-03-17T00:18:22.574+0000] {logging_mixin.py:190} INFO - Failure caused by Bash command failed. The command returned a non-zero exit code 1.
[2025-03-17T00:18:22.596+0000] {taskinstance.py:1226} INFO - Marking task as FAILED. dag_id=load_reviews_pipeline, task_id=dbt_run, run_id=scheduled__2024-04-09T00:00:00+00:00, execution_date=20240409T000000, start_date=20250317T001755, end_date=20250317T001822
[2025-03-17T00:18:23.928+0000] {taskinstance.py:341} INFO - ::group::Post task execution logs
[2025-03-17T00:18:23.954+0000] {standard_task_runner.py:124} ERROR - Failed to execute job 164 for task dbt_run (Bash command failed. The command returned a non-zero exit code 1.; 251578)
Traceback (most recent call last):
  File "/home/mohammed/venv/lib/python3.11/site-packages/airflow/task/task_runner/standard_task_runner.py", line 117, in _start_by_fork
    ret = args.func(args, dag=self.dag)
          ^^^^^^^^^^^^^^^^^^^^^^^^^^^^^
  File "/home/mohammed/venv/lib/python3.11/site-packages/airflow/cli/cli_config.py", line 49, in command
    return func(*args, **kwargs)
           ^^^^^^^^^^^^^^^^^^^^^
  File "/home/mohammed/venv/lib/python3.11/site-packages/airflow/utils/cli.py", line 116, in wrapper
    return f(*args, **kwargs)
           ^^^^^^^^^^^^^^^^^^
  File "/home/mohammed/venv/lib/python3.11/site-packages/airflow/cli/commands/task_command.py", line 483, in task_run
    task_return_code = _run_task_by_selected_method(args, _dag, ti)
                       ^^^^^^^^^^^^^^^^^^^^^^^^^^^^^^^^^^^^^^^^^^^^
  File "/home/mohammed/venv/lib/python3.11/site-packages/airflow/cli/commands/task_command.py", line 256, in _run_task_by_selected_method
    return _run_raw_task(args, ti)
           ^^^^^^^^^^^^^^^^^^^^^^^
  File "/home/mohammed/venv/lib/python3.11/site-packages/airflow/cli/commands/task_command.py", line 341, in _run_raw_task
    return ti._run_raw_task(
           ^^^^^^^^^^^^^^^^^
  File "/home/mohammed/venv/lib/python3.11/site-packages/airflow/utils/session.py", line 97, in wrapper
    return func(*args, session=session, **kwargs)
           ^^^^^^^^^^^^^^^^^^^^^^^^^^^^^^^^^^^^^^
  File "/home/mohammed/venv/lib/python3.11/site-packages/airflow/models/taskinstance.py", line 3006, in _run_raw_task
    return _run_raw_task(
           ^^^^^^^^^^^^^^
  File "/home/mohammed/venv/lib/python3.11/site-packages/airflow/models/taskinstance.py", line 274, in _run_raw_task
    TaskInstance._execute_task_with_callbacks(
  File "/home/mohammed/venv/lib/python3.11/site-packages/airflow/models/taskinstance.py", line 3161, in _execute_task_with_callbacks
    result = self._execute_task(context, task_orig)
             ^^^^^^^^^^^^^^^^^^^^^^^^^^^^^^^^^^^^^^
  File "/home/mohammed/venv/lib/python3.11/site-packages/airflow/models/taskinstance.py", line 3185, in _execute_task
    return _execute_task(self, context, task_orig)
           ^^^^^^^^^^^^^^^^^^^^^^^^^^^^^^^^^^^^^^^
  File "/home/mohammed/venv/lib/python3.11/site-packages/airflow/models/taskinstance.py", line 768, in _execute_task
    result = _execute_callable(context=context, **execute_callable_kwargs)
             ^^^^^^^^^^^^^^^^^^^^^^^^^^^^^^^^^^^^^^^^^^^^^^^^^^^^^^^^^^^^^
  File "/home/mohammed/venv/lib/python3.11/site-packages/airflow/models/taskinstance.py", line 734, in _execute_callable
    return ExecutionCallableRunner(
           ^^^^^^^^^^^^^^^^^^^^^^^^
  File "/home/mohammed/venv/lib/python3.11/site-packages/airflow/utils/operator_helpers.py", line 252, in run
    return self.func(*args, **kwargs)
           ^^^^^^^^^^^^^^^^^^^^^^^^^^
  File "/home/mohammed/venv/lib/python3.11/site-packages/airflow/models/baseoperator.py", line 424, in wrapper
    return func(self, *args, **kwargs)
           ^^^^^^^^^^^^^^^^^^^^^^^^^^^
  File "/home/mohammed/venv/lib/python3.11/site-packages/airflow/operators/bash.py", line 276, in execute
    raise AirflowException(
airflow.exceptions.AirflowException: Bash command failed. The command returned a non-zero exit code 1.
[2025-03-17T00:18:24.970+0000] {local_task_job_runner.py:266} INFO - Task exited with return code 1
[2025-03-17T00:18:25.331+0000] {local_task_job_runner.py:245} INFO - ::endgroup::
