[2025-05-30T15:01:28.820+0100] {local_task_job_runner.py:123} INFO - ::group::Pre task execution logs
[2025-05-30T15:01:29.060+0100] {taskinstance.py:2614} INFO - Dependencies all met for dep_context=non-requeueable deps ti=<TaskInstance: bank_reviews_etl_and_analysis_pipeline.dbt_run_decisionnal manual__2025-05-30T14:01:18.262330+00:00 [queued]>
[2025-05-30T15:01:29.151+0100] {taskinstance.py:2614} INFO - Dependencies all met for dep_context=requeueable deps ti=<TaskInstance: bank_reviews_etl_and_analysis_pipeline.dbt_run_decisionnal manual__2025-05-30T14:01:18.262330+00:00 [queued]>
[2025-05-30T15:01:29.152+0100] {taskinstance.py:2867} INFO - Starting attempt 1 of 2
[2025-05-30T15:01:29.295+0100] {taskinstance.py:2890} INFO - Executing <Task(BashOperator): dbt_run_decisionnal> on 2025-05-30 14:01:18.262330+00:00
[2025-05-30T15:01:29.346+0100] {standard_task_runner.py:72} INFO - Started process 178209 to run task
[2025-05-30T15:01:29.365+0100] {standard_task_runner.py:104} INFO - Running: ['airflow', 'tasks', 'run', 'bank_reviews_etl_and_analysis_pipeline', 'dbt_run_decisionnal', 'manual__2025-05-30T14:01:18.262330+00:00', '--job-id', '2580', '--raw', '--subdir', 'DAGS_FOLDER/dag_load_reviews.py', '--cfg-path', '/tmp/tmp7befhgl1']
[2025-05-30T15:01:29.377+0100] {standard_task_runner.py:105} INFO - Job 2580: Subtask dbt_run_decisionnal
[2025-05-30T15:01:29.908+0100] {task_command.py:467} INFO - Running <TaskInstance: bank_reviews_etl_and_analysis_pipeline.dbt_run_decisionnal manual__2025-05-30T14:01:18.262330+00:00 [running]> on host DESKTOP-IM7V4RI.
[2025-05-30T15:01:31.178+0100] {taskinstance.py:3134} INFO - Exporting env vars: AIRFLOW_CTX_DAG_OWNER='mohammed' AIRFLOW_CTX_DAG_ID='bank_reviews_etl_and_analysis_pipeline' AIRFLOW_CTX_TASK_ID='dbt_run_decisionnal' AIRFLOW_CTX_EXECUTION_DATE='2025-05-30T14:01:18.262330+00:00' AIRFLOW_CTX_TRY_NUMBER='1' AIRFLOW_CTX_DAG_RUN_ID='manual__2025-05-30T14:01:18.262330+00:00'
[2025-05-30T15:01:31.182+0100] {logging_mixin.py:190} INFO - Task instance is in running state
[2025-05-30T15:01:31.183+0100] {logging_mixin.py:190} INFO -  Previous state of the Task instance: queued
[2025-05-30T15:01:31.183+0100] {logging_mixin.py:190} INFO - Current task name:dbt_run_decisionnal state:running start_date:2025-05-30 14:01:29.061652+00:00
[2025-05-30T15:01:31.184+0100] {logging_mixin.py:190} INFO - Dag name:bank_reviews_etl_and_analysis_pipeline and current dag run status:running
[2025-05-30T15:01:31.185+0100] {taskinstance.py:732} INFO - ::endgroup::
[2025-05-30T15:01:31.211+0100] {subprocess.py:78} INFO - Tmp dir root location: /tmp
[2025-05-30T15:01:31.221+0100] {subprocess.py:88} INFO - Running command: ['/usr/bin/bash', '-c', 'cd /home/mohammed/.dbt/dbt_projects/bank_reviews_decisionnal && dbt run --full-refresh']
[2025-05-30T15:01:31.283+0100] {subprocess.py:99} INFO - Output:
[2025-05-30T15:01:42.437+0100] {subprocess.py:106} INFO - [0m14:01:42  Running with dbt=1.9.3
[2025-05-30T15:01:42.452+0100] {subprocess.py:106} INFO - [0m14:01:42  Encountered an error:
[2025-05-30T15:01:42.452+0100] {subprocess.py:106} INFO - Runtime Error
[2025-05-30T15:01:42.453+0100] {subprocess.py:106} INFO -   Could not find profile named 'bank_reviews_decisionnal'
[2025-05-30T15:01:43.842+0100] {subprocess.py:110} INFO - Command exited with return code 2
[2025-05-30T15:01:43.878+0100] {taskinstance.py:3313} ERROR - Task failed with exception
Traceback (most recent call last):
  File "/home/mohammed/venv/lib/python3.11/site-packages/airflow/models/taskinstance.py", line 768, in _execute_task
    result = _execute_callable(context=context, **execute_callable_kwargs)
             ^^^^^^^^^^^^^^^^^^^^^^^^^^^^^^^^^^^^^^^^^^^^^^^^^^^^^^^^^^^^^
  File "/home/mohammed/venv/lib/python3.11/site-packages/airflow/models/taskinstance.py", line 734, in _execute_callable
    return ExecutionCallableRunner(
           ^^^^^^^^^^^^^^^^^^^^^^^^
  File "/home/mohammed/venv/lib/python3.11/site-packages/airflow/utils/operator_helpers.py", line 252, in run
    return self.func(*args, **kwargs)
           ^^^^^^^^^^^^^^^^^^^^^^^^^^
  File "/home/mohammed/venv/lib/python3.11/site-packages/airflow/models/baseoperator.py", line 424, in wrapper
    return func(self, *args, **kwargs)
           ^^^^^^^^^^^^^^^^^^^^^^^^^^^
  File "/home/mohammed/venv/lib/python3.11/site-packages/airflow/operators/bash.py", line 276, in execute
    raise AirflowException(
airflow.exceptions.AirflowException: Bash command failed. The command returned a non-zero exit code 2.
[2025-05-30T15:01:43.925+0100] {logging_mixin.py:190} INFO - Task instance in failure state
[2025-05-30T15:01:43.926+0100] {logging_mixin.py:190} INFO - Task start:2025-05-30 14:01:29.061652+00:00 end:2025-05-30 14:01:43.912984+00:00 duration:14.851332
[2025-05-30T15:01:43.926+0100] {logging_mixin.py:190} INFO - Task:<Task(BashOperator): dbt_run_decisionnal> dag:<DAG: bank_reviews_etl_and_analysis_pipeline> dagrun:<DagRun bank_reviews_etl_and_analysis_pipeline @ 2025-05-30 14:01:18.262330+00:00: manual__2025-05-30T14:01:18.262330+00:00, state:running, queued_at: 2025-05-30 14:01:18.834489+00:00. externally triggered: True>
[2025-05-30T15:01:43.927+0100] {logging_mixin.py:190} INFO - Failure caused by Bash command failed. The command returned a non-zero exit code 2.
[2025-05-30T15:01:43.928+0100] {taskinstance.py:1226} INFO - Marking task as UP_FOR_RETRY. dag_id=bank_reviews_etl_and_analysis_pipeline, task_id=dbt_run_decisionnal, run_id=manual__2025-05-30T14:01:18.262330+00:00, execution_date=20250530T140118, start_date=20250530T140129, end_date=20250530T140143
[2025-05-30T15:01:44.113+0100] {taskinstance.py:341} INFO - ::group::Post task execution logs
[2025-05-30T15:01:44.116+0100] {standard_task_runner.py:124} ERROR - Failed to execute job 2580 for task dbt_run_decisionnal (Bash command failed. The command returned a non-zero exit code 2.; 178209)
Traceback (most recent call last):
  File "/home/mohammed/venv/lib/python3.11/site-packages/airflow/task/task_runner/standard_task_runner.py", line 117, in _start_by_fork
    ret = args.func(args, dag=self.dag)
          ^^^^^^^^^^^^^^^^^^^^^^^^^^^^^
  File "/home/mohammed/venv/lib/python3.11/site-packages/airflow/cli/cli_config.py", line 49, in command
    return func(*args, **kwargs)
           ^^^^^^^^^^^^^^^^^^^^^
  File "/home/mohammed/venv/lib/python3.11/site-packages/airflow/utils/cli.py", line 116, in wrapper
    return f(*args, **kwargs)
           ^^^^^^^^^^^^^^^^^^
  File "/home/mohammed/venv/lib/python3.11/site-packages/airflow/cli/commands/task_command.py", line 483, in task_run
    task_return_code = _run_task_by_selected_method(args, _dag, ti)
                       ^^^^^^^^^^^^^^^^^^^^^^^^^^^^^^^^^^^^^^^^^^^^
  File "/home/mohammed/venv/lib/python3.11/site-packages/airflow/cli/commands/task_command.py", line 256, in _run_task_by_selected_method
    return _run_raw_task(args, ti)
           ^^^^^^^^^^^^^^^^^^^^^^^
  File "/home/mohammed/venv/lib/python3.11/site-packages/airflow/cli/commands/task_command.py", line 341, in _run_raw_task
    return ti._run_raw_task(
           ^^^^^^^^^^^^^^^^^
  File "/home/mohammed/venv/lib/python3.11/site-packages/airflow/utils/session.py", line 97, in wrapper
    return func(*args, session=session, **kwargs)
           ^^^^^^^^^^^^^^^^^^^^^^^^^^^^^^^^^^^^^^
  File "/home/mohammed/venv/lib/python3.11/site-packages/airflow/models/taskinstance.py", line 3006, in _run_raw_task
    return _run_raw_task(
           ^^^^^^^^^^^^^^
  File "/home/mohammed/venv/lib/python3.11/site-packages/airflow/models/taskinstance.py", line 274, in _run_raw_task
    TaskInstance._execute_task_with_callbacks(
  File "/home/mohammed/venv/lib/python3.11/site-packages/airflow/models/taskinstance.py", line 3161, in _execute_task_with_callbacks
    result = self._execute_task(context, task_orig)
             ^^^^^^^^^^^^^^^^^^^^^^^^^^^^^^^^^^^^^^
  File "/home/mohammed/venv/lib/python3.11/site-packages/airflow/models/taskinstance.py", line 3185, in _execute_task
    return _execute_task(self, context, task_orig)
           ^^^^^^^^^^^^^^^^^^^^^^^^^^^^^^^^^^^^^^^
  File "/home/mohammed/venv/lib/python3.11/site-packages/airflow/models/taskinstance.py", line 768, in _execute_task
    result = _execute_callable(context=context, **execute_callable_kwargs)
             ^^^^^^^^^^^^^^^^^^^^^^^^^^^^^^^^^^^^^^^^^^^^^^^^^^^^^^^^^^^^^
  File "/home/mohammed/venv/lib/python3.11/site-packages/airflow/models/taskinstance.py", line 734, in _execute_callable
    return ExecutionCallableRunner(
           ^^^^^^^^^^^^^^^^^^^^^^^^
  File "/home/mohammed/venv/lib/python3.11/site-packages/airflow/utils/operator_helpers.py", line 252, in run
    return self.func(*args, **kwargs)
           ^^^^^^^^^^^^^^^^^^^^^^^^^^
  File "/home/mohammed/venv/lib/python3.11/site-packages/airflow/models/baseoperator.py", line 424, in wrapper
    return func(self, *args, **kwargs)
           ^^^^^^^^^^^^^^^^^^^^^^^^^^^
  File "/home/mohammed/venv/lib/python3.11/site-packages/airflow/operators/bash.py", line 276, in execute
    raise AirflowException(
airflow.exceptions.AirflowException: Bash command failed. The command returned a non-zero exit code 2.
[2025-05-30T15:01:44.181+0100] {local_task_job_runner.py:266} INFO - Task exited with return code 1
[2025-05-30T15:01:44.322+0100] {taskinstance.py:3901} INFO - 0 downstream tasks scheduled from follow-on schedule check
[2025-05-30T15:01:44.327+0100] {local_task_job_runner.py:245} INFO - ::endgroup::
