[2025-03-17T01:07:44.148+0000] {local_task_job_runner.py:123} INFO - ::group::Pre task execution logs
[2025-03-17T01:07:44.188+0000] {taskinstance.py:2614} INFO - Dependencies all met for dep_context=non-requeueable deps ti=<TaskInstance: load_reviews_pipeline.dbt_run scheduled__2024-11-28T00:00:00+00:00 [queued]>
[2025-03-17T01:07:44.205+0000] {taskinstance.py:2614} INFO - Dependencies all met for dep_context=requeueable deps ti=<TaskInstance: load_reviews_pipeline.dbt_run scheduled__2024-11-28T00:00:00+00:00 [queued]>
[2025-03-17T01:07:44.206+0000] {taskinstance.py:2867} INFO - Starting attempt 1 of 2
[2025-03-17T01:07:44.234+0000] {taskinstance.py:2890} INFO - Executing <Task(BashOperator): dbt_run> on 2024-11-28 00:00:00+00:00
[2025-03-17T01:07:44.248+0000] {standard_task_runner.py:72} INFO - Started process 312995 to run task
[2025-03-17T01:07:44.256+0000] {standard_task_runner.py:104} INFO - Running: ['airflow', 'tasks', 'run', 'load_reviews_pipeline', 'dbt_run', 'scheduled__2024-11-28T00:00:00+00:00', '--job-id', '522', '--raw', '--subdir', 'DAGS_FOLDER/dag_load_reviews.py', '--cfg-path', '/tmp/tmph3n1zbmt']
[2025-03-17T01:07:44.262+0000] {standard_task_runner.py:105} INFO - Job 522: Subtask dbt_run
[2025-03-17T01:07:44.402+0000] {task_command.py:467} INFO - Running <TaskInstance: load_reviews_pipeline.dbt_run scheduled__2024-11-28T00:00:00+00:00 [running]> on host DESKTOP-IM7V4RI.
[2025-03-17T01:07:44.650+0000] {taskinstance.py:3134} INFO - Exporting env vars: AIRFLOW_CTX_DAG_OWNER='mohammed' AIRFLOW_CTX_DAG_ID='load_reviews_pipeline' AIRFLOW_CTX_TASK_ID='dbt_run' AIRFLOW_CTX_EXECUTION_DATE='2024-11-28T00:00:00+00:00' AIRFLOW_CTX_TRY_NUMBER='1' AIRFLOW_CTX_DAG_RUN_ID='scheduled__2024-11-28T00:00:00+00:00'
[2025-03-17T01:07:44.651+0000] {logging_mixin.py:190} INFO - Task instance is in running state
[2025-03-17T01:07:44.652+0000] {logging_mixin.py:190} INFO -  Previous state of the Task instance: queued
[2025-03-17T01:07:44.652+0000] {logging_mixin.py:190} INFO - Current task name:dbt_run state:running start_date:2025-03-17 01:07:44.188913+00:00
[2025-03-17T01:07:44.652+0000] {logging_mixin.py:190} INFO - Dag name:load_reviews_pipeline and current dag run status:running
[2025-03-17T01:07:44.653+0000] {taskinstance.py:732} INFO - ::endgroup::
[2025-03-17T01:07:44.654+0000] {subprocess.py:78} INFO - Tmp dir root location: /tmp
[2025-03-17T01:07:44.656+0000] {subprocess.py:88} INFO - Running command: ['/usr/bin/bash', '-c', 'cd /home/mohammed/.dbt/bank_reviews_project && dbt run']
[2025-03-17T01:07:44.676+0000] {subprocess.py:99} INFO - Output:
[2025-03-17T01:07:47.877+0000] {subprocess.py:106} INFO - [0m01:07:47  Running with dbt=1.9.3
[2025-03-17T01:07:48.513+0000] {subprocess.py:106} INFO - [0m01:07:48  Registered adapter: postgres=1.9.0
[2025-03-17T01:07:49.384+0000] {subprocess.py:106} INFO - [0m01:07:49  Found 10 models, 4 data tests, 2 sources, 433 macros
[2025-03-17T01:07:49.392+0000] {subprocess.py:106} INFO - [0m01:07:49
[2025-03-17T01:07:49.394+0000] {subprocess.py:106} INFO - [0m01:07:49  Concurrency: 4 threads (target='dev')
[2025-03-17T01:07:49.396+0000] {subprocess.py:106} INFO - [0m01:07:49
[2025-03-17T01:07:49.789+0000] {subprocess.py:106} INFO - [0m01:07:49  1 of 10 START sql view model public.clean_reviews .............................. [RUN]
[2025-03-17T01:07:49.796+0000] {subprocess.py:106} INFO - [0m01:07:49  2 of 10 START sql table model public.my_first_dbt_model ........................ [RUN]
[2025-03-17T01:07:49.801+0000] {subprocess.py:106} INFO - [0m01:07:49  3 of 10 START sql view model public.remove_duplicates .......................... [RUN]
[2025-03-17T01:07:49.820+0000] {subprocess.py:106} INFO - [0m01:07:49  4 of 10 START sql view model public.stg_clean_reviews .......................... [RUN]
[2025-03-17T01:07:50.823+0000] {subprocess.py:106} INFO - [0m01:07:50  1 of 10 ERROR creating sql view model public.clean_reviews ..................... [[31mERROR[0m in 0.99s]
[2025-03-17T01:07:50.845+0000] {subprocess.py:106} INFO - [0m01:07:50  2 of 10 OK created sql table model public.my_first_dbt_model ................... [[32mSELECT 2[0m in 1.01s]
[2025-03-17T01:07:50.850+0000] {subprocess.py:106} INFO - [0m01:07:50  4 of 10 OK created sql view model public.stg_clean_reviews ..................... [[32mCREATE VIEW[0m in 0.92s]
[2025-03-17T01:07:50.854+0000] {subprocess.py:106} INFO - [0m01:07:50  3 of 10 ERROR creating sql view model public.remove_duplicates ................. [[31mERROR[0m in 1.02s]
[2025-03-17T01:07:50.884+0000] {subprocess.py:106} INFO - [0m01:07:50  5 of 10 START sql view model public.dim_bank ................................... [RUN]
[2025-03-17T01:07:50.894+0000] {subprocess.py:106} INFO - [0m01:07:50  6 of 10 START sql view model public.dim_branch ................................. [RUN]
[2025-03-17T01:07:50.896+0000] {subprocess.py:106} INFO - [0m01:07:50  7 of 10 START sql view model public.dim_location ............................... [RUN]
[2025-03-17T01:07:51.092+0000] {subprocess.py:106} INFO - [0m01:07:51  8 of 10 START sql view model public.dim_sentiment .............................. [RUN]
[2025-03-17T01:07:51.390+0000] {subprocess.py:106} INFO - [0m01:07:51  7 of 10 OK created sql view model public.dim_location .......................... [[32mCREATE VIEW[0m in 0.28s]
[2025-03-17T01:07:51.412+0000] {subprocess.py:106} INFO - [0m01:07:51  9 of 10 START sql view model public.my_second_dbt_model ........................ [RUN]
[2025-03-17T01:07:51.435+0000] {subprocess.py:106} INFO - [0m01:07:51  5 of 10 OK created sql view model public.dim_bank .............................. [[32mCREATE VIEW[0m in 0.55s]
[2025-03-17T01:07:51.449+0000] {subprocess.py:106} INFO - [0m01:07:51  6 of 10 OK created sql view model public.dim_branch ............................ [[32mCREATE VIEW[0m in 0.54s]
[2025-03-17T01:07:51.454+0000] {subprocess.py:106} INFO - [0m01:07:51  8 of 10 OK created sql view model public.dim_sentiment ......................... [[32mCREATE VIEW[0m in 0.34s]
[2025-03-17T01:07:51.468+0000] {subprocess.py:106} INFO - [0m01:07:51  10 of 10 START sql view model public.fact_reviews .............................. [RUN]
[2025-03-17T01:07:51.598+0000] {subprocess.py:106} INFO - [0m01:07:51  9 of 10 OK created sql view model public.my_second_dbt_model ................... [[32mCREATE VIEW[0m in 0.18s]
[2025-03-17T01:07:51.625+0000] {subprocess.py:106} INFO - [0m01:07:51  10 of 10 OK created sql view model public.fact_reviews ......................... [[32mCREATE VIEW[0m in 0.15s]
[2025-03-17T01:07:51.657+0000] {subprocess.py:106} INFO - [0m01:07:51
[2025-03-17T01:07:51.657+0000] {subprocess.py:106} INFO - [0m01:07:51  Finished running 1 table model, 9 view models in 0 hours 0 minutes and 2.26 seconds (2.26s).
[2025-03-17T01:07:51.716+0000] {subprocess.py:106} INFO - [0m01:07:51
[2025-03-17T01:07:51.717+0000] {subprocess.py:106} INFO - [0m01:07:51  [31mCompleted with 2 errors, 0 partial successes, and 0 warnings:[0m
[2025-03-17T01:07:51.718+0000] {subprocess.py:106} INFO - [0m01:07:51
[2025-03-17T01:07:51.718+0000] {subprocess.py:106} INFO - [0m01:07:51    Database Error in model clean_reviews (models/clean_reviews.sql)
[2025-03-17T01:07:51.719+0000] {subprocess.py:106} INFO -   relation "clean_reviews__dbt_backup" already exists
[2025-03-17T01:07:51.719+0000] {subprocess.py:106} INFO -   compiled code at target/run/bank_reviews_project/models/clean_reviews.sql
[2025-03-17T01:07:51.719+0000] {subprocess.py:106} INFO - [0m01:07:51
[2025-03-17T01:07:51.720+0000] {subprocess.py:106} INFO - [0m01:07:51    Database Error in model remove_duplicates (models/remove_duplicates.sql)
[2025-03-17T01:07:51.720+0000] {subprocess.py:106} INFO -   relation "remove_duplicates__dbt_backup" already exists
[2025-03-17T01:07:51.720+0000] {subprocess.py:106} INFO -   compiled code at target/run/bank_reviews_project/models/remove_duplicates.sql
[2025-03-17T01:07:51.721+0000] {subprocess.py:106} INFO - [0m01:07:51
[2025-03-17T01:07:51.721+0000] {subprocess.py:106} INFO - [0m01:07:51  Done. PASS=8 WARN=0 ERROR=2 SKIP=0 TOTAL=10
[2025-03-17T01:08:00.702+0000] {subprocess.py:110} INFO - Command exited with return code 1
[2025-03-17T01:08:00.734+0000] {taskinstance.py:3313} ERROR - Task failed with exception
Traceback (most recent call last):
  File "/home/mohammed/venv/lib/python3.11/site-packages/airflow/models/taskinstance.py", line 768, in _execute_task
    result = _execute_callable(context=context, **execute_callable_kwargs)
             ^^^^^^^^^^^^^^^^^^^^^^^^^^^^^^^^^^^^^^^^^^^^^^^^^^^^^^^^^^^^^
  File "/home/mohammed/venv/lib/python3.11/site-packages/airflow/models/taskinstance.py", line 734, in _execute_callable
    return ExecutionCallableRunner(
           ^^^^^^^^^^^^^^^^^^^^^^^^
  File "/home/mohammed/venv/lib/python3.11/site-packages/airflow/utils/operator_helpers.py", line 252, in run
    return self.func(*args, **kwargs)
           ^^^^^^^^^^^^^^^^^^^^^^^^^^
  File "/home/mohammed/venv/lib/python3.11/site-packages/airflow/models/baseoperator.py", line 424, in wrapper
    return func(self, *args, **kwargs)
           ^^^^^^^^^^^^^^^^^^^^^^^^^^^
  File "/home/mohammed/venv/lib/python3.11/site-packages/airflow/operators/bash.py", line 276, in execute
    raise AirflowException(
airflow.exceptions.AirflowException: Bash command failed. The command returned a non-zero exit code 1.
[2025-03-17T01:08:00.745+0000] {logging_mixin.py:190} INFO - Task instance in failure state
[2025-03-17T01:08:00.746+0000] {logging_mixin.py:190} INFO - Task start:2025-03-17 01:07:44.188913+00:00 end:2025-03-17 01:08:00.744956+00:00 duration:16.556043
[2025-03-17T01:08:00.747+0000] {logging_mixin.py:190} INFO - Task:<Task(BashOperator): dbt_run> dag:<DAG: load_reviews_pipeline> dagrun:<DagRun load_reviews_pipeline @ 2024-11-28 00:00:00+00:00: scheduled__2024-11-28T00:00:00+00:00, state:running, queued_at: 2025-03-17 01:07:42.963521+00:00. externally triggered: False>
[2025-03-17T01:08:00.747+0000] {logging_mixin.py:190} INFO - Failure caused by Bash command failed. The command returned a non-zero exit code 1.
[2025-03-17T01:08:00.748+0000] {taskinstance.py:1226} INFO - Marking task as UP_FOR_RETRY. dag_id=load_reviews_pipeline, task_id=dbt_run, run_id=scheduled__2024-11-28T00:00:00+00:00, execution_date=20241128T000000, start_date=20250317T010744, end_date=20250317T010800
[2025-03-17T01:08:00.821+0000] {taskinstance.py:341} INFO - ::group::Post task execution logs
[2025-03-17T01:08:00.822+0000] {standard_task_runner.py:124} ERROR - Failed to execute job 522 for task dbt_run (Bash command failed. The command returned a non-zero exit code 1.; 312995)
Traceback (most recent call last):
  File "/home/mohammed/venv/lib/python3.11/site-packages/airflow/task/task_runner/standard_task_runner.py", line 117, in _start_by_fork
    ret = args.func(args, dag=self.dag)
          ^^^^^^^^^^^^^^^^^^^^^^^^^^^^^
  File "/home/mohammed/venv/lib/python3.11/site-packages/airflow/cli/cli_config.py", line 49, in command
    return func(*args, **kwargs)
           ^^^^^^^^^^^^^^^^^^^^^
  File "/home/mohammed/venv/lib/python3.11/site-packages/airflow/utils/cli.py", line 116, in wrapper
    return f(*args, **kwargs)
           ^^^^^^^^^^^^^^^^^^
  File "/home/mohammed/venv/lib/python3.11/site-packages/airflow/cli/commands/task_command.py", line 483, in task_run
    task_return_code = _run_task_by_selected_method(args, _dag, ti)
                       ^^^^^^^^^^^^^^^^^^^^^^^^^^^^^^^^^^^^^^^^^^^^
  File "/home/mohammed/venv/lib/python3.11/site-packages/airflow/cli/commands/task_command.py", line 256, in _run_task_by_selected_method
    return _run_raw_task(args, ti)
           ^^^^^^^^^^^^^^^^^^^^^^^
  File "/home/mohammed/venv/lib/python3.11/site-packages/airflow/cli/commands/task_command.py", line 341, in _run_raw_task
    return ti._run_raw_task(
           ^^^^^^^^^^^^^^^^^
  File "/home/mohammed/venv/lib/python3.11/site-packages/airflow/utils/session.py", line 97, in wrapper
    return func(*args, session=session, **kwargs)
           ^^^^^^^^^^^^^^^^^^^^^^^^^^^^^^^^^^^^^^
  File "/home/mohammed/venv/lib/python3.11/site-packages/airflow/models/taskinstance.py", line 3006, in _run_raw_task
    return _run_raw_task(
           ^^^^^^^^^^^^^^
  File "/home/mohammed/venv/lib/python3.11/site-packages/airflow/models/taskinstance.py", line 274, in _run_raw_task
    TaskInstance._execute_task_with_callbacks(
  File "/home/mohammed/venv/lib/python3.11/site-packages/airflow/models/taskinstance.py", line 3161, in _execute_task_with_callbacks
    result = self._execute_task(context, task_orig)
             ^^^^^^^^^^^^^^^^^^^^^^^^^^^^^^^^^^^^^^
  File "/home/mohammed/venv/lib/python3.11/site-packages/airflow/models/taskinstance.py", line 3185, in _execute_task
    return _execute_task(self, context, task_orig)
           ^^^^^^^^^^^^^^^^^^^^^^^^^^^^^^^^^^^^^^^
  File "/home/mohammed/venv/lib/python3.11/site-packages/airflow/models/taskinstance.py", line 768, in _execute_task
    result = _execute_callable(context=context, **execute_callable_kwargs)
             ^^^^^^^^^^^^^^^^^^^^^^^^^^^^^^^^^^^^^^^^^^^^^^^^^^^^^^^^^^^^^
  File "/home/mohammed/venv/lib/python3.11/site-packages/airflow/models/taskinstance.py", line 734, in _execute_callable
    return ExecutionCallableRunner(
           ^^^^^^^^^^^^^^^^^^^^^^^^
  File "/home/mohammed/venv/lib/python3.11/site-packages/airflow/utils/operator_helpers.py", line 252, in run
    return self.func(*args, **kwargs)
           ^^^^^^^^^^^^^^^^^^^^^^^^^^
  File "/home/mohammed/venv/lib/python3.11/site-packages/airflow/models/baseoperator.py", line 424, in wrapper
    return func(self, *args, **kwargs)
           ^^^^^^^^^^^^^^^^^^^^^^^^^^^
  File "/home/mohammed/venv/lib/python3.11/site-packages/airflow/operators/bash.py", line 276, in execute
    raise AirflowException(
airflow.exceptions.AirflowException: Bash command failed. The command returned a non-zero exit code 1.
[2025-03-17T01:08:00.861+0000] {local_task_job_runner.py:266} INFO - Task exited with return code 1
[2025-03-17T01:08:00.898+0000] {taskinstance.py:3901} INFO - 0 downstream tasks scheduled from follow-on schedule check
[2025-03-17T01:08:00.901+0000] {local_task_job_runner.py:245} INFO - ::endgroup::
