[2025-03-17T00:18:07.196+0000] {local_task_job_runner.py:123} INFO - ::group::Pre task execution logs
[2025-03-17T00:18:07.335+0000] {taskinstance.py:2614} INFO - Dependencies all met for dep_context=non-requeueable deps ti=<TaskInstance: load_reviews_pipeline.dbt_run scheduled__2024-04-05T00:00:00+00:00 [queued]>
[2025-03-17T00:18:07.381+0000] {taskinstance.py:2614} INFO - Dependencies all met for dep_context=requeueable deps ti=<TaskInstance: load_reviews_pipeline.dbt_run scheduled__2024-04-05T00:00:00+00:00 [queued]>
[2025-03-17T00:18:07.382+0000] {taskinstance.py:2867} INFO - Starting attempt 2 of 2
[2025-03-17T00:18:07.482+0000] {taskinstance.py:2890} INFO - Executing <Task(BashOperator): dbt_run> on 2024-04-05 00:00:00+00:00
[2025-03-17T00:18:07.553+0000] {standard_task_runner.py:72} INFO - Started process 251863 to run task
[2025-03-17T00:18:07.600+0000] {standard_task_runner.py:104} INFO - Running: ['airflow', 'tasks', 'run', 'load_reviews_pipeline', 'dbt_run', 'scheduled__2024-04-05T00:00:00+00:00', '--job-id', '176', '--raw', '--subdir', 'DAGS_FOLDER/dag_load_reviews.py', '--cfg-path', '/tmp/tmpon0pzxh9']
[2025-03-17T00:18:07.602+0000] {standard_task_runner.py:105} INFO - Job 176: Subtask dbt_run
[2025-03-17T00:18:09.092+0000] {task_command.py:467} INFO - Running <TaskInstance: load_reviews_pipeline.dbt_run scheduled__2024-04-05T00:00:00+00:00 [running]> on host DESKTOP-IM7V4RI.
[2025-03-17T00:18:10.137+0000] {taskinstance.py:3134} INFO - Exporting env vars: AIRFLOW_CTX_DAG_OWNER='mohammed' AIRFLOW_CTX_DAG_ID='load_reviews_pipeline' AIRFLOW_CTX_TASK_ID='dbt_run' AIRFLOW_CTX_EXECUTION_DATE='2024-04-05T00:00:00+00:00' AIRFLOW_CTX_TRY_NUMBER='2' AIRFLOW_CTX_DAG_RUN_ID='scheduled__2024-04-05T00:00:00+00:00'
[2025-03-17T00:18:10.152+0000] {logging_mixin.py:190} INFO - Task instance is in running state
[2025-03-17T00:18:10.158+0000] {logging_mixin.py:190} INFO -  Previous state of the Task instance: queued
[2025-03-17T00:18:10.182+0000] {logging_mixin.py:190} INFO - Current task name:dbt_run state:running start_date:2025-03-17 00:18:07.336366+00:00
[2025-03-17T00:18:10.184+0000] {logging_mixin.py:190} INFO - Dag name:load_reviews_pipeline and current dag run status:running
[2025-03-17T00:18:10.185+0000] {taskinstance.py:732} INFO - ::endgroup::
[2025-03-17T00:18:10.189+0000] {subprocess.py:78} INFO - Tmp dir root location: /tmp
[2025-03-17T00:18:10.191+0000] {subprocess.py:88} INFO - Running command: ['/usr/bin/bash', '-c', 'cd /home/mohammed/.dbt/bank_reviews_project && dbt run']
[2025-03-17T00:18:10.234+0000] {subprocess.py:99} INFO - Output:
[2025-03-17T00:18:27.074+0000] {subprocess.py:106} INFO - [0m00:18:27  Running with dbt=1.9.3
[2025-03-17T00:18:29.474+0000] {subprocess.py:106} INFO - [0m00:18:29  Registered adapter: postgres=1.9.0
[2025-03-17T00:18:31.528+0000] {subprocess.py:106} INFO - [0m00:18:31  Found 6 models, 4 data tests, 2 sources, 433 macros
[2025-03-17T00:18:31.543+0000] {subprocess.py:106} INFO - [0m00:18:31
[2025-03-17T00:18:31.544+0000] {subprocess.py:106} INFO - [0m00:18:31  Concurrency: 4 threads (target='dev')
[2025-03-17T00:18:31.546+0000] {subprocess.py:106} INFO - [0m00:18:31
[2025-03-17T00:18:32.178+0000] {subprocess.py:106} INFO - [0m00:18:32  1 of 6 START sql view model public.clean_reviews ............................... [RUN]
[2025-03-17T00:18:32.188+0000] {subprocess.py:106} INFO - [0m00:18:32  2 of 6 START sql table model public.my_first_dbt_model ......................... [RUN]
[2025-03-17T00:18:32.198+0000] {subprocess.py:106} INFO - [0m00:18:32  4 of 6 START sql view model public.stg_clean_reviews ........................... [RUN]
[2025-03-17T00:18:32.225+0000] {subprocess.py:106} INFO - [0m00:18:32  3 of 6 START sql view model public.remove_duplicates ........................... [RUN]
[2025-03-17T00:18:32.794+0000] {subprocess.py:106} INFO - [0m00:18:32  4 of 6 ERROR creating sql view model public.stg_clean_reviews .................. [[31mERROR[0m in 0.56s]
[2025-03-17T00:18:32.827+0000] {subprocess.py:106} INFO - [0m00:18:32  5 of 6 SKIP relation public.dwh_model .......................................... [[33mSKIP[0m]
[2025-03-17T00:18:33.208+0000] {subprocess.py:106} INFO - [0m00:18:33  3 of 6 ERROR creating sql view model public.remove_duplicates .................. [[31mERROR[0m in 0.96s]
[2025-03-17T00:18:33.236+0000] {subprocess.py:106} INFO - [0m00:18:33  2 of 6 ERROR creating sql table model public.my_first_dbt_model ................ [[31mERROR[0m in 1.04s]
[2025-03-17T00:18:33.240+0000] {subprocess.py:106} INFO - [0m00:18:33  1 of 6 ERROR creating sql view model public.clean_reviews ...................... [[31mERROR[0m in 1.06s]
[2025-03-17T00:18:33.262+0000] {subprocess.py:106} INFO - [0m00:18:33  6 of 6 SKIP relation public.my_second_dbt_model ................................ [[33mSKIP[0m]
[2025-03-17T00:18:33.377+0000] {subprocess.py:106} INFO - [0m00:18:33
[2025-03-17T00:18:33.393+0000] {subprocess.py:106} INFO - [0m00:18:33  Finished running 1 table model, 5 view models in 0 hours 0 minutes and 1.83 seconds (1.83s).
[2025-03-17T00:18:33.998+0000] {subprocess.py:106} INFO - [0m00:18:33
[2025-03-17T00:18:34.001+0000] {subprocess.py:106} INFO - [0m00:18:34  [31mCompleted with 4 errors, 0 partial successes, and 0 warnings:[0m
[2025-03-17T00:18:34.003+0000] {subprocess.py:106} INFO - [0m00:18:34
[2025-03-17T00:18:34.005+0000] {subprocess.py:106} INFO - [0m00:18:34    Database Error in model stg_clean_reviews (models/stg_clean_reviews.sql)
[2025-03-17T00:18:34.006+0000] {subprocess.py:106} INFO -   syntax error at or near ";"
[2025-03-17T00:18:34.007+0000] {subprocess.py:106} INFO -   LINE 23: SELECT * FROM clean_data;
[2025-03-17T00:18:34.007+0000] {subprocess.py:106} INFO -                                    ^
[2025-03-17T00:18:34.007+0000] {subprocess.py:106} INFO -   compiled code at target/run/bank_reviews_project/models/stg_clean_reviews.sql
[2025-03-17T00:18:34.019+0000] {subprocess.py:106} INFO - [0m00:18:34
[2025-03-17T00:18:34.035+0000] {subprocess.py:106} INFO - [0m00:18:34    Database Error in model remove_duplicates (models/remove_duplicates.sql)
[2025-03-17T00:18:34.035+0000] {subprocess.py:106} INFO -   relation "remove_duplicates__dbt_backup" already exists
[2025-03-17T00:18:34.036+0000] {subprocess.py:106} INFO -   compiled code at target/run/bank_reviews_project/models/remove_duplicates.sql
[2025-03-17T00:18:34.036+0000] {subprocess.py:106} INFO - [0m00:18:34
[2025-03-17T00:18:34.038+0000] {subprocess.py:106} INFO - [0m00:18:34    Database Error in model my_first_dbt_model (models/example/my_first_dbt_model.sql)
[2025-03-17T00:18:34.039+0000] {subprocess.py:106} INFO -   relation "my_first_dbt_model__dbt_backup" already exists
[2025-03-17T00:18:34.040+0000] {subprocess.py:106} INFO -   compiled code at target/run/bank_reviews_project/models/example/my_first_dbt_model.sql
[2025-03-17T00:18:34.042+0000] {subprocess.py:106} INFO - [0m00:18:34
[2025-03-17T00:18:34.044+0000] {subprocess.py:106} INFO - [0m00:18:34    Database Error in model clean_reviews (models/clean_reviews.sql)
[2025-03-17T00:18:34.045+0000] {subprocess.py:106} INFO -   relation "clean_reviews__dbt_backup" already exists
[2025-03-17T00:18:34.045+0000] {subprocess.py:106} INFO -   compiled code at target/run/bank_reviews_project/models/clean_reviews.sql
[2025-03-17T00:18:34.047+0000] {subprocess.py:106} INFO - [0m00:18:34
[2025-03-17T00:18:34.048+0000] {subprocess.py:106} INFO - [0m00:18:34  Done. PASS=0 WARN=0 ERROR=4 SKIP=2 TOTAL=6
[2025-03-17T00:18:36.217+0000] {subprocess.py:110} INFO - Command exited with return code 1
[2025-03-17T00:18:36.293+0000] {taskinstance.py:3313} ERROR - Task failed with exception
Traceback (most recent call last):
  File "/home/mohammed/venv/lib/python3.11/site-packages/airflow/models/taskinstance.py", line 768, in _execute_task
    result = _execute_callable(context=context, **execute_callable_kwargs)
             ^^^^^^^^^^^^^^^^^^^^^^^^^^^^^^^^^^^^^^^^^^^^^^^^^^^^^^^^^^^^^
  File "/home/mohammed/venv/lib/python3.11/site-packages/airflow/models/taskinstance.py", line 734, in _execute_callable
    return ExecutionCallableRunner(
           ^^^^^^^^^^^^^^^^^^^^^^^^
  File "/home/mohammed/venv/lib/python3.11/site-packages/airflow/utils/operator_helpers.py", line 252, in run
    return self.func(*args, **kwargs)
           ^^^^^^^^^^^^^^^^^^^^^^^^^^
  File "/home/mohammed/venv/lib/python3.11/site-packages/airflow/models/baseoperator.py", line 424, in wrapper
    return func(self, *args, **kwargs)
           ^^^^^^^^^^^^^^^^^^^^^^^^^^^
  File "/home/mohammed/venv/lib/python3.11/site-packages/airflow/operators/bash.py", line 276, in execute
    raise AirflowException(
airflow.exceptions.AirflowException: Bash command failed. The command returned a non-zero exit code 1.
[2025-03-17T00:18:36.303+0000] {logging_mixin.py:190} INFO - Task instance in failure state
[2025-03-17T00:18:36.304+0000] {logging_mixin.py:190} INFO - Task start:2025-03-17 00:18:07.336366+00:00 end:2025-03-17 00:18:36.301814+00:00 duration:28.965448
[2025-03-17T00:18:36.305+0000] {logging_mixin.py:190} INFO - Task:<Task(BashOperator): dbt_run> dag:<DAG: load_reviews_pipeline> dagrun:<DagRun load_reviews_pipeline @ 2024-04-05 00:00:00+00:00: scheduled__2024-04-05T00:00:00+00:00, state:running, queued_at: 2025-03-17 00:09:39.987912+00:00. externally triggered: False>
[2025-03-17T00:18:36.306+0000] {logging_mixin.py:190} INFO - Failure caused by Bash command failed. The command returned a non-zero exit code 1.
[2025-03-17T00:18:36.306+0000] {taskinstance.py:1226} INFO - Marking task as FAILED. dag_id=load_reviews_pipeline, task_id=dbt_run, run_id=scheduled__2024-04-05T00:00:00+00:00, execution_date=20240405T000000, start_date=20250317T001807, end_date=20250317T001836
[2025-03-17T00:18:36.489+0000] {taskinstance.py:341} INFO - ::group::Post task execution logs
[2025-03-17T00:18:36.491+0000] {standard_task_runner.py:124} ERROR - Failed to execute job 176 for task dbt_run (Bash command failed. The command returned a non-zero exit code 1.; 251863)
Traceback (most recent call last):
  File "/home/mohammed/venv/lib/python3.11/site-packages/airflow/task/task_runner/standard_task_runner.py", line 117, in _start_by_fork
    ret = args.func(args, dag=self.dag)
          ^^^^^^^^^^^^^^^^^^^^^^^^^^^^^
  File "/home/mohammed/venv/lib/python3.11/site-packages/airflow/cli/cli_config.py", line 49, in command
    return func(*args, **kwargs)
           ^^^^^^^^^^^^^^^^^^^^^
  File "/home/mohammed/venv/lib/python3.11/site-packages/airflow/utils/cli.py", line 116, in wrapper
    return f(*args, **kwargs)
           ^^^^^^^^^^^^^^^^^^
  File "/home/mohammed/venv/lib/python3.11/site-packages/airflow/cli/commands/task_command.py", line 483, in task_run
    task_return_code = _run_task_by_selected_method(args, _dag, ti)
                       ^^^^^^^^^^^^^^^^^^^^^^^^^^^^^^^^^^^^^^^^^^^^
  File "/home/mohammed/venv/lib/python3.11/site-packages/airflow/cli/commands/task_command.py", line 256, in _run_task_by_selected_method
    return _run_raw_task(args, ti)
           ^^^^^^^^^^^^^^^^^^^^^^^
  File "/home/mohammed/venv/lib/python3.11/site-packages/airflow/cli/commands/task_command.py", line 341, in _run_raw_task
    return ti._run_raw_task(
           ^^^^^^^^^^^^^^^^^
  File "/home/mohammed/venv/lib/python3.11/site-packages/airflow/utils/session.py", line 97, in wrapper
    return func(*args, session=session, **kwargs)
           ^^^^^^^^^^^^^^^^^^^^^^^^^^^^^^^^^^^^^^
  File "/home/mohammed/venv/lib/python3.11/site-packages/airflow/models/taskinstance.py", line 3006, in _run_raw_task
    return _run_raw_task(
           ^^^^^^^^^^^^^^
  File "/home/mohammed/venv/lib/python3.11/site-packages/airflow/models/taskinstance.py", line 274, in _run_raw_task
    TaskInstance._execute_task_with_callbacks(
  File "/home/mohammed/venv/lib/python3.11/site-packages/airflow/models/taskinstance.py", line 3161, in _execute_task_with_callbacks
    result = self._execute_task(context, task_orig)
             ^^^^^^^^^^^^^^^^^^^^^^^^^^^^^^^^^^^^^^
  File "/home/mohammed/venv/lib/python3.11/site-packages/airflow/models/taskinstance.py", line 3185, in _execute_task
    return _execute_task(self, context, task_orig)
           ^^^^^^^^^^^^^^^^^^^^^^^^^^^^^^^^^^^^^^^
  File "/home/mohammed/venv/lib/python3.11/site-packages/airflow/models/taskinstance.py", line 768, in _execute_task
    result = _execute_callable(context=context, **execute_callable_kwargs)
             ^^^^^^^^^^^^^^^^^^^^^^^^^^^^^^^^^^^^^^^^^^^^^^^^^^^^^^^^^^^^^
  File "/home/mohammed/venv/lib/python3.11/site-packages/airflow/models/taskinstance.py", line 734, in _execute_callable
    return ExecutionCallableRunner(
           ^^^^^^^^^^^^^^^^^^^^^^^^
  File "/home/mohammed/venv/lib/python3.11/site-packages/airflow/utils/operator_helpers.py", line 252, in run
    return self.func(*args, **kwargs)
           ^^^^^^^^^^^^^^^^^^^^^^^^^^
  File "/home/mohammed/venv/lib/python3.11/site-packages/airflow/models/baseoperator.py", line 424, in wrapper
    return func(self, *args, **kwargs)
           ^^^^^^^^^^^^^^^^^^^^^^^^^^^
  File "/home/mohammed/venv/lib/python3.11/site-packages/airflow/operators/bash.py", line 276, in execute
    raise AirflowException(
airflow.exceptions.AirflowException: Bash command failed. The command returned a non-zero exit code 1.
[2025-03-17T00:18:36.531+0000] {local_task_job_runner.py:266} INFO - Task exited with return code 1
[2025-03-17T00:18:36.602+0000] {local_task_job_runner.py:245} INFO - ::endgroup::
