[2025-03-17T00:09:50.719+0000] {local_task_job_runner.py:123} INFO - ::group::Pre task execution logs
[2025-03-17T00:09:50.976+0000] {taskinstance.py:2614} INFO - Dependencies all met for dep_context=non-requeueable deps ti=<TaskInstance: load_reviews_pipeline.dbt_run scheduled__2024-04-11T00:00:00+00:00 [queued]>
[2025-03-17T00:09:51.198+0000] {taskinstance.py:2614} INFO - Dependencies all met for dep_context=requeueable deps ti=<TaskInstance: load_reviews_pipeline.dbt_run scheduled__2024-04-11T00:00:00+00:00 [queued]>
[2025-03-17T00:09:51.199+0000] {taskinstance.py:2867} INFO - Starting attempt 1 of 2
[2025-03-17T00:09:52.132+0000] {taskinstance.py:2890} INFO - Executing <Task(BashOperator): dbt_run> on 2024-04-11 00:00:00+00:00
[2025-03-17T00:09:52.224+0000] {standard_task_runner.py:72} INFO - Started process 246138 to run task
[2025-03-17T00:09:52.426+0000] {standard_task_runner.py:104} INFO - Running: ['airflow', 'tasks', 'run', 'load_reviews_pipeline', 'dbt_run', 'scheduled__2024-04-11T00:00:00+00:00', '--job-id', '159', '--raw', '--subdir', 'DAGS_FOLDER/dag_load_reviews.py', '--cfg-path', '/tmp/tmpuizo3ae6']
[2025-03-17T00:09:52.450+0000] {standard_task_runner.py:105} INFO - Job 159: Subtask dbt_run
[2025-03-17T00:09:54.328+0000] {task_command.py:467} INFO - Running <TaskInstance: load_reviews_pipeline.dbt_run scheduled__2024-04-11T00:00:00+00:00 [running]> on host DESKTOP-IM7V4RI.
[2025-03-17T00:09:55.956+0000] {taskinstance.py:3134} INFO - Exporting env vars: AIRFLOW_CTX_DAG_OWNER='mohammed' AIRFLOW_CTX_DAG_ID='load_reviews_pipeline' AIRFLOW_CTX_TASK_ID='dbt_run' AIRFLOW_CTX_EXECUTION_DATE='2024-04-11T00:00:00+00:00' AIRFLOW_CTX_TRY_NUMBER='1' AIRFLOW_CTX_DAG_RUN_ID='scheduled__2024-04-11T00:00:00+00:00'
[2025-03-17T00:09:55.973+0000] {logging_mixin.py:190} INFO - Task instance is in running state
[2025-03-17T00:09:55.974+0000] {logging_mixin.py:190} INFO -  Previous state of the Task instance: queued
[2025-03-17T00:09:55.974+0000] {logging_mixin.py:190} INFO - Current task name:dbt_run state:running start_date:2025-03-17 00:09:50.977609+00:00
[2025-03-17T00:09:55.975+0000] {logging_mixin.py:190} INFO - Dag name:load_reviews_pipeline and current dag run status:running
[2025-03-17T00:09:55.975+0000] {taskinstance.py:732} INFO - ::endgroup::
[2025-03-17T00:09:55.993+0000] {subprocess.py:78} INFO - Tmp dir root location: /tmp
[2025-03-17T00:09:55.997+0000] {subprocess.py:88} INFO - Running command: ['/usr/bin/bash', '-c', 'cd /home/mohammed/.dbt/bank_reviews_project && dbt run']
[2025-03-17T00:09:56.300+0000] {subprocess.py:99} INFO - Output:
[2025-03-17T00:10:17.039+0000] {subprocess.py:106} INFO - [0m00:10:17  Running with dbt=1.9.3
[2025-03-17T00:10:19.918+0000] {subprocess.py:106} INFO - [0m00:10:19  Registered adapter: postgres=1.9.0
[2025-03-17T00:10:50.688+0000] {job.py:229} INFO - Heartbeat recovered after 27.88 seconds
[2025-03-17T00:11:03.849+0000] {subprocess.py:106} INFO - [0m00:11:01  Found 6 models, 4 data tests, 2 sources, 433 macros
[2025-03-17T00:11:53.110+0000] {subprocess.py:106} INFO - [0m00:11:53
[2025-03-17T00:11:55.214+0000] {subprocess.py:106} INFO - [0m00:11:53  Concurrency: 4 threads (target='dev')
[2025-03-17T00:11:55.223+0000] {subprocess.py:106} INFO - [0m00:11:53
[2025-03-17T00:12:28.228+0000] {job.py:229} INFO - Heartbeat recovered after 97.55 seconds
[2025-03-17T00:12:26.599+0000] {subprocess.py:106} INFO - [0m00:12:26  1 of 6 START sql view model public.clean_reviews ............................... [RUN]
[2025-03-17T00:12:26.723+0000] {subprocess.py:106} INFO - [0m00:12:26  3 of 6 START sql view model public.remove_duplicates ........................... [RUN]
[2025-03-17T00:12:26.776+0000] {subprocess.py:106} INFO - [0m00:12:26  2 of 6 START sql table model public.my_first_dbt_model ......................... [RUN]
[2025-03-17T00:12:26.794+0000] {subprocess.py:106} INFO - [0m00:12:26  4 of 6 START sql view model public.stg_clean_reviews ........................... [RUN]
[2025-03-17T00:12:28.505+0000] {subprocess.py:106} INFO - [0m00:12:28  4 of 6 ERROR creating sql view model public.stg_clean_reviews .................. [[31mERROR[0m in 1.78s]
[2025-03-17T00:12:28.521+0000] {subprocess.py:106} INFO - [0m00:12:28  1 of 6 ERROR creating sql view model public.clean_reviews ...................... [[31mERROR[0m in 1.88s]
[2025-03-17T00:12:28.541+0000] {subprocess.py:106} INFO - [0m00:12:28  5 of 6 SKIP relation public.dwh_model .......................................... [[33mSKIP[0m]
[2025-03-17T00:12:29.184+0000] {subprocess.py:106} INFO - [0m00:12:29  3 of 6 OK created sql view model public.remove_duplicates ...................... [[32mCREATE VIEW[0m in 2.47s]
[2025-03-17T00:12:29.779+0000] {subprocess.py:106} INFO - [0m00:12:29  2 of 6 OK created sql table model public.my_first_dbt_model .................... [[32mSELECT 2[0m in 3.14s]
[2025-03-17T00:12:29.798+0000] {subprocess.py:106} INFO - [0m00:12:29  6 of 6 START sql view model public.my_second_dbt_model ......................... [RUN]
[2025-03-17T00:12:30.788+0000] {subprocess.py:106} INFO - [0m00:12:30  6 of 6 OK created sql view model public.my_second_dbt_model .................... [[32mCREATE VIEW[0m in 0.97s]
[2025-03-17T00:12:31.373+0000] {subprocess.py:106} INFO - [0m00:12:31
[2025-03-17T00:12:31.464+0000] {subprocess.py:106} INFO - [0m00:12:31  Finished running 1 table model, 5 view models in 0 hours 0 minutes and 38.15 seconds (38.15s).
[2025-03-17T00:12:32.073+0000] {subprocess.py:106} INFO - [0m00:12:32
[2025-03-17T00:12:32.075+0000] {subprocess.py:106} INFO - [0m00:12:32  [31mCompleted with 2 errors, 0 partial successes, and 0 warnings:[0m
[2025-03-17T00:12:32.090+0000] {subprocess.py:106} INFO - [0m00:12:32
[2025-03-17T00:12:32.095+0000] {subprocess.py:106} INFO - [0m00:12:32    Database Error in model stg_clean_reviews (models/stg_clean_reviews.sql)
[2025-03-17T00:12:32.096+0000] {subprocess.py:106} INFO -   syntax error at or near ";"
[2025-03-17T00:12:32.099+0000] {subprocess.py:106} INFO -   LINE 23: SELECT * FROM clean_data;
[2025-03-17T00:12:32.100+0000] {subprocess.py:106} INFO -                                    ^
[2025-03-17T00:12:32.100+0000] {subprocess.py:106} INFO -   compiled code at target/run/bank_reviews_project/models/stg_clean_reviews.sql
[2025-03-17T00:12:32.144+0000] {subprocess.py:106} INFO - [0m00:12:32
[2025-03-17T00:12:32.152+0000] {subprocess.py:106} INFO - [0m00:12:32    Database Error in model clean_reviews (models/clean_reviews.sql)
[2025-03-17T00:12:32.156+0000] {subprocess.py:106} INFO -   syntax error at or near "external"
[2025-03-17T00:12:32.157+0000] {subprocess.py:106} INFO -   LINE 2: drop external if exists "project_data_wherhouse"."public"."c...
[2025-03-17T00:12:32.157+0000] {subprocess.py:106} INFO -                ^
[2025-03-17T00:12:32.157+0000] {subprocess.py:106} INFO - [0m00:12:32
[2025-03-17T00:12:32.158+0000] {subprocess.py:106} INFO - [0m00:12:32  Done. PASS=3 WARN=0 ERROR=2 SKIP=1 TOTAL=6
[2025-03-17T00:12:41.962+0000] {subprocess.py:110} INFO - Command exited with return code 1
[2025-03-17T00:12:47.359+0000] {taskinstance.py:3313} ERROR - Task failed with exception
Traceback (most recent call last):
  File "/home/mohammed/venv/lib/python3.11/site-packages/airflow/models/taskinstance.py", line 768, in _execute_task
    result = _execute_callable(context=context, **execute_callable_kwargs)
             ^^^^^^^^^^^^^^^^^^^^^^^^^^^^^^^^^^^^^^^^^^^^^^^^^^^^^^^^^^^^^
  File "/home/mohammed/venv/lib/python3.11/site-packages/airflow/models/taskinstance.py", line 734, in _execute_callable
    return ExecutionCallableRunner(
           ^^^^^^^^^^^^^^^^^^^^^^^^
  File "/home/mohammed/venv/lib/python3.11/site-packages/airflow/utils/operator_helpers.py", line 252, in run
    return self.func(*args, **kwargs)
           ^^^^^^^^^^^^^^^^^^^^^^^^^^
  File "/home/mohammed/venv/lib/python3.11/site-packages/airflow/models/baseoperator.py", line 424, in wrapper
    return func(self, *args, **kwargs)
           ^^^^^^^^^^^^^^^^^^^^^^^^^^^
  File "/home/mohammed/venv/lib/python3.11/site-packages/airflow/operators/bash.py", line 276, in execute
    raise AirflowException(
airflow.exceptions.AirflowException: Bash command failed. The command returned a non-zero exit code 1.
[2025-03-17T00:12:51.647+0000] {logging_mixin.py:190} INFO - Task instance in failure state
[2025-03-17T00:12:51.652+0000] {logging_mixin.py:190} INFO - Task start:2025-03-17 00:09:50.977609+00:00 end:2025-03-17 00:12:50.457796+00:00 duration:179.480187
[2025-03-17T00:12:51.688+0000] {logging_mixin.py:190} INFO - Task:<Task(BashOperator): dbt_run> dag:<DAG: load_reviews_pipeline> dagrun:<DagRun load_reviews_pipeline @ 2024-04-11 00:00:00+00:00: scheduled__2024-04-11T00:00:00+00:00, state:running, queued_at: 2025-03-17 00:09:43.066532+00:00. externally triggered: False>
[2025-03-17T00:12:51.691+0000] {logging_mixin.py:190} INFO - Failure caused by Bash command failed. The command returned a non-zero exit code 1.
[2025-03-17T00:12:51.714+0000] {taskinstance.py:1226} INFO - Marking task as UP_FOR_RETRY. dag_id=load_reviews_pipeline, task_id=dbt_run, run_id=scheduled__2024-04-11T00:00:00+00:00, execution_date=20240411T000000, start_date=20250317T000950, end_date=20250317T001250
[2025-03-17T00:12:53.294+0000] {taskinstance.py:341} INFO - ::group::Post task execution logs
[2025-03-17T00:12:53.367+0000] {standard_task_runner.py:124} ERROR - Failed to execute job 159 for task dbt_run (Bash command failed. The command returned a non-zero exit code 1.; 246138)
Traceback (most recent call last):
  File "/home/mohammed/venv/lib/python3.11/site-packages/airflow/task/task_runner/standard_task_runner.py", line 117, in _start_by_fork
    ret = args.func(args, dag=self.dag)
          ^^^^^^^^^^^^^^^^^^^^^^^^^^^^^
  File "/home/mohammed/venv/lib/python3.11/site-packages/airflow/cli/cli_config.py", line 49, in command
    return func(*args, **kwargs)
           ^^^^^^^^^^^^^^^^^^^^^
  File "/home/mohammed/venv/lib/python3.11/site-packages/airflow/utils/cli.py", line 116, in wrapper
    return f(*args, **kwargs)
           ^^^^^^^^^^^^^^^^^^
  File "/home/mohammed/venv/lib/python3.11/site-packages/airflow/cli/commands/task_command.py", line 483, in task_run
    task_return_code = _run_task_by_selected_method(args, _dag, ti)
                       ^^^^^^^^^^^^^^^^^^^^^^^^^^^^^^^^^^^^^^^^^^^^
  File "/home/mohammed/venv/lib/python3.11/site-packages/airflow/cli/commands/task_command.py", line 256, in _run_task_by_selected_method
    return _run_raw_task(args, ti)
           ^^^^^^^^^^^^^^^^^^^^^^^
  File "/home/mohammed/venv/lib/python3.11/site-packages/airflow/cli/commands/task_command.py", line 341, in _run_raw_task
    return ti._run_raw_task(
           ^^^^^^^^^^^^^^^^^
  File "/home/mohammed/venv/lib/python3.11/site-packages/airflow/utils/session.py", line 97, in wrapper
    return func(*args, session=session, **kwargs)
           ^^^^^^^^^^^^^^^^^^^^^^^^^^^^^^^^^^^^^^
  File "/home/mohammed/venv/lib/python3.11/site-packages/airflow/models/taskinstance.py", line 3006, in _run_raw_task
    return _run_raw_task(
           ^^^^^^^^^^^^^^
  File "/home/mohammed/venv/lib/python3.11/site-packages/airflow/models/taskinstance.py", line 274, in _run_raw_task
    TaskInstance._execute_task_with_callbacks(
  File "/home/mohammed/venv/lib/python3.11/site-packages/airflow/models/taskinstance.py", line 3161, in _execute_task_with_callbacks
    result = self._execute_task(context, task_orig)
             ^^^^^^^^^^^^^^^^^^^^^^^^^^^^^^^^^^^^^^
  File "/home/mohammed/venv/lib/python3.11/site-packages/airflow/models/taskinstance.py", line 3185, in _execute_task
    return _execute_task(self, context, task_orig)
           ^^^^^^^^^^^^^^^^^^^^^^^^^^^^^^^^^^^^^^^
  File "/home/mohammed/venv/lib/python3.11/site-packages/airflow/models/taskinstance.py", line 768, in _execute_task
    result = _execute_callable(context=context, **execute_callable_kwargs)
             ^^^^^^^^^^^^^^^^^^^^^^^^^^^^^^^^^^^^^^^^^^^^^^^^^^^^^^^^^^^^^
  File "/home/mohammed/venv/lib/python3.11/site-packages/airflow/models/taskinstance.py", line 734, in _execute_callable
    return ExecutionCallableRunner(
           ^^^^^^^^^^^^^^^^^^^^^^^^
  File "/home/mohammed/venv/lib/python3.11/site-packages/airflow/utils/operator_helpers.py", line 252, in run
    return self.func(*args, **kwargs)
           ^^^^^^^^^^^^^^^^^^^^^^^^^^
  File "/home/mohammed/venv/lib/python3.11/site-packages/airflow/models/baseoperator.py", line 424, in wrapper
    return func(self, *args, **kwargs)
           ^^^^^^^^^^^^^^^^^^^^^^^^^^^
  File "/home/mohammed/venv/lib/python3.11/site-packages/airflow/operators/bash.py", line 276, in execute
    raise AirflowException(
airflow.exceptions.AirflowException: Bash command failed. The command returned a non-zero exit code 1.
[2025-03-17T00:12:53.739+0000] {local_task_job_runner.py:266} INFO - Task exited with return code 1
[2025-03-17T00:12:53.930+0000] {standard_task_runner.py:217} INFO - Process not found (most likely exited), stop collecting metrics
[2025-03-17T00:12:56.719+0000] {taskinstance.py:3901} INFO - 0 downstream tasks scheduled from follow-on schedule check
[2025-03-17T00:12:56.757+0000] {local_task_job_runner.py:245} INFO - ::endgroup::
