[2025-03-17T00:49:14.473+0000] {local_task_job_runner.py:123} INFO - ::group::Pre task execution logs
[2025-03-17T00:49:14.607+0000] {taskinstance.py:2614} INFO - Dependencies all met for dep_context=non-requeueable deps ti=<TaskInstance: load_reviews_pipeline.dbt_run scheduled__2024-08-07T00:00:00+00:00 [queued]>
[2025-03-17T00:49:14.659+0000] {taskinstance.py:2614} INFO - Dependencies all met for dep_context=requeueable deps ti=<TaskInstance: load_reviews_pipeline.dbt_run scheduled__2024-08-07T00:00:00+00:00 [queued]>
[2025-03-17T00:49:14.660+0000] {taskinstance.py:2867} INFO - Starting attempt 1 of 2
[2025-03-17T00:49:14.746+0000] {taskinstance.py:2890} INFO - Executing <Task(BashOperator): dbt_run> on 2024-08-07 00:00:00+00:00
[2025-03-17T00:49:14.763+0000] {standard_task_runner.py:72} INFO - Started process 286878 to run task
[2025-03-17T00:49:14.809+0000] {standard_task_runner.py:104} INFO - Running: ['airflow', 'tasks', 'run', 'load_reviews_pipeline', 'dbt_run', 'scheduled__2024-08-07T00:00:00+00:00', '--job-id', '362', '--raw', '--subdir', 'DAGS_FOLDER/dag_load_reviews.py', '--cfg-path', '/tmp/tmp80loibyp']
[2025-03-17T00:49:14.812+0000] {standard_task_runner.py:105} INFO - Job 362: Subtask dbt_run
[2025-03-17T00:49:15.336+0000] {task_command.py:467} INFO - Running <TaskInstance: load_reviews_pipeline.dbt_run scheduled__2024-08-07T00:00:00+00:00 [running]> on host DESKTOP-IM7V4RI.
[2025-03-17T00:49:16.295+0000] {taskinstance.py:3134} INFO - Exporting env vars: AIRFLOW_CTX_DAG_OWNER='mohammed' AIRFLOW_CTX_DAG_ID='load_reviews_pipeline' AIRFLOW_CTX_TASK_ID='dbt_run' AIRFLOW_CTX_EXECUTION_DATE='2024-08-07T00:00:00+00:00' AIRFLOW_CTX_TRY_NUMBER='1' AIRFLOW_CTX_DAG_RUN_ID='scheduled__2024-08-07T00:00:00+00:00'
[2025-03-17T00:49:16.299+0000] {logging_mixin.py:190} INFO - Task instance is in running state
[2025-03-17T00:49:16.307+0000] {logging_mixin.py:190} INFO -  Previous state of the Task instance: queued
[2025-03-17T00:49:16.309+0000] {logging_mixin.py:190} INFO - Current task name:dbt_run state:running start_date:2025-03-17 00:49:14.608172+00:00
[2025-03-17T00:49:16.322+0000] {logging_mixin.py:190} INFO - Dag name:load_reviews_pipeline and current dag run status:running
[2025-03-17T00:49:16.323+0000] {taskinstance.py:732} INFO - ::endgroup::
[2025-03-17T00:49:16.342+0000] {subprocess.py:78} INFO - Tmp dir root location: /tmp
[2025-03-17T00:49:16.346+0000] {subprocess.py:88} INFO - Running command: ['/usr/bin/bash', '-c', 'cd /home/mohammed/.dbt/bank_reviews_project && dbt run']
[2025-03-17T00:49:16.442+0000] {subprocess.py:99} INFO - Output:
[2025-03-17T00:49:25.290+0000] {subprocess.py:106} INFO - [0m00:49:25  Running with dbt=1.9.3
[2025-03-17T00:49:26.601+0000] {subprocess.py:106} INFO - [0m00:49:26  Registered adapter: postgres=1.9.0
[2025-03-17T00:49:29.039+0000] {subprocess.py:106} INFO - [0m00:49:29  Found 11 models, 4 data tests, 2 sources, 433 macros
[2025-03-17T00:49:29.078+0000] {subprocess.py:106} INFO - [0m00:49:29
[2025-03-17T00:49:29.082+0000] {subprocess.py:106} INFO - [0m00:49:29  Concurrency: 4 threads (target='dev')
[2025-03-17T00:49:29.087+0000] {subprocess.py:106} INFO - [0m00:49:29
[2025-03-17T00:49:30.628+0000] {subprocess.py:106} INFO - [0m00:49:30  1 of 11 START sql view model public.clean_reviews .............................. [RUN]
[2025-03-17T00:49:30.636+0000] {subprocess.py:106} INFO - [0m00:49:30  3 of 11 START sql view model public.remove_duplicates .......................... [RUN]
[2025-03-17T00:49:30.638+0000] {subprocess.py:106} INFO - [0m00:49:30  2 of 11 START sql table model public.my_first_dbt_model ........................ [RUN]
[2025-03-17T00:49:30.654+0000] {subprocess.py:106} INFO - [0m00:49:30  4 of 11 START sql view model public.stg_clean_reviews .......................... [RUN]
[2025-03-17T00:49:32.230+0000] {subprocess.py:106} INFO - [0m00:49:32  3 of 11 OK created sql view model public.remove_duplicates ..................... [[32mCREATE VIEW[0m in 1.57s]
[2025-03-17T00:49:32.236+0000] {subprocess.py:106} INFO - [0m00:49:32  1 of 11 OK created sql view model public.clean_reviews ......................... [[32mCREATE VIEW[0m in 1.59s]
[2025-03-17T00:49:32.645+0000] {subprocess.py:106} INFO - [0m00:49:32  2 of 11 OK created sql table model public.my_first_dbt_model ................... [[32mSELECT 2[0m in 1.97s]
[2025-03-17T00:49:32.659+0000] {subprocess.py:106} INFO - [0m00:49:32  4 of 11 OK created sql view model public.stg_clean_reviews ..................... [[32mCREATE VIEW[0m in 1.96s]
[2025-03-17T00:49:32.663+0000] {subprocess.py:106} INFO - [0m00:49:32  5 of 11 START sql view model public.my_second_dbt_model ........................ [RUN]
[2025-03-17T00:49:32.719+0000] {subprocess.py:106} INFO - [0m00:49:32  6 of 11 START sql view model public.dim_bank ................................... [RUN]
[2025-03-17T00:49:32.728+0000] {subprocess.py:106} INFO - [0m00:49:32  7 of 11 START sql view model public.dim_branch ................................. [RUN]
[2025-03-17T00:49:32.728+0000] {subprocess.py:106} INFO - [0m00:49:32  8 of 11 START sql view model public.dim_location ............................... [RUN]
[2025-03-17T00:49:33.102+0000] {subprocess.py:106} INFO - [0m00:49:33  5 of 11 OK created sql view model public.my_second_dbt_model ................... [[32mCREATE VIEW[0m in 0.43s]
[2025-03-17T00:49:33.135+0000] {subprocess.py:106} INFO - [0m00:49:33  8 of 11 ERROR creating sql view model public.dim_location ...................... [[31mERROR[0m in 0.38s]
[2025-03-17T00:49:33.148+0000] {subprocess.py:106} INFO - [0m00:49:33  9 of 11 START sql view model public.dim_sentiment .............................. [RUN]
[2025-03-17T00:49:33.183+0000] {subprocess.py:106} INFO - [0m00:49:33  10 of 11 START sql view model public.dwh_model ................................. [RUN]
[2025-03-17T00:49:33.217+0000] {subprocess.py:106} INFO - [0m00:49:33  6 of 11 ERROR creating sql view model public.dim_bank .......................... [[31mERROR[0m in 0.45s]
[2025-03-17T00:49:33.223+0000] {subprocess.py:106} INFO - [0m00:49:33  7 of 11 ERROR creating sql view model public.dim_branch ........................ [[31mERROR[0m in 0.47s]
[2025-03-17T00:49:33.379+0000] {subprocess.py:106} INFO - [0m00:49:33  9 of 11 ERROR creating sql view model public.dim_sentiment ..................... [[31mERROR[0m in 0.20s]
[2025-03-17T00:49:33.400+0000] {subprocess.py:106} INFO - [0m00:49:33  11 of 11 SKIP relation public.fact_reviews ..................................... [[33mSKIP[0m]
[2025-03-17T00:49:33.488+0000] {subprocess.py:106} INFO - [0m00:49:33  10 of 11 OK created sql view model public.dwh_model ............................ [[32mCREATE VIEW[0m in 0.27s]
[2025-03-17T00:49:33.564+0000] {subprocess.py:106} INFO - [0m00:49:33
[2025-03-17T00:49:33.567+0000] {subprocess.py:106} INFO - [0m00:49:33  Finished running 1 table model, 10 view models in 0 hours 0 minutes and 4.47 seconds (4.47s).
[2025-03-17T00:49:33.705+0000] {subprocess.py:106} INFO - [0m00:49:33
[2025-03-17T00:49:33.707+0000] {subprocess.py:106} INFO - [0m00:49:33  [31mCompleted with 4 errors, 0 partial successes, and 0 warnings:[0m
[2025-03-17T00:49:33.711+0000] {subprocess.py:106} INFO - [0m00:49:33
[2025-03-17T00:49:33.715+0000] {subprocess.py:106} INFO - [0m00:49:33    Database Error in model dim_location (models/dim_location.sql)
[2025-03-17T00:49:33.716+0000] {subprocess.py:106} INFO -   syntax error at or near ";"
[2025-03-17T00:49:33.716+0000] {subprocess.py:106} INFO -   LINE 7: ... FROM "project_data_wherhouse"."public"."stg_clean_reviews";
[2025-03-17T00:49:33.717+0000] {subprocess.py:106} INFO -                                                                         ^
[2025-03-17T00:49:33.718+0000] {subprocess.py:106} INFO -   compiled code at target/run/bank_reviews_project/models/dim_location.sql
[2025-03-17T00:49:33.719+0000] {subprocess.py:106} INFO - [0m00:49:33
[2025-03-17T00:49:33.719+0000] {subprocess.py:106} INFO - [0m00:49:33    Database Error in model dim_bank (models/dim_bank.sql)
[2025-03-17T00:49:33.720+0000] {subprocess.py:106} INFO -   syntax error at or near ";"
[2025-03-17T00:49:33.720+0000] {subprocess.py:106} INFO -   LINE 7: ... FROM "project_data_wherhouse"."public"."stg_clean_reviews";
[2025-03-17T00:49:33.722+0000] {subprocess.py:106} INFO -                                                                         ^
[2025-03-17T00:49:33.722+0000] {subprocess.py:106} INFO -   compiled code at target/run/bank_reviews_project/models/dim_bank.sql
[2025-03-17T00:49:33.723+0000] {subprocess.py:106} INFO - [0m00:49:33
[2025-03-17T00:49:33.724+0000] {subprocess.py:106} INFO - [0m00:49:33    Database Error in model dim_branch (models/dim_branch.sql)
[2025-03-17T00:49:33.724+0000] {subprocess.py:106} INFO -   syntax error at or near ";"
[2025-03-17T00:49:33.725+0000] {subprocess.py:106} INFO -   LINE 7: ... FROM "project_data_wherhouse"."public"."stg_clean_reviews";
[2025-03-17T00:49:33.726+0000] {subprocess.py:106} INFO -                                                                         ^
[2025-03-17T00:49:33.726+0000] {subprocess.py:106} INFO -   compiled code at target/run/bank_reviews_project/models/dim_branch.sql
[2025-03-17T00:49:33.727+0000] {subprocess.py:106} INFO - [0m00:49:33
[2025-03-17T00:49:33.728+0000] {subprocess.py:106} INFO - [0m00:49:33    Database Error in model dim_sentiment (models/dim_sentiment.sql)
[2025-03-17T00:49:33.730+0000] {subprocess.py:106} INFO -   syntax error at or near ";"
[2025-03-17T00:49:33.730+0000] {subprocess.py:106} INFO -   LINE 7: ... FROM "project_data_wherhouse"."public"."stg_clean_reviews";
[2025-03-17T00:49:33.731+0000] {subprocess.py:106} INFO -                                                                         ^
[2025-03-17T00:49:33.732+0000] {subprocess.py:106} INFO -   compiled code at target/run/bank_reviews_project/models/dim_sentiment.sql
[2025-03-17T00:49:33.733+0000] {subprocess.py:106} INFO - [0m00:49:33
[2025-03-17T00:49:33.733+0000] {subprocess.py:106} INFO - [0m00:49:33  Done. PASS=6 WARN=0 ERROR=4 SKIP=1 TOTAL=11
[2025-03-17T00:49:36.039+0000] {subprocess.py:110} INFO - Command exited with return code 1
[2025-03-17T00:49:36.103+0000] {taskinstance.py:3313} ERROR - Task failed with exception
Traceback (most recent call last):
  File "/home/mohammed/venv/lib/python3.11/site-packages/airflow/models/taskinstance.py", line 768, in _execute_task
    result = _execute_callable(context=context, **execute_callable_kwargs)
             ^^^^^^^^^^^^^^^^^^^^^^^^^^^^^^^^^^^^^^^^^^^^^^^^^^^^^^^^^^^^^
  File "/home/mohammed/venv/lib/python3.11/site-packages/airflow/models/taskinstance.py", line 734, in _execute_callable
    return ExecutionCallableRunner(
           ^^^^^^^^^^^^^^^^^^^^^^^^
  File "/home/mohammed/venv/lib/python3.11/site-packages/airflow/utils/operator_helpers.py", line 252, in run
    return self.func(*args, **kwargs)
           ^^^^^^^^^^^^^^^^^^^^^^^^^^
  File "/home/mohammed/venv/lib/python3.11/site-packages/airflow/models/baseoperator.py", line 424, in wrapper
    return func(self, *args, **kwargs)
           ^^^^^^^^^^^^^^^^^^^^^^^^^^^
  File "/home/mohammed/venv/lib/python3.11/site-packages/airflow/operators/bash.py", line 276, in execute
    raise AirflowException(
airflow.exceptions.AirflowException: Bash command failed. The command returned a non-zero exit code 1.
[2025-03-17T00:49:36.143+0000] {logging_mixin.py:190} INFO - Task instance in failure state
[2025-03-17T00:49:36.144+0000] {logging_mixin.py:190} INFO - Task start:2025-03-17 00:49:14.608172+00:00 end:2025-03-17 00:49:36.131647+00:00 duration:21.523475
[2025-03-17T00:49:36.145+0000] {logging_mixin.py:190} INFO - Task:<Task(BashOperator): dbt_run> dag:<DAG: load_reviews_pipeline> dagrun:<DagRun load_reviews_pipeline @ 2024-08-07 00:00:00+00:00: scheduled__2024-08-07T00:00:00+00:00, state:running, queued_at: 2025-03-17 00:49:09.999719+00:00. externally triggered: False>
[2025-03-17T00:49:36.146+0000] {logging_mixin.py:190} INFO - Failure caused by Bash command failed. The command returned a non-zero exit code 1.
[2025-03-17T00:49:36.147+0000] {taskinstance.py:1226} INFO - Marking task as UP_FOR_RETRY. dag_id=load_reviews_pipeline, task_id=dbt_run, run_id=scheduled__2024-08-07T00:00:00+00:00, execution_date=20240807T000000, start_date=20250317T004914, end_date=20250317T004936
[2025-03-17T00:49:36.528+0000] {taskinstance.py:341} INFO - ::group::Post task execution logs
[2025-03-17T00:49:36.531+0000] {standard_task_runner.py:124} ERROR - Failed to execute job 362 for task dbt_run (Bash command failed. The command returned a non-zero exit code 1.; 286878)
Traceback (most recent call last):
  File "/home/mohammed/venv/lib/python3.11/site-packages/airflow/task/task_runner/standard_task_runner.py", line 117, in _start_by_fork
    ret = args.func(args, dag=self.dag)
          ^^^^^^^^^^^^^^^^^^^^^^^^^^^^^
  File "/home/mohammed/venv/lib/python3.11/site-packages/airflow/cli/cli_config.py", line 49, in command
    return func(*args, **kwargs)
           ^^^^^^^^^^^^^^^^^^^^^
  File "/home/mohammed/venv/lib/python3.11/site-packages/airflow/utils/cli.py", line 116, in wrapper
    return f(*args, **kwargs)
           ^^^^^^^^^^^^^^^^^^
  File "/home/mohammed/venv/lib/python3.11/site-packages/airflow/cli/commands/task_command.py", line 483, in task_run
    task_return_code = _run_task_by_selected_method(args, _dag, ti)
                       ^^^^^^^^^^^^^^^^^^^^^^^^^^^^^^^^^^^^^^^^^^^^
  File "/home/mohammed/venv/lib/python3.11/site-packages/airflow/cli/commands/task_command.py", line 256, in _run_task_by_selected_method
    return _run_raw_task(args, ti)
           ^^^^^^^^^^^^^^^^^^^^^^^
  File "/home/mohammed/venv/lib/python3.11/site-packages/airflow/cli/commands/task_command.py", line 341, in _run_raw_task
    return ti._run_raw_task(
           ^^^^^^^^^^^^^^^^^
  File "/home/mohammed/venv/lib/python3.11/site-packages/airflow/utils/session.py", line 97, in wrapper
    return func(*args, session=session, **kwargs)
           ^^^^^^^^^^^^^^^^^^^^^^^^^^^^^^^^^^^^^^
  File "/home/mohammed/venv/lib/python3.11/site-packages/airflow/models/taskinstance.py", line 3006, in _run_raw_task
    return _run_raw_task(
           ^^^^^^^^^^^^^^
  File "/home/mohammed/venv/lib/python3.11/site-packages/airflow/models/taskinstance.py", line 274, in _run_raw_task
    TaskInstance._execute_task_with_callbacks(
  File "/home/mohammed/venv/lib/python3.11/site-packages/airflow/models/taskinstance.py", line 3161, in _execute_task_with_callbacks
    result = self._execute_task(context, task_orig)
             ^^^^^^^^^^^^^^^^^^^^^^^^^^^^^^^^^^^^^^
  File "/home/mohammed/venv/lib/python3.11/site-packages/airflow/models/taskinstance.py", line 3185, in _execute_task
    return _execute_task(self, context, task_orig)
           ^^^^^^^^^^^^^^^^^^^^^^^^^^^^^^^^^^^^^^^
  File "/home/mohammed/venv/lib/python3.11/site-packages/airflow/models/taskinstance.py", line 768, in _execute_task
    result = _execute_callable(context=context, **execute_callable_kwargs)
             ^^^^^^^^^^^^^^^^^^^^^^^^^^^^^^^^^^^^^^^^^^^^^^^^^^^^^^^^^^^^^
  File "/home/mohammed/venv/lib/python3.11/site-packages/airflow/models/taskinstance.py", line 734, in _execute_callable
    return ExecutionCallableRunner(
           ^^^^^^^^^^^^^^^^^^^^^^^^
  File "/home/mohammed/venv/lib/python3.11/site-packages/airflow/utils/operator_helpers.py", line 252, in run
    return self.func(*args, **kwargs)
           ^^^^^^^^^^^^^^^^^^^^^^^^^^
  File "/home/mohammed/venv/lib/python3.11/site-packages/airflow/models/baseoperator.py", line 424, in wrapper
    return func(self, *args, **kwargs)
           ^^^^^^^^^^^^^^^^^^^^^^^^^^^
  File "/home/mohammed/venv/lib/python3.11/site-packages/airflow/operators/bash.py", line 276, in execute
    raise AirflowException(
airflow.exceptions.AirflowException: Bash command failed. The command returned a non-zero exit code 1.
[2025-03-17T00:49:36.579+0000] {local_task_job_runner.py:266} INFO - Task exited with return code 1
[2025-03-17T00:49:36.661+0000] {taskinstance.py:3901} INFO - 0 downstream tasks scheduled from follow-on schedule check
[2025-03-17T00:49:36.670+0000] {local_task_job_runner.py:245} INFO - ::endgroup::
