[2025-03-21T15:47:08.006+0000] {local_task_job_runner.py:123} INFO - ::group::Pre task execution logs
[2025-03-21T15:47:08.060+0000] {taskinstance.py:2614} INFO - Dependencies all met for dep_context=non-requeueable deps ti=<TaskInstance: load_dbt_clean_reviews_pipeline.dbt_run_decisionnal manual__2025-03-21T15:47:04.567233+00:00 [queued]>
[2025-03-21T15:47:08.075+0000] {taskinstance.py:2614} INFO - Dependencies all met for dep_context=requeueable deps ti=<TaskInstance: load_dbt_clean_reviews_pipeline.dbt_run_decisionnal manual__2025-03-21T15:47:04.567233+00:00 [queued]>
[2025-03-21T15:47:08.076+0000] {taskinstance.py:2867} INFO - Starting attempt 1 of 2
[2025-03-21T15:47:08.098+0000] {taskinstance.py:2890} INFO - Executing <Task(BashOperator): dbt_run_decisionnal> on 2025-03-21 15:47:04.567233+00:00
[2025-03-21T15:47:08.106+0000] {standard_task_runner.py:72} INFO - Started process 1077459 to run task
[2025-03-21T15:47:08.111+0000] {standard_task_runner.py:104} INFO - Running: ['airflow', 'tasks', 'run', 'load_dbt_clean_reviews_pipeline', 'dbt_run_decisionnal', 'manual__2025-03-21T15:47:04.567233+00:00', '--job-id', '1927', '--raw', '--subdir', 'DAGS_FOLDER/dag_load_reviews.py', '--cfg-path', '/tmp/tmpf47f4yq4']
[2025-03-21T15:47:08.114+0000] {standard_task_runner.py:105} INFO - Job 1927: Subtask dbt_run_decisionnal
[2025-03-21T15:47:08.223+0000] {task_command.py:467} INFO - Running <TaskInstance: load_dbt_clean_reviews_pipeline.dbt_run_decisionnal manual__2025-03-21T15:47:04.567233+00:00 [running]> on host DESKTOP-IM7V4RI.
[2025-03-21T15:47:08.376+0000] {taskinstance.py:3134} INFO - Exporting env vars: AIRFLOW_CTX_DAG_OWNER='mohammed' AIRFLOW_CTX_DAG_ID='load_dbt_clean_reviews_pipeline' AIRFLOW_CTX_TASK_ID='dbt_run_decisionnal' AIRFLOW_CTX_EXECUTION_DATE='2025-03-21T15:47:04.567233+00:00' AIRFLOW_CTX_TRY_NUMBER='1' AIRFLOW_CTX_DAG_RUN_ID='manual__2025-03-21T15:47:04.567233+00:00'
[2025-03-21T15:47:08.378+0000] {logging_mixin.py:190} INFO - Task instance is in running state
[2025-03-21T15:47:08.378+0000] {logging_mixin.py:190} INFO -  Previous state of the Task instance: queued
[2025-03-21T15:47:08.378+0000] {logging_mixin.py:190} INFO - Current task name:dbt_run_decisionnal state:running start_date:2025-03-21 15:47:08.060638+00:00
[2025-03-21T15:47:08.379+0000] {logging_mixin.py:190} INFO - Dag name:load_dbt_clean_reviews_pipeline and current dag run status:running
[2025-03-21T15:47:08.379+0000] {taskinstance.py:732} INFO - ::endgroup::
[2025-03-21T15:47:08.380+0000] {subprocess.py:78} INFO - Tmp dir root location: /tmp
[2025-03-21T15:47:08.382+0000] {subprocess.py:88} INFO - Running command: ['/usr/bin/bash', '-c', 'cd /home/mohammed/.dbt/dbt_projects/bank_reviews_decisionnal && dbt run']
[2025-03-21T15:47:08.393+0000] {subprocess.py:99} INFO - Output:
[2025-03-21T15:47:11.022+0000] {subprocess.py:106} INFO - [0m15:47:11  Running with dbt=1.9.3
[2025-03-21T15:47:11.341+0000] {subprocess.py:106} INFO - [0m15:47:11  Registered adapter: postgres=1.9.0
[2025-03-21T15:47:12.100+0000] {subprocess.py:106} INFO - [0m15:47:12  [[33mWARNING[0m]: Configuration paths exist in your dbt_project.yml file which do not apply to any resources.
[2025-03-21T15:47:12.101+0000] {subprocess.py:106} INFO - There are 1 unused configuration paths:
[2025-03-21T15:47:12.101+0000] {subprocess.py:106} INFO - - models.bank_reviews_decisionnal.decisionnal
[2025-03-21T15:47:12.228+0000] {subprocess.py:106} INFO - [0m15:47:12  Found 5 models, 2 sources, 547 macros
[2025-03-21T15:47:12.231+0000] {subprocess.py:106} INFO - [0m15:47:12
[2025-03-21T15:47:12.231+0000] {subprocess.py:106} INFO - [0m15:47:12  Concurrency: 4 threads (target='dev')
[2025-03-21T15:47:12.232+0000] {subprocess.py:106} INFO - [0m15:47:12
[2025-03-21T15:47:12.471+0000] {subprocess.py:106} INFO - [0m15:47:12  1 of 5 START sql view model decisionnal.dim_bank ............................... [RUN]
[2025-03-21T15:47:12.473+0000] {subprocess.py:106} INFO - [0m15:47:12  2 of 5 START sql view model decisionnal.dim_branch ............................. [RUN]
[2025-03-21T15:47:12.474+0000] {subprocess.py:106} INFO - [0m15:47:12  3 of 5 START sql view model decisionnal.dim_location ........................... [RUN]
[2025-03-21T15:47:12.476+0000] {subprocess.py:106} INFO - [0m15:47:12  4 of 5 START sql view model decisionnal.dim_sentiment .......................... [RUN]
[2025-03-21T15:47:12.728+0000] {subprocess.py:106} INFO - [0m15:47:12  4 of 5 OK created sql view model decisionnal.dim_sentiment ..................... [[32mCREATE VIEW[0m in 0.24s]
[2025-03-21T15:47:12.730+0000] {subprocess.py:106} INFO - [0m15:47:12  2 of 5 OK created sql view model decisionnal.dim_branch ........................ [[32mCREATE VIEW[0m in 0.25s]
[2025-03-21T15:47:12.736+0000] {subprocess.py:106} INFO - [0m15:47:12  1 of 5 OK created sql view model decisionnal.dim_bank .......................... [[32mCREATE VIEW[0m in 0.25s]
[2025-03-21T15:47:12.739+0000] {subprocess.py:106} INFO - [0m15:47:12  3 of 5 OK created sql view model decisionnal.dim_location ...................... [[32mCREATE VIEW[0m in 0.25s]
[2025-03-21T15:47:12.744+0000] {subprocess.py:106} INFO - [0m15:47:12  5 of 5 START sql view model decisionnal.fact_reviews ........................... [RUN]
[2025-03-21T15:47:12.803+0000] {subprocess.py:106} INFO - [0m15:47:12  5 of 5 ERROR creating sql view model decisionnal.fact_reviews .................. [[31mERROR[0m in 0.06s]
[2025-03-21T15:47:12.835+0000] {subprocess.py:106} INFO - [0m15:47:12
[2025-03-21T15:47:12.836+0000] {subprocess.py:106} INFO - [0m15:47:12  Finished running 5 view models in 0 hours 0 minutes and 0.60 seconds (0.60s).
[2025-03-21T15:47:12.894+0000] {subprocess.py:106} INFO - [0m15:47:12
[2025-03-21T15:47:12.895+0000] {subprocess.py:106} INFO - [0m15:47:12  [31mCompleted with 1 error, 0 partial successes, and 0 warnings:[0m
[2025-03-21T15:47:12.895+0000] {subprocess.py:106} INFO - [0m15:47:12
[2025-03-21T15:47:12.895+0000] {subprocess.py:106} INFO - [0m15:47:12    Database Error in model fact_reviews (models/fact_reviews.sql)
[2025-03-21T15:47:12.896+0000] {subprocess.py:106} INFO -   syntax error at or near "cr"
[2025-03-21T15:47:12.896+0000] {subprocess.py:106} INFO -   LINE 14:     cr.review_date
[2025-03-21T15:47:12.896+0000] {subprocess.py:106} INFO -                ^
[2025-03-21T15:47:12.896+0000] {subprocess.py:106} INFO -   compiled code at target/run/bank_reviews_decisionnal/models/fact_reviews.sql
[2025-03-21T15:47:12.896+0000] {subprocess.py:106} INFO - [0m15:47:12
[2025-03-21T15:47:12.896+0000] {subprocess.py:106} INFO - [0m15:47:12  Done. PASS=4 WARN=0 ERROR=1 SKIP=0 TOTAL=5
[2025-03-21T15:47:14.251+0000] {subprocess.py:110} INFO - Command exited with return code 1
[2025-03-21T15:47:14.280+0000] {taskinstance.py:3313} ERROR - Task failed with exception
Traceback (most recent call last):
  File "/home/mohammed/venv/lib/python3.11/site-packages/airflow/models/taskinstance.py", line 768, in _execute_task
    result = _execute_callable(context=context, **execute_callable_kwargs)
             ^^^^^^^^^^^^^^^^^^^^^^^^^^^^^^^^^^^^^^^^^^^^^^^^^^^^^^^^^^^^^
  File "/home/mohammed/venv/lib/python3.11/site-packages/airflow/models/taskinstance.py", line 734, in _execute_callable
    return ExecutionCallableRunner(
           ^^^^^^^^^^^^^^^^^^^^^^^^
  File "/home/mohammed/venv/lib/python3.11/site-packages/airflow/utils/operator_helpers.py", line 252, in run
    return self.func(*args, **kwargs)
           ^^^^^^^^^^^^^^^^^^^^^^^^^^
  File "/home/mohammed/venv/lib/python3.11/site-packages/airflow/models/baseoperator.py", line 424, in wrapper
    return func(self, *args, **kwargs)
           ^^^^^^^^^^^^^^^^^^^^^^^^^^^
  File "/home/mohammed/venv/lib/python3.11/site-packages/airflow/operators/bash.py", line 276, in execute
    raise AirflowException(
airflow.exceptions.AirflowException: Bash command failed. The command returned a non-zero exit code 1.
[2025-03-21T15:47:14.298+0000] {logging_mixin.py:190} INFO - Task instance in failure state
[2025-03-21T15:47:14.298+0000] {logging_mixin.py:190} INFO - Task start:2025-03-21 15:47:08.060638+00:00 end:2025-03-21 15:47:14.295859+00:00 duration:6.235221
[2025-03-21T15:47:14.299+0000] {logging_mixin.py:190} INFO - Task:<Task(BashOperator): dbt_run_decisionnal> dag:<DAG: load_dbt_clean_reviews_pipeline> dagrun:<DagRun load_dbt_clean_reviews_pipeline @ 2025-03-21 15:47:04.567233+00:00: manual__2025-03-21T15:47:04.567233+00:00, state:running, queued_at: 2025-03-21 15:47:04.846124+00:00. externally triggered: True>
[2025-03-21T15:47:14.299+0000] {logging_mixin.py:190} INFO - Failure caused by Bash command failed. The command returned a non-zero exit code 1.
[2025-03-21T15:47:14.299+0000] {taskinstance.py:1226} INFO - Marking task as UP_FOR_RETRY. dag_id=load_dbt_clean_reviews_pipeline, task_id=dbt_run_decisionnal, run_id=manual__2025-03-21T15:47:04.567233+00:00, execution_date=20250321T154704, start_date=20250321T154708, end_date=20250321T154714
[2025-03-21T15:47:14.369+0000] {taskinstance.py:341} INFO - ::group::Post task execution logs
[2025-03-21T15:47:14.370+0000] {standard_task_runner.py:124} ERROR - Failed to execute job 1927 for task dbt_run_decisionnal (Bash command failed. The command returned a non-zero exit code 1.; 1077459)
Traceback (most recent call last):
  File "/home/mohammed/venv/lib/python3.11/site-packages/airflow/task/task_runner/standard_task_runner.py", line 117, in _start_by_fork
    ret = args.func(args, dag=self.dag)
          ^^^^^^^^^^^^^^^^^^^^^^^^^^^^^
  File "/home/mohammed/venv/lib/python3.11/site-packages/airflow/cli/cli_config.py", line 49, in command
    return func(*args, **kwargs)
           ^^^^^^^^^^^^^^^^^^^^^
  File "/home/mohammed/venv/lib/python3.11/site-packages/airflow/utils/cli.py", line 116, in wrapper
    return f(*args, **kwargs)
           ^^^^^^^^^^^^^^^^^^
  File "/home/mohammed/venv/lib/python3.11/site-packages/airflow/cli/commands/task_command.py", line 483, in task_run
    task_return_code = _run_task_by_selected_method(args, _dag, ti)
                       ^^^^^^^^^^^^^^^^^^^^^^^^^^^^^^^^^^^^^^^^^^^^
  File "/home/mohammed/venv/lib/python3.11/site-packages/airflow/cli/commands/task_command.py", line 256, in _run_task_by_selected_method
    return _run_raw_task(args, ti)
           ^^^^^^^^^^^^^^^^^^^^^^^
  File "/home/mohammed/venv/lib/python3.11/site-packages/airflow/cli/commands/task_command.py", line 341, in _run_raw_task
    return ti._run_raw_task(
           ^^^^^^^^^^^^^^^^^
  File "/home/mohammed/venv/lib/python3.11/site-packages/airflow/utils/session.py", line 97, in wrapper
    return func(*args, session=session, **kwargs)
           ^^^^^^^^^^^^^^^^^^^^^^^^^^^^^^^^^^^^^^
  File "/home/mohammed/venv/lib/python3.11/site-packages/airflow/models/taskinstance.py", line 3006, in _run_raw_task
    return _run_raw_task(
           ^^^^^^^^^^^^^^
  File "/home/mohammed/venv/lib/python3.11/site-packages/airflow/models/taskinstance.py", line 274, in _run_raw_task
    TaskInstance._execute_task_with_callbacks(
  File "/home/mohammed/venv/lib/python3.11/site-packages/airflow/models/taskinstance.py", line 3161, in _execute_task_with_callbacks
    result = self._execute_task(context, task_orig)
             ^^^^^^^^^^^^^^^^^^^^^^^^^^^^^^^^^^^^^^
  File "/home/mohammed/venv/lib/python3.11/site-packages/airflow/models/taskinstance.py", line 3185, in _execute_task
    return _execute_task(self, context, task_orig)
           ^^^^^^^^^^^^^^^^^^^^^^^^^^^^^^^^^^^^^^^
  File "/home/mohammed/venv/lib/python3.11/site-packages/airflow/models/taskinstance.py", line 768, in _execute_task
    result = _execute_callable(context=context, **execute_callable_kwargs)
             ^^^^^^^^^^^^^^^^^^^^^^^^^^^^^^^^^^^^^^^^^^^^^^^^^^^^^^^^^^^^^
  File "/home/mohammed/venv/lib/python3.11/site-packages/airflow/models/taskinstance.py", line 734, in _execute_callable
    return ExecutionCallableRunner(
           ^^^^^^^^^^^^^^^^^^^^^^^^
  File "/home/mohammed/venv/lib/python3.11/site-packages/airflow/utils/operator_helpers.py", line 252, in run
    return self.func(*args, **kwargs)
           ^^^^^^^^^^^^^^^^^^^^^^^^^^
  File "/home/mohammed/venv/lib/python3.11/site-packages/airflow/models/baseoperator.py", line 424, in wrapper
    return func(self, *args, **kwargs)
           ^^^^^^^^^^^^^^^^^^^^^^^^^^^
  File "/home/mohammed/venv/lib/python3.11/site-packages/airflow/operators/bash.py", line 276, in execute
    raise AirflowException(
airflow.exceptions.AirflowException: Bash command failed. The command returned a non-zero exit code 1.
[2025-03-21T15:47:14.414+0000] {local_task_job_runner.py:266} INFO - Task exited with return code 1
[2025-03-21T15:47:14.451+0000] {taskinstance.py:3901} INFO - 0 downstream tasks scheduled from follow-on schedule check
[2025-03-21T15:47:14.454+0000] {local_task_job_runner.py:245} INFO - ::endgroup::
