[2025-03-17T01:18:51.686+0000] {local_task_job_runner.py:123} INFO - ::group::Pre task execution logs
[2025-03-17T01:18:51.735+0000] {taskinstance.py:2614} INFO - Dependencies all met for dep_context=non-requeueable deps ti=<TaskInstance: load_reviews_pipeline.dbt_run scheduled__2025-01-10T00:00:00+00:00 [queued]>
[2025-03-17T01:18:51.751+0000] {taskinstance.py:2614} INFO - Dependencies all met for dep_context=requeueable deps ti=<TaskInstance: load_reviews_pipeline.dbt_run scheduled__2025-01-10T00:00:00+00:00 [queued]>
[2025-03-17T01:18:51.752+0000] {taskinstance.py:2867} INFO - Starting attempt 2 of 2
[2025-03-17T01:18:51.781+0000] {taskinstance.py:2890} INFO - Executing <Task(BashOperator): dbt_run> on 2025-01-10 00:00:00+00:00
[2025-03-17T01:18:51.791+0000] {standard_task_runner.py:72} INFO - Started process 329207 to run task
[2025-03-17T01:18:51.801+0000] {standard_task_runner.py:104} INFO - Running: ['airflow', 'tasks', 'run', 'load_reviews_pipeline', 'dbt_run', 'scheduled__2025-01-10T00:00:00+00:00', '--job-id', '635', '--raw', '--subdir', 'DAGS_FOLDER/dag_load_reviews.py', '--cfg-path', '/tmp/tmpazqv3jep']
[2025-03-17T01:18:51.804+0000] {standard_task_runner.py:105} INFO - Job 635: Subtask dbt_run
[2025-03-17T01:18:51.967+0000] {task_command.py:467} INFO - Running <TaskInstance: load_reviews_pipeline.dbt_run scheduled__2025-01-10T00:00:00+00:00 [running]> on host DESKTOP-IM7V4RI.
[2025-03-17T01:18:52.220+0000] {taskinstance.py:3134} INFO - Exporting env vars: AIRFLOW_CTX_DAG_OWNER='mohammed' AIRFLOW_CTX_DAG_ID='load_reviews_pipeline' AIRFLOW_CTX_TASK_ID='dbt_run' AIRFLOW_CTX_EXECUTION_DATE='2025-01-10T00:00:00+00:00' AIRFLOW_CTX_TRY_NUMBER='2' AIRFLOW_CTX_DAG_RUN_ID='scheduled__2025-01-10T00:00:00+00:00'
[2025-03-17T01:18:52.222+0000] {logging_mixin.py:190} INFO - Task instance is in running state
[2025-03-17T01:18:52.223+0000] {logging_mixin.py:190} INFO -  Previous state of the Task instance: queued
[2025-03-17T01:18:52.223+0000] {logging_mixin.py:190} INFO - Current task name:dbt_run state:running start_date:2025-03-17 01:18:51.736069+00:00
[2025-03-17T01:18:52.224+0000] {logging_mixin.py:190} INFO - Dag name:load_reviews_pipeline and current dag run status:running
[2025-03-17T01:18:52.224+0000] {taskinstance.py:732} INFO - ::endgroup::
[2025-03-17T01:18:52.225+0000] {subprocess.py:78} INFO - Tmp dir root location: /tmp
[2025-03-17T01:18:52.229+0000] {subprocess.py:88} INFO - Running command: ['/usr/bin/bash', '-c', 'cd /home/mohammed/.dbt/bank_reviews_project && dbt run']
[2025-03-17T01:18:52.247+0000] {subprocess.py:99} INFO - Output:
[2025-03-17T01:18:56.075+0000] {subprocess.py:106} INFO - [0m01:18:56  Running with dbt=1.9.3
[2025-03-17T01:18:56.641+0000] {subprocess.py:106} INFO - [0m01:18:56  Registered adapter: postgres=1.9.0
[2025-03-17T01:18:57.676+0000] {subprocess.py:106} INFO - [0m01:18:57  Found 10 models, 4 data tests, 2 sources, 433 macros
[2025-03-17T01:18:57.682+0000] {subprocess.py:106} INFO - [0m01:18:57
[2025-03-17T01:18:57.684+0000] {subprocess.py:106} INFO - [0m01:18:57  Concurrency: 4 threads (target='dev')
[2025-03-17T01:18:57.685+0000] {subprocess.py:106} INFO - [0m01:18:57
[2025-03-17T01:18:57.986+0000] {subprocess.py:106} INFO - [0m01:18:57  1 of 10 START sql view model public.clean_reviews .............................. [RUN]
[2025-03-17T01:18:57.990+0000] {subprocess.py:106} INFO - [0m01:18:57  2 of 10 START sql table model public.my_first_dbt_model ........................ [RUN]
[2025-03-17T01:18:57.991+0000] {subprocess.py:106} INFO - [0m01:18:57  3 of 10 START sql view model public.remove_duplicates .......................... [RUN]
[2025-03-17T01:18:57.992+0000] {subprocess.py:106} INFO - [0m01:18:57  4 of 10 START sql view model public.stg_clean_reviews .......................... [RUN]
[2025-03-17T01:18:58.531+0000] {subprocess.py:106} INFO - [0m01:18:58  3 of 10 ERROR creating sql view model public.remove_duplicates ................. [[31mERROR[0m in 0.50s]
[2025-03-17T01:18:58.539+0000] {subprocess.py:106} INFO - [0m01:18:58  1 of 10 ERROR creating sql view model public.clean_reviews ..................... [[31mERROR[0m in 0.54s]
[2025-03-17T01:18:58.548+0000] {subprocess.py:106} INFO - [0m01:18:58  2 of 10 ERROR creating sql table model public.my_first_dbt_model ............... [[31mERROR[0m in 0.55s]
[2025-03-17T01:18:58.570+0000] {subprocess.py:106} INFO - [0m01:18:58  5 of 10 SKIP relation public.my_second_dbt_model ............................... [[33mSKIP[0m]
[2025-03-17T01:18:58.580+0000] {subprocess.py:106} INFO - [0m01:18:58  4 of 10 ERROR creating sql view model public.stg_clean_reviews ................. [[31mERROR[0m in 0.58s]
[2025-03-17T01:18:58.590+0000] {subprocess.py:106} INFO - [0m01:18:58  6 of 10 SKIP relation public.dim_bank .......................................... [[33mSKIP[0m]
[2025-03-17T01:18:58.592+0000] {subprocess.py:106} INFO - [0m01:18:58  7 of 10 SKIP relation public.dim_branch ........................................ [[33mSKIP[0m]
[2025-03-17T01:18:58.600+0000] {subprocess.py:106} INFO - [0m01:18:58  8 of 10 SKIP relation public.dim_location ...................................... [[33mSKIP[0m]
[2025-03-17T01:18:58.610+0000] {subprocess.py:106} INFO - [0m01:18:58  9 of 10 SKIP relation public.dim_sentiment ..................................... [[33mSKIP[0m]
[2025-03-17T01:18:58.615+0000] {subprocess.py:106} INFO - [0m01:18:58  10 of 10 SKIP relation public.fact_reviews ..................................... [[33mSKIP[0m]
[2025-03-17T01:18:58.676+0000] {subprocess.py:106} INFO - [0m01:18:58
[2025-03-17T01:18:58.677+0000] {subprocess.py:106} INFO - [0m01:18:58  Finished running 1 table model, 9 view models in 0 hours 0 minutes and 0.99 seconds (0.99s).
[2025-03-17T01:18:58.931+0000] {subprocess.py:106} INFO - [0m01:18:58
[2025-03-17T01:18:58.933+0000] {subprocess.py:106} INFO - [0m01:18:58  [31mCompleted with 4 errors, 0 partial successes, and 0 warnings:[0m
[2025-03-17T01:18:58.935+0000] {subprocess.py:106} INFO - [0m01:18:58
[2025-03-17T01:18:58.938+0000] {subprocess.py:106} INFO - [0m01:18:58    Database Error in model remove_duplicates (models/remove_duplicates.sql)
[2025-03-17T01:18:58.939+0000] {subprocess.py:106} INFO -   relation "remove_duplicates__dbt_backup" already exists
[2025-03-17T01:18:58.939+0000] {subprocess.py:106} INFO -   compiled code at target/run/bank_reviews_project/models/remove_duplicates.sql
[2025-03-17T01:18:58.940+0000] {subprocess.py:106} INFO - [0m01:18:58
[2025-03-17T01:18:58.944+0000] {subprocess.py:106} INFO - [0m01:18:58    Database Error in model clean_reviews (models/clean_reviews.sql)
[2025-03-17T01:18:58.945+0000] {subprocess.py:106} INFO -   relation "clean_reviews__dbt_backup" already exists
[2025-03-17T01:18:58.945+0000] {subprocess.py:106} INFO -   compiled code at target/run/bank_reviews_project/models/clean_reviews.sql
[2025-03-17T01:18:58.945+0000] {subprocess.py:106} INFO - [0m01:18:58
[2025-03-17T01:18:58.946+0000] {subprocess.py:106} INFO - [0m01:18:58    Database Error in model my_first_dbt_model (models/example/my_first_dbt_model.sql)
[2025-03-17T01:18:58.946+0000] {subprocess.py:106} INFO -   relation "my_first_dbt_model__dbt_backup" already exists
[2025-03-17T01:18:58.946+0000] {subprocess.py:106} INFO -   compiled code at target/run/bank_reviews_project/models/example/my_first_dbt_model.sql
[2025-03-17T01:18:58.947+0000] {subprocess.py:106} INFO - [0m01:18:58
[2025-03-17T01:18:58.949+0000] {subprocess.py:106} INFO - [0m01:18:58    Database Error in model stg_clean_reviews (models/stg_clean_reviews.sql)
[2025-03-17T01:18:58.949+0000] {subprocess.py:106} INFO -   relation "stg_clean_reviews__dbt_backup" already exists
[2025-03-17T01:18:58.949+0000] {subprocess.py:106} INFO -   compiled code at target/run/bank_reviews_project/models/stg_clean_reviews.sql
[2025-03-17T01:18:58.950+0000] {subprocess.py:106} INFO - [0m01:18:58
[2025-03-17T01:18:58.951+0000] {subprocess.py:106} INFO - [0m01:18:58  Done. PASS=0 WARN=0 ERROR=4 SKIP=6 TOTAL=10
[2025-03-17T01:19:00.986+0000] {subprocess.py:110} INFO - Command exited with return code 1
[2025-03-17T01:19:01.031+0000] {taskinstance.py:3313} ERROR - Task failed with exception
Traceback (most recent call last):
  File "/home/mohammed/venv/lib/python3.11/site-packages/airflow/models/taskinstance.py", line 768, in _execute_task
    result = _execute_callable(context=context, **execute_callable_kwargs)
             ^^^^^^^^^^^^^^^^^^^^^^^^^^^^^^^^^^^^^^^^^^^^^^^^^^^^^^^^^^^^^
  File "/home/mohammed/venv/lib/python3.11/site-packages/airflow/models/taskinstance.py", line 734, in _execute_callable
    return ExecutionCallableRunner(
           ^^^^^^^^^^^^^^^^^^^^^^^^
  File "/home/mohammed/venv/lib/python3.11/site-packages/airflow/utils/operator_helpers.py", line 252, in run
    return self.func(*args, **kwargs)
           ^^^^^^^^^^^^^^^^^^^^^^^^^^
  File "/home/mohammed/venv/lib/python3.11/site-packages/airflow/models/baseoperator.py", line 424, in wrapper
    return func(self, *args, **kwargs)
           ^^^^^^^^^^^^^^^^^^^^^^^^^^^
  File "/home/mohammed/venv/lib/python3.11/site-packages/airflow/operators/bash.py", line 276, in execute
    raise AirflowException(
airflow.exceptions.AirflowException: Bash command failed. The command returned a non-zero exit code 1.
[2025-03-17T01:19:01.037+0000] {logging_mixin.py:190} INFO - Task instance in failure state
[2025-03-17T01:19:01.037+0000] {logging_mixin.py:190} INFO - Task start:2025-03-17 01:18:51.736069+00:00 end:2025-03-17 01:19:01.036340+00:00 duration:9.300271
[2025-03-17T01:19:01.038+0000] {logging_mixin.py:190} INFO - Task:<Task(BashOperator): dbt_run> dag:<DAG: load_reviews_pipeline> dagrun:<DagRun load_reviews_pipeline @ 2025-01-10 00:00:00+00:00: scheduled__2025-01-10T00:00:00+00:00, state:running, queued_at: 2025-03-17 01:13:31.879751+00:00. externally triggered: False>
[2025-03-17T01:19:01.038+0000] {logging_mixin.py:190} INFO - Failure caused by Bash command failed. The command returned a non-zero exit code 1.
[2025-03-17T01:19:01.039+0000] {taskinstance.py:1226} INFO - Marking task as FAILED. dag_id=load_reviews_pipeline, task_id=dbt_run, run_id=scheduled__2025-01-10T00:00:00+00:00, execution_date=20250110T000000, start_date=20250317T011851, end_date=20250317T011901
[2025-03-17T01:19:01.104+0000] {taskinstance.py:341} INFO - ::group::Post task execution logs
[2025-03-17T01:19:01.105+0000] {standard_task_runner.py:124} ERROR - Failed to execute job 635 for task dbt_run (Bash command failed. The command returned a non-zero exit code 1.; 329207)
Traceback (most recent call last):
  File "/home/mohammed/venv/lib/python3.11/site-packages/airflow/task/task_runner/standard_task_runner.py", line 117, in _start_by_fork
    ret = args.func(args, dag=self.dag)
          ^^^^^^^^^^^^^^^^^^^^^^^^^^^^^
  File "/home/mohammed/venv/lib/python3.11/site-packages/airflow/cli/cli_config.py", line 49, in command
    return func(*args, **kwargs)
           ^^^^^^^^^^^^^^^^^^^^^
  File "/home/mohammed/venv/lib/python3.11/site-packages/airflow/utils/cli.py", line 116, in wrapper
    return f(*args, **kwargs)
           ^^^^^^^^^^^^^^^^^^
  File "/home/mohammed/venv/lib/python3.11/site-packages/airflow/cli/commands/task_command.py", line 483, in task_run
    task_return_code = _run_task_by_selected_method(args, _dag, ti)
                       ^^^^^^^^^^^^^^^^^^^^^^^^^^^^^^^^^^^^^^^^^^^^
  File "/home/mohammed/venv/lib/python3.11/site-packages/airflow/cli/commands/task_command.py", line 256, in _run_task_by_selected_method
    return _run_raw_task(args, ti)
           ^^^^^^^^^^^^^^^^^^^^^^^
  File "/home/mohammed/venv/lib/python3.11/site-packages/airflow/cli/commands/task_command.py", line 341, in _run_raw_task
    return ti._run_raw_task(
           ^^^^^^^^^^^^^^^^^
  File "/home/mohammed/venv/lib/python3.11/site-packages/airflow/utils/session.py", line 97, in wrapper
    return func(*args, session=session, **kwargs)
           ^^^^^^^^^^^^^^^^^^^^^^^^^^^^^^^^^^^^^^
  File "/home/mohammed/venv/lib/python3.11/site-packages/airflow/models/taskinstance.py", line 3006, in _run_raw_task
    return _run_raw_task(
           ^^^^^^^^^^^^^^
  File "/home/mohammed/venv/lib/python3.11/site-packages/airflow/models/taskinstance.py", line 274, in _run_raw_task
    TaskInstance._execute_task_with_callbacks(
  File "/home/mohammed/venv/lib/python3.11/site-packages/airflow/models/taskinstance.py", line 3161, in _execute_task_with_callbacks
    result = self._execute_task(context, task_orig)
             ^^^^^^^^^^^^^^^^^^^^^^^^^^^^^^^^^^^^^^
  File "/home/mohammed/venv/lib/python3.11/site-packages/airflow/models/taskinstance.py", line 3185, in _execute_task
    return _execute_task(self, context, task_orig)
           ^^^^^^^^^^^^^^^^^^^^^^^^^^^^^^^^^^^^^^^
  File "/home/mohammed/venv/lib/python3.11/site-packages/airflow/models/taskinstance.py", line 768, in _execute_task
    result = _execute_callable(context=context, **execute_callable_kwargs)
             ^^^^^^^^^^^^^^^^^^^^^^^^^^^^^^^^^^^^^^^^^^^^^^^^^^^^^^^^^^^^^
  File "/home/mohammed/venv/lib/python3.11/site-packages/airflow/models/taskinstance.py", line 734, in _execute_callable
    return ExecutionCallableRunner(
           ^^^^^^^^^^^^^^^^^^^^^^^^
  File "/home/mohammed/venv/lib/python3.11/site-packages/airflow/utils/operator_helpers.py", line 252, in run
    return self.func(*args, **kwargs)
           ^^^^^^^^^^^^^^^^^^^^^^^^^^
  File "/home/mohammed/venv/lib/python3.11/site-packages/airflow/models/baseoperator.py", line 424, in wrapper
    return func(self, *args, **kwargs)
           ^^^^^^^^^^^^^^^^^^^^^^^^^^^
  File "/home/mohammed/venv/lib/python3.11/site-packages/airflow/operators/bash.py", line 276, in execute
    raise AirflowException(
airflow.exceptions.AirflowException: Bash command failed. The command returned a non-zero exit code 1.
[2025-03-17T01:19:01.154+0000] {local_task_job_runner.py:266} INFO - Task exited with return code 1
[2025-03-17T01:19:01.173+0000] {local_task_job_runner.py:245} INFO - ::endgroup::
