[2025-03-28T22:49:36.179+0000] {local_task_job_runner.py:123} INFO - ::group::Pre task execution logs
[2025-03-28T22:49:36.479+0000] {taskinstance.py:2614} INFO - Dependencies all met for dep_context=non-requeueable deps ti=<TaskInstance: bank_reviews_etl_and_analysis_pipeline.dbt_run_decisionnal scheduled__2024-08-18T00:00:00+00:00 [queued]>
[2025-03-28T22:49:36.565+0000] {taskinstance.py:2614} INFO - Dependencies all met for dep_context=requeueable deps ti=<TaskInstance: bank_reviews_etl_and_analysis_pipeline.dbt_run_decisionnal scheduled__2024-08-18T00:00:00+00:00 [queued]>
[2025-03-28T22:49:36.566+0000] {taskinstance.py:2867} INFO - Starting attempt 1 of 2
[2025-03-28T22:49:36.829+0000] {taskinstance.py:2890} INFO - Executing <Task(BashOperator): dbt_run_decisionnal> on 2024-08-18 00:00:00+00:00
[2025-03-28T22:49:36.845+0000] {standard_task_runner.py:72} INFO - Started process 582410 to run task
[2025-03-28T22:49:36.868+0000] {standard_task_runner.py:104} INFO - Running: ['airflow', 'tasks', 'run', 'bank_reviews_etl_and_analysis_pipeline', 'dbt_run_decisionnal', 'scheduled__2024-08-18T00:00:00+00:00', '--job-id', '2430', '--raw', '--subdir', 'DAGS_FOLDER/dag_load_reviews.py', '--cfg-path', '/tmp/tmptr7eqwf5']
[2025-03-28T22:49:36.872+0000] {standard_task_runner.py:105} INFO - Job 2430: Subtask dbt_run_decisionnal
[2025-03-28T22:49:37.231+0000] {task_command.py:467} INFO - Running <TaskInstance: bank_reviews_etl_and_analysis_pipeline.dbt_run_decisionnal scheduled__2024-08-18T00:00:00+00:00 [running]> on host DESKTOP-IM7V4RI.
[2025-03-28T22:49:37.885+0000] {taskinstance.py:3134} INFO - Exporting env vars: AIRFLOW_CTX_DAG_OWNER='mohammed' AIRFLOW_CTX_DAG_ID='bank_reviews_etl_and_analysis_pipeline' AIRFLOW_CTX_TASK_ID='dbt_run_decisionnal' AIRFLOW_CTX_EXECUTION_DATE='2024-08-18T00:00:00+00:00' AIRFLOW_CTX_TRY_NUMBER='1' AIRFLOW_CTX_DAG_RUN_ID='scheduled__2024-08-18T00:00:00+00:00'
[2025-03-28T22:49:37.888+0000] {logging_mixin.py:190} INFO - Task instance is in running state
[2025-03-28T22:49:37.900+0000] {logging_mixin.py:190} INFO -  Previous state of the Task instance: queued
[2025-03-28T22:49:37.900+0000] {logging_mixin.py:190} INFO - Current task name:dbt_run_decisionnal state:running start_date:2025-03-28 22:49:36.480209+00:00
[2025-03-28T22:49:37.901+0000] {logging_mixin.py:190} INFO - Dag name:bank_reviews_etl_and_analysis_pipeline and current dag run status:running
[2025-03-28T22:49:37.901+0000] {taskinstance.py:732} INFO - ::endgroup::
[2025-03-28T22:49:37.903+0000] {subprocess.py:78} INFO - Tmp dir root location: /tmp
[2025-03-28T22:49:37.923+0000] {subprocess.py:88} INFO - Running command: ['/usr/bin/bash', '-c', 'cd /home/mohammed/.dbt/dbt_projects/bank_reviews_decisionnal && dbt run']
[2025-03-28T22:49:37.961+0000] {subprocess.py:99} INFO - Output:
[2025-03-28T22:49:54.040+0000] {subprocess.py:106} INFO - [0m22:49:54  Running with dbt=1.9.3
[2025-03-28T22:49:55.941+0000] {subprocess.py:106} INFO - [0m22:49:55  Registered adapter: postgres=1.9.0
[2025-03-28T22:49:57.616+0000] {subprocess.py:106} INFO - [0m22:49:57  [[33mWARNING[0m]: Configuration paths exist in your dbt_project.yml file which do not apply to any resources.
[2025-03-28T22:49:57.616+0000] {subprocess.py:106} INFO - There are 1 unused configuration paths:
[2025-03-28T22:49:57.617+0000] {subprocess.py:106} INFO - - models.bank_reviews_decisionnal.decisionnal
[2025-03-28T22:49:58.755+0000] {subprocess.py:106} INFO - [0m22:49:58  Found 5 models, 2 sources, 547 macros
[2025-03-28T22:49:58.774+0000] {subprocess.py:106} INFO - [0m22:49:58
[2025-03-28T22:49:58.780+0000] {subprocess.py:106} INFO - [0m22:49:58  Concurrency: 4 threads (target='dev')
[2025-03-28T22:49:58.790+0000] {subprocess.py:106} INFO - [0m22:49:58
[2025-03-28T22:49:59.956+0000] {subprocess.py:106} INFO - [0m22:49:59  1 of 5 START sql view model decisionnal.dim_bank ............................... [RUN]
[2025-03-28T22:49:59.972+0000] {subprocess.py:106} INFO - [0m22:49:59  3 of 5 START sql view model decisionnal.dim_location ........................... [RUN]
[2025-03-28T22:49:59.973+0000] {subprocess.py:106} INFO - [0m22:49:59  4 of 5 START sql view model decisionnal.dim_sentiment .......................... [RUN]
[2025-03-28T22:49:59.974+0000] {subprocess.py:106} INFO - [0m22:49:59  2 of 5 START sql view model decisionnal.dim_branch ............................. [RUN]
[2025-03-28T22:50:01.673+0000] {subprocess.py:106} INFO - [0m22:50:01  4 of 5 ERROR creating sql view model decisionnal.dim_sentiment ................. [[31mERROR[0m in 1.65s]
[2025-03-28T22:50:02.438+0000] {subprocess.py:106} INFO - [0m22:50:02  1 of 5 ERROR creating sql view model decisionnal.dim_bank ...................... [[31mERROR[0m in 2.46s]
[2025-03-28T22:50:02.696+0000] {subprocess.py:106} INFO - [0m22:50:02  2 of 5 OK created sql view model decisionnal.dim_branch ........................ [[32mCREATE VIEW[0m in 2.67s]
[2025-03-28T22:50:02.720+0000] {subprocess.py:106} INFO - [0m22:50:02  3 of 5 OK created sql view model decisionnal.dim_location ...................... [[32mCREATE VIEW[0m in 2.74s]
[2025-03-28T22:50:02.731+0000] {subprocess.py:106} INFO - [0m22:50:02  5 of 5 SKIP relation decisionnal.fact_reviews .................................. [[33mSKIP[0m]
[2025-03-28T22:50:02.795+0000] {subprocess.py:106} INFO - [0m22:50:02
[2025-03-28T22:50:02.796+0000] {subprocess.py:106} INFO - [0m22:50:02  Finished running 5 view models in 0 hours 0 minutes and 4.00 seconds (4.00s).
[2025-03-28T22:50:02.958+0000] {subprocess.py:106} INFO - [0m22:50:02
[2025-03-28T22:50:02.963+0000] {subprocess.py:106} INFO - [0m22:50:02  [31mCompleted with 2 errors, 0 partial successes, and 0 warnings:[0m
[2025-03-28T22:50:02.964+0000] {subprocess.py:106} INFO - [0m22:50:02
[2025-03-28T22:50:02.965+0000] {subprocess.py:106} INFO - [0m22:50:02    Database Error in model dim_sentiment (models/dim_sentiment.sql)
[2025-03-28T22:50:02.965+0000] {subprocess.py:106} INFO -   relation "dim_sentiment__dbt_backup" already exists
[2025-03-28T22:50:02.966+0000] {subprocess.py:106} INFO -   compiled code at target/run/bank_reviews_decisionnal/models/dim_sentiment.sql
[2025-03-28T22:50:02.966+0000] {subprocess.py:106} INFO - [0m22:50:02
[2025-03-28T22:50:02.966+0000] {subprocess.py:106} INFO - [0m22:50:02    Database Error in model dim_bank (models/dim_bank.sql)
[2025-03-28T22:50:02.967+0000] {subprocess.py:106} INFO -   relation "dim_bank__dbt_backup" already exists
[2025-03-28T22:50:02.967+0000] {subprocess.py:106} INFO -   compiled code at target/run/bank_reviews_decisionnal/models/dim_bank.sql
[2025-03-28T22:50:02.968+0000] {subprocess.py:106} INFO - [0m22:50:02
[2025-03-28T22:50:02.968+0000] {subprocess.py:106} INFO - [0m22:50:02  Done. PASS=2 WARN=0 ERROR=2 SKIP=1 TOTAL=5
[2025-03-28T22:50:05.274+0000] {subprocess.py:110} INFO - Command exited with return code 1
[2025-03-28T22:50:05.357+0000] {taskinstance.py:3313} ERROR - Task failed with exception
Traceback (most recent call last):
  File "/home/mohammed/venv/lib/python3.11/site-packages/airflow/models/taskinstance.py", line 768, in _execute_task
    result = _execute_callable(context=context, **execute_callable_kwargs)
             ^^^^^^^^^^^^^^^^^^^^^^^^^^^^^^^^^^^^^^^^^^^^^^^^^^^^^^^^^^^^^
  File "/home/mohammed/venv/lib/python3.11/site-packages/airflow/models/taskinstance.py", line 734, in _execute_callable
    return ExecutionCallableRunner(
           ^^^^^^^^^^^^^^^^^^^^^^^^
  File "/home/mohammed/venv/lib/python3.11/site-packages/airflow/utils/operator_helpers.py", line 252, in run
    return self.func(*args, **kwargs)
           ^^^^^^^^^^^^^^^^^^^^^^^^^^
  File "/home/mohammed/venv/lib/python3.11/site-packages/airflow/models/baseoperator.py", line 424, in wrapper
    return func(self, *args, **kwargs)
           ^^^^^^^^^^^^^^^^^^^^^^^^^^^
  File "/home/mohammed/venv/lib/python3.11/site-packages/airflow/operators/bash.py", line 276, in execute
    raise AirflowException(
airflow.exceptions.AirflowException: Bash command failed. The command returned a non-zero exit code 1.
[2025-03-28T22:50:05.398+0000] {logging_mixin.py:190} INFO - Task instance in failure state
[2025-03-28T22:50:05.399+0000] {logging_mixin.py:190} INFO - Task start:2025-03-28 22:49:36.480209+00:00 end:2025-03-28 22:50:05.396116+00:00 duration:28.915907
[2025-03-28T22:50:05.399+0000] {logging_mixin.py:190} INFO - Task:<Task(BashOperator): dbt_run_decisionnal> dag:<DAG: bank_reviews_etl_and_analysis_pipeline> dagrun:<DagRun bank_reviews_etl_and_analysis_pipeline @ 2024-08-18 00:00:00+00:00: scheduled__2024-08-18T00:00:00+00:00, state:running, queued_at: 2025-03-28 22:49:31.129487+00:00. externally triggered: False>
[2025-03-28T22:50:05.400+0000] {logging_mixin.py:190} INFO - Failure caused by Bash command failed. The command returned a non-zero exit code 1.
[2025-03-28T22:50:05.401+0000] {taskinstance.py:1226} INFO - Marking task as UP_FOR_RETRY. dag_id=bank_reviews_etl_and_analysis_pipeline, task_id=dbt_run_decisionnal, run_id=scheduled__2024-08-18T00:00:00+00:00, execution_date=20240818T000000, start_date=20250328T224936, end_date=20250328T225005
[2025-03-28T22:50:05.781+0000] {taskinstance.py:341} INFO - ::group::Post task execution logs
[2025-03-28T22:50:05.809+0000] {standard_task_runner.py:124} ERROR - Failed to execute job 2430 for task dbt_run_decisionnal (Bash command failed. The command returned a non-zero exit code 1.; 582410)
Traceback (most recent call last):
  File "/home/mohammed/venv/lib/python3.11/site-packages/airflow/task/task_runner/standard_task_runner.py", line 117, in _start_by_fork
    ret = args.func(args, dag=self.dag)
          ^^^^^^^^^^^^^^^^^^^^^^^^^^^^^
  File "/home/mohammed/venv/lib/python3.11/site-packages/airflow/cli/cli_config.py", line 49, in command
    return func(*args, **kwargs)
           ^^^^^^^^^^^^^^^^^^^^^
  File "/home/mohammed/venv/lib/python3.11/site-packages/airflow/utils/cli.py", line 116, in wrapper
    return f(*args, **kwargs)
           ^^^^^^^^^^^^^^^^^^
  File "/home/mohammed/venv/lib/python3.11/site-packages/airflow/cli/commands/task_command.py", line 483, in task_run
    task_return_code = _run_task_by_selected_method(args, _dag, ti)
                       ^^^^^^^^^^^^^^^^^^^^^^^^^^^^^^^^^^^^^^^^^^^^
  File "/home/mohammed/venv/lib/python3.11/site-packages/airflow/cli/commands/task_command.py", line 256, in _run_task_by_selected_method
    return _run_raw_task(args, ti)
           ^^^^^^^^^^^^^^^^^^^^^^^
  File "/home/mohammed/venv/lib/python3.11/site-packages/airflow/cli/commands/task_command.py", line 341, in _run_raw_task
    return ti._run_raw_task(
           ^^^^^^^^^^^^^^^^^
  File "/home/mohammed/venv/lib/python3.11/site-packages/airflow/utils/session.py", line 97, in wrapper
    return func(*args, session=session, **kwargs)
           ^^^^^^^^^^^^^^^^^^^^^^^^^^^^^^^^^^^^^^
  File "/home/mohammed/venv/lib/python3.11/site-packages/airflow/models/taskinstance.py", line 3006, in _run_raw_task
    return _run_raw_task(
           ^^^^^^^^^^^^^^
  File "/home/mohammed/venv/lib/python3.11/site-packages/airflow/models/taskinstance.py", line 274, in _run_raw_task
    TaskInstance._execute_task_with_callbacks(
  File "/home/mohammed/venv/lib/python3.11/site-packages/airflow/models/taskinstance.py", line 3161, in _execute_task_with_callbacks
    result = self._execute_task(context, task_orig)
             ^^^^^^^^^^^^^^^^^^^^^^^^^^^^^^^^^^^^^^
  File "/home/mohammed/venv/lib/python3.11/site-packages/airflow/models/taskinstance.py", line 3185, in _execute_task
    return _execute_task(self, context, task_orig)
           ^^^^^^^^^^^^^^^^^^^^^^^^^^^^^^^^^^^^^^^
  File "/home/mohammed/venv/lib/python3.11/site-packages/airflow/models/taskinstance.py", line 768, in _execute_task
    result = _execute_callable(context=context, **execute_callable_kwargs)
             ^^^^^^^^^^^^^^^^^^^^^^^^^^^^^^^^^^^^^^^^^^^^^^^^^^^^^^^^^^^^^
  File "/home/mohammed/venv/lib/python3.11/site-packages/airflow/models/taskinstance.py", line 734, in _execute_callable
    return ExecutionCallableRunner(
           ^^^^^^^^^^^^^^^^^^^^^^^^
  File "/home/mohammed/venv/lib/python3.11/site-packages/airflow/utils/operator_helpers.py", line 252, in run
    return self.func(*args, **kwargs)
           ^^^^^^^^^^^^^^^^^^^^^^^^^^
  File "/home/mohammed/venv/lib/python3.11/site-packages/airflow/models/baseoperator.py", line 424, in wrapper
    return func(self, *args, **kwargs)
           ^^^^^^^^^^^^^^^^^^^^^^^^^^^
  File "/home/mohammed/venv/lib/python3.11/site-packages/airflow/operators/bash.py", line 276, in execute
    raise AirflowException(
airflow.exceptions.AirflowException: Bash command failed. The command returned a non-zero exit code 1.
[2025-03-28T22:50:05.939+0000] {local_task_job_runner.py:266} INFO - Task exited with return code 1
[2025-03-28T22:50:06.039+0000] {taskinstance.py:3901} INFO - 0 downstream tasks scheduled from follow-on schedule check
[2025-03-28T22:50:06.054+0000] {local_task_job_runner.py:245} INFO - ::endgroup::
