[2025-03-17T00:33:58.943+0000] {local_task_job_runner.py:123} INFO - ::group::Pre task execution logs
[2025-03-17T00:33:59.084+0000] {taskinstance.py:2614} INFO - Dependencies all met for dep_context=non-requeueable deps ti=<TaskInstance: load_reviews_pipeline.dbt_run scheduled__2024-05-26T00:00:00+00:00 [queued]>
[2025-03-17T00:33:59.116+0000] {taskinstance.py:2614} INFO - Dependencies all met for dep_context=requeueable deps ti=<TaskInstance: load_reviews_pipeline.dbt_run scheduled__2024-05-26T00:00:00+00:00 [queued]>
[2025-03-17T00:33:59.118+0000] {taskinstance.py:2867} INFO - Starting attempt 1 of 2
[2025-03-17T00:33:59.235+0000] {taskinstance.py:2890} INFO - Executing <Task(BashOperator): dbt_run> on 2024-05-26 00:00:00+00:00
[2025-03-17T00:33:59.305+0000] {standard_task_runner.py:72} INFO - Started process 266791 to run task
[2025-03-17T00:33:59.344+0000] {standard_task_runner.py:104} INFO - Running: ['airflow', 'tasks', 'run', 'load_reviews_pipeline', 'dbt_run', 'scheduled__2024-05-26T00:00:00+00:00', '--job-id', '256', '--raw', '--subdir', 'DAGS_FOLDER/dag_load_reviews.py', '--cfg-path', '/tmp/tmparwtuyji']
[2025-03-17T00:33:59.348+0000] {standard_task_runner.py:105} INFO - Job 256: Subtask dbt_run
[2025-03-17T00:34:00.175+0000] {task_command.py:467} INFO - Running <TaskInstance: load_reviews_pipeline.dbt_run scheduled__2024-05-26T00:00:00+00:00 [running]> on host DESKTOP-IM7V4RI.
[2025-03-17T00:34:01.290+0000] {taskinstance.py:3134} INFO - Exporting env vars: AIRFLOW_CTX_DAG_OWNER='mohammed' AIRFLOW_CTX_DAG_ID='load_reviews_pipeline' AIRFLOW_CTX_TASK_ID='dbt_run' AIRFLOW_CTX_EXECUTION_DATE='2024-05-26T00:00:00+00:00' AIRFLOW_CTX_TRY_NUMBER='1' AIRFLOW_CTX_DAG_RUN_ID='scheduled__2024-05-26T00:00:00+00:00'
[2025-03-17T00:34:01.294+0000] {logging_mixin.py:190} INFO - Task instance is in running state
[2025-03-17T00:34:01.295+0000] {logging_mixin.py:190} INFO -  Previous state of the Task instance: queued
[2025-03-17T00:34:01.296+0000] {logging_mixin.py:190} INFO - Current task name:dbt_run state:running start_date:2025-03-17 00:33:59.085637+00:00
[2025-03-17T00:34:01.297+0000] {logging_mixin.py:190} INFO - Dag name:load_reviews_pipeline and current dag run status:running
[2025-03-17T00:34:01.297+0000] {taskinstance.py:732} INFO - ::endgroup::
[2025-03-17T00:34:01.339+0000] {subprocess.py:78} INFO - Tmp dir root location: /tmp
[2025-03-17T00:34:01.376+0000] {subprocess.py:88} INFO - Running command: ['/usr/bin/bash', '-c', 'cd /home/mohammed/.dbt/bank_reviews_project && dbt run']
[2025-03-17T00:34:01.622+0000] {subprocess.py:99} INFO - Output:
[2025-03-17T00:34:19.798+0000] {subprocess.py:106} INFO - [0m00:34:19  Running with dbt=1.9.3
[2025-03-17T00:34:22.620+0000] {subprocess.py:106} INFO - [0m00:34:22  Registered adapter: postgres=1.9.0
[2025-03-17T00:34:31.139+0000] {subprocess.py:106} INFO - [0m00:34:31  Found 6 models, 4 data tests, 2 sources, 433 macros
[2025-03-17T00:34:31.150+0000] {subprocess.py:106} INFO - [0m00:34:31
[2025-03-17T00:34:31.153+0000] {subprocess.py:106} INFO - [0m00:34:31  Concurrency: 4 threads (target='dev')
[2025-03-17T00:34:31.156+0000] {subprocess.py:106} INFO - [0m00:34:31
[2025-03-17T00:34:33.794+0000] {subprocess.py:106} INFO - [0m00:34:33  1 of 6 START sql view model public.clean_reviews ............................... [RUN]
[2025-03-17T00:34:33.797+0000] {subprocess.py:106} INFO - [0m00:34:33  2 of 6 START sql table model public.my_first_dbt_model ......................... [RUN]
[2025-03-17T00:34:33.807+0000] {subprocess.py:106} INFO - [0m00:34:33  3 of 6 START sql view model public.remove_duplicates ........................... [RUN]
[2025-03-17T00:34:33.811+0000] {subprocess.py:106} INFO - [0m00:34:33  4 of 6 START sql view model public.stg_clean_reviews ........................... [RUN]
[2025-03-17T00:34:37.745+0000] {subprocess.py:106} INFO - [0m00:34:37  1 of 6 OK created sql view model public.clean_reviews .......................... [[32mCREATE VIEW[0m in 3.87s]
[2025-03-17T00:34:37.765+0000] {subprocess.py:106} INFO - [0m00:34:37  4 of 6 OK created sql view model public.stg_clean_reviews ...................... [[32mCREATE VIEW[0m in 3.88s]
[2025-03-17T00:34:37.806+0000] {subprocess.py:106} INFO - [0m00:34:37  3 of 6 OK created sql view model public.remove_duplicates ...................... [[32mCREATE VIEW[0m in 3.98s]
[2025-03-17T00:34:37.836+0000] {subprocess.py:106} INFO - [0m00:34:37  5 of 6 START sql view model public.dwh_model ................................... [RUN]
[2025-03-17T00:34:38.231+0000] {subprocess.py:106} INFO - [0m00:34:38  2 of 6 OK created sql table model public.my_first_dbt_model .................... [[32mSELECT 2[0m in 4.40s]
[2025-03-17T00:34:38.268+0000] {subprocess.py:106} INFO - [0m00:34:38  6 of 6 START sql view model public.my_second_dbt_model ......................... [RUN]
[2025-03-17T00:34:39.590+0000] {subprocess.py:106} INFO - [0m00:34:39  5 of 6 ERROR creating sql view model public.dwh_model .......................... [[31mERROR[0m in 1.67s]
[2025-03-17T00:34:40.321+0000] {subprocess.py:106} INFO - [0m00:34:40  6 of 6 OK created sql view model public.my_second_dbt_model .................... [[32mCREATE VIEW[0m in 2.01s]
[2025-03-17T00:34:40.759+0000] {subprocess.py:106} INFO - [0m00:34:40
[2025-03-17T00:34:40.872+0000] {subprocess.py:106} INFO - [0m00:34:40  Finished running 1 table model, 5 view models in 0 hours 0 minutes and 9.54 seconds (9.54s).
[2025-03-17T00:34:41.573+0000] {subprocess.py:106} INFO - [0m00:34:41
[2025-03-17T00:34:41.578+0000] {subprocess.py:106} INFO - [0m00:34:41  [31mCompleted with 1 error, 0 partial successes, and 0 warnings:[0m
[2025-03-17T00:34:41.585+0000] {subprocess.py:106} INFO - [0m00:34:41
[2025-03-17T00:34:41.590+0000] {subprocess.py:106} INFO - [0m00:34:41    Database Error in model dwh_model (models/dwh_model.sql)
[2025-03-17T00:34:41.591+0000] {subprocess.py:106} INFO -   relation "public.dwh_model" does not exist
[2025-03-17T00:34:41.593+0000] {subprocess.py:106} INFO -   compiled code at target/run/bank_reviews_project/models/dwh_model.sql
[2025-03-17T00:34:41.596+0000] {subprocess.py:106} INFO - [0m00:34:41
[2025-03-17T00:34:41.619+0000] {subprocess.py:106} INFO - [0m00:34:41  Done. PASS=5 WARN=0 ERROR=1 SKIP=0 TOTAL=6
[2025-03-17T00:34:47.916+0000] {subprocess.py:110} INFO - Command exited with return code 1
[2025-03-17T00:34:48.599+0000] {taskinstance.py:3313} ERROR - Task failed with exception
Traceback (most recent call last):
  File "/home/mohammed/venv/lib/python3.11/site-packages/airflow/models/taskinstance.py", line 768, in _execute_task
    result = _execute_callable(context=context, **execute_callable_kwargs)
             ^^^^^^^^^^^^^^^^^^^^^^^^^^^^^^^^^^^^^^^^^^^^^^^^^^^^^^^^^^^^^
  File "/home/mohammed/venv/lib/python3.11/site-packages/airflow/models/taskinstance.py", line 734, in _execute_callable
    return ExecutionCallableRunner(
           ^^^^^^^^^^^^^^^^^^^^^^^^
  File "/home/mohammed/venv/lib/python3.11/site-packages/airflow/utils/operator_helpers.py", line 252, in run
    return self.func(*args, **kwargs)
           ^^^^^^^^^^^^^^^^^^^^^^^^^^
  File "/home/mohammed/venv/lib/python3.11/site-packages/airflow/models/baseoperator.py", line 424, in wrapper
    return func(self, *args, **kwargs)
           ^^^^^^^^^^^^^^^^^^^^^^^^^^^
  File "/home/mohammed/venv/lib/python3.11/site-packages/airflow/operators/bash.py", line 276, in execute
    raise AirflowException(
airflow.exceptions.AirflowException: Bash command failed. The command returned a non-zero exit code 1.
[2025-03-17T00:34:48.903+0000] {logging_mixin.py:190} INFO - Task instance in failure state
[2025-03-17T00:34:48.904+0000] {logging_mixin.py:190} INFO - Task start:2025-03-17 00:33:59.085637+00:00 end:2025-03-17 00:34:48.889190+00:00 duration:49.803553
[2025-03-17T00:34:48.915+0000] {logging_mixin.py:190} INFO - Task:<Task(BashOperator): dbt_run> dag:<DAG: load_reviews_pipeline> dagrun:<DagRun load_reviews_pipeline @ 2024-05-26 00:00:00+00:00: scheduled__2024-05-26T00:00:00+00:00, state:running, queued_at: 2025-03-17 00:33:47.978851+00:00. externally triggered: False>
[2025-03-17T00:34:48.916+0000] {logging_mixin.py:190} INFO - Failure caused by Bash command failed. The command returned a non-zero exit code 1.
[2025-03-17T00:34:48.920+0000] {taskinstance.py:1226} INFO - Marking task as UP_FOR_RETRY. dag_id=load_reviews_pipeline, task_id=dbt_run, run_id=scheduled__2024-05-26T00:00:00+00:00, execution_date=20240526T000000, start_date=20250317T003359, end_date=20250317T003448
[2025-03-17T00:34:50.314+0000] {taskinstance.py:341} INFO - ::group::Post task execution logs
[2025-03-17T00:34:50.521+0000] {standard_task_runner.py:124} ERROR - Failed to execute job 256 for task dbt_run (Bash command failed. The command returned a non-zero exit code 1.; 266791)
Traceback (most recent call last):
  File "/home/mohammed/venv/lib/python3.11/site-packages/airflow/task/task_runner/standard_task_runner.py", line 117, in _start_by_fork
    ret = args.func(args, dag=self.dag)
          ^^^^^^^^^^^^^^^^^^^^^^^^^^^^^
  File "/home/mohammed/venv/lib/python3.11/site-packages/airflow/cli/cli_config.py", line 49, in command
    return func(*args, **kwargs)
           ^^^^^^^^^^^^^^^^^^^^^
  File "/home/mohammed/venv/lib/python3.11/site-packages/airflow/utils/cli.py", line 116, in wrapper
    return f(*args, **kwargs)
           ^^^^^^^^^^^^^^^^^^
  File "/home/mohammed/venv/lib/python3.11/site-packages/airflow/cli/commands/task_command.py", line 483, in task_run
    task_return_code = _run_task_by_selected_method(args, _dag, ti)
                       ^^^^^^^^^^^^^^^^^^^^^^^^^^^^^^^^^^^^^^^^^^^^
  File "/home/mohammed/venv/lib/python3.11/site-packages/airflow/cli/commands/task_command.py", line 256, in _run_task_by_selected_method
    return _run_raw_task(args, ti)
           ^^^^^^^^^^^^^^^^^^^^^^^
  File "/home/mohammed/venv/lib/python3.11/site-packages/airflow/cli/commands/task_command.py", line 341, in _run_raw_task
    return ti._run_raw_task(
           ^^^^^^^^^^^^^^^^^
  File "/home/mohammed/venv/lib/python3.11/site-packages/airflow/utils/session.py", line 97, in wrapper
    return func(*args, session=session, **kwargs)
           ^^^^^^^^^^^^^^^^^^^^^^^^^^^^^^^^^^^^^^
  File "/home/mohammed/venv/lib/python3.11/site-packages/airflow/models/taskinstance.py", line 3006, in _run_raw_task
    return _run_raw_task(
           ^^^^^^^^^^^^^^
  File "/home/mohammed/venv/lib/python3.11/site-packages/airflow/models/taskinstance.py", line 274, in _run_raw_task
    TaskInstance._execute_task_with_callbacks(
  File "/home/mohammed/venv/lib/python3.11/site-packages/airflow/models/taskinstance.py", line 3161, in _execute_task_with_callbacks
    result = self._execute_task(context, task_orig)
             ^^^^^^^^^^^^^^^^^^^^^^^^^^^^^^^^^^^^^^
  File "/home/mohammed/venv/lib/python3.11/site-packages/airflow/models/taskinstance.py", line 3185, in _execute_task
    return _execute_task(self, context, task_orig)
           ^^^^^^^^^^^^^^^^^^^^^^^^^^^^^^^^^^^^^^^
  File "/home/mohammed/venv/lib/python3.11/site-packages/airflow/models/taskinstance.py", line 768, in _execute_task
    result = _execute_callable(context=context, **execute_callable_kwargs)
             ^^^^^^^^^^^^^^^^^^^^^^^^^^^^^^^^^^^^^^^^^^^^^^^^^^^^^^^^^^^^^
  File "/home/mohammed/venv/lib/python3.11/site-packages/airflow/models/taskinstance.py", line 734, in _execute_callable
    return ExecutionCallableRunner(
           ^^^^^^^^^^^^^^^^^^^^^^^^
  File "/home/mohammed/venv/lib/python3.11/site-packages/airflow/utils/operator_helpers.py", line 252, in run
    return self.func(*args, **kwargs)
           ^^^^^^^^^^^^^^^^^^^^^^^^^^
  File "/home/mohammed/venv/lib/python3.11/site-packages/airflow/models/baseoperator.py", line 424, in wrapper
    return func(self, *args, **kwargs)
           ^^^^^^^^^^^^^^^^^^^^^^^^^^^
  File "/home/mohammed/venv/lib/python3.11/site-packages/airflow/operators/bash.py", line 276, in execute
    raise AirflowException(
airflow.exceptions.AirflowException: Bash command failed. The command returned a non-zero exit code 1.
[2025-03-17T00:34:50.781+0000] {local_task_job_runner.py:266} INFO - Task exited with return code 1
[2025-03-17T00:34:51.230+0000] {local_task_job_runner.py:245} INFO - ::endgroup::
