[2025-03-17T00:47:08.183+0000] {local_task_job_runner.py:123} INFO - ::group::Pre task execution logs
[2025-03-17T00:47:08.497+0000] {taskinstance.py:2614} INFO - Dependencies all met for dep_context=non-requeueable deps ti=<TaskInstance: load_reviews_pipeline.dbt_run scheduled__2024-06-29T00:00:00+00:00 [queued]>
[2025-03-17T00:47:08.531+0000] {taskinstance.py:2614} INFO - Dependencies all met for dep_context=requeueable deps ti=<TaskInstance: load_reviews_pipeline.dbt_run scheduled__2024-06-29T00:00:00+00:00 [queued]>
[2025-03-17T00:47:08.532+0000] {taskinstance.py:2867} INFO - Starting attempt 2 of 2
[2025-03-17T00:47:08.619+0000] {taskinstance.py:2890} INFO - Executing <Task(BashOperator): dbt_run> on 2024-06-29 00:00:00+00:00
[2025-03-17T00:47:08.696+0000] {standard_task_runner.py:72} INFO - Started process 282950 to run task
[2025-03-17T00:47:08.725+0000] {standard_task_runner.py:104} INFO - Running: ['airflow', 'tasks', 'run', 'load_reviews_pipeline', 'dbt_run', 'scheduled__2024-06-29T00:00:00+00:00', '--job-id', '345', '--raw', '--subdir', 'DAGS_FOLDER/dag_load_reviews.py', '--cfg-path', '/tmp/tmp8de4w9gj']
[2025-03-17T00:47:08.733+0000] {standard_task_runner.py:105} INFO - Job 345: Subtask dbt_run
[2025-03-17T00:47:09.434+0000] {task_command.py:467} INFO - Running <TaskInstance: load_reviews_pipeline.dbt_run scheduled__2024-06-29T00:00:00+00:00 [running]> on host DESKTOP-IM7V4RI.
[2025-03-17T00:47:10.609+0000] {taskinstance.py:3134} INFO - Exporting env vars: AIRFLOW_CTX_DAG_OWNER='mohammed' AIRFLOW_CTX_DAG_ID='load_reviews_pipeline' AIRFLOW_CTX_TASK_ID='dbt_run' AIRFLOW_CTX_EXECUTION_DATE='2024-06-29T00:00:00+00:00' AIRFLOW_CTX_TRY_NUMBER='2' AIRFLOW_CTX_DAG_RUN_ID='scheduled__2024-06-29T00:00:00+00:00'
[2025-03-17T00:47:10.622+0000] {logging_mixin.py:190} INFO - Task instance is in running state
[2025-03-17T00:47:10.623+0000] {logging_mixin.py:190} INFO -  Previous state of the Task instance: queued
[2025-03-17T00:47:10.627+0000] {logging_mixin.py:190} INFO - Current task name:dbt_run state:running start_date:2025-03-17 00:47:08.498221+00:00
[2025-03-17T00:47:10.627+0000] {logging_mixin.py:190} INFO - Dag name:load_reviews_pipeline and current dag run status:running
[2025-03-17T00:47:10.628+0000] {taskinstance.py:732} INFO - ::endgroup::
[2025-03-17T00:47:10.649+0000] {subprocess.py:78} INFO - Tmp dir root location: /tmp
[2025-03-17T00:47:10.651+0000] {subprocess.py:88} INFO - Running command: ['/usr/bin/bash', '-c', 'cd /home/mohammed/.dbt/bank_reviews_project && dbt run']
[2025-03-17T00:47:09.974+0000] {subprocess.py:99} INFO - Output:
[2025-03-17T00:47:37.722+0000] {subprocess.py:106} INFO - [0m00:47:37  Running with dbt=1.9.3
[2025-03-17T00:47:42.097+0000] {subprocess.py:106} INFO - [0m00:47:42  Registered adapter: postgres=1.9.0
[2025-03-17T00:47:55.328+0000] {subprocess.py:106} INFO - [0m00:47:55  Found 11 models, 4 data tests, 2 sources, 433 macros
[2025-03-17T00:47:55.372+0000] {subprocess.py:106} INFO - [0m00:47:55
[2025-03-17T00:47:55.376+0000] {subprocess.py:106} INFO - [0m00:47:55  Concurrency: 4 threads (target='dev')
[2025-03-17T00:47:55.379+0000] {subprocess.py:106} INFO - [0m00:47:55
[2025-03-17T00:47:57.837+0000] {subprocess.py:106} INFO - [0m00:47:57  1 of 7 START sql view model public.clean_reviews ............................... [RUN]
[2025-03-17T00:47:57.850+0000] {subprocess.py:106} INFO - [0m00:47:57  3 of 7 START sql view model public.remove_duplicates ........................... [RUN]
[2025-03-17T00:47:57.876+0000] {subprocess.py:106} INFO - [0m00:47:57  4 of 7 START sql view model public.stg_clean_reviews ........................... [RUN]
[2025-03-17T00:47:57.878+0000] {subprocess.py:106} INFO - [0m00:47:57  2 of 7 START sql table model public.my_first_dbt_model ......................... [RUN]
[2025-03-17T00:48:00.949+0000] {subprocess.py:106} INFO - [0m00:48:00  4 of 7 ERROR creating sql view model public.stg_clean_reviews .................. [[31mERROR[0m in 3.00s]
[2025-03-17T00:48:00.992+0000] {subprocess.py:106} INFO - [0m00:48:00  3 of 7 ERROR creating sql view model public.remove_duplicates .................. [[31mERROR[0m in 3.09s]
[2025-03-17T00:48:01.002+0000] {subprocess.py:106} INFO - [0m00:48:01  1 of 7 ERROR creating sql view model public.clean_reviews ...................... [[31mERROR[0m in 3.09s]
[2025-03-17T00:48:01.054+0000] {subprocess.py:106} INFO - [0m00:48:01  6 of 7 SKIP relation public.dwh_model .......................................... [[33mSKIP[0m]
[2025-03-17T00:48:01.058+0000] {subprocess.py:106} INFO - [0m00:48:01  5 of 7 SKIP relation public.dim_bank ........................................... [[33mSKIP[0m]
[2025-03-17T00:48:01.704+0000] {subprocess.py:106} INFO - [0m00:48:01  2 of 7 OK created sql table model public.my_first_dbt_model .................... [[32mSELECT 2[0m in 3.81s]
[2025-03-17T00:48:01.725+0000] {subprocess.py:106} INFO - [0m00:48:01  7 of 7 START sql view model public.my_second_dbt_model ......................... [RUN]
[2025-03-17T00:48:02.026+0000] {subprocess.py:106} INFO - [0m00:48:02  7 of 7 ERROR creating sql view model public.my_second_dbt_model ................ [[31mERROR[0m in 0.28s]
[2025-03-17T00:48:02.183+0000] {subprocess.py:106} INFO - [0m00:48:02
[2025-03-17T00:48:02.205+0000] {subprocess.py:106} INFO - [0m00:48:02  Finished running 1 table model, 6 view models in 0 hours 0 minutes and 6.80 seconds (6.80s).
[2025-03-17T00:48:02.996+0000] {subprocess.py:106} INFO - [0m00:48:02
[2025-03-17T00:48:03.026+0000] {subprocess.py:106} INFO - [0m00:48:03  [31mCompleted with 4 errors, 0 partial successes, and 0 warnings:[0m
[2025-03-17T00:48:03.030+0000] {subprocess.py:106} INFO - [0m00:48:03
[2025-03-17T00:48:03.058+0000] {subprocess.py:106} INFO - [0m00:48:03    Database Error in model stg_clean_reviews (models/stg_clean_reviews.sql)
[2025-03-17T00:48:03.059+0000] {subprocess.py:106} INFO -   relation "stg_clean_reviews__dbt_backup" already exists
[2025-03-17T00:48:03.060+0000] {subprocess.py:106} INFO -   compiled code at target/run/bank_reviews_project/models/stg_clean_reviews.sql
[2025-03-17T00:48:03.096+0000] {subprocess.py:106} INFO - [0m00:48:03
[2025-03-17T00:48:03.370+0000] {subprocess.py:106} INFO - [0m00:48:03    Database Error in model remove_duplicates (models/remove_duplicates.sql)
[2025-03-17T00:48:03.371+0000] {subprocess.py:106} INFO -   relation "remove_duplicates__dbt_backup" already exists
[2025-03-17T00:48:03.372+0000] {subprocess.py:106} INFO -   compiled code at target/run/bank_reviews_project/models/remove_duplicates.sql
[2025-03-17T00:48:03.372+0000] {subprocess.py:106} INFO - [0m00:48:03
[2025-03-17T00:48:03.374+0000] {subprocess.py:106} INFO - [0m00:48:03    Database Error in model clean_reviews (models/clean_reviews.sql)
[2025-03-17T00:48:03.376+0000] {subprocess.py:106} INFO -   relation "clean_reviews__dbt_backup" already exists
[2025-03-17T00:48:03.377+0000] {subprocess.py:106} INFO -   compiled code at target/run/bank_reviews_project/models/clean_reviews.sql
[2025-03-17T00:48:03.378+0000] {subprocess.py:106} INFO - [0m00:48:03
[2025-03-17T00:48:03.411+0000] {subprocess.py:106} INFO - [0m00:48:03    Database Error in model my_second_dbt_model (models/example/my_second_dbt_model.sql)
[2025-03-17T00:48:03.412+0000] {subprocess.py:106} INFO -   relation "my_second_dbt_model" already exists
[2025-03-17T00:48:03.413+0000] {subprocess.py:106} INFO -   compiled code at target/run/bank_reviews_project/models/example/my_second_dbt_model.sql
[2025-03-17T00:48:03.414+0000] {subprocess.py:106} INFO - [0m00:48:03
[2025-03-17T00:48:03.415+0000] {subprocess.py:106} INFO - [0m00:48:03  Done. PASS=1 WARN=0 ERROR=4 SKIP=2 TOTAL=7
[2025-03-17T00:48:11.976+0000] {subprocess.py:110} INFO - Command exited with return code 1
[2025-03-17T00:48:13.742+0000] {taskinstance.py:3313} ERROR - Task failed with exception
Traceback (most recent call last):
  File "/home/mohammed/venv/lib/python3.11/site-packages/airflow/models/taskinstance.py", line 768, in _execute_task
    result = _execute_callable(context=context, **execute_callable_kwargs)
             ^^^^^^^^^^^^^^^^^^^^^^^^^^^^^^^^^^^^^^^^^^^^^^^^^^^^^^^^^^^^^
  File "/home/mohammed/venv/lib/python3.11/site-packages/airflow/models/taskinstance.py", line 734, in _execute_callable
    return ExecutionCallableRunner(
           ^^^^^^^^^^^^^^^^^^^^^^^^
  File "/home/mohammed/venv/lib/python3.11/site-packages/airflow/utils/operator_helpers.py", line 252, in run
    return self.func(*args, **kwargs)
           ^^^^^^^^^^^^^^^^^^^^^^^^^^
  File "/home/mohammed/venv/lib/python3.11/site-packages/airflow/models/baseoperator.py", line 424, in wrapper
    return func(self, *args, **kwargs)
           ^^^^^^^^^^^^^^^^^^^^^^^^^^^
  File "/home/mohammed/venv/lib/python3.11/site-packages/airflow/operators/bash.py", line 276, in execute
    raise AirflowException(
airflow.exceptions.AirflowException: Bash command failed. The command returned a non-zero exit code 1.
[2025-03-17T00:48:14.731+0000] {logging_mixin.py:190} INFO - Task instance in failure state
[2025-03-17T00:48:14.734+0000] {logging_mixin.py:190} INFO - Task start:2025-03-17 00:47:08.498221+00:00 end:2025-03-17 00:48:14.565999+00:00 duration:66.067778
[2025-03-17T00:48:14.757+0000] {logging_mixin.py:190} INFO - Task:<Task(BashOperator): dbt_run> dag:<DAG: load_reviews_pipeline> dagrun:<DagRun load_reviews_pipeline @ 2024-06-29 00:00:00+00:00: scheduled__2024-06-29T00:00:00+00:00, state:running, queued_at: 2025-03-17 00:41:43.938330+00:00. externally triggered: False>
[2025-03-17T00:48:14.758+0000] {logging_mixin.py:190} INFO - Failure caused by Bash command failed. The command returned a non-zero exit code 1.
[2025-03-17T00:48:14.789+0000] {taskinstance.py:1226} INFO - Marking task as FAILED. dag_id=load_reviews_pipeline, task_id=dbt_run, run_id=scheduled__2024-06-29T00:00:00+00:00, execution_date=20240629T000000, start_date=20250317T004708, end_date=20250317T004814
[2025-03-17T00:48:15.948+0000] {taskinstance.py:341} INFO - ::group::Post task execution logs
[2025-03-17T00:48:15.975+0000] {standard_task_runner.py:124} ERROR - Failed to execute job 345 for task dbt_run (Bash command failed. The command returned a non-zero exit code 1.; 282950)
Traceback (most recent call last):
  File "/home/mohammed/venv/lib/python3.11/site-packages/airflow/task/task_runner/standard_task_runner.py", line 117, in _start_by_fork
    ret = args.func(args, dag=self.dag)
          ^^^^^^^^^^^^^^^^^^^^^^^^^^^^^
  File "/home/mohammed/venv/lib/python3.11/site-packages/airflow/cli/cli_config.py", line 49, in command
    return func(*args, **kwargs)
           ^^^^^^^^^^^^^^^^^^^^^
  File "/home/mohammed/venv/lib/python3.11/site-packages/airflow/utils/cli.py", line 116, in wrapper
    return f(*args, **kwargs)
           ^^^^^^^^^^^^^^^^^^
  File "/home/mohammed/venv/lib/python3.11/site-packages/airflow/cli/commands/task_command.py", line 483, in task_run
    task_return_code = _run_task_by_selected_method(args, _dag, ti)
                       ^^^^^^^^^^^^^^^^^^^^^^^^^^^^^^^^^^^^^^^^^^^^
  File "/home/mohammed/venv/lib/python3.11/site-packages/airflow/cli/commands/task_command.py", line 256, in _run_task_by_selected_method
    return _run_raw_task(args, ti)
           ^^^^^^^^^^^^^^^^^^^^^^^
  File "/home/mohammed/venv/lib/python3.11/site-packages/airflow/cli/commands/task_command.py", line 341, in _run_raw_task
    return ti._run_raw_task(
           ^^^^^^^^^^^^^^^^^
  File "/home/mohammed/venv/lib/python3.11/site-packages/airflow/utils/session.py", line 97, in wrapper
    return func(*args, session=session, **kwargs)
           ^^^^^^^^^^^^^^^^^^^^^^^^^^^^^^^^^^^^^^
  File "/home/mohammed/venv/lib/python3.11/site-packages/airflow/models/taskinstance.py", line 3006, in _run_raw_task
    return _run_raw_task(
           ^^^^^^^^^^^^^^
  File "/home/mohammed/venv/lib/python3.11/site-packages/airflow/models/taskinstance.py", line 274, in _run_raw_task
    TaskInstance._execute_task_with_callbacks(
  File "/home/mohammed/venv/lib/python3.11/site-packages/airflow/models/taskinstance.py", line 3161, in _execute_task_with_callbacks
    result = self._execute_task(context, task_orig)
             ^^^^^^^^^^^^^^^^^^^^^^^^^^^^^^^^^^^^^^
  File "/home/mohammed/venv/lib/python3.11/site-packages/airflow/models/taskinstance.py", line 3185, in _execute_task
    return _execute_task(self, context, task_orig)
           ^^^^^^^^^^^^^^^^^^^^^^^^^^^^^^^^^^^^^^^
  File "/home/mohammed/venv/lib/python3.11/site-packages/airflow/models/taskinstance.py", line 768, in _execute_task
    result = _execute_callable(context=context, **execute_callable_kwargs)
             ^^^^^^^^^^^^^^^^^^^^^^^^^^^^^^^^^^^^^^^^^^^^^^^^^^^^^^^^^^^^^
  File "/home/mohammed/venv/lib/python3.11/site-packages/airflow/models/taskinstance.py", line 734, in _execute_callable
    return ExecutionCallableRunner(
           ^^^^^^^^^^^^^^^^^^^^^^^^
  File "/home/mohammed/venv/lib/python3.11/site-packages/airflow/utils/operator_helpers.py", line 252, in run
    return self.func(*args, **kwargs)
           ^^^^^^^^^^^^^^^^^^^^^^^^^^
  File "/home/mohammed/venv/lib/python3.11/site-packages/airflow/models/baseoperator.py", line 424, in wrapper
    return func(self, *args, **kwargs)
           ^^^^^^^^^^^^^^^^^^^^^^^^^^^
  File "/home/mohammed/venv/lib/python3.11/site-packages/airflow/operators/bash.py", line 276, in execute
    raise AirflowException(
airflow.exceptions.AirflowException: Bash command failed. The command returned a non-zero exit code 1.
[2025-03-17T00:48:16.107+0000] {local_task_job_runner.py:266} INFO - Task exited with return code 1
[2025-03-17T00:48:16.496+0000] {standard_task_runner.py:217} INFO - Process not found (most likely exited), stop collecting metrics
[2025-03-17T00:48:16.552+0000] {taskinstance.py:3901} INFO - 0 downstream tasks scheduled from follow-on schedule check
[2025-03-17T00:48:16.598+0000] {local_task_job_runner.py:245} INFO - ::endgroup::
