[2025-03-17T00:41:57.673+0000] {local_task_job_runner.py:123} INFO - ::group::Pre task execution logs
[2025-03-17T00:41:57.754+0000] {taskinstance.py:2614} INFO - Dependencies all met for dep_context=non-requeueable deps ti=<TaskInstance: load_reviews_pipeline.dbt_run scheduled__2024-07-03T00:00:00+00:00 [queued]>
[2025-03-17T00:41:57.785+0000] {taskinstance.py:2614} INFO - Dependencies all met for dep_context=requeueable deps ti=<TaskInstance: load_reviews_pipeline.dbt_run scheduled__2024-07-03T00:00:00+00:00 [queued]>
[2025-03-17T00:41:57.786+0000] {taskinstance.py:2867} INFO - Starting attempt 1 of 2
[2025-03-17T00:41:57.873+0000] {taskinstance.py:2890} INFO - Executing <Task(BashOperator): dbt_run> on 2024-07-03 00:00:00+00:00
[2025-03-17T00:41:57.893+0000] {standard_task_runner.py:72} INFO - Started process 276444 to run task
[2025-03-17T00:41:57.906+0000] {standard_task_runner.py:104} INFO - Running: ['airflow', 'tasks', 'run', 'load_reviews_pipeline', 'dbt_run', 'scheduled__2024-07-03T00:00:00+00:00', '--job-id', '312', '--raw', '--subdir', 'DAGS_FOLDER/dag_load_reviews.py', '--cfg-path', '/tmp/tmpna6nvt70']
[2025-03-17T00:41:57.910+0000] {standard_task_runner.py:105} INFO - Job 312: Subtask dbt_run
[2025-03-17T00:41:58.175+0000] {task_command.py:467} INFO - Running <TaskInstance: load_reviews_pipeline.dbt_run scheduled__2024-07-03T00:00:00+00:00 [running]> on host DESKTOP-IM7V4RI.
[2025-03-17T00:41:58.580+0000] {taskinstance.py:3134} INFO - Exporting env vars: AIRFLOW_CTX_DAG_OWNER='mohammed' AIRFLOW_CTX_DAG_ID='load_reviews_pipeline' AIRFLOW_CTX_TASK_ID='dbt_run' AIRFLOW_CTX_EXECUTION_DATE='2024-07-03T00:00:00+00:00' AIRFLOW_CTX_TRY_NUMBER='1' AIRFLOW_CTX_DAG_RUN_ID='scheduled__2024-07-03T00:00:00+00:00'
[2025-03-17T00:41:58.585+0000] {logging_mixin.py:190} INFO - Task instance is in running state
[2025-03-17T00:41:58.586+0000] {logging_mixin.py:190} INFO -  Previous state of the Task instance: queued
[2025-03-17T00:41:58.586+0000] {logging_mixin.py:190} INFO - Current task name:dbt_run state:running start_date:2025-03-17 00:41:57.755383+00:00
[2025-03-17T00:41:58.587+0000] {logging_mixin.py:190} INFO - Dag name:load_reviews_pipeline and current dag run status:running
[2025-03-17T00:41:58.588+0000] {taskinstance.py:732} INFO - ::endgroup::
[2025-03-17T00:41:58.590+0000] {subprocess.py:78} INFO - Tmp dir root location: /tmp
[2025-03-17T00:41:58.592+0000] {subprocess.py:88} INFO - Running command: ['/usr/bin/bash', '-c', 'cd /home/mohammed/.dbt/bank_reviews_project && dbt run']
[2025-03-17T00:41:58.615+0000] {subprocess.py:99} INFO - Output:
[2025-03-17T00:42:03.394+0000] {subprocess.py:106} INFO - [0m00:42:03  Running with dbt=1.9.3
[2025-03-17T00:42:03.990+0000] {subprocess.py:106} INFO - [0m00:42:03  Registered adapter: postgres=1.9.0
[2025-03-17T00:42:04.983+0000] {subprocess.py:106} INFO - [0m00:42:04  Found 6 models, 4 data tests, 2 sources, 433 macros
[2025-03-17T00:42:04.990+0000] {subprocess.py:106} INFO - [0m00:42:04
[2025-03-17T00:42:04.991+0000] {subprocess.py:106} INFO - [0m00:42:04  Concurrency: 4 threads (target='dev')
[2025-03-17T00:42:04.992+0000] {subprocess.py:106} INFO - [0m00:42:04
[2025-03-17T00:42:05.453+0000] {subprocess.py:106} INFO - [0m00:42:05  1 of 6 START sql view model public.clean_reviews ............................... [RUN]
[2025-03-17T00:42:05.462+0000] {subprocess.py:106} INFO - [0m00:42:05  3 of 6 START sql view model public.remove_duplicates ........................... [RUN]
[2025-03-17T00:42:05.469+0000] {subprocess.py:106} INFO - [0m00:42:05  2 of 6 START sql table model public.my_first_dbt_model ......................... [RUN]
[2025-03-17T00:42:05.469+0000] {subprocess.py:106} INFO - [0m00:42:05  4 of 6 START sql view model public.stg_clean_reviews ........................... [RUN]
[2025-03-17T00:42:06.212+0000] {subprocess.py:106} INFO - [0m00:42:06  1 of 6 ERROR creating sql view model public.clean_reviews ...................... [[31mERROR[0m in 0.74s]
[2025-03-17T00:42:06.596+0000] {subprocess.py:106} INFO - [0m00:42:06  2 of 6 OK created sql table model public.my_first_dbt_model .................... [[32mSELECT 2[0m in 1.10s]
[2025-03-17T00:42:06.599+0000] {subprocess.py:106} INFO - [0m00:42:06  4 of 6 OK created sql view model public.stg_clean_reviews ...................... [[32mCREATE VIEW[0m in 1.10s]
[2025-03-17T00:42:06.612+0000] {subprocess.py:106} INFO - [0m00:42:06  3 of 6 OK created sql view model public.remove_duplicates ...................... [[32mCREATE VIEW[0m in 1.14s]
[2025-03-17T00:42:06.626+0000] {subprocess.py:106} INFO - [0m00:42:06  5 of 6 START sql view model public.dwh_model ................................... [RUN]
[2025-03-17T00:42:06.629+0000] {subprocess.py:106} INFO - [0m00:42:06  6 of 6 START sql view model public.my_second_dbt_model ......................... [RUN]
[2025-03-17T00:42:06.849+0000] {subprocess.py:106} INFO - [0m00:42:06  6 of 6 ERROR creating sql view model public.my_second_dbt_model ................ [[31mERROR[0m in 0.21s]
[2025-03-17T00:42:06.852+0000] {subprocess.py:106} INFO - [0m00:42:06  5 of 6 ERROR creating sql view model public.dwh_model .......................... [[31mERROR[0m in 0.21s]
[2025-03-17T00:42:06.939+0000] {subprocess.py:106} INFO - [0m00:42:06
[2025-03-17T00:42:06.940+0000] {subprocess.py:106} INFO - [0m00:42:06  Finished running 1 table model, 5 view models in 0 hours 0 minutes and 1.94 seconds (1.94s).
[2025-03-17T00:42:07.038+0000] {subprocess.py:106} INFO - [0m00:42:07
[2025-03-17T00:42:07.040+0000] {subprocess.py:106} INFO - [0m00:42:07  [31mCompleted with 3 errors, 0 partial successes, and 0 warnings:[0m
[2025-03-17T00:42:07.041+0000] {subprocess.py:106} INFO - [0m00:42:07
[2025-03-17T00:42:07.043+0000] {subprocess.py:106} INFO - [0m00:42:07    Database Error in model clean_reviews (models/clean_reviews.sql)
[2025-03-17T00:42:07.043+0000] {subprocess.py:106} INFO -   syntax error at or near "external"
[2025-03-17T00:42:07.044+0000] {subprocess.py:106} INFO -   LINE 2: drop external if exists "project_data_wherhouse"."public"."c...
[2025-03-17T00:42:07.045+0000] {subprocess.py:106} INFO -                ^
[2025-03-17T00:42:07.046+0000] {subprocess.py:106} INFO - [0m00:42:07
[2025-03-17T00:42:07.047+0000] {subprocess.py:106} INFO - [0m00:42:07    Database Error in model my_second_dbt_model (models/example/my_second_dbt_model.sql)
[2025-03-17T00:42:07.048+0000] {subprocess.py:106} INFO -   relation "my_second_dbt_model" already exists
[2025-03-17T00:42:07.049+0000] {subprocess.py:106} INFO -   compiled code at target/run/bank_reviews_project/models/example/my_second_dbt_model.sql
[2025-03-17T00:42:07.049+0000] {subprocess.py:106} INFO - [0m00:42:07
[2025-03-17T00:42:07.050+0000] {subprocess.py:106} INFO - [0m00:42:07    Database Error in model dwh_model (models/dwh_model.sql)
[2025-03-17T00:42:07.051+0000] {subprocess.py:106} INFO -   relation "dwh_model" already exists
[2025-03-17T00:42:07.052+0000] {subprocess.py:106} INFO -   compiled code at target/run/bank_reviews_project/models/dwh_model.sql
[2025-03-17T00:42:07.052+0000] {subprocess.py:106} INFO - [0m00:42:07
[2025-03-17T00:42:07.053+0000] {subprocess.py:106} INFO - [0m00:42:07  Done. PASS=3 WARN=0 ERROR=3 SKIP=0 TOTAL=6
[2025-03-17T00:42:11.168+0000] {subprocess.py:110} INFO - Command exited with return code 1
[2025-03-17T00:42:11.260+0000] {taskinstance.py:3313} ERROR - Task failed with exception
Traceback (most recent call last):
  File "/home/mohammed/venv/lib/python3.11/site-packages/airflow/models/taskinstance.py", line 768, in _execute_task
    result = _execute_callable(context=context, **execute_callable_kwargs)
             ^^^^^^^^^^^^^^^^^^^^^^^^^^^^^^^^^^^^^^^^^^^^^^^^^^^^^^^^^^^^^
  File "/home/mohammed/venv/lib/python3.11/site-packages/airflow/models/taskinstance.py", line 734, in _execute_callable
    return ExecutionCallableRunner(
           ^^^^^^^^^^^^^^^^^^^^^^^^
  File "/home/mohammed/venv/lib/python3.11/site-packages/airflow/utils/operator_helpers.py", line 252, in run
    return self.func(*args, **kwargs)
           ^^^^^^^^^^^^^^^^^^^^^^^^^^
  File "/home/mohammed/venv/lib/python3.11/site-packages/airflow/models/baseoperator.py", line 424, in wrapper
    return func(self, *args, **kwargs)
           ^^^^^^^^^^^^^^^^^^^^^^^^^^^
  File "/home/mohammed/venv/lib/python3.11/site-packages/airflow/operators/bash.py", line 276, in execute
    raise AirflowException(
airflow.exceptions.AirflowException: Bash command failed. The command returned a non-zero exit code 1.
[2025-03-17T00:42:11.288+0000] {logging_mixin.py:190} INFO - Task instance in failure state
[2025-03-17T00:42:11.288+0000] {logging_mixin.py:190} INFO - Task start:2025-03-17 00:41:57.755383+00:00 end:2025-03-17 00:42:11.286197+00:00 duration:13.530814
[2025-03-17T00:42:11.289+0000] {logging_mixin.py:190} INFO - Task:<Task(BashOperator): dbt_run> dag:<DAG: load_reviews_pipeline> dagrun:<DagRun load_reviews_pipeline @ 2024-07-03 00:00:00+00:00: scheduled__2024-07-03T00:00:00+00:00, state:running, queued_at: 2025-03-17 00:41:55.498044+00:00. externally triggered: False>
[2025-03-17T00:42:11.290+0000] {logging_mixin.py:190} INFO - Failure caused by Bash command failed. The command returned a non-zero exit code 1.
[2025-03-17T00:42:11.292+0000] {taskinstance.py:1226} INFO - Marking task as UP_FOR_RETRY. dag_id=load_reviews_pipeline, task_id=dbt_run, run_id=scheduled__2024-07-03T00:00:00+00:00, execution_date=20240703T000000, start_date=20250317T004157, end_date=20250317T004211
[2025-03-17T00:42:11.428+0000] {taskinstance.py:341} INFO - ::group::Post task execution logs
[2025-03-17T00:42:11.430+0000] {standard_task_runner.py:124} ERROR - Failed to execute job 312 for task dbt_run (Bash command failed. The command returned a non-zero exit code 1.; 276444)
Traceback (most recent call last):
  File "/home/mohammed/venv/lib/python3.11/site-packages/airflow/task/task_runner/standard_task_runner.py", line 117, in _start_by_fork
    ret = args.func(args, dag=self.dag)
          ^^^^^^^^^^^^^^^^^^^^^^^^^^^^^
  File "/home/mohammed/venv/lib/python3.11/site-packages/airflow/cli/cli_config.py", line 49, in command
    return func(*args, **kwargs)
           ^^^^^^^^^^^^^^^^^^^^^
  File "/home/mohammed/venv/lib/python3.11/site-packages/airflow/utils/cli.py", line 116, in wrapper
    return f(*args, **kwargs)
           ^^^^^^^^^^^^^^^^^^
  File "/home/mohammed/venv/lib/python3.11/site-packages/airflow/cli/commands/task_command.py", line 483, in task_run
    task_return_code = _run_task_by_selected_method(args, _dag, ti)
                       ^^^^^^^^^^^^^^^^^^^^^^^^^^^^^^^^^^^^^^^^^^^^
  File "/home/mohammed/venv/lib/python3.11/site-packages/airflow/cli/commands/task_command.py", line 256, in _run_task_by_selected_method
    return _run_raw_task(args, ti)
           ^^^^^^^^^^^^^^^^^^^^^^^
  File "/home/mohammed/venv/lib/python3.11/site-packages/airflow/cli/commands/task_command.py", line 341, in _run_raw_task
    return ti._run_raw_task(
           ^^^^^^^^^^^^^^^^^
  File "/home/mohammed/venv/lib/python3.11/site-packages/airflow/utils/session.py", line 97, in wrapper
    return func(*args, session=session, **kwargs)
           ^^^^^^^^^^^^^^^^^^^^^^^^^^^^^^^^^^^^^^
  File "/home/mohammed/venv/lib/python3.11/site-packages/airflow/models/taskinstance.py", line 3006, in _run_raw_task
    return _run_raw_task(
           ^^^^^^^^^^^^^^
  File "/home/mohammed/venv/lib/python3.11/site-packages/airflow/models/taskinstance.py", line 274, in _run_raw_task
    TaskInstance._execute_task_with_callbacks(
  File "/home/mohammed/venv/lib/python3.11/site-packages/airflow/models/taskinstance.py", line 3161, in _execute_task_with_callbacks
    result = self._execute_task(context, task_orig)
             ^^^^^^^^^^^^^^^^^^^^^^^^^^^^^^^^^^^^^^
  File "/home/mohammed/venv/lib/python3.11/site-packages/airflow/models/taskinstance.py", line 3185, in _execute_task
    return _execute_task(self, context, task_orig)
           ^^^^^^^^^^^^^^^^^^^^^^^^^^^^^^^^^^^^^^^
  File "/home/mohammed/venv/lib/python3.11/site-packages/airflow/models/taskinstance.py", line 768, in _execute_task
    result = _execute_callable(context=context, **execute_callable_kwargs)
             ^^^^^^^^^^^^^^^^^^^^^^^^^^^^^^^^^^^^^^^^^^^^^^^^^^^^^^^^^^^^^
  File "/home/mohammed/venv/lib/python3.11/site-packages/airflow/models/taskinstance.py", line 734, in _execute_callable
    return ExecutionCallableRunner(
           ^^^^^^^^^^^^^^^^^^^^^^^^
  File "/home/mohammed/venv/lib/python3.11/site-packages/airflow/utils/operator_helpers.py", line 252, in run
    return self.func(*args, **kwargs)
           ^^^^^^^^^^^^^^^^^^^^^^^^^^
  File "/home/mohammed/venv/lib/python3.11/site-packages/airflow/models/baseoperator.py", line 424, in wrapper
    return func(self, *args, **kwargs)
           ^^^^^^^^^^^^^^^^^^^^^^^^^^^
  File "/home/mohammed/venv/lib/python3.11/site-packages/airflow/operators/bash.py", line 276, in execute
    raise AirflowException(
airflow.exceptions.AirflowException: Bash command failed. The command returned a non-zero exit code 1.
[2025-03-17T00:42:11.476+0000] {local_task_job_runner.py:266} INFO - Task exited with return code 1
[2025-03-17T00:42:11.564+0000] {taskinstance.py:3901} INFO - 0 downstream tasks scheduled from follow-on schedule check
[2025-03-17T00:42:11.572+0000] {local_task_job_runner.py:245} INFO - ::endgroup::
