[2025-03-17T00:47:24.537+0000] {local_task_job_runner.py:123} INFO - ::group::Pre task execution logs
[2025-03-17T00:47:24.920+0000] {taskinstance.py:2614} INFO - Dependencies all met for dep_context=non-requeueable deps ti=<TaskInstance: load_reviews_pipeline.dbt_run scheduled__2024-07-03T00:00:00+00:00 [queued]>
[2025-03-17T00:47:25.039+0000] {taskinstance.py:2614} INFO - Dependencies all met for dep_context=requeueable deps ti=<TaskInstance: load_reviews_pipeline.dbt_run scheduled__2024-07-03T00:00:00+00:00 [queued]>
[2025-03-17T00:47:25.040+0000] {taskinstance.py:2867} INFO - Starting attempt 2 of 2
[2025-03-17T00:47:25.184+0000] {taskinstance.py:2890} INFO - Executing <Task(BashOperator): dbt_run> on 2024-07-03 00:00:00+00:00
[2025-03-17T00:47:25.265+0000] {standard_task_runner.py:72} INFO - Started process 283387 to run task
[2025-03-17T00:47:25.340+0000] {standard_task_runner.py:104} INFO - Running: ['airflow', 'tasks', 'run', 'load_reviews_pipeline', 'dbt_run', 'scheduled__2024-07-03T00:00:00+00:00', '--job-id', '348', '--raw', '--subdir', 'DAGS_FOLDER/dag_load_reviews.py', '--cfg-path', '/tmp/tmpayn5z5hm']
[2025-03-17T00:47:25.345+0000] {standard_task_runner.py:105} INFO - Job 348: Subtask dbt_run
[2025-03-17T00:47:27.022+0000] {task_command.py:467} INFO - Running <TaskInstance: load_reviews_pipeline.dbt_run scheduled__2024-07-03T00:00:00+00:00 [running]> on host DESKTOP-IM7V4RI.
[2025-03-17T00:47:31.033+0000] {taskinstance.py:3134} INFO - Exporting env vars: AIRFLOW_CTX_DAG_OWNER='mohammed' AIRFLOW_CTX_DAG_ID='load_reviews_pipeline' AIRFLOW_CTX_TASK_ID='dbt_run' AIRFLOW_CTX_EXECUTION_DATE='2024-07-03T00:00:00+00:00' AIRFLOW_CTX_TRY_NUMBER='2' AIRFLOW_CTX_DAG_RUN_ID='scheduled__2024-07-03T00:00:00+00:00'
[2025-03-17T00:47:31.036+0000] {logging_mixin.py:190} INFO - Task instance is in running state
[2025-03-17T00:47:31.037+0000] {logging_mixin.py:190} INFO -  Previous state of the Task instance: queued
[2025-03-17T00:47:31.038+0000] {logging_mixin.py:190} INFO - Current task name:dbt_run state:running start_date:2025-03-17 00:47:24.921170+00:00
[2025-03-17T00:47:31.038+0000] {logging_mixin.py:190} INFO - Dag name:load_reviews_pipeline and current dag run status:running
[2025-03-17T00:47:31.039+0000] {taskinstance.py:732} INFO - ::endgroup::
[2025-03-17T00:47:31.086+0000] {subprocess.py:78} INFO - Tmp dir root location: /tmp
[2025-03-17T00:47:31.088+0000] {subprocess.py:88} INFO - Running command: ['/usr/bin/bash', '-c', 'cd /home/mohammed/.dbt/bank_reviews_project && dbt run']
[2025-03-17T00:47:31.447+0000] {subprocess.py:99} INFO - Output:
[2025-03-17T00:48:12.814+0000] {subprocess.py:106} INFO - [0m00:48:12  Running with dbt=1.9.3
[2025-03-17T00:48:15.220+0000] {subprocess.py:106} INFO - [0m00:48:15  Registered adapter: postgres=1.9.0
[2025-03-17T00:48:22.551+0000] {subprocess.py:106} INFO - [0m00:48:22  Found 11 models, 4 data tests, 2 sources, 433 macros
[2025-03-17T00:48:22.574+0000] {subprocess.py:106} INFO - [0m00:48:22
[2025-03-17T00:48:22.577+0000] {subprocess.py:106} INFO - [0m00:48:22  Concurrency: 4 threads (target='dev')
[2025-03-17T00:48:22.580+0000] {subprocess.py:106} INFO - [0m00:48:22
[2025-03-17T00:48:23.531+0000] {subprocess.py:106} INFO - [0m00:48:23  1 of 11 START sql view model public.clean_reviews .............................. [RUN]
[2025-03-17T00:48:23.541+0000] {subprocess.py:106} INFO - [0m00:48:23  2 of 11 START sql table model public.my_first_dbt_model ........................ [RUN]
[2025-03-17T00:48:23.542+0000] {subprocess.py:106} INFO - [0m00:48:23  3 of 11 START sql view model public.remove_duplicates .......................... [RUN]
[2025-03-17T00:48:23.547+0000] {subprocess.py:106} INFO - [0m00:48:23  4 of 11 START sql view model public.stg_clean_reviews .......................... [RUN]
[2025-03-17T00:48:26.145+0000] {subprocess.py:106} INFO - [0m00:48:26  4 of 11 OK created sql view model public.stg_clean_reviews ..................... [[32mCREATE VIEW[0m in 2.52s]
[2025-03-17T00:48:26.166+0000] {subprocess.py:106} INFO - [0m00:48:26  2 of 11 OK created sql table model public.my_first_dbt_model ................... [[32mSELECT 2[0m in 2.58s]
[2025-03-17T00:48:26.191+0000] {subprocess.py:106} INFO - [0m00:48:26  1 of 11 OK created sql view model public.clean_reviews ......................... [[32mCREATE VIEW[0m in 2.60s]
[2025-03-17T00:48:26.196+0000] {subprocess.py:106} INFO - [0m00:48:26  3 of 11 OK created sql view model public.remove_duplicates ..................... [[32mCREATE VIEW[0m in 2.51s]
[2025-03-17T00:48:26.211+0000] {subprocess.py:106} INFO - [0m00:48:26  5 of 11 START sql view model public.dim_bank ................................... [RUN]
[2025-03-17T00:48:26.241+0000] {subprocess.py:106} INFO - [0m00:48:26  8 of 11 START sql view model public.dim_sentiment .............................. [RUN]
[2025-03-17T00:48:26.259+0000] {subprocess.py:106} INFO - [0m00:48:26  7 of 11 START sql view model public.dim_location ............................... [RUN]
[2025-03-17T00:48:26.363+0000] {subprocess.py:106} INFO - [0m00:48:26  6 of 11 START sql view model public.dim_branch ................................. [RUN]
[2025-03-17T00:48:27.092+0000] {subprocess.py:106} INFO - [0m00:48:27  8 of 11 ERROR creating sql view model public.dim_sentiment ..................... [[31mERROR[0m in 0.84s]
[2025-03-17T00:48:27.123+0000] {subprocess.py:106} INFO - [0m00:48:27  6 of 11 ERROR creating sql view model public.dim_branch ........................ [[31mERROR[0m in 0.66s]
[2025-03-17T00:48:27.155+0000] {subprocess.py:106} INFO - [0m00:48:27  9 of 11 START sql view model public.dwh_model .................................. [RUN]
[2025-03-17T00:48:27.160+0000] {subprocess.py:106} INFO - [0m00:48:27  7 of 11 ERROR creating sql view model public.dim_location ...................... [[31mERROR[0m in 0.74s]
[2025-03-17T00:48:27.304+0000] {subprocess.py:106} INFO - [0m00:48:27  10 of 11 START sql view model public.my_second_dbt_model ....................... [RUN]
[2025-03-17T00:48:27.369+0000] {subprocess.py:106} INFO - [0m00:48:27  5 of 11 ERROR creating sql view model public.dim_bank .......................... [[31mERROR[0m in 1.11s]
[2025-03-17T00:48:27.460+0000] {subprocess.py:106} INFO - [0m00:48:27  11 of 11 SKIP relation public.fact_reviews ..................................... [[33mSKIP[0m]
[2025-03-17T00:48:28.155+0000] {subprocess.py:106} INFO - [0m00:48:28  10 of 11 OK created sql view model public.my_second_dbt_model .................. [[32mCREATE VIEW[0m in 0.76s]
[2025-03-17T00:48:28.180+0000] {subprocess.py:106} INFO - [0m00:48:28  9 of 11 OK created sql view model public.dwh_model ............................. [[32mCREATE VIEW[0m in 0.96s]
[2025-03-17T00:48:28.530+0000] {subprocess.py:106} INFO - [0m00:48:28
[2025-03-17T00:48:28.533+0000] {subprocess.py:106} INFO - [0m00:48:28  Finished running 1 table model, 10 view models in 0 hours 0 minutes and 5.93 seconds (5.93s).
[2025-03-17T00:48:28.822+0000] {subprocess.py:106} INFO - [0m00:48:28
[2025-03-17T00:48:28.832+0000] {subprocess.py:106} INFO - [0m00:48:28  [31mCompleted with 4 errors, 0 partial successes, and 0 warnings:[0m
[2025-03-17T00:48:28.838+0000] {subprocess.py:106} INFO - [0m00:48:28
[2025-03-17T00:48:28.841+0000] {subprocess.py:106} INFO - [0m00:48:28    Database Error in model dim_sentiment (models/dim_sentiment.sql)
[2025-03-17T00:48:28.842+0000] {subprocess.py:106} INFO -   syntax error at or near ";"
[2025-03-17T00:48:28.843+0000] {subprocess.py:106} INFO -   LINE 7: ... FROM "project_data_wherhouse"."public"."stg_clean_reviews";
[2025-03-17T00:48:28.847+0000] {subprocess.py:106} INFO -                                                                         ^
[2025-03-17T00:48:28.847+0000] {subprocess.py:106} INFO -   compiled code at target/run/bank_reviews_project/models/dim_sentiment.sql
[2025-03-17T00:48:28.850+0000] {subprocess.py:106} INFO - [0m00:48:28
[2025-03-17T00:48:28.866+0000] {subprocess.py:106} INFO - [0m00:48:28    Database Error in model dim_location (models/dim_location.sql)
[2025-03-17T00:48:28.867+0000] {subprocess.py:106} INFO -   syntax error at or near ";"
[2025-03-17T00:48:28.873+0000] {subprocess.py:106} INFO -   LINE 7: ... FROM "project_data_wherhouse"."public"."stg_clean_reviews";
[2025-03-17T00:48:28.873+0000] {subprocess.py:106} INFO -                                                                         ^
[2025-03-17T00:48:28.874+0000] {subprocess.py:106} INFO -   compiled code at target/run/bank_reviews_project/models/dim_location.sql
[2025-03-17T00:48:28.874+0000] {subprocess.py:106} INFO - [0m00:48:28
[2025-03-17T00:48:28.875+0000] {subprocess.py:106} INFO - [0m00:48:28    Database Error in model dim_branch (models/dim_branch.sql)
[2025-03-17T00:48:28.875+0000] {subprocess.py:106} INFO -   syntax error at or near ";"
[2025-03-17T00:48:28.876+0000] {subprocess.py:106} INFO -   LINE 7: ... FROM "project_data_wherhouse"."public"."stg_clean_reviews";
[2025-03-17T00:48:28.877+0000] {subprocess.py:106} INFO -                                                                         ^
[2025-03-17T00:48:28.877+0000] {subprocess.py:106} INFO -   compiled code at target/run/bank_reviews_project/models/dim_branch.sql
[2025-03-17T00:48:28.907+0000] {subprocess.py:106} INFO - [0m00:48:28
[2025-03-17T00:48:28.907+0000] {subprocess.py:106} INFO - [0m00:48:28    Database Error in model dim_bank (models/dim_bank.sql)
[2025-03-17T00:48:28.908+0000] {subprocess.py:106} INFO -   syntax error at or near ";"
[2025-03-17T00:48:28.908+0000] {subprocess.py:106} INFO -   LINE 7: ... FROM "project_data_wherhouse"."public"."stg_clean_reviews";
[2025-03-17T00:48:28.909+0000] {subprocess.py:106} INFO -                                                                         ^
[2025-03-17T00:48:28.909+0000] {subprocess.py:106} INFO -   compiled code at target/run/bank_reviews_project/models/dim_bank.sql
[2025-03-17T00:48:28.910+0000] {subprocess.py:106} INFO - [0m00:48:28
[2025-03-17T00:48:28.941+0000] {subprocess.py:106} INFO - [0m00:48:28  Done. PASS=6 WARN=0 ERROR=4 SKIP=1 TOTAL=11
[2025-03-17T00:48:35.095+0000] {subprocess.py:110} INFO - Command exited with return code 1
[2025-03-17T00:48:35.814+0000] {taskinstance.py:3313} ERROR - Task failed with exception
Traceback (most recent call last):
  File "/home/mohammed/venv/lib/python3.11/site-packages/airflow/models/taskinstance.py", line 768, in _execute_task
    result = _execute_callable(context=context, **execute_callable_kwargs)
             ^^^^^^^^^^^^^^^^^^^^^^^^^^^^^^^^^^^^^^^^^^^^^^^^^^^^^^^^^^^^^
  File "/home/mohammed/venv/lib/python3.11/site-packages/airflow/models/taskinstance.py", line 734, in _execute_callable
    return ExecutionCallableRunner(
           ^^^^^^^^^^^^^^^^^^^^^^^^
  File "/home/mohammed/venv/lib/python3.11/site-packages/airflow/utils/operator_helpers.py", line 252, in run
    return self.func(*args, **kwargs)
           ^^^^^^^^^^^^^^^^^^^^^^^^^^
  File "/home/mohammed/venv/lib/python3.11/site-packages/airflow/models/baseoperator.py", line 424, in wrapper
    return func(self, *args, **kwargs)
           ^^^^^^^^^^^^^^^^^^^^^^^^^^^
  File "/home/mohammed/venv/lib/python3.11/site-packages/airflow/operators/bash.py", line 276, in execute
    raise AirflowException(
airflow.exceptions.AirflowException: Bash command failed. The command returned a non-zero exit code 1.
[2025-03-17T00:48:35.879+0000] {logging_mixin.py:190} INFO - Task instance in failure state
[2025-03-17T00:48:35.880+0000] {logging_mixin.py:190} INFO - Task start:2025-03-17 00:47:24.921170+00:00 end:2025-03-17 00:48:35.858246+00:00 duration:70.937076
[2025-03-17T00:48:35.885+0000] {logging_mixin.py:190} INFO - Task:<Task(BashOperator): dbt_run> dag:<DAG: load_reviews_pipeline> dagrun:<DagRun load_reviews_pipeline @ 2024-07-03 00:00:00+00:00: scheduled__2024-07-03T00:00:00+00:00, state:running, queued_at: 2025-03-17 00:41:55.498044+00:00. externally triggered: False>
[2025-03-17T00:48:35.886+0000] {logging_mixin.py:190} INFO - Failure caused by Bash command failed. The command returned a non-zero exit code 1.
[2025-03-17T00:48:35.887+0000] {taskinstance.py:1226} INFO - Marking task as FAILED. dag_id=load_reviews_pipeline, task_id=dbt_run, run_id=scheduled__2024-07-03T00:00:00+00:00, execution_date=20240703T000000, start_date=20250317T004724, end_date=20250317T004835
[2025-03-17T00:48:37.210+0000] {taskinstance.py:341} INFO - ::group::Post task execution logs
[2025-03-17T00:48:37.218+0000] {standard_task_runner.py:124} ERROR - Failed to execute job 348 for task dbt_run (Bash command failed. The command returned a non-zero exit code 1.; 283387)
Traceback (most recent call last):
  File "/home/mohammed/venv/lib/python3.11/site-packages/airflow/task/task_runner/standard_task_runner.py", line 117, in _start_by_fork
    ret = args.func(args, dag=self.dag)
          ^^^^^^^^^^^^^^^^^^^^^^^^^^^^^
  File "/home/mohammed/venv/lib/python3.11/site-packages/airflow/cli/cli_config.py", line 49, in command
    return func(*args, **kwargs)
           ^^^^^^^^^^^^^^^^^^^^^
  File "/home/mohammed/venv/lib/python3.11/site-packages/airflow/utils/cli.py", line 116, in wrapper
    return f(*args, **kwargs)
           ^^^^^^^^^^^^^^^^^^
  File "/home/mohammed/venv/lib/python3.11/site-packages/airflow/cli/commands/task_command.py", line 483, in task_run
    task_return_code = _run_task_by_selected_method(args, _dag, ti)
                       ^^^^^^^^^^^^^^^^^^^^^^^^^^^^^^^^^^^^^^^^^^^^
  File "/home/mohammed/venv/lib/python3.11/site-packages/airflow/cli/commands/task_command.py", line 256, in _run_task_by_selected_method
    return _run_raw_task(args, ti)
           ^^^^^^^^^^^^^^^^^^^^^^^
  File "/home/mohammed/venv/lib/python3.11/site-packages/airflow/cli/commands/task_command.py", line 341, in _run_raw_task
    return ti._run_raw_task(
           ^^^^^^^^^^^^^^^^^
  File "/home/mohammed/venv/lib/python3.11/site-packages/airflow/utils/session.py", line 97, in wrapper
    return func(*args, session=session, **kwargs)
           ^^^^^^^^^^^^^^^^^^^^^^^^^^^^^^^^^^^^^^
  File "/home/mohammed/venv/lib/python3.11/site-packages/airflow/models/taskinstance.py", line 3006, in _run_raw_task
    return _run_raw_task(
           ^^^^^^^^^^^^^^
  File "/home/mohammed/venv/lib/python3.11/site-packages/airflow/models/taskinstance.py", line 274, in _run_raw_task
    TaskInstance._execute_task_with_callbacks(
  File "/home/mohammed/venv/lib/python3.11/site-packages/airflow/models/taskinstance.py", line 3161, in _execute_task_with_callbacks
    result = self._execute_task(context, task_orig)
             ^^^^^^^^^^^^^^^^^^^^^^^^^^^^^^^^^^^^^^
  File "/home/mohammed/venv/lib/python3.11/site-packages/airflow/models/taskinstance.py", line 3185, in _execute_task
    return _execute_task(self, context, task_orig)
           ^^^^^^^^^^^^^^^^^^^^^^^^^^^^^^^^^^^^^^^
  File "/home/mohammed/venv/lib/python3.11/site-packages/airflow/models/taskinstance.py", line 768, in _execute_task
    result = _execute_callable(context=context, **execute_callable_kwargs)
             ^^^^^^^^^^^^^^^^^^^^^^^^^^^^^^^^^^^^^^^^^^^^^^^^^^^^^^^^^^^^^
  File "/home/mohammed/venv/lib/python3.11/site-packages/airflow/models/taskinstance.py", line 734, in _execute_callable
    return ExecutionCallableRunner(
           ^^^^^^^^^^^^^^^^^^^^^^^^
  File "/home/mohammed/venv/lib/python3.11/site-packages/airflow/utils/operator_helpers.py", line 252, in run
    return self.func(*args, **kwargs)
           ^^^^^^^^^^^^^^^^^^^^^^^^^^
  File "/home/mohammed/venv/lib/python3.11/site-packages/airflow/models/baseoperator.py", line 424, in wrapper
    return func(self, *args, **kwargs)
           ^^^^^^^^^^^^^^^^^^^^^^^^^^^
  File "/home/mohammed/venv/lib/python3.11/site-packages/airflow/operators/bash.py", line 276, in execute
    raise AirflowException(
airflow.exceptions.AirflowException: Bash command failed. The command returned a non-zero exit code 1.
[2025-03-17T00:48:37.403+0000] {local_task_job_runner.py:266} INFO - Task exited with return code 1
[2025-03-17T00:48:37.822+0000] {local_task_job_runner.py:245} INFO - ::endgroup::
