[2025-03-28T23:01:48.651+0000] {local_task_job_runner.py:123} INFO - ::group::Pre task execution logs
[2025-03-28T23:01:48.856+0000] {taskinstance.py:2614} INFO - Dependencies all met for dep_context=non-requeueable deps ti=<TaskInstance: bank_reviews_etl_and_analysis_pipeline.dbt_run_decisionnal scheduled__2025-01-19T00:00:00+00:00 [queued]>
[2025-03-28T23:01:48.913+0000] {taskinstance.py:2614} INFO - Dependencies all met for dep_context=requeueable deps ti=<TaskInstance: bank_reviews_etl_and_analysis_pipeline.dbt_run_decisionnal scheduled__2025-01-19T00:00:00+00:00 [queued]>
[2025-03-28T23:01:48.914+0000] {taskinstance.py:2867} INFO - Starting attempt 2 of 2
[2025-03-28T23:01:48.990+0000] {taskinstance.py:2890} INFO - Executing <Task(BashOperator): dbt_run_decisionnal> on 2025-01-19 00:00:00+00:00
[2025-03-28T23:01:49.027+0000] {standard_task_runner.py:72} INFO - Started process 593628 to run task
[2025-03-28T23:01:49.126+0000] {standard_task_runner.py:104} INFO - Running: ['airflow', 'tasks', 'run', 'bank_reviews_etl_and_analysis_pipeline', 'dbt_run_decisionnal', 'scheduled__2025-01-19T00:00:00+00:00', '--job-id', '2467', '--raw', '--subdir', 'DAGS_FOLDER/dag_load_reviews.py', '--cfg-path', '/tmp/tmp63mx9ap8']
[2025-03-28T23:01:49.151+0000] {standard_task_runner.py:105} INFO - Job 2467: Subtask dbt_run_decisionnal
[2025-03-28T23:01:49.816+0000] {task_command.py:467} INFO - Running <TaskInstance: bank_reviews_etl_and_analysis_pipeline.dbt_run_decisionnal scheduled__2025-01-19T00:00:00+00:00 [running]> on host DESKTOP-IM7V4RI.
[2025-03-28T23:01:50.832+0000] {taskinstance.py:3134} INFO - Exporting env vars: AIRFLOW_CTX_DAG_OWNER='mohammed' AIRFLOW_CTX_DAG_ID='bank_reviews_etl_and_analysis_pipeline' AIRFLOW_CTX_TASK_ID='dbt_run_decisionnal' AIRFLOW_CTX_EXECUTION_DATE='2025-01-19T00:00:00+00:00' AIRFLOW_CTX_TRY_NUMBER='2' AIRFLOW_CTX_DAG_RUN_ID='scheduled__2025-01-19T00:00:00+00:00'
[2025-03-28T23:01:50.872+0000] {logging_mixin.py:190} INFO - Task instance is in running state
[2025-03-28T23:01:50.873+0000] {logging_mixin.py:190} INFO -  Previous state of the Task instance: queued
[2025-03-28T23:01:50.873+0000] {logging_mixin.py:190} INFO - Current task name:dbt_run_decisionnal state:running start_date:2025-03-28 23:01:48.856807+00:00
[2025-03-28T23:01:50.874+0000] {logging_mixin.py:190} INFO - Dag name:bank_reviews_etl_and_analysis_pipeline and current dag run status:running
[2025-03-28T23:01:50.875+0000] {taskinstance.py:732} INFO - ::endgroup::
[2025-03-28T23:01:50.876+0000] {subprocess.py:78} INFO - Tmp dir root location: /tmp
[2025-03-28T23:01:50.890+0000] {subprocess.py:88} INFO - Running command: ['/usr/bin/bash', '-c', 'cd /home/mohammed/.dbt/dbt_projects/bank_reviews_decisionnal && dbt run']
[2025-03-28T23:01:50.993+0000] {subprocess.py:99} INFO - Output:
[2025-03-28T23:02:19.738+0000] {subprocess.py:106} INFO - [0m23:02:19  Running with dbt=1.9.3
[2025-03-28T23:02:25.124+0000] {subprocess.py:106} INFO - [0m23:02:25  Registered adapter: postgres=1.9.0
[2025-03-28T23:02:33.796+0000] {subprocess.py:106} INFO - [0m23:02:33  [[33mWARNING[0m]: Configuration paths exist in your dbt_project.yml file which do not apply to any resources.
[2025-03-28T23:02:33.876+0000] {subprocess.py:106} INFO - There are 1 unused configuration paths:
[2025-03-28T23:02:33.876+0000] {subprocess.py:106} INFO - - models.bank_reviews_decisionnal.decisionnal
[2025-03-28T23:02:36.102+0000] {subprocess.py:106} INFO - [0m23:02:36  Found 5 models, 2 sources, 547 macros
[2025-03-28T23:02:36.223+0000] {subprocess.py:106} INFO - [0m23:02:36
[2025-03-28T23:02:36.296+0000] {subprocess.py:106} INFO - [0m23:02:36  Concurrency: 4 threads (target='dev')
[2025-03-28T23:02:36.298+0000] {subprocess.py:106} INFO - [0m23:02:36
[2025-03-28T23:02:40.832+0000] {subprocess.py:106} INFO - [0m23:02:40  1 of 5 START sql table model decisionnal.dim_bank .............................. [RUN]
[2025-03-28T23:02:40.914+0000] {subprocess.py:106} INFO - [0m23:02:40  2 of 5 START sql table model decisionnal.dim_branch ............................ [RUN]
[2025-03-28T23:02:40.925+0000] {subprocess.py:106} INFO - [0m23:02:40  3 of 5 START sql table model decisionnal.dim_location .......................... [RUN]
[2025-03-28T23:02:40.927+0000] {subprocess.py:106} INFO - [0m23:02:40  4 of 5 START sql table model decisionnal.dim_sentiment ......................... [RUN]
[2025-03-28T23:02:44.325+0000] {subprocess.py:106} INFO - [0m23:02:44  2 of 5 ERROR creating sql table model decisionnal.dim_branch ................... [[31mERROR[0m in 3.40s]
[2025-03-28T23:02:44.513+0000] {subprocess.py:106} INFO - [0m23:02:44  1 of 5 OK created sql table model decisionnal.dim_bank ......................... [[32mSELECT 299[0m in 3.67s]
[2025-03-28T23:02:46.215+0000] {subprocess.py:106} INFO - [0m23:02:46  4 of 5 OK created sql table model decisionnal.dim_sentiment .................... [[32mSELECT 2591[0m in 5.28s]
[2025-03-28T23:02:46.449+0000] {subprocess.py:106} INFO - [0m23:02:46  3 of 5 ERROR creating sql table model decisionnal.dim_location ................. [[31mERROR[0m in 5.51s]
[2025-03-28T23:02:46.470+0000] {subprocess.py:106} INFO - [0m23:02:46  5 of 5 SKIP relation decisionnal.fact_reviews .................................. [[33mSKIP[0m]
[2025-03-28T23:02:46.629+0000] {subprocess.py:106} INFO - [0m23:02:46
[2025-03-28T23:02:46.635+0000] {subprocess.py:106} INFO - [0m23:02:46  Finished running 5 table models in 0 hours 0 minutes and 10.35 seconds (10.35s).
[2025-03-28T23:02:46.927+0000] {subprocess.py:106} INFO - [0m23:02:46
[2025-03-28T23:02:46.970+0000] {subprocess.py:106} INFO - [0m23:02:46  [31mCompleted with 2 errors, 0 partial successes, and 0 warnings:[0m
[2025-03-28T23:02:46.971+0000] {subprocess.py:106} INFO - [0m23:02:46
[2025-03-28T23:02:46.981+0000] {subprocess.py:106} INFO - [0m23:02:46    Database Error in model dim_branch (models/dim_branch.sql)
[2025-03-28T23:02:46.983+0000] {subprocess.py:106} INFO -   relation "dim_branch__dbt_backup" already exists
[2025-03-28T23:02:46.985+0000] {subprocess.py:106} INFO -   compiled code at target/run/bank_reviews_decisionnal/models/dim_branch.sql
[2025-03-28T23:02:46.985+0000] {subprocess.py:106} INFO - [0m23:02:46
[2025-03-28T23:02:46.995+0000] {subprocess.py:106} INFO - [0m23:02:46    Database Error in model dim_location (models/dim_location.sql)
[2025-03-28T23:02:46.996+0000] {subprocess.py:106} INFO -   relation "dim_location__dbt_backup" already exists
[2025-03-28T23:02:46.996+0000] {subprocess.py:106} INFO -   compiled code at target/run/bank_reviews_decisionnal/models/dim_location.sql
[2025-03-28T23:02:47.004+0000] {subprocess.py:106} INFO - [0m23:02:46
[2025-03-28T23:02:47.011+0000] {subprocess.py:106} INFO - [0m23:02:47  Done. PASS=2 WARN=0 ERROR=2 SKIP=1 TOTAL=5
[2025-03-28T23:02:54.241+0000] {subprocess.py:110} INFO - Command exited with return code 1
[2025-03-28T23:02:56.214+0000] {taskinstance.py:3313} ERROR - Task failed with exception
Traceback (most recent call last):
  File "/home/mohammed/venv/lib/python3.11/site-packages/airflow/models/taskinstance.py", line 768, in _execute_task
    result = _execute_callable(context=context, **execute_callable_kwargs)
             ^^^^^^^^^^^^^^^^^^^^^^^^^^^^^^^^^^^^^^^^^^^^^^^^^^^^^^^^^^^^^
  File "/home/mohammed/venv/lib/python3.11/site-packages/airflow/models/taskinstance.py", line 734, in _execute_callable
    return ExecutionCallableRunner(
           ^^^^^^^^^^^^^^^^^^^^^^^^
  File "/home/mohammed/venv/lib/python3.11/site-packages/airflow/utils/operator_helpers.py", line 252, in run
    return self.func(*args, **kwargs)
           ^^^^^^^^^^^^^^^^^^^^^^^^^^
  File "/home/mohammed/venv/lib/python3.11/site-packages/airflow/models/baseoperator.py", line 424, in wrapper
    return func(self, *args, **kwargs)
           ^^^^^^^^^^^^^^^^^^^^^^^^^^^
  File "/home/mohammed/venv/lib/python3.11/site-packages/airflow/operators/bash.py", line 276, in execute
    raise AirflowException(
airflow.exceptions.AirflowException: Bash command failed. The command returned a non-zero exit code 1.
[2025-03-28T23:02:56.516+0000] {logging_mixin.py:190} INFO - Task instance in failure state
[2025-03-28T23:02:56.518+0000] {logging_mixin.py:190} INFO - Task start:2025-03-28 23:01:48.856807+00:00 end:2025-03-28 23:02:56.397602+00:00 duration:67.540795
[2025-03-28T23:02:56.526+0000] {logging_mixin.py:190} INFO - Task:<Task(BashOperator): dbt_run_decisionnal> dag:<DAG: bank_reviews_etl_and_analysis_pipeline> dagrun:<DagRun bank_reviews_etl_and_analysis_pipeline @ 2025-01-19 00:00:00+00:00: scheduled__2025-01-19T00:00:00+00:00, state:running, queued_at: 2025-03-28 22:56:00.814780+00:00. externally triggered: False>
[2025-03-28T23:02:56.527+0000] {logging_mixin.py:190} INFO - Failure caused by Bash command failed. The command returned a non-zero exit code 1.
[2025-03-28T23:02:56.555+0000] {taskinstance.py:1226} INFO - Marking task as FAILED. dag_id=bank_reviews_etl_and_analysis_pipeline, task_id=dbt_run_decisionnal, run_id=scheduled__2025-01-19T00:00:00+00:00, execution_date=20250119T000000, start_date=20250328T230148, end_date=20250328T230256
[2025-03-28T23:02:58.168+0000] {taskinstance.py:341} INFO - ::group::Post task execution logs
[2025-03-28T23:02:58.215+0000] {standard_task_runner.py:124} ERROR - Failed to execute job 2467 for task dbt_run_decisionnal (Bash command failed. The command returned a non-zero exit code 1.; 593628)
Traceback (most recent call last):
  File "/home/mohammed/venv/lib/python3.11/site-packages/airflow/task/task_runner/standard_task_runner.py", line 117, in _start_by_fork
    ret = args.func(args, dag=self.dag)
          ^^^^^^^^^^^^^^^^^^^^^^^^^^^^^
  File "/home/mohammed/venv/lib/python3.11/site-packages/airflow/cli/cli_config.py", line 49, in command
    return func(*args, **kwargs)
           ^^^^^^^^^^^^^^^^^^^^^
  File "/home/mohammed/venv/lib/python3.11/site-packages/airflow/utils/cli.py", line 116, in wrapper
    return f(*args, **kwargs)
           ^^^^^^^^^^^^^^^^^^
  File "/home/mohammed/venv/lib/python3.11/site-packages/airflow/cli/commands/task_command.py", line 483, in task_run
    task_return_code = _run_task_by_selected_method(args, _dag, ti)
                       ^^^^^^^^^^^^^^^^^^^^^^^^^^^^^^^^^^^^^^^^^^^^
  File "/home/mohammed/venv/lib/python3.11/site-packages/airflow/cli/commands/task_command.py", line 256, in _run_task_by_selected_method
    return _run_raw_task(args, ti)
           ^^^^^^^^^^^^^^^^^^^^^^^
  File "/home/mohammed/venv/lib/python3.11/site-packages/airflow/cli/commands/task_command.py", line 341, in _run_raw_task
    return ti._run_raw_task(
           ^^^^^^^^^^^^^^^^^
  File "/home/mohammed/venv/lib/python3.11/site-packages/airflow/utils/session.py", line 97, in wrapper
    return func(*args, session=session, **kwargs)
           ^^^^^^^^^^^^^^^^^^^^^^^^^^^^^^^^^^^^^^
  File "/home/mohammed/venv/lib/python3.11/site-packages/airflow/models/taskinstance.py", line 3006, in _run_raw_task
    return _run_raw_task(
           ^^^^^^^^^^^^^^
  File "/home/mohammed/venv/lib/python3.11/site-packages/airflow/models/taskinstance.py", line 274, in _run_raw_task
    TaskInstance._execute_task_with_callbacks(
  File "/home/mohammed/venv/lib/python3.11/site-packages/airflow/models/taskinstance.py", line 3161, in _execute_task_with_callbacks
    result = self._execute_task(context, task_orig)
             ^^^^^^^^^^^^^^^^^^^^^^^^^^^^^^^^^^^^^^
  File "/home/mohammed/venv/lib/python3.11/site-packages/airflow/models/taskinstance.py", line 3185, in _execute_task
    return _execute_task(self, context, task_orig)
           ^^^^^^^^^^^^^^^^^^^^^^^^^^^^^^^^^^^^^^^
  File "/home/mohammed/venv/lib/python3.11/site-packages/airflow/models/taskinstance.py", line 768, in _execute_task
    result = _execute_callable(context=context, **execute_callable_kwargs)
             ^^^^^^^^^^^^^^^^^^^^^^^^^^^^^^^^^^^^^^^^^^^^^^^^^^^^^^^^^^^^^
  File "/home/mohammed/venv/lib/python3.11/site-packages/airflow/models/taskinstance.py", line 734, in _execute_callable
    return ExecutionCallableRunner(
           ^^^^^^^^^^^^^^^^^^^^^^^^
  File "/home/mohammed/venv/lib/python3.11/site-packages/airflow/utils/operator_helpers.py", line 252, in run
    return self.func(*args, **kwargs)
           ^^^^^^^^^^^^^^^^^^^^^^^^^^
  File "/home/mohammed/venv/lib/python3.11/site-packages/airflow/models/baseoperator.py", line 424, in wrapper
    return func(self, *args, **kwargs)
           ^^^^^^^^^^^^^^^^^^^^^^^^^^^
  File "/home/mohammed/venv/lib/python3.11/site-packages/airflow/operators/bash.py", line 276, in execute
    raise AirflowException(
airflow.exceptions.AirflowException: Bash command failed. The command returned a non-zero exit code 1.
[2025-03-28T23:02:58.544+0000] {local_task_job_runner.py:266} INFO - Task exited with return code 1
[2025-03-28T23:02:59.052+0000] {taskinstance.py:3901} INFO - 0 downstream tasks scheduled from follow-on schedule check
[2025-03-28T23:02:59.065+0000] {local_task_job_runner.py:245} INFO - ::endgroup::
[2025-03-28T23:02:59.482+0000] {standard_task_runner.py:217} INFO - Process not found (most likely exited), stop collecting metrics
