[2025-03-17T00:39:59.374+0000] {local_task_job_runner.py:123} INFO - ::group::Pre task execution logs
[2025-03-17T00:39:59.526+0000] {taskinstance.py:2614} INFO - Dependencies all met for dep_context=non-requeueable deps ti=<TaskInstance: load_reviews_pipeline.dbt_run scheduled__2024-05-27T00:00:00+00:00 [queued]>
[2025-03-17T00:39:59.580+0000] {taskinstance.py:2614} INFO - Dependencies all met for dep_context=requeueable deps ti=<TaskInstance: load_reviews_pipeline.dbt_run scheduled__2024-05-27T00:00:00+00:00 [queued]>
[2025-03-17T00:39:59.582+0000] {taskinstance.py:2867} INFO - Starting attempt 2 of 2
[2025-03-17T00:40:00.366+0000] {taskinstance.py:2890} INFO - Executing <Task(BashOperator): dbt_run> on 2024-05-27 00:00:00+00:00
[2025-03-17T00:40:00.433+0000] {standard_task_runner.py:72} INFO - Started process 273138 to run task
[2025-03-17T00:40:00.456+0000] {standard_task_runner.py:104} INFO - Running: ['airflow', 'tasks', 'run', 'load_reviews_pipeline', 'dbt_run', 'scheduled__2024-05-27T00:00:00+00:00', '--job-id', '281', '--raw', '--subdir', 'DAGS_FOLDER/dag_load_reviews.py', '--cfg-path', '/tmp/tmpouphalwv']
[2025-03-17T00:40:00.475+0000] {standard_task_runner.py:105} INFO - Job 281: Subtask dbt_run
[2025-03-17T00:40:00.902+0000] {task_command.py:467} INFO - Running <TaskInstance: load_reviews_pipeline.dbt_run scheduled__2024-05-27T00:00:00+00:00 [running]> on host DESKTOP-IM7V4RI.
[2025-03-17T00:40:01.548+0000] {taskinstance.py:3134} INFO - Exporting env vars: AIRFLOW_CTX_DAG_OWNER='mohammed' AIRFLOW_CTX_DAG_ID='load_reviews_pipeline' AIRFLOW_CTX_TASK_ID='dbt_run' AIRFLOW_CTX_EXECUTION_DATE='2024-05-27T00:00:00+00:00' AIRFLOW_CTX_TRY_NUMBER='2' AIRFLOW_CTX_DAG_RUN_ID='scheduled__2024-05-27T00:00:00+00:00'
[2025-03-17T00:40:01.555+0000] {logging_mixin.py:190} INFO - Task instance is in running state
[2025-03-17T00:40:01.556+0000] {logging_mixin.py:190} INFO -  Previous state of the Task instance: queued
[2025-03-17T00:40:01.557+0000] {logging_mixin.py:190} INFO - Current task name:dbt_run state:running start_date:2025-03-17 00:39:59.527067+00:00
[2025-03-17T00:40:01.558+0000] {logging_mixin.py:190} INFO - Dag name:load_reviews_pipeline and current dag run status:running
[2025-03-17T00:40:01.558+0000] {taskinstance.py:732} INFO - ::endgroup::
[2025-03-17T00:40:01.582+0000] {subprocess.py:78} INFO - Tmp dir root location: /tmp
[2025-03-17T00:40:01.589+0000] {subprocess.py:88} INFO - Running command: ['/usr/bin/bash', '-c', 'cd /home/mohammed/.dbt/bank_reviews_project && dbt run']
[2025-03-17T00:40:01.676+0000] {subprocess.py:99} INFO - Output:
[2025-03-17T00:40:15.921+0000] {subprocess.py:106} INFO - [0m00:40:15  Running with dbt=1.9.3
[2025-03-17T00:40:17.947+0000] {subprocess.py:106} INFO - [0m00:40:17  Registered adapter: postgres=1.9.0
[2025-03-17T00:40:20.762+0000] {subprocess.py:106} INFO - [0m00:40:20  Found 6 models, 4 data tests, 2 sources, 433 macros
[2025-03-17T00:40:20.774+0000] {subprocess.py:106} INFO - [0m00:40:20
[2025-03-17T00:40:20.777+0000] {subprocess.py:106} INFO - [0m00:40:20  Concurrency: 4 threads (target='dev')
[2025-03-17T00:40:20.778+0000] {subprocess.py:106} INFO - [0m00:40:20
[2025-03-17T00:40:21.473+0000] {subprocess.py:106} INFO - [0m00:40:21  1 of 6 START sql view model public.clean_reviews ............................... [RUN]
[2025-03-17T00:40:21.489+0000] {subprocess.py:106} INFO - [0m00:40:21  2 of 6 START sql table model public.my_first_dbt_model ......................... [RUN]
[2025-03-17T00:40:21.490+0000] {subprocess.py:106} INFO - [0m00:40:21  3 of 6 START sql view model public.remove_duplicates ........................... [RUN]
[2025-03-17T00:40:21.493+0000] {subprocess.py:106} INFO - [0m00:40:21  4 of 6 START sql view model public.stg_clean_reviews ........................... [RUN]
[2025-03-17T00:40:22.532+0000] {subprocess.py:106} INFO - [0m00:40:22  2 of 6 ERROR creating sql table model public.my_first_dbt_model ................ [[31mERROR[0m in 1.01s]
[2025-03-17T00:40:22.535+0000] {subprocess.py:106} INFO - [0m00:40:22  3 of 6 ERROR creating sql view model public.remove_duplicates .................. [[31mERROR[0m in 1.02s]
[2025-03-17T00:40:22.537+0000] {subprocess.py:106} INFO - [0m00:40:22  1 of 6 ERROR creating sql view model public.clean_reviews ...................... [[31mERROR[0m in 1.06s]
[2025-03-17T00:40:22.540+0000] {subprocess.py:106} INFO - [0m00:40:22  4 of 6 ERROR creating sql view model public.stg_clean_reviews .................. [[31mERROR[0m in 1.03s]
[2025-03-17T00:40:22.564+0000] {subprocess.py:106} INFO - [0m00:40:22  5 of 6 SKIP relation public.my_second_dbt_model ................................ [[33mSKIP[0m]
[2025-03-17T00:40:22.567+0000] {subprocess.py:106} INFO - [0m00:40:22  6 of 6 SKIP relation public.dwh_model .......................................... [[33mSKIP[0m]
[2025-03-17T00:40:22.661+0000] {subprocess.py:106} INFO - [0m00:40:22
[2025-03-17T00:40:22.678+0000] {subprocess.py:106} INFO - [0m00:40:22  Finished running 1 table model, 5 view models in 0 hours 0 minutes and 1.88 seconds (1.88s).
[2025-03-17T00:40:23.204+0000] {subprocess.py:106} INFO - [0m00:40:23
[2025-03-17T00:40:23.208+0000] {subprocess.py:106} INFO - [0m00:40:23  [31mCompleted with 4 errors, 0 partial successes, and 0 warnings:[0m
[2025-03-17T00:40:23.215+0000] {subprocess.py:106} INFO - [0m00:40:23
[2025-03-17T00:40:23.220+0000] {subprocess.py:106} INFO - [0m00:40:23    Database Error in model remove_duplicates (models/remove_duplicates.sql)
[2025-03-17T00:40:23.221+0000] {subprocess.py:106} INFO -   relation "remove_duplicates__dbt_backup" already exists
[2025-03-17T00:40:23.222+0000] {subprocess.py:106} INFO -   compiled code at target/run/bank_reviews_project/models/remove_duplicates.sql
[2025-03-17T00:40:23.228+0000] {subprocess.py:106} INFO - [0m00:40:23
[2025-03-17T00:40:23.232+0000] {subprocess.py:106} INFO - [0m00:40:23    Database Error in model my_first_dbt_model (models/example/my_first_dbt_model.sql)
[2025-03-17T00:40:23.233+0000] {subprocess.py:106} INFO -   relation "my_first_dbt_model__dbt_backup" already exists
[2025-03-17T00:40:23.234+0000] {subprocess.py:106} INFO -   compiled code at target/run/bank_reviews_project/models/example/my_first_dbt_model.sql
[2025-03-17T00:40:23.237+0000] {subprocess.py:106} INFO - [0m00:40:23
[2025-03-17T00:40:23.241+0000] {subprocess.py:106} INFO - [0m00:40:23    Database Error in model clean_reviews (models/clean_reviews.sql)
[2025-03-17T00:40:23.242+0000] {subprocess.py:106} INFO -   relation "clean_reviews__dbt_backup" already exists
[2025-03-17T00:40:23.244+0000] {subprocess.py:106} INFO -   compiled code at target/run/bank_reviews_project/models/clean_reviews.sql
[2025-03-17T00:40:23.248+0000] {subprocess.py:106} INFO - [0m00:40:23
[2025-03-17T00:40:23.252+0000] {subprocess.py:106} INFO - [0m00:40:23    Database Error in model stg_clean_reviews (models/stg_clean_reviews.sql)
[2025-03-17T00:40:23.253+0000] {subprocess.py:106} INFO -   relation "stg_clean_reviews__dbt_backup" already exists
[2025-03-17T00:40:23.254+0000] {subprocess.py:106} INFO -   compiled code at target/run/bank_reviews_project/models/stg_clean_reviews.sql
[2025-03-17T00:40:23.257+0000] {subprocess.py:106} INFO - [0m00:40:23
[2025-03-17T00:40:23.264+0000] {subprocess.py:106} INFO - [0m00:40:23  Done. PASS=0 WARN=0 ERROR=4 SKIP=2 TOTAL=6
[2025-03-17T00:40:25.869+0000] {subprocess.py:110} INFO - Command exited with return code 1
[2025-03-17T00:40:26.024+0000] {taskinstance.py:3313} ERROR - Task failed with exception
Traceback (most recent call last):
  File "/home/mohammed/venv/lib/python3.11/site-packages/airflow/models/taskinstance.py", line 768, in _execute_task
    result = _execute_callable(context=context, **execute_callable_kwargs)
             ^^^^^^^^^^^^^^^^^^^^^^^^^^^^^^^^^^^^^^^^^^^^^^^^^^^^^^^^^^^^^
  File "/home/mohammed/venv/lib/python3.11/site-packages/airflow/models/taskinstance.py", line 734, in _execute_callable
    return ExecutionCallableRunner(
           ^^^^^^^^^^^^^^^^^^^^^^^^
  File "/home/mohammed/venv/lib/python3.11/site-packages/airflow/utils/operator_helpers.py", line 252, in run
    return self.func(*args, **kwargs)
           ^^^^^^^^^^^^^^^^^^^^^^^^^^
  File "/home/mohammed/venv/lib/python3.11/site-packages/airflow/models/baseoperator.py", line 424, in wrapper
    return func(self, *args, **kwargs)
           ^^^^^^^^^^^^^^^^^^^^^^^^^^^
  File "/home/mohammed/venv/lib/python3.11/site-packages/airflow/operators/bash.py", line 276, in execute
    raise AirflowException(
airflow.exceptions.AirflowException: Bash command failed. The command returned a non-zero exit code 1.
[2025-03-17T00:40:26.049+0000] {logging_mixin.py:190} INFO - Task instance in failure state
[2025-03-17T00:40:26.050+0000] {logging_mixin.py:190} INFO - Task start:2025-03-17 00:39:59.527067+00:00 end:2025-03-17 00:40:26.045597+00:00 duration:26.51853
[2025-03-17T00:40:26.051+0000] {logging_mixin.py:190} INFO - Task:<Task(BashOperator): dbt_run> dag:<DAG: load_reviews_pipeline> dagrun:<DagRun load_reviews_pipeline @ 2024-05-27 00:00:00+00:00: scheduled__2024-05-27T00:00:00+00:00, state:running, queued_at: 2025-03-17 00:33:48.254970+00:00. externally triggered: False>
[2025-03-17T00:40:26.052+0000] {logging_mixin.py:190} INFO - Failure caused by Bash command failed. The command returned a non-zero exit code 1.
[2025-03-17T00:40:26.053+0000] {taskinstance.py:1226} INFO - Marking task as FAILED. dag_id=load_reviews_pipeline, task_id=dbt_run, run_id=scheduled__2024-05-27T00:00:00+00:00, execution_date=20240527T000000, start_date=20250317T003959, end_date=20250317T004026
[2025-03-17T00:40:26.326+0000] {taskinstance.py:341} INFO - ::group::Post task execution logs
[2025-03-17T00:40:26.328+0000] {standard_task_runner.py:124} ERROR - Failed to execute job 281 for task dbt_run (Bash command failed. The command returned a non-zero exit code 1.; 273138)
Traceback (most recent call last):
  File "/home/mohammed/venv/lib/python3.11/site-packages/airflow/task/task_runner/standard_task_runner.py", line 117, in _start_by_fork
    ret = args.func(args, dag=self.dag)
          ^^^^^^^^^^^^^^^^^^^^^^^^^^^^^
  File "/home/mohammed/venv/lib/python3.11/site-packages/airflow/cli/cli_config.py", line 49, in command
    return func(*args, **kwargs)
           ^^^^^^^^^^^^^^^^^^^^^
  File "/home/mohammed/venv/lib/python3.11/site-packages/airflow/utils/cli.py", line 116, in wrapper
    return f(*args, **kwargs)
           ^^^^^^^^^^^^^^^^^^
  File "/home/mohammed/venv/lib/python3.11/site-packages/airflow/cli/commands/task_command.py", line 483, in task_run
    task_return_code = _run_task_by_selected_method(args, _dag, ti)
                       ^^^^^^^^^^^^^^^^^^^^^^^^^^^^^^^^^^^^^^^^^^^^
  File "/home/mohammed/venv/lib/python3.11/site-packages/airflow/cli/commands/task_command.py", line 256, in _run_task_by_selected_method
    return _run_raw_task(args, ti)
           ^^^^^^^^^^^^^^^^^^^^^^^
  File "/home/mohammed/venv/lib/python3.11/site-packages/airflow/cli/commands/task_command.py", line 341, in _run_raw_task
    return ti._run_raw_task(
           ^^^^^^^^^^^^^^^^^
  File "/home/mohammed/venv/lib/python3.11/site-packages/airflow/utils/session.py", line 97, in wrapper
    return func(*args, session=session, **kwargs)
           ^^^^^^^^^^^^^^^^^^^^^^^^^^^^^^^^^^^^^^
  File "/home/mohammed/venv/lib/python3.11/site-packages/airflow/models/taskinstance.py", line 3006, in _run_raw_task
    return _run_raw_task(
           ^^^^^^^^^^^^^^
  File "/home/mohammed/venv/lib/python3.11/site-packages/airflow/models/taskinstance.py", line 274, in _run_raw_task
    TaskInstance._execute_task_with_callbacks(
  File "/home/mohammed/venv/lib/python3.11/site-packages/airflow/models/taskinstance.py", line 3161, in _execute_task_with_callbacks
    result = self._execute_task(context, task_orig)
             ^^^^^^^^^^^^^^^^^^^^^^^^^^^^^^^^^^^^^^
  File "/home/mohammed/venv/lib/python3.11/site-packages/airflow/models/taskinstance.py", line 3185, in _execute_task
    return _execute_task(self, context, task_orig)
           ^^^^^^^^^^^^^^^^^^^^^^^^^^^^^^^^^^^^^^^
  File "/home/mohammed/venv/lib/python3.11/site-packages/airflow/models/taskinstance.py", line 768, in _execute_task
    result = _execute_callable(context=context, **execute_callable_kwargs)
             ^^^^^^^^^^^^^^^^^^^^^^^^^^^^^^^^^^^^^^^^^^^^^^^^^^^^^^^^^^^^^
  File "/home/mohammed/venv/lib/python3.11/site-packages/airflow/models/taskinstance.py", line 734, in _execute_callable
    return ExecutionCallableRunner(
           ^^^^^^^^^^^^^^^^^^^^^^^^
  File "/home/mohammed/venv/lib/python3.11/site-packages/airflow/utils/operator_helpers.py", line 252, in run
    return self.func(*args, **kwargs)
           ^^^^^^^^^^^^^^^^^^^^^^^^^^
  File "/home/mohammed/venv/lib/python3.11/site-packages/airflow/models/baseoperator.py", line 424, in wrapper
    return func(self, *args, **kwargs)
           ^^^^^^^^^^^^^^^^^^^^^^^^^^^
  File "/home/mohammed/venv/lib/python3.11/site-packages/airflow/operators/bash.py", line 276, in execute
    raise AirflowException(
airflow.exceptions.AirflowException: Bash command failed. The command returned a non-zero exit code 1.
[2025-03-17T00:40:26.451+0000] {local_task_job_runner.py:266} INFO - Task exited with return code 1
[2025-03-17T00:40:26.578+0000] {taskinstance.py:3901} INFO - 0 downstream tasks scheduled from follow-on schedule check
[2025-03-17T00:40:26.587+0000] {local_task_job_runner.py:245} INFO - ::endgroup::
