[2025-03-17T00:39:46.495+0000] {local_task_job_runner.py:123} INFO - ::group::Pre task execution logs
[2025-03-17T00:39:46.556+0000] {taskinstance.py:2614} INFO - Dependencies all met for dep_context=non-requeueable deps ti=<TaskInstance: load_reviews_pipeline.dbt_run scheduled__2024-05-25T00:00:00+00:00 [queued]>
[2025-03-17T00:39:46.579+0000] {taskinstance.py:2614} INFO - Dependencies all met for dep_context=requeueable deps ti=<TaskInstance: load_reviews_pipeline.dbt_run scheduled__2024-05-25T00:00:00+00:00 [queued]>
[2025-03-17T00:39:46.580+0000] {taskinstance.py:2867} INFO - Starting attempt 2 of 2
[2025-03-17T00:39:46.643+0000] {taskinstance.py:2890} INFO - Executing <Task(BashOperator): dbt_run> on 2024-05-25 00:00:00+00:00
[2025-03-17T00:39:46.665+0000] {standard_task_runner.py:72} INFO - Started process 272882 to run task
[2025-03-17T00:39:46.675+0000] {standard_task_runner.py:104} INFO - Running: ['airflow', 'tasks', 'run', 'load_reviews_pipeline', 'dbt_run', 'scheduled__2024-05-25T00:00:00+00:00', '--job-id', '276', '--raw', '--subdir', 'DAGS_FOLDER/dag_load_reviews.py', '--cfg-path', '/tmp/tmp469tgnpz']
[2025-03-17T00:39:46.680+0000] {standard_task_runner.py:105} INFO - Job 276: Subtask dbt_run
[2025-03-17T00:39:47.008+0000] {task_command.py:467} INFO - Running <TaskInstance: load_reviews_pipeline.dbt_run scheduled__2024-05-25T00:00:00+00:00 [running]> on host DESKTOP-IM7V4RI.
[2025-03-17T00:39:47.286+0000] {taskinstance.py:3134} INFO - Exporting env vars: AIRFLOW_CTX_DAG_OWNER='mohammed' AIRFLOW_CTX_DAG_ID='load_reviews_pipeline' AIRFLOW_CTX_TASK_ID='dbt_run' AIRFLOW_CTX_EXECUTION_DATE='2024-05-25T00:00:00+00:00' AIRFLOW_CTX_TRY_NUMBER='2' AIRFLOW_CTX_DAG_RUN_ID='scheduled__2024-05-25T00:00:00+00:00'
[2025-03-17T00:39:47.290+0000] {logging_mixin.py:190} INFO - Task instance is in running state
[2025-03-17T00:39:47.290+0000] {logging_mixin.py:190} INFO -  Previous state of the Task instance: queued
[2025-03-17T00:39:47.291+0000] {logging_mixin.py:190} INFO - Current task name:dbt_run state:running start_date:2025-03-17 00:39:46.557500+00:00
[2025-03-17T00:39:47.292+0000] {logging_mixin.py:190} INFO - Dag name:load_reviews_pipeline and current dag run status:running
[2025-03-17T00:39:47.292+0000] {taskinstance.py:732} INFO - ::endgroup::
[2025-03-17T00:39:47.294+0000] {subprocess.py:78} INFO - Tmp dir root location: /tmp
[2025-03-17T00:39:47.295+0000] {subprocess.py:88} INFO - Running command: ['/usr/bin/bash', '-c', 'cd /home/mohammed/.dbt/bank_reviews_project && dbt run']
[2025-03-17T00:39:47.319+0000] {subprocess.py:99} INFO - Output:
[2025-03-17T00:39:56.853+0000] {subprocess.py:106} INFO - [0m00:39:56  Running with dbt=1.9.3
[2025-03-17T00:39:59.056+0000] {subprocess.py:106} INFO - [0m00:39:59  Registered adapter: postgres=1.9.0
[2025-03-17T00:40:02.533+0000] {subprocess.py:106} INFO - [0m00:40:02  Found 6 models, 4 data tests, 2 sources, 433 macros
[2025-03-17T00:40:02.547+0000] {subprocess.py:106} INFO - [0m00:40:02
[2025-03-17T00:40:02.562+0000] {subprocess.py:106} INFO - [0m00:40:02  Concurrency: 4 threads (target='dev')
[2025-03-17T00:40:02.565+0000] {subprocess.py:106} INFO - [0m00:40:02
[2025-03-17T00:40:03.704+0000] {subprocess.py:106} INFO - [0m00:40:03  1 of 6 START sql view model public.clean_reviews ............................... [RUN]
[2025-03-17T00:40:03.742+0000] {subprocess.py:106} INFO - [0m00:40:03  2 of 6 START sql table model public.my_first_dbt_model ......................... [RUN]
[2025-03-17T00:40:03.751+0000] {subprocess.py:106} INFO - [0m00:40:03  3 of 6 START sql view model public.remove_duplicates ........................... [RUN]
[2025-03-17T00:40:03.753+0000] {subprocess.py:106} INFO - [0m00:40:03  4 of 6 START sql view model public.stg_clean_reviews ........................... [RUN]
[2025-03-17T00:40:04.434+0000] {subprocess.py:106} INFO - [0m00:40:04  1 of 6 ERROR creating sql view model public.clean_reviews ...................... [[31mERROR[0m in 0.66s]
[2025-03-17T00:40:04.445+0000] {subprocess.py:106} INFO - [0m00:40:04  4 of 6 ERROR creating sql view model public.stg_clean_reviews .................. [[31mERROR[0m in 0.65s]
[2025-03-17T00:40:04.453+0000] {subprocess.py:106} INFO - [0m00:40:04  3 of 6 ERROR creating sql view model public.remove_duplicates .................. [[31mERROR[0m in 0.68s]
[2025-03-17T00:40:04.496+0000] {subprocess.py:106} INFO - [0m00:40:04  5 of 6 SKIP relation public.dwh_model .......................................... [[33mSKIP[0m]
[2025-03-17T00:40:04.954+0000] {subprocess.py:106} INFO - [0m00:40:04  2 of 6 OK created sql table model public.my_first_dbt_model .................... [[32mSELECT 2[0m in 1.21s]
[2025-03-17T00:40:05.050+0000] {subprocess.py:106} INFO - [0m00:40:05  6 of 6 START sql view model public.my_second_dbt_model ......................... [RUN]
[2025-03-17T00:40:06.052+0000] {subprocess.py:106} INFO - [0m00:40:06  6 of 6 ERROR creating sql view model public.my_second_dbt_model ................ [[31mERROR[0m in 0.99s]
[2025-03-17T00:40:06.373+0000] {subprocess.py:106} INFO - [0m00:40:06
[2025-03-17T00:40:06.378+0000] {subprocess.py:106} INFO - [0m00:40:06  Finished running 1 table model, 5 view models in 0 hours 0 minutes and 3.80 seconds (3.80s).
[2025-03-17T00:40:06.916+0000] {subprocess.py:106} INFO - [0m00:40:06
[2025-03-17T00:40:06.937+0000] {subprocess.py:106} INFO - [0m00:40:06  [31mCompleted with 4 errors, 0 partial successes, and 0 warnings:[0m
[2025-03-17T00:40:06.942+0000] {subprocess.py:106} INFO - [0m00:40:06
[2025-03-17T00:40:06.948+0000] {subprocess.py:106} INFO - [0m00:40:06    Database Error in model stg_clean_reviews (models/stg_clean_reviews.sql)
[2025-03-17T00:40:06.949+0000] {subprocess.py:106} INFO -   relation "stg_clean_reviews__dbt_backup" already exists
[2025-03-17T00:40:06.950+0000] {subprocess.py:106} INFO -   compiled code at target/run/bank_reviews_project/models/stg_clean_reviews.sql
[2025-03-17T00:40:06.978+0000] {subprocess.py:106} INFO - [0m00:40:06
[2025-03-17T00:40:06.982+0000] {subprocess.py:106} INFO - [0m00:40:06    Database Error in model clean_reviews (models/clean_reviews.sql)
[2025-03-17T00:40:06.983+0000] {subprocess.py:106} INFO -   relation "clean_reviews__dbt_backup" already exists
[2025-03-17T00:40:06.984+0000] {subprocess.py:106} INFO -   compiled code at target/run/bank_reviews_project/models/clean_reviews.sql
[2025-03-17T00:40:06.987+0000] {subprocess.py:106} INFO - [0m00:40:06
[2025-03-17T00:40:06.995+0000] {subprocess.py:106} INFO - [0m00:40:06    Database Error in model remove_duplicates (models/remove_duplicates.sql)
[2025-03-17T00:40:06.996+0000] {subprocess.py:106} INFO -   relation "remove_duplicates__dbt_backup" already exists
[2025-03-17T00:40:06.997+0000] {subprocess.py:106} INFO -   compiled code at target/run/bank_reviews_project/models/remove_duplicates.sql
[2025-03-17T00:40:07.015+0000] {subprocess.py:106} INFO - [0m00:40:07
[2025-03-17T00:40:07.020+0000] {subprocess.py:106} INFO - [0m00:40:07    Database Error in model my_second_dbt_model (models/example/my_second_dbt_model.sql)
[2025-03-17T00:40:07.021+0000] {subprocess.py:106} INFO -   relation "my_second_dbt_model" already exists
[2025-03-17T00:40:07.022+0000] {subprocess.py:106} INFO -   compiled code at target/run/bank_reviews_project/models/example/my_second_dbt_model.sql
[2025-03-17T00:40:07.025+0000] {subprocess.py:106} INFO - [0m00:40:07
[2025-03-17T00:40:07.031+0000] {subprocess.py:106} INFO - [0m00:40:07  Done. PASS=1 WARN=0 ERROR=4 SKIP=1 TOTAL=6
[2025-03-17T00:40:11.338+0000] {subprocess.py:110} INFO - Command exited with return code 1
[2025-03-17T00:40:11.527+0000] {taskinstance.py:3313} ERROR - Task failed with exception
Traceback (most recent call last):
  File "/home/mohammed/venv/lib/python3.11/site-packages/airflow/models/taskinstance.py", line 768, in _execute_task
    result = _execute_callable(context=context, **execute_callable_kwargs)
             ^^^^^^^^^^^^^^^^^^^^^^^^^^^^^^^^^^^^^^^^^^^^^^^^^^^^^^^^^^^^^
  File "/home/mohammed/venv/lib/python3.11/site-packages/airflow/models/taskinstance.py", line 734, in _execute_callable
    return ExecutionCallableRunner(
           ^^^^^^^^^^^^^^^^^^^^^^^^
  File "/home/mohammed/venv/lib/python3.11/site-packages/airflow/utils/operator_helpers.py", line 252, in run
    return self.func(*args, **kwargs)
           ^^^^^^^^^^^^^^^^^^^^^^^^^^
  File "/home/mohammed/venv/lib/python3.11/site-packages/airflow/models/baseoperator.py", line 424, in wrapper
    return func(self, *args, **kwargs)
           ^^^^^^^^^^^^^^^^^^^^^^^^^^^
  File "/home/mohammed/venv/lib/python3.11/site-packages/airflow/operators/bash.py", line 276, in execute
    raise AirflowException(
airflow.exceptions.AirflowException: Bash command failed. The command returned a non-zero exit code 1.
[2025-03-17T00:40:11.579+0000] {logging_mixin.py:190} INFO - Task instance in failure state
[2025-03-17T00:40:11.581+0000] {logging_mixin.py:190} INFO - Task start:2025-03-17 00:39:46.557500+00:00 end:2025-03-17 00:40:11.566416+00:00 duration:25.008916
[2025-03-17T00:40:11.582+0000] {logging_mixin.py:190} INFO - Task:<Task(BashOperator): dbt_run> dag:<DAG: load_reviews_pipeline> dagrun:<DagRun load_reviews_pipeline @ 2024-05-25 00:00:00+00:00: scheduled__2024-05-25T00:00:00+00:00, state:running, queued_at: 2025-03-17 00:33:47.175314+00:00. externally triggered: False>
[2025-03-17T00:40:11.583+0000] {logging_mixin.py:190} INFO - Failure caused by Bash command failed. The command returned a non-zero exit code 1.
[2025-03-17T00:40:11.584+0000] {taskinstance.py:1226} INFO - Marking task as FAILED. dag_id=load_reviews_pipeline, task_id=dbt_run, run_id=scheduled__2024-05-25T00:00:00+00:00, execution_date=20240525T000000, start_date=20250317T003946, end_date=20250317T004011
[2025-03-17T00:40:11.910+0000] {taskinstance.py:341} INFO - ::group::Post task execution logs
[2025-03-17T00:40:11.915+0000] {standard_task_runner.py:124} ERROR - Failed to execute job 276 for task dbt_run (Bash command failed. The command returned a non-zero exit code 1.; 272882)
Traceback (most recent call last):
  File "/home/mohammed/venv/lib/python3.11/site-packages/airflow/task/task_runner/standard_task_runner.py", line 117, in _start_by_fork
    ret = args.func(args, dag=self.dag)
          ^^^^^^^^^^^^^^^^^^^^^^^^^^^^^
  File "/home/mohammed/venv/lib/python3.11/site-packages/airflow/cli/cli_config.py", line 49, in command
    return func(*args, **kwargs)
           ^^^^^^^^^^^^^^^^^^^^^
  File "/home/mohammed/venv/lib/python3.11/site-packages/airflow/utils/cli.py", line 116, in wrapper
    return f(*args, **kwargs)
           ^^^^^^^^^^^^^^^^^^
  File "/home/mohammed/venv/lib/python3.11/site-packages/airflow/cli/commands/task_command.py", line 483, in task_run
    task_return_code = _run_task_by_selected_method(args, _dag, ti)
                       ^^^^^^^^^^^^^^^^^^^^^^^^^^^^^^^^^^^^^^^^^^^^
  File "/home/mohammed/venv/lib/python3.11/site-packages/airflow/cli/commands/task_command.py", line 256, in _run_task_by_selected_method
    return _run_raw_task(args, ti)
           ^^^^^^^^^^^^^^^^^^^^^^^
  File "/home/mohammed/venv/lib/python3.11/site-packages/airflow/cli/commands/task_command.py", line 341, in _run_raw_task
    return ti._run_raw_task(
           ^^^^^^^^^^^^^^^^^
  File "/home/mohammed/venv/lib/python3.11/site-packages/airflow/utils/session.py", line 97, in wrapper
    return func(*args, session=session, **kwargs)
           ^^^^^^^^^^^^^^^^^^^^^^^^^^^^^^^^^^^^^^
  File "/home/mohammed/venv/lib/python3.11/site-packages/airflow/models/taskinstance.py", line 3006, in _run_raw_task
    return _run_raw_task(
           ^^^^^^^^^^^^^^
  File "/home/mohammed/venv/lib/python3.11/site-packages/airflow/models/taskinstance.py", line 274, in _run_raw_task
    TaskInstance._execute_task_with_callbacks(
  File "/home/mohammed/venv/lib/python3.11/site-packages/airflow/models/taskinstance.py", line 3161, in _execute_task_with_callbacks
    result = self._execute_task(context, task_orig)
             ^^^^^^^^^^^^^^^^^^^^^^^^^^^^^^^^^^^^^^
  File "/home/mohammed/venv/lib/python3.11/site-packages/airflow/models/taskinstance.py", line 3185, in _execute_task
    return _execute_task(self, context, task_orig)
           ^^^^^^^^^^^^^^^^^^^^^^^^^^^^^^^^^^^^^^^
  File "/home/mohammed/venv/lib/python3.11/site-packages/airflow/models/taskinstance.py", line 768, in _execute_task
    result = _execute_callable(context=context, **execute_callable_kwargs)
             ^^^^^^^^^^^^^^^^^^^^^^^^^^^^^^^^^^^^^^^^^^^^^^^^^^^^^^^^^^^^^
  File "/home/mohammed/venv/lib/python3.11/site-packages/airflow/models/taskinstance.py", line 734, in _execute_callable
    return ExecutionCallableRunner(
           ^^^^^^^^^^^^^^^^^^^^^^^^
  File "/home/mohammed/venv/lib/python3.11/site-packages/airflow/utils/operator_helpers.py", line 252, in run
    return self.func(*args, **kwargs)
           ^^^^^^^^^^^^^^^^^^^^^^^^^^
  File "/home/mohammed/venv/lib/python3.11/site-packages/airflow/models/baseoperator.py", line 424, in wrapper
    return func(self, *args, **kwargs)
           ^^^^^^^^^^^^^^^^^^^^^^^^^^^
  File "/home/mohammed/venv/lib/python3.11/site-packages/airflow/operators/bash.py", line 276, in execute
    raise AirflowException(
airflow.exceptions.AirflowException: Bash command failed. The command returned a non-zero exit code 1.
[2025-03-17T00:40:12.041+0000] {local_task_job_runner.py:266} INFO - Task exited with return code 1
[2025-03-17T00:40:12.166+0000] {local_task_job_runner.py:245} INFO - ::endgroup::
