[2025-03-17T01:02:18.094+0000] {local_task_job_runner.py:123} INFO - ::group::Pre task execution logs
[2025-03-17T01:02:18.159+0000] {taskinstance.py:2614} INFO - Dependencies all met for dep_context=non-requeueable deps ti=<TaskInstance: load_reviews_pipeline.dbt_run scheduled__2024-10-22T00:00:00+00:00 [queued]>
[2025-03-17T01:02:18.184+0000] {taskinstance.py:2614} INFO - Dependencies all met for dep_context=requeueable deps ti=<TaskInstance: load_reviews_pipeline.dbt_run scheduled__2024-10-22T00:00:00+00:00 [queued]>
[2025-03-17T01:02:18.185+0000] {taskinstance.py:2867} INFO - Starting attempt 1 of 2
[2025-03-17T01:02:18.235+0000] {taskinstance.py:2890} INFO - Executing <Task(BashOperator): dbt_run> on 2024-10-22 00:00:00+00:00
[2025-03-17T01:02:18.254+0000] {standard_task_runner.py:72} INFO - Started process 304955 to run task
[2025-03-17T01:02:18.272+0000] {standard_task_runner.py:104} INFO - Running: ['airflow', 'tasks', 'run', 'load_reviews_pipeline', 'dbt_run', 'scheduled__2024-10-22T00:00:00+00:00', '--job-id', '470', '--raw', '--subdir', 'DAGS_FOLDER/dag_load_reviews.py', '--cfg-path', '/tmp/tmp_ksovbdt']
[2025-03-17T01:02:18.275+0000] {standard_task_runner.py:105} INFO - Job 470: Subtask dbt_run
[2025-03-17T01:02:18.658+0000] {task_command.py:467} INFO - Running <TaskInstance: load_reviews_pipeline.dbt_run scheduled__2024-10-22T00:00:00+00:00 [running]> on host DESKTOP-IM7V4RI.
[2025-03-17T01:02:19.347+0000] {taskinstance.py:3134} INFO - Exporting env vars: AIRFLOW_CTX_DAG_OWNER='mohammed' AIRFLOW_CTX_DAG_ID='load_reviews_pipeline' AIRFLOW_CTX_TASK_ID='dbt_run' AIRFLOW_CTX_EXECUTION_DATE='2024-10-22T00:00:00+00:00' AIRFLOW_CTX_TRY_NUMBER='1' AIRFLOW_CTX_DAG_RUN_ID='scheduled__2024-10-22T00:00:00+00:00'
[2025-03-17T01:02:19.351+0000] {logging_mixin.py:190} INFO - Task instance is in running state
[2025-03-17T01:02:19.352+0000] {logging_mixin.py:190} INFO -  Previous state of the Task instance: queued
[2025-03-17T01:02:19.352+0000] {logging_mixin.py:190} INFO - Current task name:dbt_run state:running start_date:2025-03-17 01:02:18.159653+00:00
[2025-03-17T01:02:19.353+0000] {logging_mixin.py:190} INFO - Dag name:load_reviews_pipeline and current dag run status:running
[2025-03-17T01:02:19.355+0000] {taskinstance.py:732} INFO - ::endgroup::
[2025-03-17T01:02:19.366+0000] {subprocess.py:78} INFO - Tmp dir root location: /tmp
[2025-03-17T01:02:19.369+0000] {subprocess.py:88} INFO - Running command: ['/usr/bin/bash', '-c', 'cd /home/mohammed/.dbt/bank_reviews_project && dbt run']
[2025-03-17T01:02:19.417+0000] {subprocess.py:99} INFO - Output:
[2025-03-17T01:02:26.247+0000] {subprocess.py:106} INFO - [0m01:02:26  Running with dbt=1.9.3
[2025-03-17T01:02:26.944+0000] {subprocess.py:106} INFO - [0m01:02:26  Registered adapter: postgres=1.9.0
[2025-03-17T01:02:27.804+0000] {subprocess.py:106} INFO - [0m01:02:27  Found 10 models, 4 data tests, 2 sources, 433 macros
[2025-03-17T01:02:27.811+0000] {subprocess.py:106} INFO - [0m01:02:27
[2025-03-17T01:02:27.812+0000] {subprocess.py:106} INFO - [0m01:02:27  Concurrency: 4 threads (target='dev')
[2025-03-17T01:02:27.814+0000] {subprocess.py:106} INFO - [0m01:02:27
[2025-03-17T01:02:28.146+0000] {subprocess.py:106} INFO - [0m01:02:28  1 of 10 START sql view model public.clean_reviews .............................. [RUN]
[2025-03-17T01:02:28.175+0000] {subprocess.py:106} INFO - [0m01:02:28  2 of 10 START sql table model public.my_first_dbt_model ........................ [RUN]
[2025-03-17T01:02:28.178+0000] {subprocess.py:106} INFO - [0m01:02:28  3 of 10 START sql view model public.remove_duplicates .......................... [RUN]
[2025-03-17T01:02:28.181+0000] {subprocess.py:106} INFO - [0m01:02:28  4 of 10 START sql view model public.stg_clean_reviews .......................... [RUN]
[2025-03-17T01:02:29.566+0000] {subprocess.py:106} INFO - [0m01:02:29  4 of 10 OK created sql view model public.stg_clean_reviews ..................... [[32mCREATE VIEW[0m in 1.37s]
[2025-03-17T01:02:29.591+0000] {subprocess.py:106} INFO - [0m01:02:29  3 of 10 OK created sql view model public.remove_duplicates ..................... [[32mCREATE VIEW[0m in 1.39s]
[2025-03-17T01:02:29.606+0000] {subprocess.py:106} INFO - [0m01:02:29  1 of 10 OK created sql view model public.clean_reviews ......................... [[32mCREATE VIEW[0m in 1.45s]
[2025-03-17T01:02:29.613+0000] {subprocess.py:106} INFO - [0m01:02:29  2 of 10 OK created sql table model public.my_first_dbt_model ................... [[32mSELECT 2[0m in 1.40s]
[2025-03-17T01:02:29.616+0000] {subprocess.py:106} INFO - [0m01:02:29  5 of 10 START sql view model public.dim_bank ................................... [RUN]
[2025-03-17T01:02:29.630+0000] {subprocess.py:106} INFO - [0m01:02:29  6 of 10 START sql view model public.dim_branch ................................. [RUN]
[2025-03-17T01:02:29.631+0000] {subprocess.py:106} INFO - [0m01:02:29  7 of 10 START sql view model public.dim_location ............................... [RUN]
[2025-03-17T01:02:29.640+0000] {subprocess.py:106} INFO - [0m01:02:29  8 of 10 START sql view model public.dim_sentiment .............................. [RUN]
[2025-03-17T01:02:30.044+0000] {subprocess.py:106} INFO - [0m01:02:30  6 of 10 ERROR creating sql view model public.dim_branch ........................ [[31mERROR[0m in 0.40s]
[2025-03-17T01:02:30.098+0000] {subprocess.py:106} INFO - [0m01:02:30  9 of 10 START sql view model public.my_second_dbt_model ........................ [RUN]
[2025-03-17T01:02:30.127+0000] {subprocess.py:106} INFO - [0m01:02:30  7 of 10 ERROR creating sql view model public.dim_location ...................... [[31mERROR[0m in 0.46s]
[2025-03-17T01:02:30.183+0000] {subprocess.py:106} INFO - [0m01:02:30  8 of 10 ERROR creating sql view model public.dim_sentiment ..................... [[31mERROR[0m in 0.48s]
[2025-03-17T01:02:30.200+0000] {subprocess.py:106} INFO - [0m01:02:30  5 of 10 ERROR creating sql view model public.dim_bank .......................... [[31mERROR[0m in 0.54s]
[2025-03-17T01:02:30.216+0000] {subprocess.py:106} INFO - [0m01:02:30  10 of 10 SKIP relation public.fact_reviews ..................................... [[33mSKIP[0m]
[2025-03-17T01:02:30.273+0000] {subprocess.py:106} INFO - [0m01:02:30  9 of 10 ERROR creating sql view model public.my_second_dbt_model ............... [[31mERROR[0m in 0.17s]
[2025-03-17T01:02:30.302+0000] {subprocess.py:106} INFO - [0m01:02:30
[2025-03-17T01:02:30.303+0000] {subprocess.py:106} INFO - [0m01:02:30  Finished running 1 table model, 9 view models in 0 hours 0 minutes and 2.49 seconds (2.49s).
[2025-03-17T01:02:30.386+0000] {subprocess.py:106} INFO - [0m01:02:30
[2025-03-17T01:02:30.388+0000] {subprocess.py:106} INFO - [0m01:02:30  [31mCompleted with 5 errors, 0 partial successes, and 0 warnings:[0m
[2025-03-17T01:02:30.389+0000] {subprocess.py:106} INFO - [0m01:02:30
[2025-03-17T01:02:30.390+0000] {subprocess.py:106} INFO - [0m01:02:30    Database Error in model dim_branch (models/dim_branch.sql)
[2025-03-17T01:02:30.391+0000] {subprocess.py:106} INFO -   relation "dim_branch" already exists
[2025-03-17T01:02:30.391+0000] {subprocess.py:106} INFO -   compiled code at target/run/bank_reviews_project/models/dim_branch.sql
[2025-03-17T01:02:30.391+0000] {subprocess.py:106} INFO - [0m01:02:30
[2025-03-17T01:02:30.394+0000] {subprocess.py:106} INFO - [0m01:02:30    Database Error in model dim_location (models/dim_location.sql)
[2025-03-17T01:02:30.395+0000] {subprocess.py:106} INFO -   relation "dim_location" already exists
[2025-03-17T01:02:30.395+0000] {subprocess.py:106} INFO -   compiled code at target/run/bank_reviews_project/models/dim_location.sql
[2025-03-17T01:02:30.396+0000] {subprocess.py:106} INFO - [0m01:02:30
[2025-03-17T01:02:30.397+0000] {subprocess.py:106} INFO - [0m01:02:30    Database Error in model dim_sentiment (models/dim_sentiment.sql)
[2025-03-17T01:02:30.398+0000] {subprocess.py:106} INFO -   relation "dim_sentiment" already exists
[2025-03-17T01:02:30.398+0000] {subprocess.py:106} INFO -   compiled code at target/run/bank_reviews_project/models/dim_sentiment.sql
[2025-03-17T01:02:30.398+0000] {subprocess.py:106} INFO - [0m01:02:30
[2025-03-17T01:02:30.399+0000] {subprocess.py:106} INFO - [0m01:02:30    Database Error in model dim_bank (models/dim_bank.sql)
[2025-03-17T01:02:30.400+0000] {subprocess.py:106} INFO -   relation "dim_bank" already exists
[2025-03-17T01:02:30.400+0000] {subprocess.py:106} INFO -   compiled code at target/run/bank_reviews_project/models/dim_bank.sql
[2025-03-17T01:02:30.400+0000] {subprocess.py:106} INFO - [0m01:02:30
[2025-03-17T01:02:30.401+0000] {subprocess.py:106} INFO - [0m01:02:30    Database Error in model my_second_dbt_model (models/example/my_second_dbt_model.sql)
[2025-03-17T01:02:30.401+0000] {subprocess.py:106} INFO -   relation "my_second_dbt_model" already exists
[2025-03-17T01:02:30.401+0000] {subprocess.py:106} INFO -   compiled code at target/run/bank_reviews_project/models/example/my_second_dbt_model.sql
[2025-03-17T01:02:30.402+0000] {subprocess.py:106} INFO - [0m01:02:30
[2025-03-17T01:02:30.402+0000] {subprocess.py:106} INFO - [0m01:02:30  Done. PASS=4 WARN=0 ERROR=5 SKIP=1 TOTAL=10
[2025-03-17T01:02:33.597+0000] {subprocess.py:110} INFO - Command exited with return code 1
[2025-03-17T01:02:33.653+0000] {taskinstance.py:3313} ERROR - Task failed with exception
Traceback (most recent call last):
  File "/home/mohammed/venv/lib/python3.11/site-packages/airflow/models/taskinstance.py", line 768, in _execute_task
    result = _execute_callable(context=context, **execute_callable_kwargs)
             ^^^^^^^^^^^^^^^^^^^^^^^^^^^^^^^^^^^^^^^^^^^^^^^^^^^^^^^^^^^^^
  File "/home/mohammed/venv/lib/python3.11/site-packages/airflow/models/taskinstance.py", line 734, in _execute_callable
    return ExecutionCallableRunner(
           ^^^^^^^^^^^^^^^^^^^^^^^^
  File "/home/mohammed/venv/lib/python3.11/site-packages/airflow/utils/operator_helpers.py", line 252, in run
    return self.func(*args, **kwargs)
           ^^^^^^^^^^^^^^^^^^^^^^^^^^
  File "/home/mohammed/venv/lib/python3.11/site-packages/airflow/models/baseoperator.py", line 424, in wrapper
    return func(self, *args, **kwargs)
           ^^^^^^^^^^^^^^^^^^^^^^^^^^^
  File "/home/mohammed/venv/lib/python3.11/site-packages/airflow/operators/bash.py", line 276, in execute
    raise AirflowException(
airflow.exceptions.AirflowException: Bash command failed. The command returned a non-zero exit code 1.
[2025-03-17T01:02:33.709+0000] {logging_mixin.py:190} INFO - Task instance in failure state
[2025-03-17T01:02:33.710+0000] {logging_mixin.py:190} INFO - Task start:2025-03-17 01:02:18.159653+00:00 end:2025-03-17 01:02:33.706630+00:00 duration:15.546977
[2025-03-17T01:02:33.712+0000] {logging_mixin.py:190} INFO - Task:<Task(BashOperator): dbt_run> dag:<DAG: load_reviews_pipeline> dagrun:<DagRun load_reviews_pipeline @ 2024-10-22 00:00:00+00:00: scheduled__2024-10-22T00:00:00+00:00, state:running, queued_at: 2025-03-17 01:02:16.889757+00:00. externally triggered: False>
[2025-03-17T01:02:33.714+0000] {logging_mixin.py:190} INFO - Failure caused by Bash command failed. The command returned a non-zero exit code 1.
[2025-03-17T01:02:33.714+0000] {taskinstance.py:1226} INFO - Marking task as UP_FOR_RETRY. dag_id=load_reviews_pipeline, task_id=dbt_run, run_id=scheduled__2024-10-22T00:00:00+00:00, execution_date=20241022T000000, start_date=20250317T010218, end_date=20250317T010233
[2025-03-17T01:02:33.824+0000] {taskinstance.py:341} INFO - ::group::Post task execution logs
[2025-03-17T01:02:33.825+0000] {standard_task_runner.py:124} ERROR - Failed to execute job 470 for task dbt_run (Bash command failed. The command returned a non-zero exit code 1.; 304955)
Traceback (most recent call last):
  File "/home/mohammed/venv/lib/python3.11/site-packages/airflow/task/task_runner/standard_task_runner.py", line 117, in _start_by_fork
    ret = args.func(args, dag=self.dag)
          ^^^^^^^^^^^^^^^^^^^^^^^^^^^^^
  File "/home/mohammed/venv/lib/python3.11/site-packages/airflow/cli/cli_config.py", line 49, in command
    return func(*args, **kwargs)
           ^^^^^^^^^^^^^^^^^^^^^
  File "/home/mohammed/venv/lib/python3.11/site-packages/airflow/utils/cli.py", line 116, in wrapper
    return f(*args, **kwargs)
           ^^^^^^^^^^^^^^^^^^
  File "/home/mohammed/venv/lib/python3.11/site-packages/airflow/cli/commands/task_command.py", line 483, in task_run
    task_return_code = _run_task_by_selected_method(args, _dag, ti)
                       ^^^^^^^^^^^^^^^^^^^^^^^^^^^^^^^^^^^^^^^^^^^^
  File "/home/mohammed/venv/lib/python3.11/site-packages/airflow/cli/commands/task_command.py", line 256, in _run_task_by_selected_method
    return _run_raw_task(args, ti)
           ^^^^^^^^^^^^^^^^^^^^^^^
  File "/home/mohammed/venv/lib/python3.11/site-packages/airflow/cli/commands/task_command.py", line 341, in _run_raw_task
    return ti._run_raw_task(
           ^^^^^^^^^^^^^^^^^
  File "/home/mohammed/venv/lib/python3.11/site-packages/airflow/utils/session.py", line 97, in wrapper
    return func(*args, session=session, **kwargs)
           ^^^^^^^^^^^^^^^^^^^^^^^^^^^^^^^^^^^^^^
  File "/home/mohammed/venv/lib/python3.11/site-packages/airflow/models/taskinstance.py", line 3006, in _run_raw_task
    return _run_raw_task(
           ^^^^^^^^^^^^^^
  File "/home/mohammed/venv/lib/python3.11/site-packages/airflow/models/taskinstance.py", line 274, in _run_raw_task
    TaskInstance._execute_task_with_callbacks(
  File "/home/mohammed/venv/lib/python3.11/site-packages/airflow/models/taskinstance.py", line 3161, in _execute_task_with_callbacks
    result = self._execute_task(context, task_orig)
             ^^^^^^^^^^^^^^^^^^^^^^^^^^^^^^^^^^^^^^
  File "/home/mohammed/venv/lib/python3.11/site-packages/airflow/models/taskinstance.py", line 3185, in _execute_task
    return _execute_task(self, context, task_orig)
           ^^^^^^^^^^^^^^^^^^^^^^^^^^^^^^^^^^^^^^^
  File "/home/mohammed/venv/lib/python3.11/site-packages/airflow/models/taskinstance.py", line 768, in _execute_task
    result = _execute_callable(context=context, **execute_callable_kwargs)
             ^^^^^^^^^^^^^^^^^^^^^^^^^^^^^^^^^^^^^^^^^^^^^^^^^^^^^^^^^^^^^
  File "/home/mohammed/venv/lib/python3.11/site-packages/airflow/models/taskinstance.py", line 734, in _execute_callable
    return ExecutionCallableRunner(
           ^^^^^^^^^^^^^^^^^^^^^^^^
  File "/home/mohammed/venv/lib/python3.11/site-packages/airflow/utils/operator_helpers.py", line 252, in run
    return self.func(*args, **kwargs)
           ^^^^^^^^^^^^^^^^^^^^^^^^^^
  File "/home/mohammed/venv/lib/python3.11/site-packages/airflow/models/baseoperator.py", line 424, in wrapper
    return func(self, *args, **kwargs)
           ^^^^^^^^^^^^^^^^^^^^^^^^^^^
  File "/home/mohammed/venv/lib/python3.11/site-packages/airflow/operators/bash.py", line 276, in execute
    raise AirflowException(
airflow.exceptions.AirflowException: Bash command failed. The command returned a non-zero exit code 1.
[2025-03-17T01:02:33.880+0000] {local_task_job_runner.py:266} INFO - Task exited with return code 1
[2025-03-17T01:02:33.935+0000] {taskinstance.py:3901} INFO - 0 downstream tasks scheduled from follow-on schedule check
[2025-03-17T01:02:33.952+0000] {local_task_job_runner.py:245} INFO - ::endgroup::
