[2025-03-17T00:47:28.935+0000] {local_task_job_runner.py:123} INFO - ::group::Pre task execution logs
[2025-03-17T00:47:29.268+0000] {taskinstance.py:2614} INFO - Dependencies all met for dep_context=non-requeueable deps ti=<TaskInstance: load_reviews_pipeline.dbt_run scheduled__2024-07-29T00:00:00+00:00 [queued]>
[2025-03-17T00:47:29.388+0000] {taskinstance.py:2614} INFO - Dependencies all met for dep_context=requeueable deps ti=<TaskInstance: load_reviews_pipeline.dbt_run scheduled__2024-07-29T00:00:00+00:00 [queued]>
[2025-03-17T00:47:29.389+0000] {taskinstance.py:2867} INFO - Starting attempt 1 of 2
[2025-03-17T00:47:29.690+0000] {taskinstance.py:2890} INFO - Executing <Task(BashOperator): dbt_run> on 2024-07-29 00:00:00+00:00
[2025-03-17T00:47:30.715+0000] {standard_task_runner.py:72} INFO - Started process 283723 to run task
[2025-03-17T00:47:31.346+0000] {standard_task_runner.py:104} INFO - Running: ['airflow', 'tasks', 'run', 'load_reviews_pipeline', 'dbt_run', 'scheduled__2024-07-29T00:00:00+00:00', '--job-id', '351', '--raw', '--subdir', 'DAGS_FOLDER/dag_load_reviews.py', '--cfg-path', '/tmp/tmpzwsosnbh']
[2025-03-17T00:47:31.348+0000] {standard_task_runner.py:105} INFO - Job 351: Subtask dbt_run
[2025-03-17T00:47:33.562+0000] {task_command.py:467} INFO - Running <TaskInstance: load_reviews_pipeline.dbt_run scheduled__2024-07-29T00:00:00+00:00 [running]> on host DESKTOP-IM7V4RI.
[2025-03-17T00:47:35.359+0000] {taskinstance.py:3134} INFO - Exporting env vars: AIRFLOW_CTX_DAG_OWNER='mohammed' AIRFLOW_CTX_DAG_ID='load_reviews_pipeline' AIRFLOW_CTX_TASK_ID='dbt_run' AIRFLOW_CTX_EXECUTION_DATE='2024-07-29T00:00:00+00:00' AIRFLOW_CTX_TRY_NUMBER='1' AIRFLOW_CTX_DAG_RUN_ID='scheduled__2024-07-29T00:00:00+00:00'
[2025-03-17T00:47:35.396+0000] {logging_mixin.py:190} INFO - Task instance is in running state
[2025-03-17T00:47:35.397+0000] {logging_mixin.py:190} INFO -  Previous state of the Task instance: queued
[2025-03-17T00:47:35.443+0000] {logging_mixin.py:190} INFO - Current task name:dbt_run state:running start_date:2025-03-17 00:47:29.269278+00:00
[2025-03-17T00:47:35.443+0000] {logging_mixin.py:190} INFO - Dag name:load_reviews_pipeline and current dag run status:running
[2025-03-17T00:47:35.444+0000] {taskinstance.py:732} INFO - ::endgroup::
[2025-03-17T00:47:35.447+0000] {subprocess.py:78} INFO - Tmp dir root location: /tmp
[2025-03-17T00:47:35.477+0000] {subprocess.py:88} INFO - Running command: ['/usr/bin/bash', '-c', 'cd /home/mohammed/.dbt/bank_reviews_project && dbt run']
[2025-03-17T00:47:35.592+0000] {subprocess.py:99} INFO - Output:
[2025-03-17T00:48:15.624+0000] {subprocess.py:106} INFO - [0m00:48:15  Running with dbt=1.9.3
[2025-03-17T00:48:18.485+0000] {subprocess.py:106} INFO - [0m00:48:18  Registered adapter: postgres=1.9.0
[2025-03-17T00:48:25.001+0000] {subprocess.py:106} INFO - [0m00:48:25  Found 11 models, 4 data tests, 2 sources, 433 macros
[2025-03-17T00:48:25.059+0000] {subprocess.py:106} INFO - [0m00:48:25
[2025-03-17T00:48:25.093+0000] {subprocess.py:106} INFO - [0m00:48:25  Concurrency: 4 threads (target='dev')
[2025-03-17T00:48:25.096+0000] {subprocess.py:106} INFO - [0m00:48:25
[2025-03-17T00:48:26.922+0000] {subprocess.py:106} INFO - [0m00:48:26  1 of 11 START sql view model public.clean_reviews .............................. [RUN]
[2025-03-17T00:48:26.983+0000] {subprocess.py:106} INFO - [0m00:48:26  2 of 11 START sql table model public.my_first_dbt_model ........................ [RUN]
[2025-03-17T00:48:26.996+0000] {subprocess.py:106} INFO - [0m00:48:26  3 of 11 START sql view model public.remove_duplicates .......................... [RUN]
[2025-03-17T00:48:27.052+0000] {subprocess.py:106} INFO - [0m00:48:27  4 of 11 START sql view model public.stg_clean_reviews .......................... [RUN]
[2025-03-17T00:48:31.374+0000] {subprocess.py:106} INFO - [0m00:48:31  3 of 11 ERROR creating sql view model public.remove_duplicates ................. [[31mERROR[0m in 4.28s]
[2025-03-17T00:48:31.939+0000] {subprocess.py:106} INFO - [0m00:48:31  4 of 11 OK created sql view model public.stg_clean_reviews ..................... [[32mCREATE VIEW[0m in 4.88s]
[2025-03-17T00:48:31.993+0000] {subprocess.py:106} INFO - [0m00:48:31  2 of 11 OK created sql table model public.my_first_dbt_model ................... [[32mSELECT 2[0m in 4.96s]
[2025-03-17T00:48:31.994+0000] {subprocess.py:106} INFO - [0m00:48:31  1 of 11 OK created sql view model public.clean_reviews ......................... [[32mCREATE VIEW[0m in 5.07s]
[2025-03-17T00:48:32.020+0000] {subprocess.py:106} INFO - [0m00:48:32  5 of 11 START sql view model public.dim_bank ................................... [RUN]
[2025-03-17T00:48:32.024+0000] {subprocess.py:106} INFO - [0m00:48:32  6 of 11 START sql view model public.dim_branch ................................. [RUN]
[2025-03-17T00:48:32.037+0000] {subprocess.py:106} INFO - [0m00:48:32  7 of 11 START sql view model public.dim_location ............................... [RUN]
[2025-03-17T00:48:32.070+0000] {subprocess.py:106} INFO - [0m00:48:32  8 of 11 START sql view model public.dim_sentiment .............................. [RUN]
[2025-03-17T00:48:32.604+0000] {subprocess.py:106} INFO - [0m00:48:32  7 of 11 ERROR creating sql view model public.dim_location ...................... [[31mERROR[0m in 0.54s]
[2025-03-17T00:48:32.660+0000] {subprocess.py:106} INFO - [0m00:48:32  9 of 11 START sql view model public.dwh_model .................................. [RUN]
[2025-03-17T00:48:32.810+0000] {subprocess.py:106} INFO - [0m00:48:32  8 of 11 ERROR creating sql view model public.dim_sentiment ..................... [[31mERROR[0m in 0.63s]
[2025-03-17T00:48:32.849+0000] {subprocess.py:106} INFO - [0m00:48:32  10 of 11 START sql view model public.my_second_dbt_model ....................... [RUN]
[2025-03-17T00:48:33.060+0000] {subprocess.py:106} INFO - [0m00:48:33  5 of 11 ERROR creating sql view model public.dim_bank .......................... [[31mERROR[0m in 0.99s]
[2025-03-17T00:48:33.067+0000] {subprocess.py:106} INFO - [0m00:48:33  6 of 11 ERROR creating sql view model public.dim_branch ........................ [[31mERROR[0m in 0.99s]
[2025-03-17T00:48:33.165+0000] {subprocess.py:106} INFO - [0m00:48:33  11 of 11 SKIP relation public.fact_reviews ..................................... [[33mSKIP[0m]
[2025-03-17T00:48:33.430+0000] {subprocess.py:106} INFO - [0m00:48:33  9 of 11 OK created sql view model public.dwh_model ............................. [[32mCREATE VIEW[0m in 0.73s]
[2025-03-17T00:48:33.515+0000] {subprocess.py:106} INFO - [0m00:48:33  10 of 11 OK created sql view model public.my_second_dbt_model .................. [[32mCREATE VIEW[0m in 0.58s]
[2025-03-17T00:48:33.809+0000] {subprocess.py:106} INFO - [0m00:48:33
[2025-03-17T00:48:33.833+0000] {subprocess.py:106} INFO - [0m00:48:33  Finished running 1 table model, 10 view models in 0 hours 0 minutes and 8.71 seconds (8.71s).
[2025-03-17T00:48:34.323+0000] {subprocess.py:106} INFO - [0m00:48:34
[2025-03-17T00:48:34.329+0000] {subprocess.py:106} INFO - [0m00:48:34  [31mCompleted with 5 errors, 0 partial successes, and 0 warnings:[0m
[2025-03-17T00:48:34.336+0000] {subprocess.py:106} INFO - [0m00:48:34
[2025-03-17T00:48:34.354+0000] {subprocess.py:106} INFO - [0m00:48:34    Database Error in model remove_duplicates (models/remove_duplicates.sql)
[2025-03-17T00:48:34.359+0000] {subprocess.py:106} INFO -   syntax error at or near "external"
[2025-03-17T00:48:34.360+0000] {subprocess.py:106} INFO -   LINE 2: drop external if exists "project_data_wherhouse"."public"."r...
[2025-03-17T00:48:34.360+0000] {subprocess.py:106} INFO -                ^
[2025-03-17T00:48:34.364+0000] {subprocess.py:106} INFO - [0m00:48:34
[2025-03-17T00:48:34.366+0000] {subprocess.py:106} INFO - [0m00:48:34    Database Error in model dim_location (models/dim_location.sql)
[2025-03-17T00:48:34.367+0000] {subprocess.py:106} INFO -   syntax error at or near ";"
[2025-03-17T00:48:34.372+0000] {subprocess.py:106} INFO -   LINE 7: ... FROM "project_data_wherhouse"."public"."stg_clean_reviews";
[2025-03-17T00:48:34.376+0000] {subprocess.py:106} INFO -                                                                         ^
[2025-03-17T00:48:34.377+0000] {subprocess.py:106} INFO -   compiled code at target/run/bank_reviews_project/models/dim_location.sql
[2025-03-17T00:48:34.381+0000] {subprocess.py:106} INFO - [0m00:48:34
[2025-03-17T00:48:34.396+0000] {subprocess.py:106} INFO - [0m00:48:34    Database Error in model dim_sentiment (models/dim_sentiment.sql)
[2025-03-17T00:48:34.397+0000] {subprocess.py:106} INFO -   syntax error at or near ";"
[2025-03-17T00:48:34.398+0000] {subprocess.py:106} INFO -   LINE 7: ... FROM "project_data_wherhouse"."public"."stg_clean_reviews";
[2025-03-17T00:48:34.399+0000] {subprocess.py:106} INFO -                                                                         ^
[2025-03-17T00:48:34.399+0000] {subprocess.py:106} INFO -   compiled code at target/run/bank_reviews_project/models/dim_sentiment.sql
[2025-03-17T00:48:34.401+0000] {subprocess.py:106} INFO - [0m00:48:34
[2025-03-17T00:48:34.408+0000] {subprocess.py:106} INFO - [0m00:48:34    Database Error in model dim_branch (models/dim_branch.sql)
[2025-03-17T00:48:34.412+0000] {subprocess.py:106} INFO -   syntax error at or near ";"
[2025-03-17T00:48:34.418+0000] {subprocess.py:106} INFO -   LINE 7: ... FROM "project_data_wherhouse"."public"."stg_clean_reviews";
[2025-03-17T00:48:34.418+0000] {subprocess.py:106} INFO -                                                                         ^
[2025-03-17T00:48:34.419+0000] {subprocess.py:106} INFO -   compiled code at target/run/bank_reviews_project/models/dim_branch.sql
[2025-03-17T00:48:34.432+0000] {subprocess.py:106} INFO - [0m00:48:34
[2025-03-17T00:48:34.433+0000] {subprocess.py:106} INFO - [0m00:48:34    Database Error in model dim_bank (models/dim_bank.sql)
[2025-03-17T00:48:34.434+0000] {subprocess.py:106} INFO -   syntax error at or near ";"
[2025-03-17T00:48:34.434+0000] {subprocess.py:106} INFO -   LINE 7: ... FROM "project_data_wherhouse"."public"."stg_clean_reviews";
[2025-03-17T00:48:34.462+0000] {subprocess.py:106} INFO -                                                                         ^
[2025-03-17T00:48:34.463+0000] {subprocess.py:106} INFO -   compiled code at target/run/bank_reviews_project/models/dim_bank.sql
[2025-03-17T00:48:34.464+0000] {subprocess.py:106} INFO - [0m00:48:34
[2025-03-17T00:48:34.464+0000] {subprocess.py:106} INFO - [0m00:48:34  Done. PASS=5 WARN=0 ERROR=5 SKIP=1 TOTAL=11
[2025-03-17T00:48:38.726+0000] {subprocess.py:110} INFO - Command exited with return code 1
[2025-03-17T00:48:39.453+0000] {taskinstance.py:3313} ERROR - Task failed with exception
Traceback (most recent call last):
  File "/home/mohammed/venv/lib/python3.11/site-packages/airflow/models/taskinstance.py", line 768, in _execute_task
    result = _execute_callable(context=context, **execute_callable_kwargs)
             ^^^^^^^^^^^^^^^^^^^^^^^^^^^^^^^^^^^^^^^^^^^^^^^^^^^^^^^^^^^^^
  File "/home/mohammed/venv/lib/python3.11/site-packages/airflow/models/taskinstance.py", line 734, in _execute_callable
    return ExecutionCallableRunner(
           ^^^^^^^^^^^^^^^^^^^^^^^^
  File "/home/mohammed/venv/lib/python3.11/site-packages/airflow/utils/operator_helpers.py", line 252, in run
    return self.func(*args, **kwargs)
           ^^^^^^^^^^^^^^^^^^^^^^^^^^
  File "/home/mohammed/venv/lib/python3.11/site-packages/airflow/models/baseoperator.py", line 424, in wrapper
    return func(self, *args, **kwargs)
           ^^^^^^^^^^^^^^^^^^^^^^^^^^^
  File "/home/mohammed/venv/lib/python3.11/site-packages/airflow/operators/bash.py", line 276, in execute
    raise AirflowException(
airflow.exceptions.AirflowException: Bash command failed. The command returned a non-zero exit code 1.
[2025-03-17T00:48:39.553+0000] {logging_mixin.py:190} INFO - Task instance in failure state
[2025-03-17T00:48:39.554+0000] {logging_mixin.py:190} INFO - Task start:2025-03-17 00:47:29.269278+00:00 end:2025-03-17 00:48:39.541192+00:00 duration:70.271914
[2025-03-17T00:48:39.558+0000] {logging_mixin.py:190} INFO - Task:<Task(BashOperator): dbt_run> dag:<DAG: load_reviews_pipeline> dagrun:<DagRun load_reviews_pipeline @ 2024-07-29 00:00:00+00:00: scheduled__2024-07-29T00:00:00+00:00, state:running, queued_at: 2025-03-17 00:47:15.512415+00:00. externally triggered: False>
[2025-03-17T00:48:39.559+0000] {logging_mixin.py:190} INFO - Failure caused by Bash command failed. The command returned a non-zero exit code 1.
[2025-03-17T00:48:39.560+0000] {taskinstance.py:1226} INFO - Marking task as UP_FOR_RETRY. dag_id=load_reviews_pipeline, task_id=dbt_run, run_id=scheduled__2024-07-29T00:00:00+00:00, execution_date=20240729T000000, start_date=20250317T004729, end_date=20250317T004839
[2025-03-17T00:48:39.997+0000] {taskinstance.py:341} INFO - ::group::Post task execution logs
[2025-03-17T00:48:40.014+0000] {standard_task_runner.py:124} ERROR - Failed to execute job 351 for task dbt_run (Bash command failed. The command returned a non-zero exit code 1.; 283723)
Traceback (most recent call last):
  File "/home/mohammed/venv/lib/python3.11/site-packages/airflow/task/task_runner/standard_task_runner.py", line 117, in _start_by_fork
    ret = args.func(args, dag=self.dag)
          ^^^^^^^^^^^^^^^^^^^^^^^^^^^^^
  File "/home/mohammed/venv/lib/python3.11/site-packages/airflow/cli/cli_config.py", line 49, in command
    return func(*args, **kwargs)
           ^^^^^^^^^^^^^^^^^^^^^
  File "/home/mohammed/venv/lib/python3.11/site-packages/airflow/utils/cli.py", line 116, in wrapper
    return f(*args, **kwargs)
           ^^^^^^^^^^^^^^^^^^
  File "/home/mohammed/venv/lib/python3.11/site-packages/airflow/cli/commands/task_command.py", line 483, in task_run
    task_return_code = _run_task_by_selected_method(args, _dag, ti)
                       ^^^^^^^^^^^^^^^^^^^^^^^^^^^^^^^^^^^^^^^^^^^^
  File "/home/mohammed/venv/lib/python3.11/site-packages/airflow/cli/commands/task_command.py", line 256, in _run_task_by_selected_method
    return _run_raw_task(args, ti)
           ^^^^^^^^^^^^^^^^^^^^^^^
  File "/home/mohammed/venv/lib/python3.11/site-packages/airflow/cli/commands/task_command.py", line 341, in _run_raw_task
    return ti._run_raw_task(
           ^^^^^^^^^^^^^^^^^
  File "/home/mohammed/venv/lib/python3.11/site-packages/airflow/utils/session.py", line 97, in wrapper
    return func(*args, session=session, **kwargs)
           ^^^^^^^^^^^^^^^^^^^^^^^^^^^^^^^^^^^^^^
  File "/home/mohammed/venv/lib/python3.11/site-packages/airflow/models/taskinstance.py", line 3006, in _run_raw_task
    return _run_raw_task(
           ^^^^^^^^^^^^^^
  File "/home/mohammed/venv/lib/python3.11/site-packages/airflow/models/taskinstance.py", line 274, in _run_raw_task
    TaskInstance._execute_task_with_callbacks(
  File "/home/mohammed/venv/lib/python3.11/site-packages/airflow/models/taskinstance.py", line 3161, in _execute_task_with_callbacks
    result = self._execute_task(context, task_orig)
             ^^^^^^^^^^^^^^^^^^^^^^^^^^^^^^^^^^^^^^
  File "/home/mohammed/venv/lib/python3.11/site-packages/airflow/models/taskinstance.py", line 3185, in _execute_task
    return _execute_task(self, context, task_orig)
           ^^^^^^^^^^^^^^^^^^^^^^^^^^^^^^^^^^^^^^^
  File "/home/mohammed/venv/lib/python3.11/site-packages/airflow/models/taskinstance.py", line 768, in _execute_task
    result = _execute_callable(context=context, **execute_callable_kwargs)
             ^^^^^^^^^^^^^^^^^^^^^^^^^^^^^^^^^^^^^^^^^^^^^^^^^^^^^^^^^^^^^
  File "/home/mohammed/venv/lib/python3.11/site-packages/airflow/models/taskinstance.py", line 734, in _execute_callable
    return ExecutionCallableRunner(
           ^^^^^^^^^^^^^^^^^^^^^^^^
  File "/home/mohammed/venv/lib/python3.11/site-packages/airflow/utils/operator_helpers.py", line 252, in run
    return self.func(*args, **kwargs)
           ^^^^^^^^^^^^^^^^^^^^^^^^^^
  File "/home/mohammed/venv/lib/python3.11/site-packages/airflow/models/baseoperator.py", line 424, in wrapper
    return func(self, *args, **kwargs)
           ^^^^^^^^^^^^^^^^^^^^^^^^^^^
  File "/home/mohammed/venv/lib/python3.11/site-packages/airflow/operators/bash.py", line 276, in execute
    raise AirflowException(
airflow.exceptions.AirflowException: Bash command failed. The command returned a non-zero exit code 1.
[2025-03-17T00:48:40.107+0000] {local_task_job_runner.py:266} INFO - Task exited with return code 1
[2025-03-17T00:48:40.288+0000] {local_task_job_runner.py:245} INFO - ::endgroup::
