[2025-03-17T01:13:34.444+0000] {local_task_job_runner.py:123} INFO - ::group::Pre task execution logs
[2025-03-17T01:13:34.523+0000] {taskinstance.py:2614} INFO - Dependencies all met for dep_context=non-requeueable deps ti=<TaskInstance: load_reviews_pipeline.dbt_run scheduled__2025-01-12T00:00:00+00:00 [queued]>
[2025-03-17T01:13:34.540+0000] {taskinstance.py:2614} INFO - Dependencies all met for dep_context=requeueable deps ti=<TaskInstance: load_reviews_pipeline.dbt_run scheduled__2025-01-12T00:00:00+00:00 [queued]>
[2025-03-17T01:13:34.541+0000] {taskinstance.py:2867} INFO - Starting attempt 1 of 2
[2025-03-17T01:13:34.576+0000] {taskinstance.py:2890} INFO - Executing <Task(BashOperator): dbt_run> on 2025-01-12 00:00:00+00:00
[2025-03-17T01:13:34.586+0000] {standard_task_runner.py:72} INFO - Started process 321049 to run task
[2025-03-17T01:13:34.595+0000] {standard_task_runner.py:104} INFO - Running: ['airflow', 'tasks', 'run', 'load_reviews_pipeline', 'dbt_run', 'scheduled__2025-01-12T00:00:00+00:00', '--job-id', '582', '--raw', '--subdir', 'DAGS_FOLDER/dag_load_reviews.py', '--cfg-path', '/tmp/tmp8exy7aea']
[2025-03-17T01:13:34.597+0000] {standard_task_runner.py:105} INFO - Job 582: Subtask dbt_run
[2025-03-17T01:13:34.765+0000] {task_command.py:467} INFO - Running <TaskInstance: load_reviews_pipeline.dbt_run scheduled__2025-01-12T00:00:00+00:00 [running]> on host DESKTOP-IM7V4RI.
[2025-03-17T01:13:35.161+0000] {taskinstance.py:3134} INFO - Exporting env vars: AIRFLOW_CTX_DAG_OWNER='mohammed' AIRFLOW_CTX_DAG_ID='load_reviews_pipeline' AIRFLOW_CTX_TASK_ID='dbt_run' AIRFLOW_CTX_EXECUTION_DATE='2025-01-12T00:00:00+00:00' AIRFLOW_CTX_TRY_NUMBER='1' AIRFLOW_CTX_DAG_RUN_ID='scheduled__2025-01-12T00:00:00+00:00'
[2025-03-17T01:13:35.164+0000] {logging_mixin.py:190} INFO - Task instance is in running state
[2025-03-17T01:13:35.164+0000] {logging_mixin.py:190} INFO -  Previous state of the Task instance: queued
[2025-03-17T01:13:35.165+0000] {logging_mixin.py:190} INFO - Current task name:dbt_run state:running start_date:2025-03-17 01:13:34.524094+00:00
[2025-03-17T01:13:35.165+0000] {logging_mixin.py:190} INFO - Dag name:load_reviews_pipeline and current dag run status:running
[2025-03-17T01:13:35.166+0000] {taskinstance.py:732} INFO - ::endgroup::
[2025-03-17T01:13:35.168+0000] {subprocess.py:78} INFO - Tmp dir root location: /tmp
[2025-03-17T01:13:35.170+0000] {subprocess.py:88} INFO - Running command: ['/usr/bin/bash', '-c', 'cd /home/mohammed/.dbt/bank_reviews_project && dbt run']
[2025-03-17T01:13:35.195+0000] {subprocess.py:99} INFO - Output:
[2025-03-17T01:13:39.667+0000] {subprocess.py:106} INFO - [0m01:13:39  Running with dbt=1.9.3
[2025-03-17T01:13:40.728+0000] {subprocess.py:106} INFO - [0m01:13:40  Registered adapter: postgres=1.9.0
[2025-03-17T01:13:42.292+0000] {subprocess.py:106} INFO - [0m01:13:42  Found 10 models, 4 data tests, 2 sources, 433 macros
[2025-03-17T01:13:42.303+0000] {subprocess.py:106} INFO - [0m01:13:42
[2025-03-17T01:13:42.306+0000] {subprocess.py:106} INFO - [0m01:13:42  Concurrency: 4 threads (target='dev')
[2025-03-17T01:13:42.308+0000] {subprocess.py:106} INFO - [0m01:13:42
[2025-03-17T01:13:43.152+0000] {subprocess.py:106} INFO - [0m01:13:43  1 of 10 START sql view model public.clean_reviews .............................. [RUN]
[2025-03-17T01:13:43.157+0000] {subprocess.py:106} INFO - [0m01:13:43  2 of 10 START sql table model public.my_first_dbt_model ........................ [RUN]
[2025-03-17T01:13:43.188+0000] {subprocess.py:106} INFO - [0m01:13:43  3 of 10 START sql view model public.remove_duplicates .......................... [RUN]
[2025-03-17T01:13:43.191+0000] {subprocess.py:106} INFO - [0m01:13:43  4 of 10 START sql view model public.stg_clean_reviews .......................... [RUN]
[2025-03-17T01:13:43.891+0000] {subprocess.py:106} INFO - [0m01:13:43  3 of 10 ERROR creating sql view model public.remove_duplicates ................. [[31mERROR[0m in 0.65s]
[2025-03-17T01:13:44.481+0000] {subprocess.py:106} INFO - [0m01:13:44  2 of 10 OK created sql table model public.my_first_dbt_model ................... [[32mSELECT 2[0m in 1.31s]
[2025-03-17T01:13:44.494+0000] {subprocess.py:106} INFO - [0m01:13:44  5 of 10 START sql view model public.my_second_dbt_model ........................ [RUN]
[2025-03-17T01:13:44.540+0000] {subprocess.py:106} INFO - [0m01:13:44  1 of 10 OK created sql view model public.clean_reviews ......................... [[32mCREATE VIEW[0m in 1.38s]
[2025-03-17T01:13:44.621+0000] {subprocess.py:106} INFO - [0m01:13:44  5 of 10 OK created sql view model public.my_second_dbt_model ................... [[32mCREATE VIEW[0m in 0.12s]
[2025-03-17T01:13:44.638+0000] {subprocess.py:106} INFO - [0m01:13:44  4 of 10 OK created sql view model public.stg_clean_reviews ..................... [[32mCREATE VIEW[0m in 1.44s]
[2025-03-17T01:13:44.649+0000] {subprocess.py:106} INFO - [0m01:13:44  6 of 10 START sql view model public.dim_bank ................................... [RUN]
[2025-03-17T01:13:44.653+0000] {subprocess.py:106} INFO - [0m01:13:44  7 of 10 START sql view model public.dim_branch ................................. [RUN]
[2025-03-17T01:13:44.659+0000] {subprocess.py:106} INFO - [0m01:13:44  9 of 10 START sql view model public.dim_sentiment .............................. [RUN]
[2025-03-17T01:13:44.668+0000] {subprocess.py:106} INFO - [0m01:13:44  8 of 10 START sql view model public.dim_location ............................... [RUN]
[2025-03-17T01:13:44.965+0000] {subprocess.py:106} INFO - [0m01:13:44  6 of 10 OK created sql view model public.dim_bank .............................. [[32mCREATE VIEW[0m in 0.28s]
[2025-03-17T01:13:44.989+0000] {subprocess.py:106} INFO - [0m01:13:44  7 of 10 OK created sql view model public.dim_branch ............................ [[32mCREATE VIEW[0m in 0.33s]
[2025-03-17T01:13:44.995+0000] {subprocess.py:106} INFO - [0m01:13:44  8 of 10 OK created sql view model public.dim_location .......................... [[32mCREATE VIEW[0m in 0.31s]
[2025-03-17T01:13:45.004+0000] {subprocess.py:106} INFO - [0m01:13:45  9 of 10 OK created sql view model public.dim_sentiment ......................... [[32mCREATE VIEW[0m in 0.33s]
[2025-03-17T01:13:45.010+0000] {subprocess.py:106} INFO - [0m01:13:45  10 of 10 START sql view model public.fact_reviews .............................. [RUN]
[2025-03-17T01:13:45.140+0000] {subprocess.py:106} INFO - [0m01:13:45  10 of 10 OK created sql view model public.fact_reviews ......................... [[32mCREATE VIEW[0m in 0.13s]
[2025-03-17T01:13:45.183+0000] {subprocess.py:106} INFO - [0m01:13:45
[2025-03-17T01:13:45.184+0000] {subprocess.py:106} INFO - [0m01:13:45  Finished running 1 table model, 9 view models in 0 hours 0 minutes and 2.87 seconds (2.87s).
[2025-03-17T01:13:45.262+0000] {subprocess.py:106} INFO - [0m01:13:45
[2025-03-17T01:13:45.263+0000] {subprocess.py:106} INFO - [0m01:13:45  [31mCompleted with 1 error, 0 partial successes, and 0 warnings:[0m
[2025-03-17T01:13:45.264+0000] {subprocess.py:106} INFO - [0m01:13:45
[2025-03-17T01:13:45.265+0000] {subprocess.py:106} INFO - [0m01:13:45    Database Error in model remove_duplicates (models/remove_duplicates.sql)
[2025-03-17T01:13:45.265+0000] {subprocess.py:106} INFO -   syntax error at or near "external"
[2025-03-17T01:13:45.266+0000] {subprocess.py:106} INFO -   LINE 2: drop external if exists "project_data_wherhouse"."public"."r...
[2025-03-17T01:13:45.266+0000] {subprocess.py:106} INFO -                ^
[2025-03-17T01:13:45.266+0000] {subprocess.py:106} INFO - [0m01:13:45
[2025-03-17T01:13:45.267+0000] {subprocess.py:106} INFO - [0m01:13:45  Done. PASS=9 WARN=0 ERROR=1 SKIP=0 TOTAL=10
[2025-03-17T01:13:50.623+0000] {subprocess.py:110} INFO - Command exited with return code 1
[2025-03-17T01:13:50.651+0000] {taskinstance.py:3313} ERROR - Task failed with exception
Traceback (most recent call last):
  File "/home/mohammed/venv/lib/python3.11/site-packages/airflow/models/taskinstance.py", line 768, in _execute_task
    result = _execute_callable(context=context, **execute_callable_kwargs)
             ^^^^^^^^^^^^^^^^^^^^^^^^^^^^^^^^^^^^^^^^^^^^^^^^^^^^^^^^^^^^^
  File "/home/mohammed/venv/lib/python3.11/site-packages/airflow/models/taskinstance.py", line 734, in _execute_callable
    return ExecutionCallableRunner(
           ^^^^^^^^^^^^^^^^^^^^^^^^
  File "/home/mohammed/venv/lib/python3.11/site-packages/airflow/utils/operator_helpers.py", line 252, in run
    return self.func(*args, **kwargs)
           ^^^^^^^^^^^^^^^^^^^^^^^^^^
  File "/home/mohammed/venv/lib/python3.11/site-packages/airflow/models/baseoperator.py", line 424, in wrapper
    return func(self, *args, **kwargs)
           ^^^^^^^^^^^^^^^^^^^^^^^^^^^
  File "/home/mohammed/venv/lib/python3.11/site-packages/airflow/operators/bash.py", line 276, in execute
    raise AirflowException(
airflow.exceptions.AirflowException: Bash command failed. The command returned a non-zero exit code 1.
[2025-03-17T01:13:50.660+0000] {logging_mixin.py:190} INFO - Task instance in failure state
[2025-03-17T01:13:50.661+0000] {logging_mixin.py:190} INFO - Task start:2025-03-17 01:13:34.524094+00:00 end:2025-03-17 01:13:50.659465+00:00 duration:16.135371
[2025-03-17T01:13:50.661+0000] {logging_mixin.py:190} INFO - Task:<Task(BashOperator): dbt_run> dag:<DAG: load_reviews_pipeline> dagrun:<DagRun load_reviews_pipeline @ 2025-01-12 00:00:00+00:00: scheduled__2025-01-12T00:00:00+00:00, state:running, queued_at: 2025-03-17 01:13:32.552071+00:00. externally triggered: False>
[2025-03-17T01:13:50.661+0000] {logging_mixin.py:190} INFO - Failure caused by Bash command failed. The command returned a non-zero exit code 1.
[2025-03-17T01:13:50.661+0000] {taskinstance.py:1226} INFO - Marking task as UP_FOR_RETRY. dag_id=load_reviews_pipeline, task_id=dbt_run, run_id=scheduled__2025-01-12T00:00:00+00:00, execution_date=20250112T000000, start_date=20250317T011334, end_date=20250317T011350
[2025-03-17T01:13:50.826+0000] {taskinstance.py:341} INFO - ::group::Post task execution logs
[2025-03-17T01:13:50.826+0000] {standard_task_runner.py:124} ERROR - Failed to execute job 582 for task dbt_run (Bash command failed. The command returned a non-zero exit code 1.; 321049)
Traceback (most recent call last):
  File "/home/mohammed/venv/lib/python3.11/site-packages/airflow/task/task_runner/standard_task_runner.py", line 117, in _start_by_fork
    ret = args.func(args, dag=self.dag)
          ^^^^^^^^^^^^^^^^^^^^^^^^^^^^^
  File "/home/mohammed/venv/lib/python3.11/site-packages/airflow/cli/cli_config.py", line 49, in command
    return func(*args, **kwargs)
           ^^^^^^^^^^^^^^^^^^^^^
  File "/home/mohammed/venv/lib/python3.11/site-packages/airflow/utils/cli.py", line 116, in wrapper
    return f(*args, **kwargs)
           ^^^^^^^^^^^^^^^^^^
  File "/home/mohammed/venv/lib/python3.11/site-packages/airflow/cli/commands/task_command.py", line 483, in task_run
    task_return_code = _run_task_by_selected_method(args, _dag, ti)
                       ^^^^^^^^^^^^^^^^^^^^^^^^^^^^^^^^^^^^^^^^^^^^
  File "/home/mohammed/venv/lib/python3.11/site-packages/airflow/cli/commands/task_command.py", line 256, in _run_task_by_selected_method
    return _run_raw_task(args, ti)
           ^^^^^^^^^^^^^^^^^^^^^^^
  File "/home/mohammed/venv/lib/python3.11/site-packages/airflow/cli/commands/task_command.py", line 341, in _run_raw_task
    return ti._run_raw_task(
           ^^^^^^^^^^^^^^^^^
  File "/home/mohammed/venv/lib/python3.11/site-packages/airflow/utils/session.py", line 97, in wrapper
    return func(*args, session=session, **kwargs)
           ^^^^^^^^^^^^^^^^^^^^^^^^^^^^^^^^^^^^^^
  File "/home/mohammed/venv/lib/python3.11/site-packages/airflow/models/taskinstance.py", line 3006, in _run_raw_task
    return _run_raw_task(
           ^^^^^^^^^^^^^^
  File "/home/mohammed/venv/lib/python3.11/site-packages/airflow/models/taskinstance.py", line 274, in _run_raw_task
    TaskInstance._execute_task_with_callbacks(
  File "/home/mohammed/venv/lib/python3.11/site-packages/airflow/models/taskinstance.py", line 3161, in _execute_task_with_callbacks
    result = self._execute_task(context, task_orig)
             ^^^^^^^^^^^^^^^^^^^^^^^^^^^^^^^^^^^^^^
  File "/home/mohammed/venv/lib/python3.11/site-packages/airflow/models/taskinstance.py", line 3185, in _execute_task
    return _execute_task(self, context, task_orig)
           ^^^^^^^^^^^^^^^^^^^^^^^^^^^^^^^^^^^^^^^
  File "/home/mohammed/venv/lib/python3.11/site-packages/airflow/models/taskinstance.py", line 768, in _execute_task
    result = _execute_callable(context=context, **execute_callable_kwargs)
             ^^^^^^^^^^^^^^^^^^^^^^^^^^^^^^^^^^^^^^^^^^^^^^^^^^^^^^^^^^^^^
  File "/home/mohammed/venv/lib/python3.11/site-packages/airflow/models/taskinstance.py", line 734, in _execute_callable
    return ExecutionCallableRunner(
           ^^^^^^^^^^^^^^^^^^^^^^^^
  File "/home/mohammed/venv/lib/python3.11/site-packages/airflow/utils/operator_helpers.py", line 252, in run
    return self.func(*args, **kwargs)
           ^^^^^^^^^^^^^^^^^^^^^^^^^^
  File "/home/mohammed/venv/lib/python3.11/site-packages/airflow/models/baseoperator.py", line 424, in wrapper
    return func(self, *args, **kwargs)
           ^^^^^^^^^^^^^^^^^^^^^^^^^^^
  File "/home/mohammed/venv/lib/python3.11/site-packages/airflow/operators/bash.py", line 276, in execute
    raise AirflowException(
airflow.exceptions.AirflowException: Bash command failed. The command returned a non-zero exit code 1.
[2025-03-17T01:13:50.882+0000] {local_task_job_runner.py:266} INFO - Task exited with return code 1
[2025-03-17T01:13:50.923+0000] {taskinstance.py:3901} INFO - 0 downstream tasks scheduled from follow-on schedule check
[2025-03-17T01:13:50.930+0000] {local_task_job_runner.py:245} INFO - ::endgroup::
