[2025-03-17T01:18:52.119+0000] {local_task_job_runner.py:123} INFO - ::group::Pre task execution logs
[2025-03-17T01:18:52.169+0000] {taskinstance.py:2614} INFO - Dependencies all met for dep_context=non-requeueable deps ti=<TaskInstance: load_reviews_pipeline.dbt_run scheduled__2025-01-12T00:00:00+00:00 [queued]>
[2025-03-17T01:18:52.184+0000] {taskinstance.py:2614} INFO - Dependencies all met for dep_context=requeueable deps ti=<TaskInstance: load_reviews_pipeline.dbt_run scheduled__2025-01-12T00:00:00+00:00 [queued]>
[2025-03-17T01:18:52.185+0000] {taskinstance.py:2867} INFO - Starting attempt 2 of 2
[2025-03-17T01:18:52.209+0000] {taskinstance.py:2890} INFO - Executing <Task(BashOperator): dbt_run> on 2025-01-12 00:00:00+00:00
[2025-03-17T01:18:52.217+0000] {standard_task_runner.py:72} INFO - Started process 329263 to run task
[2025-03-17T01:18:52.228+0000] {standard_task_runner.py:104} INFO - Running: ['airflow', 'tasks', 'run', 'load_reviews_pipeline', 'dbt_run', 'scheduled__2025-01-12T00:00:00+00:00', '--job-id', '639', '--raw', '--subdir', 'DAGS_FOLDER/dag_load_reviews.py', '--cfg-path', '/tmp/tmpuqquutie']
[2025-03-17T01:18:52.229+0000] {standard_task_runner.py:105} INFO - Job 639: Subtask dbt_run
[2025-03-17T01:18:52.368+0000] {task_command.py:467} INFO - Running <TaskInstance: load_reviews_pipeline.dbt_run scheduled__2025-01-12T00:00:00+00:00 [running]> on host DESKTOP-IM7V4RI.
[2025-03-17T01:18:52.620+0000] {taskinstance.py:3134} INFO - Exporting env vars: AIRFLOW_CTX_DAG_OWNER='mohammed' AIRFLOW_CTX_DAG_ID='load_reviews_pipeline' AIRFLOW_CTX_TASK_ID='dbt_run' AIRFLOW_CTX_EXECUTION_DATE='2025-01-12T00:00:00+00:00' AIRFLOW_CTX_TRY_NUMBER='2' AIRFLOW_CTX_DAG_RUN_ID='scheduled__2025-01-12T00:00:00+00:00'
[2025-03-17T01:18:52.623+0000] {logging_mixin.py:190} INFO - Task instance is in running state
[2025-03-17T01:18:52.623+0000] {logging_mixin.py:190} INFO -  Previous state of the Task instance: queued
[2025-03-17T01:18:52.624+0000] {logging_mixin.py:190} INFO - Current task name:dbt_run state:running start_date:2025-03-17 01:18:52.170323+00:00
[2025-03-17T01:18:52.624+0000] {logging_mixin.py:190} INFO - Dag name:load_reviews_pipeline and current dag run status:running
[2025-03-17T01:18:52.625+0000] {taskinstance.py:732} INFO - ::endgroup::
[2025-03-17T01:18:52.627+0000] {subprocess.py:78} INFO - Tmp dir root location: /tmp
[2025-03-17T01:18:52.629+0000] {subprocess.py:88} INFO - Running command: ['/usr/bin/bash', '-c', 'cd /home/mohammed/.dbt/bank_reviews_project && dbt run']
[2025-03-17T01:18:52.655+0000] {subprocess.py:99} INFO - Output:
[2025-03-17T01:18:56.453+0000] {subprocess.py:106} INFO - [0m01:18:56  Running with dbt=1.9.3
[2025-03-17T01:18:57.149+0000] {subprocess.py:106} INFO - [0m01:18:57  Registered adapter: postgres=1.9.0
[2025-03-17T01:18:58.009+0000] {subprocess.py:106} INFO - [0m01:18:58  Found 10 models, 4 data tests, 2 sources, 433 macros
[2025-03-17T01:18:58.016+0000] {subprocess.py:106} INFO - [0m01:18:58
[2025-03-17T01:18:58.018+0000] {subprocess.py:106} INFO - [0m01:18:58  Concurrency: 4 threads (target='dev')
[2025-03-17T01:18:58.020+0000] {subprocess.py:106} INFO - [0m01:18:58
[2025-03-17T01:18:58.380+0000] {subprocess.py:106} INFO - [0m01:18:58  1 of 10 START sql view model public.clean_reviews .............................. [RUN]
[2025-03-17T01:18:58.383+0000] {subprocess.py:106} INFO - [0m01:18:58  2 of 10 START sql table model public.my_first_dbt_model ........................ [RUN]
[2025-03-17T01:18:58.391+0000] {subprocess.py:106} INFO - [0m01:18:58  3 of 10 START sql view model public.remove_duplicates .......................... [RUN]
[2025-03-17T01:18:58.392+0000] {subprocess.py:106} INFO - [0m01:18:58  4 of 10 START sql view model public.stg_clean_reviews .......................... [RUN]
[2025-03-17T01:18:59.086+0000] {subprocess.py:106} INFO - [0m01:18:59  2 of 10 ERROR creating sql table model public.my_first_dbt_model ............... [[31mERROR[0m in 0.67s]
[2025-03-17T01:18:59.104+0000] {subprocess.py:106} INFO - [0m01:18:59  5 of 10 SKIP relation public.my_second_dbt_model ............................... [[33mSKIP[0m]
[2025-03-17T01:18:59.227+0000] {subprocess.py:106} INFO - [0m01:18:59  3 of 10 OK created sql view model public.remove_duplicates ..................... [[32mCREATE VIEW[0m in 0.82s]
[2025-03-17T01:18:59.256+0000] {subprocess.py:106} INFO - [0m01:18:59  1 of 10 OK created sql view model public.clean_reviews ......................... [[32mCREATE VIEW[0m in 0.87s]
[2025-03-17T01:18:59.269+0000] {subprocess.py:106} INFO - [0m01:18:59  4 of 10 OK created sql view model public.stg_clean_reviews ..................... [[32mCREATE VIEW[0m in 0.87s]
[2025-03-17T01:18:59.278+0000] {subprocess.py:106} INFO - [0m01:18:59  6 of 10 START sql view model public.dim_bank ................................... [RUN]
[2025-03-17T01:18:59.285+0000] {subprocess.py:106} INFO - [0m01:18:59  7 of 10 START sql view model public.dim_branch ................................. [RUN]
[2025-03-17T01:18:59.286+0000] {subprocess.py:106} INFO - [0m01:18:59  8 of 10 START sql view model public.dim_location ............................... [RUN]
[2025-03-17T01:18:59.286+0000] {subprocess.py:106} INFO - [0m01:18:59  9 of 10 START sql view model public.dim_sentiment .............................. [RUN]
[2025-03-17T01:18:59.524+0000] {subprocess.py:106} INFO - [0m01:18:59  6 of 10 OK created sql view model public.dim_bank .............................. [[32mCREATE VIEW[0m in 0.23s]
[2025-03-17T01:18:59.552+0000] {subprocess.py:106} INFO - [0m01:18:59  9 of 10 ERROR creating sql view model public.dim_sentiment ..................... [[31mERROR[0m in 0.26s]
[2025-03-17T01:18:59.564+0000] {subprocess.py:106} INFO - [0m01:18:59  7 of 10 OK created sql view model public.dim_branch ............................ [[32mCREATE VIEW[0m in 0.27s]
[2025-03-17T01:18:59.569+0000] {subprocess.py:106} INFO - [0m01:18:59  8 of 10 OK created sql view model public.dim_location .......................... [[32mCREATE VIEW[0m in 0.27s]
[2025-03-17T01:18:59.573+0000] {subprocess.py:106} INFO - [0m01:18:59  10 of 10 SKIP relation public.fact_reviews ..................................... [[33mSKIP[0m]
[2025-03-17T01:18:59.597+0000] {subprocess.py:106} INFO - [0m01:18:59
[2025-03-17T01:18:59.598+0000] {subprocess.py:106} INFO - [0m01:18:59  Finished running 1 table model, 9 view models in 0 hours 0 minutes and 1.58 seconds (1.58s).
[2025-03-17T01:18:59.642+0000] {subprocess.py:106} INFO - [0m01:18:59
[2025-03-17T01:18:59.642+0000] {subprocess.py:106} INFO - [0m01:18:59  [31mCompleted with 2 errors, 0 partial successes, and 0 warnings:[0m
[2025-03-17T01:18:59.643+0000] {subprocess.py:106} INFO - [0m01:18:59
[2025-03-17T01:18:59.644+0000] {subprocess.py:106} INFO - [0m01:18:59    Database Error in model my_first_dbt_model (models/example/my_first_dbt_model.sql)
[2025-03-17T01:18:59.644+0000] {subprocess.py:106} INFO -   relation "my_first_dbt_model__dbt_backup" already exists
[2025-03-17T01:18:59.644+0000] {subprocess.py:106} INFO -   compiled code at target/run/bank_reviews_project/models/example/my_first_dbt_model.sql
[2025-03-17T01:18:59.645+0000] {subprocess.py:106} INFO - [0m01:18:59
[2025-03-17T01:18:59.646+0000] {subprocess.py:106} INFO - [0m01:18:59    Database Error in model dim_sentiment (models/dim_sentiment.sql)
[2025-03-17T01:18:59.646+0000] {subprocess.py:106} INFO -   relation "dim_sentiment" already exists
[2025-03-17T01:18:59.646+0000] {subprocess.py:106} INFO -   compiled code at target/run/bank_reviews_project/models/dim_sentiment.sql
[2025-03-17T01:18:59.647+0000] {subprocess.py:106} INFO - [0m01:18:59
[2025-03-17T01:18:59.647+0000] {subprocess.py:106} INFO - [0m01:18:59  Done. PASS=6 WARN=0 ERROR=2 SKIP=2 TOTAL=10
[2025-03-17T01:19:01.614+0000] {subprocess.py:110} INFO - Command exited with return code 1
[2025-03-17T01:19:01.636+0000] {taskinstance.py:3313} ERROR - Task failed with exception
Traceback (most recent call last):
  File "/home/mohammed/venv/lib/python3.11/site-packages/airflow/models/taskinstance.py", line 768, in _execute_task
    result = _execute_callable(context=context, **execute_callable_kwargs)
             ^^^^^^^^^^^^^^^^^^^^^^^^^^^^^^^^^^^^^^^^^^^^^^^^^^^^^^^^^^^^^
  File "/home/mohammed/venv/lib/python3.11/site-packages/airflow/models/taskinstance.py", line 734, in _execute_callable
    return ExecutionCallableRunner(
           ^^^^^^^^^^^^^^^^^^^^^^^^
  File "/home/mohammed/venv/lib/python3.11/site-packages/airflow/utils/operator_helpers.py", line 252, in run
    return self.func(*args, **kwargs)
           ^^^^^^^^^^^^^^^^^^^^^^^^^^
  File "/home/mohammed/venv/lib/python3.11/site-packages/airflow/models/baseoperator.py", line 424, in wrapper
    return func(self, *args, **kwargs)
           ^^^^^^^^^^^^^^^^^^^^^^^^^^^
  File "/home/mohammed/venv/lib/python3.11/site-packages/airflow/operators/bash.py", line 276, in execute
    raise AirflowException(
airflow.exceptions.AirflowException: Bash command failed. The command returned a non-zero exit code 1.
[2025-03-17T01:19:01.641+0000] {logging_mixin.py:190} INFO - Task instance in failure state
[2025-03-17T01:19:01.641+0000] {logging_mixin.py:190} INFO - Task start:2025-03-17 01:18:52.170323+00:00 end:2025-03-17 01:19:01.640321+00:00 duration:9.469998
[2025-03-17T01:19:01.641+0000] {logging_mixin.py:190} INFO - Task:<Task(BashOperator): dbt_run> dag:<DAG: load_reviews_pipeline> dagrun:<DagRun load_reviews_pipeline @ 2025-01-12 00:00:00+00:00: scheduled__2025-01-12T00:00:00+00:00, state:running, queued_at: 2025-03-17 01:13:32.552071+00:00. externally triggered: False>
[2025-03-17T01:19:01.641+0000] {logging_mixin.py:190} INFO - Failure caused by Bash command failed. The command returned a non-zero exit code 1.
[2025-03-17T01:19:01.642+0000] {taskinstance.py:1226} INFO - Marking task as FAILED. dag_id=load_reviews_pipeline, task_id=dbt_run, run_id=scheduled__2025-01-12T00:00:00+00:00, execution_date=20250112T000000, start_date=20250317T011852, end_date=20250317T011901
[2025-03-17T01:19:01.694+0000] {taskinstance.py:341} INFO - ::group::Post task execution logs
[2025-03-17T01:19:01.695+0000] {standard_task_runner.py:124} ERROR - Failed to execute job 639 for task dbt_run (Bash command failed. The command returned a non-zero exit code 1.; 329263)
Traceback (most recent call last):
  File "/home/mohammed/venv/lib/python3.11/site-packages/airflow/task/task_runner/standard_task_runner.py", line 117, in _start_by_fork
    ret = args.func(args, dag=self.dag)
          ^^^^^^^^^^^^^^^^^^^^^^^^^^^^^
  File "/home/mohammed/venv/lib/python3.11/site-packages/airflow/cli/cli_config.py", line 49, in command
    return func(*args, **kwargs)
           ^^^^^^^^^^^^^^^^^^^^^
  File "/home/mohammed/venv/lib/python3.11/site-packages/airflow/utils/cli.py", line 116, in wrapper
    return f(*args, **kwargs)
           ^^^^^^^^^^^^^^^^^^
  File "/home/mohammed/venv/lib/python3.11/site-packages/airflow/cli/commands/task_command.py", line 483, in task_run
    task_return_code = _run_task_by_selected_method(args, _dag, ti)
                       ^^^^^^^^^^^^^^^^^^^^^^^^^^^^^^^^^^^^^^^^^^^^
  File "/home/mohammed/venv/lib/python3.11/site-packages/airflow/cli/commands/task_command.py", line 256, in _run_task_by_selected_method
    return _run_raw_task(args, ti)
           ^^^^^^^^^^^^^^^^^^^^^^^
  File "/home/mohammed/venv/lib/python3.11/site-packages/airflow/cli/commands/task_command.py", line 341, in _run_raw_task
    return ti._run_raw_task(
           ^^^^^^^^^^^^^^^^^
  File "/home/mohammed/venv/lib/python3.11/site-packages/airflow/utils/session.py", line 97, in wrapper
    return func(*args, session=session, **kwargs)
           ^^^^^^^^^^^^^^^^^^^^^^^^^^^^^^^^^^^^^^
  File "/home/mohammed/venv/lib/python3.11/site-packages/airflow/models/taskinstance.py", line 3006, in _run_raw_task
    return _run_raw_task(
           ^^^^^^^^^^^^^^
  File "/home/mohammed/venv/lib/python3.11/site-packages/airflow/models/taskinstance.py", line 274, in _run_raw_task
    TaskInstance._execute_task_with_callbacks(
  File "/home/mohammed/venv/lib/python3.11/site-packages/airflow/models/taskinstance.py", line 3161, in _execute_task_with_callbacks
    result = self._execute_task(context, task_orig)
             ^^^^^^^^^^^^^^^^^^^^^^^^^^^^^^^^^^^^^^
  File "/home/mohammed/venv/lib/python3.11/site-packages/airflow/models/taskinstance.py", line 3185, in _execute_task
    return _execute_task(self, context, task_orig)
           ^^^^^^^^^^^^^^^^^^^^^^^^^^^^^^^^^^^^^^^
  File "/home/mohammed/venv/lib/python3.11/site-packages/airflow/models/taskinstance.py", line 768, in _execute_task
    result = _execute_callable(context=context, **execute_callable_kwargs)
             ^^^^^^^^^^^^^^^^^^^^^^^^^^^^^^^^^^^^^^^^^^^^^^^^^^^^^^^^^^^^^
  File "/home/mohammed/venv/lib/python3.11/site-packages/airflow/models/taskinstance.py", line 734, in _execute_callable
    return ExecutionCallableRunner(
           ^^^^^^^^^^^^^^^^^^^^^^^^
  File "/home/mohammed/venv/lib/python3.11/site-packages/airflow/utils/operator_helpers.py", line 252, in run
    return self.func(*args, **kwargs)
           ^^^^^^^^^^^^^^^^^^^^^^^^^^
  File "/home/mohammed/venv/lib/python3.11/site-packages/airflow/models/baseoperator.py", line 424, in wrapper
    return func(self, *args, **kwargs)
           ^^^^^^^^^^^^^^^^^^^^^^^^^^^
  File "/home/mohammed/venv/lib/python3.11/site-packages/airflow/operators/bash.py", line 276, in execute
    raise AirflowException(
airflow.exceptions.AirflowException: Bash command failed. The command returned a non-zero exit code 1.
[2025-03-17T01:19:01.739+0000] {local_task_job_runner.py:266} INFO - Task exited with return code 1
[2025-03-17T01:19:01.762+0000] {taskinstance.py:3901} INFO - 0 downstream tasks scheduled from follow-on schedule check
[2025-03-17T01:19:01.765+0000] {local_task_job_runner.py:245} INFO - ::endgroup::
