[2025-03-17T00:55:59.632+0000] {local_task_job_runner.py:123} INFO - ::group::Pre task execution logs
[2025-03-17T00:55:59.921+0000] {taskinstance.py:2614} INFO - Dependencies all met for dep_context=non-requeueable deps ti=<TaskInstance: load_reviews_pipeline.dbt_run scheduled__2024-08-28T00:00:00+00:00 [queued]>
[2025-03-17T00:56:00.008+0000] {taskinstance.py:2614} INFO - Dependencies all met for dep_context=requeueable deps ti=<TaskInstance: load_reviews_pipeline.dbt_run scheduled__2024-08-28T00:00:00+00:00 [queued]>
[2025-03-17T00:56:00.009+0000] {taskinstance.py:2867} INFO - Starting attempt 1 of 2
[2025-03-17T00:56:00.134+0000] {taskinstance.py:2890} INFO - Executing <Task(BashOperator): dbt_run> on 2024-08-28 00:00:00+00:00
[2025-03-17T00:56:00.206+0000] {standard_task_runner.py:72} INFO - Started process 295029 to run task
[2025-03-17T00:56:00.268+0000] {standard_task_runner.py:104} INFO - Running: ['airflow', 'tasks', 'run', 'load_reviews_pipeline', 'dbt_run', 'scheduled__2024-08-28T00:00:00+00:00', '--job-id', '401', '--raw', '--subdir', 'DAGS_FOLDER/dag_load_reviews.py', '--cfg-path', '/tmp/tmpym7zqk3w']
[2025-03-17T00:56:00.282+0000] {standard_task_runner.py:105} INFO - Job 401: Subtask dbt_run
[2025-03-17T00:56:01.377+0000] {task_command.py:467} INFO - Running <TaskInstance: load_reviews_pipeline.dbt_run scheduled__2024-08-28T00:00:00+00:00 [running]> on host DESKTOP-IM7V4RI.
[2025-03-17T00:56:03.076+0000] {taskinstance.py:3134} INFO - Exporting env vars: AIRFLOW_CTX_DAG_OWNER='mohammed' AIRFLOW_CTX_DAG_ID='load_reviews_pipeline' AIRFLOW_CTX_TASK_ID='dbt_run' AIRFLOW_CTX_EXECUTION_DATE='2024-08-28T00:00:00+00:00' AIRFLOW_CTX_TRY_NUMBER='1' AIRFLOW_CTX_DAG_RUN_ID='scheduled__2024-08-28T00:00:00+00:00'
[2025-03-17T00:56:03.097+0000] {logging_mixin.py:190} INFO - Task instance is in running state
[2025-03-17T00:56:03.100+0000] {logging_mixin.py:190} INFO -  Previous state of the Task instance: queued
[2025-03-17T00:56:03.101+0000] {logging_mixin.py:190} INFO - Current task name:dbt_run state:running start_date:2025-03-17 00:55:59.922127+00:00
[2025-03-17T00:56:03.101+0000] {logging_mixin.py:190} INFO - Dag name:load_reviews_pipeline and current dag run status:running
[2025-03-17T00:56:03.104+0000] {taskinstance.py:732} INFO - ::endgroup::
[2025-03-17T00:56:03.109+0000] {subprocess.py:78} INFO - Tmp dir root location: /tmp
[2025-03-17T00:56:03.153+0000] {subprocess.py:88} INFO - Running command: ['/usr/bin/bash', '-c', 'cd /home/mohammed/.dbt/bank_reviews_project && dbt run']
[2025-03-17T00:56:03.297+0000] {subprocess.py:99} INFO - Output:
[2025-03-17T00:56:20.441+0000] {subprocess.py:106} INFO - [0m00:56:20  Running with dbt=1.9.3
[2025-03-17T00:56:23.106+0000] {subprocess.py:106} INFO - [0m00:56:23  Registered adapter: postgres=1.9.0
[2025-03-17T00:56:27.106+0000] {subprocess.py:106} INFO - [0m00:56:27  Found 10 models, 4 data tests, 2 sources, 433 macros
[2025-03-17T00:56:27.124+0000] {subprocess.py:106} INFO - [0m00:56:27
[2025-03-17T00:56:27.127+0000] {subprocess.py:106} INFO - [0m00:56:27  Concurrency: 4 threads (target='dev')
[2025-03-17T00:56:27.135+0000] {subprocess.py:106} INFO - [0m00:56:27
[2025-03-17T00:56:27.900+0000] {subprocess.py:106} INFO - [0m00:56:27  1 of 10 START sql view model public.clean_reviews .............................. [RUN]
[2025-03-17T00:56:27.907+0000] {subprocess.py:106} INFO - [0m00:56:27  3 of 10 START sql view model public.remove_duplicates .......................... [RUN]
[2025-03-17T00:56:27.919+0000] {subprocess.py:106} INFO - [0m00:56:27  2 of 10 START sql table model public.my_first_dbt_model ........................ [RUN]
[2025-03-17T00:56:27.968+0000] {subprocess.py:106} INFO - [0m00:56:27  4 of 10 START sql view model public.stg_clean_reviews .......................... [RUN]
[2025-03-17T00:56:29.752+0000] {subprocess.py:106} INFO - [0m00:56:29  2 of 10 OK created sql table model public.my_first_dbt_model ................... [[32mSELECT 2[0m in 1.78s]
[2025-03-17T00:56:29.766+0000] {subprocess.py:106} INFO - [0m00:56:29  5 of 10 START sql view model public.my_second_dbt_model ........................ [RUN]
[2025-03-17T00:56:30.576+0000] {subprocess.py:106} INFO - [0m00:56:30  1 of 10 OK created sql view model public.clean_reviews ......................... [[32mCREATE VIEW[0m in 2.64s]
[2025-03-17T00:56:30.642+0000] {subprocess.py:106} INFO - [0m00:56:30  5 of 10 ERROR creating sql view model public.my_second_dbt_model ............... [[31mERROR[0m in 0.84s]
[2025-03-17T00:56:30.653+0000] {subprocess.py:106} INFO - [0m00:56:30  4 of 10 OK created sql view model public.stg_clean_reviews ..................... [[32mCREATE VIEW[0m in 2.62s]
[2025-03-17T00:56:30.660+0000] {subprocess.py:106} INFO - [0m00:56:30  3 of 10 OK created sql view model public.remove_duplicates ..................... [[32mCREATE VIEW[0m in 2.73s]
[2025-03-17T00:56:30.705+0000] {subprocess.py:106} INFO - [0m00:56:30  7 of 10 START sql view model public.dim_branch ................................. [RUN]
[2025-03-17T00:56:30.710+0000] {subprocess.py:106} INFO - [0m00:56:30  6 of 10 START sql view model public.dim_bank ................................... [RUN]
[2025-03-17T00:56:30.722+0000] {subprocess.py:106} INFO - [0m00:56:30  8 of 10 START sql view model public.dim_location ............................... [RUN]
[2025-03-17T00:56:30.779+0000] {subprocess.py:106} INFO - [0m00:56:30  9 of 10 START sql view model public.dim_sentiment .............................. [RUN]
[2025-03-17T00:56:31.732+0000] {subprocess.py:106} INFO - [0m00:56:31  7 of 10 OK created sql view model public.dim_branch ............................ [[32mCREATE VIEW[0m in 1.00s]
[2025-03-17T00:56:31.817+0000] {subprocess.py:106} INFO - [0m00:56:31  8 of 10 OK created sql view model public.dim_location .......................... [[32mCREATE VIEW[0m in 1.03s]
[2025-03-17T00:56:31.872+0000] {subprocess.py:106} INFO - [0m00:56:31  9 of 10 OK created sql view model public.dim_sentiment ......................... [[32mCREATE VIEW[0m in 1.08s]
[2025-03-17T00:56:31.891+0000] {subprocess.py:106} INFO - [0m00:56:31  6 of 10 OK created sql view model public.dim_bank .............................. [[32mCREATE VIEW[0m in 1.16s]
[2025-03-17T00:56:31.907+0000] {subprocess.py:106} INFO - [0m00:56:31  10 of 10 START sql view model public.fact_reviews .............................. [RUN]
[2025-03-17T00:56:32.335+0000] {subprocess.py:106} INFO - [0m00:56:32  10 of 10 OK created sql view model public.fact_reviews ......................... [[32mCREATE VIEW[0m in 0.42s]
[2025-03-17T00:56:32.397+0000] {subprocess.py:106} INFO - [0m00:56:32
[2025-03-17T00:56:32.400+0000] {subprocess.py:106} INFO - [0m00:56:32  Finished running 1 table model, 9 view models in 0 hours 0 minutes and 5.26 seconds (5.26s).
[2025-03-17T00:56:32.560+0000] {subprocess.py:106} INFO - [0m00:56:32
[2025-03-17T00:56:32.563+0000] {subprocess.py:106} INFO - [0m00:56:32  [31mCompleted with 1 error, 0 partial successes, and 0 warnings:[0m
[2025-03-17T00:56:32.566+0000] {subprocess.py:106} INFO - [0m00:56:32
[2025-03-17T00:56:32.569+0000] {subprocess.py:106} INFO - [0m00:56:32    Database Error in model my_second_dbt_model (models/example/my_second_dbt_model.sql)
[2025-03-17T00:56:32.572+0000] {subprocess.py:106} INFO -   relation "public.my_second_dbt_model" does not exist
[2025-03-17T00:56:32.573+0000] {subprocess.py:106} INFO -   compiled code at target/run/bank_reviews_project/models/example/my_second_dbt_model.sql
[2025-03-17T00:56:32.576+0000] {subprocess.py:106} INFO - [0m00:56:32
[2025-03-17T00:56:32.579+0000] {subprocess.py:106} INFO - [0m00:56:32  Done. PASS=9 WARN=0 ERROR=1 SKIP=0 TOTAL=10
[2025-03-17T00:56:35.031+0000] {subprocess.py:110} INFO - Command exited with return code 1
[2025-03-17T00:56:35.096+0000] {taskinstance.py:3313} ERROR - Task failed with exception
Traceback (most recent call last):
  File "/home/mohammed/venv/lib/python3.11/site-packages/airflow/models/taskinstance.py", line 768, in _execute_task
    result = _execute_callable(context=context, **execute_callable_kwargs)
             ^^^^^^^^^^^^^^^^^^^^^^^^^^^^^^^^^^^^^^^^^^^^^^^^^^^^^^^^^^^^^
  File "/home/mohammed/venv/lib/python3.11/site-packages/airflow/models/taskinstance.py", line 734, in _execute_callable
    return ExecutionCallableRunner(
           ^^^^^^^^^^^^^^^^^^^^^^^^
  File "/home/mohammed/venv/lib/python3.11/site-packages/airflow/utils/operator_helpers.py", line 252, in run
    return self.func(*args, **kwargs)
           ^^^^^^^^^^^^^^^^^^^^^^^^^^
  File "/home/mohammed/venv/lib/python3.11/site-packages/airflow/models/baseoperator.py", line 424, in wrapper
    return func(self, *args, **kwargs)
           ^^^^^^^^^^^^^^^^^^^^^^^^^^^
  File "/home/mohammed/venv/lib/python3.11/site-packages/airflow/operators/bash.py", line 276, in execute
    raise AirflowException(
airflow.exceptions.AirflowException: Bash command failed. The command returned a non-zero exit code 1.
[2025-03-17T00:56:35.120+0000] {logging_mixin.py:190} INFO - Task instance in failure state
[2025-03-17T00:56:35.121+0000] {logging_mixin.py:190} INFO - Task start:2025-03-17 00:55:59.922127+00:00 end:2025-03-17 00:56:35.117650+00:00 duration:35.195523
[2025-03-17T00:56:35.122+0000] {logging_mixin.py:190} INFO - Task:<Task(BashOperator): dbt_run> dag:<DAG: load_reviews_pipeline> dagrun:<DagRun load_reviews_pipeline @ 2024-08-28 00:00:00+00:00: scheduled__2024-08-28T00:00:00+00:00, state:running, queued_at: 2025-03-17 00:55:48.530789+00:00. externally triggered: False>
[2025-03-17T00:56:35.126+0000] {logging_mixin.py:190} INFO - Failure caused by Bash command failed. The command returned a non-zero exit code 1.
[2025-03-17T00:56:35.127+0000] {taskinstance.py:1226} INFO - Marking task as UP_FOR_RETRY. dag_id=load_reviews_pipeline, task_id=dbt_run, run_id=scheduled__2024-08-28T00:00:00+00:00, execution_date=20240828T000000, start_date=20250317T005559, end_date=20250317T005635
[2025-03-17T00:56:35.263+0000] {taskinstance.py:341} INFO - ::group::Post task execution logs
[2025-03-17T00:56:35.264+0000] {standard_task_runner.py:124} ERROR - Failed to execute job 401 for task dbt_run (Bash command failed. The command returned a non-zero exit code 1.; 295029)
Traceback (most recent call last):
  File "/home/mohammed/venv/lib/python3.11/site-packages/airflow/task/task_runner/standard_task_runner.py", line 117, in _start_by_fork
    ret = args.func(args, dag=self.dag)
          ^^^^^^^^^^^^^^^^^^^^^^^^^^^^^
  File "/home/mohammed/venv/lib/python3.11/site-packages/airflow/cli/cli_config.py", line 49, in command
    return func(*args, **kwargs)
           ^^^^^^^^^^^^^^^^^^^^^
  File "/home/mohammed/venv/lib/python3.11/site-packages/airflow/utils/cli.py", line 116, in wrapper
    return f(*args, **kwargs)
           ^^^^^^^^^^^^^^^^^^
  File "/home/mohammed/venv/lib/python3.11/site-packages/airflow/cli/commands/task_command.py", line 483, in task_run
    task_return_code = _run_task_by_selected_method(args, _dag, ti)
                       ^^^^^^^^^^^^^^^^^^^^^^^^^^^^^^^^^^^^^^^^^^^^
  File "/home/mohammed/venv/lib/python3.11/site-packages/airflow/cli/commands/task_command.py", line 256, in _run_task_by_selected_method
    return _run_raw_task(args, ti)
           ^^^^^^^^^^^^^^^^^^^^^^^
  File "/home/mohammed/venv/lib/python3.11/site-packages/airflow/cli/commands/task_command.py", line 341, in _run_raw_task
    return ti._run_raw_task(
           ^^^^^^^^^^^^^^^^^
  File "/home/mohammed/venv/lib/python3.11/site-packages/airflow/utils/session.py", line 97, in wrapper
    return func(*args, session=session, **kwargs)
           ^^^^^^^^^^^^^^^^^^^^^^^^^^^^^^^^^^^^^^
  File "/home/mohammed/venv/lib/python3.11/site-packages/airflow/models/taskinstance.py", line 3006, in _run_raw_task
    return _run_raw_task(
           ^^^^^^^^^^^^^^
  File "/home/mohammed/venv/lib/python3.11/site-packages/airflow/models/taskinstance.py", line 274, in _run_raw_task
    TaskInstance._execute_task_with_callbacks(
  File "/home/mohammed/venv/lib/python3.11/site-packages/airflow/models/taskinstance.py", line 3161, in _execute_task_with_callbacks
    result = self._execute_task(context, task_orig)
             ^^^^^^^^^^^^^^^^^^^^^^^^^^^^^^^^^^^^^^
  File "/home/mohammed/venv/lib/python3.11/site-packages/airflow/models/taskinstance.py", line 3185, in _execute_task
    return _execute_task(self, context, task_orig)
           ^^^^^^^^^^^^^^^^^^^^^^^^^^^^^^^^^^^^^^^
  File "/home/mohammed/venv/lib/python3.11/site-packages/airflow/models/taskinstance.py", line 768, in _execute_task
    result = _execute_callable(context=context, **execute_callable_kwargs)
             ^^^^^^^^^^^^^^^^^^^^^^^^^^^^^^^^^^^^^^^^^^^^^^^^^^^^^^^^^^^^^
  File "/home/mohammed/venv/lib/python3.11/site-packages/airflow/models/taskinstance.py", line 734, in _execute_callable
    return ExecutionCallableRunner(
           ^^^^^^^^^^^^^^^^^^^^^^^^
  File "/home/mohammed/venv/lib/python3.11/site-packages/airflow/utils/operator_helpers.py", line 252, in run
    return self.func(*args, **kwargs)
           ^^^^^^^^^^^^^^^^^^^^^^^^^^
  File "/home/mohammed/venv/lib/python3.11/site-packages/airflow/models/baseoperator.py", line 424, in wrapper
    return func(self, *args, **kwargs)
           ^^^^^^^^^^^^^^^^^^^^^^^^^^^
  File "/home/mohammed/venv/lib/python3.11/site-packages/airflow/operators/bash.py", line 276, in execute
    raise AirflowException(
airflow.exceptions.AirflowException: Bash command failed. The command returned a non-zero exit code 1.
[2025-03-17T00:56:35.299+0000] {local_task_job_runner.py:266} INFO - Task exited with return code 1
[2025-03-17T00:56:35.364+0000] {taskinstance.py:3901} INFO - 0 downstream tasks scheduled from follow-on schedule check
[2025-03-17T00:56:35.373+0000] {local_task_job_runner.py:245} INFO - ::endgroup::
