[2025-03-17T00:32:11.753+0000] {local_task_job_runner.py:123} INFO - ::group::Pre task execution logs
[2025-03-17T00:32:11.937+0000] {taskinstance.py:2614} INFO - Dependencies all met for dep_context=non-requeueable deps ti=<TaskInstance: load_reviews_pipeline.dbt_run scheduled__2024-05-08T00:00:00+00:00 [queued]>
[2025-03-17T00:32:12.041+0000] {taskinstance.py:2614} INFO - Dependencies all met for dep_context=requeueable deps ti=<TaskInstance: load_reviews_pipeline.dbt_run scheduled__2024-05-08T00:00:00+00:00 [queued]>
[2025-03-17T00:32:12.042+0000] {taskinstance.py:2867} INFO - Starting attempt 2 of 2
[2025-03-17T00:32:12.219+0000] {taskinstance.py:2890} INFO - Executing <Task(BashOperator): dbt_run> on 2024-05-08 00:00:00+00:00
[2025-03-17T00:32:12.306+0000] {standard_task_runner.py:72} INFO - Started process 265165 to run task
[2025-03-17T00:32:12.353+0000] {standard_task_runner.py:104} INFO - Running: ['airflow', 'tasks', 'run', 'load_reviews_pipeline', 'dbt_run', 'scheduled__2024-05-08T00:00:00+00:00', '--job-id', '241', '--raw', '--subdir', 'DAGS_FOLDER/dag_load_reviews.py', '--cfg-path', '/tmp/tmpb4dduh3o']
[2025-03-17T00:32:12.406+0000] {standard_task_runner.py:105} INFO - Job 241: Subtask dbt_run
[2025-03-17T00:32:13.086+0000] {task_command.py:467} INFO - Running <TaskInstance: load_reviews_pipeline.dbt_run scheduled__2024-05-08T00:00:00+00:00 [running]> on host DESKTOP-IM7V4RI.
[2025-03-17T00:32:13.597+0000] {taskinstance.py:3134} INFO - Exporting env vars: AIRFLOW_CTX_DAG_OWNER='mohammed' AIRFLOW_CTX_DAG_ID='load_reviews_pipeline' AIRFLOW_CTX_TASK_ID='dbt_run' AIRFLOW_CTX_EXECUTION_DATE='2024-05-08T00:00:00+00:00' AIRFLOW_CTX_TRY_NUMBER='2' AIRFLOW_CTX_DAG_RUN_ID='scheduled__2024-05-08T00:00:00+00:00'
[2025-03-17T00:32:13.618+0000] {logging_mixin.py:190} INFO - Task instance is in running state
[2025-03-17T00:32:13.619+0000] {logging_mixin.py:190} INFO -  Previous state of the Task instance: queued
[2025-03-17T00:32:13.620+0000] {logging_mixin.py:190} INFO - Current task name:dbt_run state:running start_date:2025-03-17 00:32:11.938240+00:00
[2025-03-17T00:32:13.628+0000] {logging_mixin.py:190} INFO - Dag name:load_reviews_pipeline and current dag run status:running
[2025-03-17T00:32:13.629+0000] {taskinstance.py:732} INFO - ::endgroup::
[2025-03-17T00:32:13.631+0000] {subprocess.py:78} INFO - Tmp dir root location: /tmp
[2025-03-17T00:32:13.634+0000] {subprocess.py:88} INFO - Running command: ['/usr/bin/bash', '-c', 'cd /home/mohammed/.dbt/bank_reviews_project && dbt run']
[2025-03-17T00:32:13.753+0000] {subprocess.py:99} INFO - Output:
[2025-03-17T00:32:38.629+0000] {subprocess.py:106} INFO - [0m00:32:38  Running with dbt=1.9.3
[2025-03-17T00:32:43.222+0000] {subprocess.py:106} INFO - [0m00:32:43  Registered adapter: postgres=1.9.0
[2025-03-17T00:32:47.137+0000] {subprocess.py:106} INFO - [0m00:32:47  Found 6 models, 4 data tests, 2 sources, 433 macros
[2025-03-17T00:32:47.176+0000] {subprocess.py:106} INFO - [0m00:32:47
[2025-03-17T00:32:47.199+0000] {subprocess.py:106} INFO - [0m00:32:47  Concurrency: 4 threads (target='dev')
[2025-03-17T00:32:47.202+0000] {subprocess.py:106} INFO - [0m00:32:47
[2025-03-17T00:32:49.049+0000] {subprocess.py:106} INFO - [0m00:32:49  1 of 6 START sql view model public.clean_reviews ............................... [RUN]
[2025-03-17T00:32:49.105+0000] {subprocess.py:106} INFO - [0m00:32:49  2 of 6 START sql table model public.my_first_dbt_model ......................... [RUN]
[2025-03-17T00:32:49.107+0000] {subprocess.py:106} INFO - [0m00:32:49  3 of 6 START sql view model public.remove_duplicates ........................... [RUN]
[2025-03-17T00:32:49.120+0000] {subprocess.py:106} INFO - [0m00:32:49  4 of 6 START sql view model public.stg_clean_reviews ........................... [RUN]
[2025-03-17T00:32:56.856+0000] {subprocess.py:106} INFO - [0m00:32:56  4 of 6 ERROR creating sql view model public.stg_clean_reviews .................. [[31mERROR[0m in 7.29s]
[2025-03-17T00:32:56.936+0000] {subprocess.py:106} INFO - [0m00:32:56  5 of 6 SKIP relation public.dwh_model .......................................... [[33mSKIP[0m]
[2025-03-17T00:32:57.862+0000] {subprocess.py:106} INFO - [0m00:32:57  2 of 6 ERROR creating sql table model public.my_first_dbt_model ................ [[31mERROR[0m in 8.73s]
[2025-03-17T00:32:58.063+0000] {subprocess.py:106} INFO - [0m00:32:58  6 of 6 SKIP relation public.my_second_dbt_model ................................ [[33mSKIP[0m]
[2025-03-17T00:32:59.395+0000] {subprocess.py:106} INFO - [0m00:32:59  3 of 6 OK created sql view model public.remove_duplicates ...................... [[32mCREATE VIEW[0m in 10.24s]
[2025-03-17T00:33:00.172+0000] {subprocess.py:106} INFO - [0m00:33:00  1 of 6 OK created sql view model public.clean_reviews .......................... [[32mCREATE VIEW[0m in 11.06s]
[2025-03-17T00:33:01.450+0000] {subprocess.py:106} INFO - [0m00:33:01
[2025-03-17T00:33:01.460+0000] {subprocess.py:106} INFO - [0m00:33:01  Finished running 1 table model, 5 view models in 0 hours 0 minutes and 14.24 seconds (14.24s).
[2025-03-17T00:33:04.474+0000] {subprocess.py:106} INFO - [0m00:33:04
[2025-03-17T00:33:04.478+0000] {subprocess.py:106} INFO - [0m00:33:04  [31mCompleted with 2 errors, 0 partial successes, and 0 warnings:[0m
[2025-03-17T00:33:04.483+0000] {subprocess.py:106} INFO - [0m00:33:04
[2025-03-17T00:33:04.495+0000] {subprocess.py:106} INFO - [0m00:33:04    Database Error in model stg_clean_reviews (models/stg_clean_reviews.sql)
[2025-03-17T00:33:04.496+0000] {subprocess.py:106} INFO -   relation "stg_clean_reviews__dbt_backup" already exists
[2025-03-17T00:33:04.498+0000] {subprocess.py:106} INFO -   compiled code at target/run/bank_reviews_project/models/stg_clean_reviews.sql
[2025-03-17T00:33:04.510+0000] {subprocess.py:106} INFO - [0m00:33:04
[2025-03-17T00:33:04.518+0000] {subprocess.py:106} INFO - [0m00:33:04    Database Error in model my_first_dbt_model (models/example/my_first_dbt_model.sql)
[2025-03-17T00:33:04.519+0000] {subprocess.py:106} INFO -   relation "my_first_dbt_model__dbt_backup" already exists
[2025-03-17T00:33:04.520+0000] {subprocess.py:106} INFO -   compiled code at target/run/bank_reviews_project/models/example/my_first_dbt_model.sql
[2025-03-17T00:33:04.526+0000] {subprocess.py:106} INFO - [0m00:33:04
[2025-03-17T00:33:04.536+0000] {subprocess.py:106} INFO - [0m00:33:04  Done. PASS=2 WARN=0 ERROR=2 SKIP=2 TOTAL=6
[2025-03-17T00:33:15.025+0000] {subprocess.py:110} INFO - Command exited with return code 1
[2025-03-17T00:33:16.046+0000] {taskinstance.py:3313} ERROR - Task failed with exception
Traceback (most recent call last):
  File "/home/mohammed/venv/lib/python3.11/site-packages/airflow/models/taskinstance.py", line 768, in _execute_task
    result = _execute_callable(context=context, **execute_callable_kwargs)
             ^^^^^^^^^^^^^^^^^^^^^^^^^^^^^^^^^^^^^^^^^^^^^^^^^^^^^^^^^^^^^
  File "/home/mohammed/venv/lib/python3.11/site-packages/airflow/models/taskinstance.py", line 734, in _execute_callable
    return ExecutionCallableRunner(
           ^^^^^^^^^^^^^^^^^^^^^^^^
  File "/home/mohammed/venv/lib/python3.11/site-packages/airflow/utils/operator_helpers.py", line 252, in run
    return self.func(*args, **kwargs)
           ^^^^^^^^^^^^^^^^^^^^^^^^^^
  File "/home/mohammed/venv/lib/python3.11/site-packages/airflow/models/baseoperator.py", line 424, in wrapper
    return func(self, *args, **kwargs)
           ^^^^^^^^^^^^^^^^^^^^^^^^^^^
  File "/home/mohammed/venv/lib/python3.11/site-packages/airflow/operators/bash.py", line 276, in execute
    raise AirflowException(
airflow.exceptions.AirflowException: Bash command failed. The command returned a non-zero exit code 1.
[2025-03-17T00:33:16.356+0000] {logging_mixin.py:190} INFO - Task instance in failure state
[2025-03-17T00:33:16.360+0000] {logging_mixin.py:190} INFO - Task start:2025-03-17 00:32:11.938240+00:00 end:2025-03-17 00:33:16.203887+00:00 duration:64.265647
[2025-03-17T00:33:16.383+0000] {logging_mixin.py:190} INFO - Task:<Task(BashOperator): dbt_run> dag:<DAG: load_reviews_pipeline> dagrun:<DagRun load_reviews_pipeline @ 2024-05-08 00:00:00+00:00: scheduled__2024-05-08T00:00:00+00:00, state:running, queued_at: 2025-03-17 00:25:43.615706+00:00. externally triggered: False>
[2025-03-17T00:33:16.415+0000] {logging_mixin.py:190} INFO - Failure caused by Bash command failed. The command returned a non-zero exit code 1.
[2025-03-17T00:33:16.418+0000] {taskinstance.py:1226} INFO - Marking task as FAILED. dag_id=load_reviews_pipeline, task_id=dbt_run, run_id=scheduled__2024-05-08T00:00:00+00:00, execution_date=20240508T000000, start_date=20250317T003211, end_date=20250317T003316
[2025-03-17T00:33:19.292+0000] {taskinstance.py:341} INFO - ::group::Post task execution logs
[2025-03-17T00:33:19.348+0000] {standard_task_runner.py:124} ERROR - Failed to execute job 241 for task dbt_run (Bash command failed. The command returned a non-zero exit code 1.; 265165)
Traceback (most recent call last):
  File "/home/mohammed/venv/lib/python3.11/site-packages/airflow/task/task_runner/standard_task_runner.py", line 117, in _start_by_fork
    ret = args.func(args, dag=self.dag)
          ^^^^^^^^^^^^^^^^^^^^^^^^^^^^^
  File "/home/mohammed/venv/lib/python3.11/site-packages/airflow/cli/cli_config.py", line 49, in command
    return func(*args, **kwargs)
           ^^^^^^^^^^^^^^^^^^^^^
  File "/home/mohammed/venv/lib/python3.11/site-packages/airflow/utils/cli.py", line 116, in wrapper
    return f(*args, **kwargs)
           ^^^^^^^^^^^^^^^^^^
  File "/home/mohammed/venv/lib/python3.11/site-packages/airflow/cli/commands/task_command.py", line 483, in task_run
    task_return_code = _run_task_by_selected_method(args, _dag, ti)
                       ^^^^^^^^^^^^^^^^^^^^^^^^^^^^^^^^^^^^^^^^^^^^
  File "/home/mohammed/venv/lib/python3.11/site-packages/airflow/cli/commands/task_command.py", line 256, in _run_task_by_selected_method
    return _run_raw_task(args, ti)
           ^^^^^^^^^^^^^^^^^^^^^^^
  File "/home/mohammed/venv/lib/python3.11/site-packages/airflow/cli/commands/task_command.py", line 341, in _run_raw_task
    return ti._run_raw_task(
           ^^^^^^^^^^^^^^^^^
  File "/home/mohammed/venv/lib/python3.11/site-packages/airflow/utils/session.py", line 97, in wrapper
    return func(*args, session=session, **kwargs)
           ^^^^^^^^^^^^^^^^^^^^^^^^^^^^^^^^^^^^^^
  File "/home/mohammed/venv/lib/python3.11/site-packages/airflow/models/taskinstance.py", line 3006, in _run_raw_task
    return _run_raw_task(
           ^^^^^^^^^^^^^^
  File "/home/mohammed/venv/lib/python3.11/site-packages/airflow/models/taskinstance.py", line 274, in _run_raw_task
    TaskInstance._execute_task_with_callbacks(
  File "/home/mohammed/venv/lib/python3.11/site-packages/airflow/models/taskinstance.py", line 3161, in _execute_task_with_callbacks
    result = self._execute_task(context, task_orig)
             ^^^^^^^^^^^^^^^^^^^^^^^^^^^^^^^^^^^^^^
  File "/home/mohammed/venv/lib/python3.11/site-packages/airflow/models/taskinstance.py", line 3185, in _execute_task
    return _execute_task(self, context, task_orig)
           ^^^^^^^^^^^^^^^^^^^^^^^^^^^^^^^^^^^^^^^
  File "/home/mohammed/venv/lib/python3.11/site-packages/airflow/models/taskinstance.py", line 768, in _execute_task
    result = _execute_callable(context=context, **execute_callable_kwargs)
             ^^^^^^^^^^^^^^^^^^^^^^^^^^^^^^^^^^^^^^^^^^^^^^^^^^^^^^^^^^^^^
  File "/home/mohammed/venv/lib/python3.11/site-packages/airflow/models/taskinstance.py", line 734, in _execute_callable
    return ExecutionCallableRunner(
           ^^^^^^^^^^^^^^^^^^^^^^^^
  File "/home/mohammed/venv/lib/python3.11/site-packages/airflow/utils/operator_helpers.py", line 252, in run
    return self.func(*args, **kwargs)
           ^^^^^^^^^^^^^^^^^^^^^^^^^^
  File "/home/mohammed/venv/lib/python3.11/site-packages/airflow/models/baseoperator.py", line 424, in wrapper
    return func(self, *args, **kwargs)
           ^^^^^^^^^^^^^^^^^^^^^^^^^^^
  File "/home/mohammed/venv/lib/python3.11/site-packages/airflow/operators/bash.py", line 276, in execute
    raise AirflowException(
airflow.exceptions.AirflowException: Bash command failed. The command returned a non-zero exit code 1.
[2025-03-17T00:33:19.654+0000] {local_task_job_runner.py:266} INFO - Task exited with return code 1
[2025-03-17T00:33:20.121+0000] {local_task_job_runner.py:245} INFO - ::endgroup::
[2025-03-17T00:33:20.426+0000] {standard_task_runner.py:217} INFO - Process not found (most likely exited), stop collecting metrics
