[2025-03-17T00:25:34.443+0000] {local_task_job_runner.py:123} INFO - ::group::Pre task execution logs
[2025-03-17T00:25:34.647+0000] {taskinstance.py:2614} INFO - Dependencies all met for dep_context=non-requeueable deps ti=<TaskInstance: load_reviews_pipeline.dbt_run scheduled__2024-05-02T00:00:00+00:00 [queued]>
[2025-03-17T00:25:34.724+0000] {taskinstance.py:2614} INFO - Dependencies all met for dep_context=requeueable deps ti=<TaskInstance: load_reviews_pipeline.dbt_run scheduled__2024-05-02T00:00:00+00:00 [queued]>
[2025-03-17T00:25:34.726+0000] {taskinstance.py:2867} INFO - Starting attempt 1 of 2
[2025-03-17T00:25:34.861+0000] {taskinstance.py:2890} INFO - Executing <Task(BashOperator): dbt_run> on 2024-05-02 00:00:00+00:00
[2025-03-17T00:25:34.903+0000] {standard_task_runner.py:72} INFO - Started process 259345 to run task
[2025-03-17T00:25:34.970+0000] {standard_task_runner.py:104} INFO - Running: ['airflow', 'tasks', 'run', 'load_reviews_pipeline', 'dbt_run', 'scheduled__2024-05-02T00:00:00+00:00', '--job-id', '213', '--raw', '--subdir', 'DAGS_FOLDER/dag_load_reviews.py', '--cfg-path', '/tmp/tmpy9087oce']
[2025-03-17T00:25:34.975+0000] {standard_task_runner.py:105} INFO - Job 213: Subtask dbt_run
[2025-03-17T00:25:35.677+0000] {task_command.py:467} INFO - Running <TaskInstance: load_reviews_pipeline.dbt_run scheduled__2024-05-02T00:00:00+00:00 [running]> on host DESKTOP-IM7V4RI.
[2025-03-17T00:25:36.776+0000] {taskinstance.py:3134} INFO - Exporting env vars: AIRFLOW_CTX_DAG_OWNER='mohammed' AIRFLOW_CTX_DAG_ID='load_reviews_pipeline' AIRFLOW_CTX_TASK_ID='dbt_run' AIRFLOW_CTX_EXECUTION_DATE='2024-05-02T00:00:00+00:00' AIRFLOW_CTX_TRY_NUMBER='1' AIRFLOW_CTX_DAG_RUN_ID='scheduled__2024-05-02T00:00:00+00:00'
[2025-03-17T00:25:36.973+0000] {logging_mixin.py:190} INFO - Task instance is in running state
[2025-03-17T00:25:36.974+0000] {logging_mixin.py:190} INFO -  Previous state of the Task instance: queued
[2025-03-17T00:25:36.974+0000] {logging_mixin.py:190} INFO - Current task name:dbt_run state:running start_date:2025-03-17 00:25:34.648213+00:00
[2025-03-17T00:25:36.976+0000] {logging_mixin.py:190} INFO - Dag name:load_reviews_pipeline and current dag run status:running
[2025-03-17T00:25:36.977+0000] {taskinstance.py:732} INFO - ::endgroup::
[2025-03-17T00:25:37.014+0000] {subprocess.py:78} INFO - Tmp dir root location: /tmp
[2025-03-17T00:25:37.023+0000] {subprocess.py:88} INFO - Running command: ['/usr/bin/bash', '-c', 'cd /home/mohammed/.dbt/bank_reviews_project && dbt run']
[2025-03-17T00:25:37.117+0000] {subprocess.py:99} INFO - Output:
[2025-03-17T00:26:03.717+0000] {subprocess.py:106} INFO - [0m00:26:03  Running with dbt=1.9.3
[2025-03-17T00:26:09.037+0000] {subprocess.py:106} INFO - [0m00:26:09  Registered adapter: postgres=1.9.0
[2025-03-17T00:26:15.099+0000] {subprocess.py:106} INFO - [0m00:26:15  Found 6 models, 4 data tests, 2 sources, 433 macros
[2025-03-17T00:26:15.188+0000] {subprocess.py:106} INFO - [0m00:26:15
[2025-03-17T00:26:15.191+0000] {subprocess.py:106} INFO - [0m00:26:15  Concurrency: 4 threads (target='dev')
[2025-03-17T00:26:15.202+0000] {subprocess.py:106} INFO - [0m00:26:15
[2025-03-17T00:26:18.892+0000] {subprocess.py:106} INFO - [0m00:26:18  1 of 6 START sql view model public.clean_reviews ............................... [RUN]
[2025-03-17T00:26:18.919+0000] {subprocess.py:106} INFO - [0m00:26:18  3 of 6 START sql view model public.remove_duplicates ........................... [RUN]
[2025-03-17T00:26:18.924+0000] {subprocess.py:106} INFO - [0m00:26:18  4 of 6 START sql view model public.stg_clean_reviews ........................... [RUN]
[2025-03-17T00:26:18.929+0000] {subprocess.py:106} INFO - [0m00:26:18  2 of 6 START sql table model public.my_first_dbt_model ......................... [RUN]
[2025-03-17T00:26:20.714+0000] {subprocess.py:106} INFO - [0m00:26:20  1 of 6 OK created sql view model public.clean_reviews .......................... [[32mCREATE VIEW[0m in 1.78s]
[2025-03-17T00:26:20.992+0000] {subprocess.py:106} INFO - [0m00:26:20  2 of 6 ERROR creating sql table model public.my_first_dbt_model ................ [[31mERROR[0m in 2.06s]
[2025-03-17T00:26:21.023+0000] {subprocess.py:106} INFO - [0m00:26:21  3 of 6 ERROR creating sql view model public.remove_duplicates .................. [[31mERROR[0m in 2.09s]
[2025-03-17T00:26:21.028+0000] {subprocess.py:106} INFO - [0m00:26:21  4 of 6 ERROR creating sql view model public.stg_clean_reviews .................. [[31mERROR[0m in 2.09s]
[2025-03-17T00:26:21.078+0000] {subprocess.py:106} INFO - [0m00:26:21  5 of 6 SKIP relation public.my_second_dbt_model ................................ [[33mSKIP[0m]
[2025-03-17T00:26:21.106+0000] {subprocess.py:106} INFO - [0m00:26:21  6 of 6 SKIP relation public.dwh_model .......................................... [[33mSKIP[0m]
[2025-03-17T00:26:21.549+0000] {subprocess.py:106} INFO - [0m00:26:21
[2025-03-17T00:26:21.575+0000] {subprocess.py:106} INFO - [0m00:26:21  Finished running 1 table model, 5 view models in 0 hours 0 minutes and 6.34 seconds (6.34s).
[2025-03-17T00:26:24.881+0000] {subprocess.py:106} INFO - [0m00:26:24
[2025-03-17T00:26:24.909+0000] {subprocess.py:106} INFO - [0m00:26:24  [31mCompleted with 3 errors, 0 partial successes, and 0 warnings:[0m
[2025-03-17T00:26:24.910+0000] {subprocess.py:106} INFO - [0m00:26:24
[2025-03-17T00:26:24.913+0000] {subprocess.py:106} INFO - [0m00:26:24    Database Error in model remove_duplicates (models/remove_duplicates.sql)
[2025-03-17T00:26:24.914+0000] {subprocess.py:106} INFO -   relation "remove_duplicates__dbt_backup" already exists
[2025-03-17T00:26:24.914+0000] {subprocess.py:106} INFO -   compiled code at target/run/bank_reviews_project/models/remove_duplicates.sql
[2025-03-17T00:26:24.915+0000] {subprocess.py:106} INFO - [0m00:26:24
[2025-03-17T00:26:24.942+0000] {subprocess.py:106} INFO - [0m00:26:24    Database Error in model my_first_dbt_model (models/example/my_first_dbt_model.sql)
[2025-03-17T00:26:24.943+0000] {subprocess.py:106} INFO -   relation "my_first_dbt_model__dbt_backup" already exists
[2025-03-17T00:26:24.944+0000] {subprocess.py:106} INFO -   compiled code at target/run/bank_reviews_project/models/example/my_first_dbt_model.sql
[2025-03-17T00:26:24.950+0000] {subprocess.py:106} INFO - [0m00:26:24
[2025-03-17T00:26:24.971+0000] {subprocess.py:106} INFO - [0m00:26:24    Database Error in model stg_clean_reviews (models/stg_clean_reviews.sql)
[2025-03-17T00:26:24.972+0000] {subprocess.py:106} INFO -   relation "stg_clean_reviews__dbt_backup" already exists
[2025-03-17T00:26:24.972+0000] {subprocess.py:106} INFO -   compiled code at target/run/bank_reviews_project/models/stg_clean_reviews.sql
[2025-03-17T00:26:24.973+0000] {subprocess.py:106} INFO - [0m00:26:24
[2025-03-17T00:26:24.975+0000] {subprocess.py:106} INFO - [0m00:26:24  Done. PASS=1 WARN=0 ERROR=3 SKIP=2 TOTAL=6
[2025-03-17T00:26:32.789+0000] {subprocess.py:110} INFO - Command exited with return code 1
[2025-03-17T00:26:33.589+0000] {taskinstance.py:3313} ERROR - Task failed with exception
Traceback (most recent call last):
  File "/home/mohammed/venv/lib/python3.11/site-packages/airflow/models/taskinstance.py", line 768, in _execute_task
    result = _execute_callable(context=context, **execute_callable_kwargs)
             ^^^^^^^^^^^^^^^^^^^^^^^^^^^^^^^^^^^^^^^^^^^^^^^^^^^^^^^^^^^^^
  File "/home/mohammed/venv/lib/python3.11/site-packages/airflow/models/taskinstance.py", line 734, in _execute_callable
    return ExecutionCallableRunner(
           ^^^^^^^^^^^^^^^^^^^^^^^^
  File "/home/mohammed/venv/lib/python3.11/site-packages/airflow/utils/operator_helpers.py", line 252, in run
    return self.func(*args, **kwargs)
           ^^^^^^^^^^^^^^^^^^^^^^^^^^
  File "/home/mohammed/venv/lib/python3.11/site-packages/airflow/models/baseoperator.py", line 424, in wrapper
    return func(self, *args, **kwargs)
           ^^^^^^^^^^^^^^^^^^^^^^^^^^^
  File "/home/mohammed/venv/lib/python3.11/site-packages/airflow/operators/bash.py", line 276, in execute
    raise AirflowException(
airflow.exceptions.AirflowException: Bash command failed. The command returned a non-zero exit code 1.
[2025-03-17T00:26:34.547+0000] {logging_mixin.py:190} INFO - Task instance in failure state
[2025-03-17T00:26:34.548+0000] {logging_mixin.py:190} INFO - Task start:2025-03-17 00:25:34.648213+00:00 end:2025-03-17 00:26:34.395843+00:00 duration:59.74763
[2025-03-17T00:26:34.566+0000] {logging_mixin.py:190} INFO - Task:<Task(BashOperator): dbt_run> dag:<DAG: load_reviews_pipeline> dagrun:<DagRun load_reviews_pipeline @ 2024-05-02 00:00:00+00:00: scheduled__2024-05-02T00:00:00+00:00, state:running, queued_at: 2025-03-17 00:25:13.990280+00:00. externally triggered: False>
[2025-03-17T00:26:34.566+0000] {logging_mixin.py:190} INFO - Failure caused by Bash command failed. The command returned a non-zero exit code 1.
[2025-03-17T00:26:34.569+0000] {taskinstance.py:1226} INFO - Marking task as UP_FOR_RETRY. dag_id=load_reviews_pipeline, task_id=dbt_run, run_id=scheduled__2024-05-02T00:00:00+00:00, execution_date=20240502T000000, start_date=20250317T002534, end_date=20250317T002634
[2025-03-17T00:26:36.055+0000] {taskinstance.py:341} INFO - ::group::Post task execution logs
[2025-03-17T00:26:36.086+0000] {standard_task_runner.py:124} ERROR - Failed to execute job 213 for task dbt_run (Bash command failed. The command returned a non-zero exit code 1.; 259345)
Traceback (most recent call last):
  File "/home/mohammed/venv/lib/python3.11/site-packages/airflow/task/task_runner/standard_task_runner.py", line 117, in _start_by_fork
    ret = args.func(args, dag=self.dag)
          ^^^^^^^^^^^^^^^^^^^^^^^^^^^^^
  File "/home/mohammed/venv/lib/python3.11/site-packages/airflow/cli/cli_config.py", line 49, in command
    return func(*args, **kwargs)
           ^^^^^^^^^^^^^^^^^^^^^
  File "/home/mohammed/venv/lib/python3.11/site-packages/airflow/utils/cli.py", line 116, in wrapper
    return f(*args, **kwargs)
           ^^^^^^^^^^^^^^^^^^
  File "/home/mohammed/venv/lib/python3.11/site-packages/airflow/cli/commands/task_command.py", line 483, in task_run
    task_return_code = _run_task_by_selected_method(args, _dag, ti)
                       ^^^^^^^^^^^^^^^^^^^^^^^^^^^^^^^^^^^^^^^^^^^^
  File "/home/mohammed/venv/lib/python3.11/site-packages/airflow/cli/commands/task_command.py", line 256, in _run_task_by_selected_method
    return _run_raw_task(args, ti)
           ^^^^^^^^^^^^^^^^^^^^^^^
  File "/home/mohammed/venv/lib/python3.11/site-packages/airflow/cli/commands/task_command.py", line 341, in _run_raw_task
    return ti._run_raw_task(
           ^^^^^^^^^^^^^^^^^
  File "/home/mohammed/venv/lib/python3.11/site-packages/airflow/utils/session.py", line 97, in wrapper
    return func(*args, session=session, **kwargs)
           ^^^^^^^^^^^^^^^^^^^^^^^^^^^^^^^^^^^^^^
  File "/home/mohammed/venv/lib/python3.11/site-packages/airflow/models/taskinstance.py", line 3006, in _run_raw_task
    return _run_raw_task(
           ^^^^^^^^^^^^^^
  File "/home/mohammed/venv/lib/python3.11/site-packages/airflow/models/taskinstance.py", line 274, in _run_raw_task
    TaskInstance._execute_task_with_callbacks(
  File "/home/mohammed/venv/lib/python3.11/site-packages/airflow/models/taskinstance.py", line 3161, in _execute_task_with_callbacks
    result = self._execute_task(context, task_orig)
             ^^^^^^^^^^^^^^^^^^^^^^^^^^^^^^^^^^^^^^
  File "/home/mohammed/venv/lib/python3.11/site-packages/airflow/models/taskinstance.py", line 3185, in _execute_task
    return _execute_task(self, context, task_orig)
           ^^^^^^^^^^^^^^^^^^^^^^^^^^^^^^^^^^^^^^^
  File "/home/mohammed/venv/lib/python3.11/site-packages/airflow/models/taskinstance.py", line 768, in _execute_task
    result = _execute_callable(context=context, **execute_callable_kwargs)
             ^^^^^^^^^^^^^^^^^^^^^^^^^^^^^^^^^^^^^^^^^^^^^^^^^^^^^^^^^^^^^
  File "/home/mohammed/venv/lib/python3.11/site-packages/airflow/models/taskinstance.py", line 734, in _execute_callable
    return ExecutionCallableRunner(
           ^^^^^^^^^^^^^^^^^^^^^^^^
  File "/home/mohammed/venv/lib/python3.11/site-packages/airflow/utils/operator_helpers.py", line 252, in run
    return self.func(*args, **kwargs)
           ^^^^^^^^^^^^^^^^^^^^^^^^^^
  File "/home/mohammed/venv/lib/python3.11/site-packages/airflow/models/baseoperator.py", line 424, in wrapper
    return func(self, *args, **kwargs)
           ^^^^^^^^^^^^^^^^^^^^^^^^^^^
  File "/home/mohammed/venv/lib/python3.11/site-packages/airflow/operators/bash.py", line 276, in execute
    raise AirflowException(
airflow.exceptions.AirflowException: Bash command failed. The command returned a non-zero exit code 1.
[2025-03-17T00:26:36.466+0000] {local_task_job_runner.py:266} INFO - Task exited with return code 1
[2025-03-17T00:26:36.851+0000] {local_task_job_runner.py:245} INFO - ::endgroup::
