[2025-03-17T00:47:07.818+0000] {local_task_job_runner.py:123} INFO - ::group::Pre task execution logs
[2025-03-17T00:47:08.204+0000] {taskinstance.py:2614} INFO - Dependencies all met for dep_context=non-requeueable deps ti=<TaskInstance: load_reviews_pipeline.dbt_run scheduled__2024-06-30T00:00:00+00:00 [queued]>
[2025-03-17T00:47:08.364+0000] {taskinstance.py:2614} INFO - Dependencies all met for dep_context=requeueable deps ti=<TaskInstance: load_reviews_pipeline.dbt_run scheduled__2024-06-30T00:00:00+00:00 [queued]>
[2025-03-17T00:47:08.365+0000] {taskinstance.py:2867} INFO - Starting attempt 2 of 2
[2025-03-17T00:47:08.975+0000] {taskinstance.py:2890} INFO - Executing <Task(BashOperator): dbt_run> on 2024-06-30 00:00:00+00:00
[2025-03-17T00:47:09.094+0000] {standard_task_runner.py:72} INFO - Started process 282960 to run task
[2025-03-17T00:47:09.121+0000] {standard_task_runner.py:104} INFO - Running: ['airflow', 'tasks', 'run', 'load_reviews_pipeline', 'dbt_run', 'scheduled__2024-06-30T00:00:00+00:00', '--job-id', '344', '--raw', '--subdir', 'DAGS_FOLDER/dag_load_reviews.py', '--cfg-path', '/tmp/tmpkpsd5f7c']
[2025-03-17T00:47:09.144+0000] {standard_task_runner.py:105} INFO - Job 344: Subtask dbt_run
[2025-03-17T00:47:10.556+0000] {task_command.py:467} INFO - Running <TaskInstance: load_reviews_pipeline.dbt_run scheduled__2024-06-30T00:00:00+00:00 [running]> on host DESKTOP-IM7V4RI.
[2025-03-17T00:47:10.813+0000] {taskinstance.py:3134} INFO - Exporting env vars: AIRFLOW_CTX_DAG_OWNER='mohammed' AIRFLOW_CTX_DAG_ID='load_reviews_pipeline' AIRFLOW_CTX_TASK_ID='dbt_run' AIRFLOW_CTX_EXECUTION_DATE='2024-06-30T00:00:00+00:00' AIRFLOW_CTX_TRY_NUMBER='2' AIRFLOW_CTX_DAG_RUN_ID='scheduled__2024-06-30T00:00:00+00:00'
[2025-03-17T00:47:10.845+0000] {logging_mixin.py:190} INFO - Task instance is in running state
[2025-03-17T00:47:10.846+0000] {logging_mixin.py:190} INFO -  Previous state of the Task instance: queued
[2025-03-17T00:47:10.892+0000] {logging_mixin.py:190} INFO - Current task name:dbt_run state:running start_date:2025-03-17 00:47:08.216600+00:00
[2025-03-17T00:47:10.894+0000] {logging_mixin.py:190} INFO - Dag name:load_reviews_pipeline and current dag run status:running
[2025-03-17T00:47:10.924+0000] {taskinstance.py:732} INFO - ::endgroup::
[2025-03-17T00:47:10.956+0000] {subprocess.py:78} INFO - Tmp dir root location: /tmp
[2025-03-17T00:47:10.989+0000] {subprocess.py:88} INFO - Running command: ['/usr/bin/bash', '-c', 'cd /home/mohammed/.dbt/bank_reviews_project && dbt run']
[2025-03-17T00:47:11.162+0000] {subprocess.py:99} INFO - Output:
[2025-03-17T00:47:44.557+0000] {subprocess.py:106} INFO - [0m00:47:44  Running with dbt=1.9.3
[2025-03-17T00:47:52.251+0000] {subprocess.py:106} INFO - [0m00:47:52  Registered adapter: postgres=1.9.0
[2025-03-17T00:48:05.913+0000] {subprocess.py:106} INFO - [0m00:48:05  Found 11 models, 4 data tests, 2 sources, 433 macros
[2025-03-17T00:48:05.967+0000] {subprocess.py:106} INFO - [0m00:48:05
[2025-03-17T00:48:05.971+0000] {subprocess.py:106} INFO - [0m00:48:05  Concurrency: 4 threads (target='dev')
[2025-03-17T00:48:05.973+0000] {subprocess.py:106} INFO - [0m00:48:05
[2025-03-17T00:48:11.427+0000] {subprocess.py:106} INFO - [0m00:48:11  1 of 8 START sql view model public.clean_reviews ............................... [RUN]
[2025-03-17T00:48:11.482+0000] {subprocess.py:106} INFO - [0m00:48:11  4 of 8 START sql view model public.stg_clean_reviews ........................... [RUN]
[2025-03-17T00:48:11.528+0000] {subprocess.py:106} INFO - [0m00:48:11  2 of 8 START sql table model public.my_first_dbt_model ......................... [RUN]
[2025-03-17T00:48:11.530+0000] {subprocess.py:106} INFO - [0m00:48:11  3 of 8 START sql view model public.remove_duplicates ........................... [RUN]
[2025-03-17T00:48:14.908+0000] {subprocess.py:106} INFO - [0m00:48:14  1 of 8 OK created sql view model public.clean_reviews .......................... [[32mCREATE VIEW[0m in 3.39s]
[2025-03-17T00:48:14.914+0000] {subprocess.py:106} INFO - [0m00:48:14  4 of 8 OK created sql view model public.stg_clean_reviews ...................... [[32mCREATE VIEW[0m in 3.36s]
[2025-03-17T00:48:14.918+0000] {subprocess.py:106} INFO - [0m00:48:14  3 of 8 OK created sql view model public.remove_duplicates ...................... [[32mCREATE VIEW[0m in 3.33s]
[2025-03-17T00:48:14.955+0000] {subprocess.py:106} INFO - [0m00:48:14  5 of 8 START sql view model public.dim_bank .................................... [RUN]
[2025-03-17T00:48:14.959+0000] {subprocess.py:106} INFO - [0m00:48:14  6 of 8 START sql view model public.dwh_model ................................... [RUN]
[2025-03-17T00:48:15.026+0000] {subprocess.py:106} INFO - [0m00:48:15  2 of 8 OK created sql table model public.my_first_dbt_model .................... [[32mSELECT 2[0m in 3.44s]
[2025-03-17T00:48:15.071+0000] {subprocess.py:106} INFO - [0m00:48:15  7 of 8 START sql view model public.my_second_dbt_model ......................... [RUN]
[2025-03-17T00:48:15.398+0000] {subprocess.py:106} INFO - [0m00:48:15  5 of 8 ERROR creating sql view model public.dim_bank ........................... [[31mERROR[0m in 0.43s]
[2025-03-17T00:48:15.449+0000] {subprocess.py:106} INFO - [0m00:48:15  8 of 8 SKIP relation public.fact_reviews ....................................... [[33mSKIP[0m]
[2025-03-17T00:48:16.147+0000] {subprocess.py:106} INFO - [0m00:48:16  6 of 8 OK created sql view model public.dwh_model .............................. [[32mCREATE VIEW[0m in 1.18s]
[2025-03-17T00:48:16.204+0000] {subprocess.py:106} INFO - [0m00:48:16  7 of 8 OK created sql view model public.my_second_dbt_model .................... [[32mCREATE VIEW[0m in 1.11s]
[2025-03-17T00:48:16.448+0000] {subprocess.py:106} INFO - [0m00:48:16
[2025-03-17T00:48:16.464+0000] {subprocess.py:106} INFO - [0m00:48:16  Finished running 1 table model, 7 view models in 0 hours 0 minutes and 10.46 seconds (10.46s).
[2025-03-17T00:48:17.044+0000] {subprocess.py:106} INFO - [0m00:48:17
[2025-03-17T00:48:17.079+0000] {subprocess.py:106} INFO - [0m00:48:17  [31mCompleted with 1 error, 0 partial successes, and 0 warnings:[0m
[2025-03-17T00:48:17.081+0000] {subprocess.py:106} INFO - [0m00:48:17
[2025-03-17T00:48:17.096+0000] {subprocess.py:106} INFO - [0m00:48:17    Database Error in model dim_bank (models/dim_bank.sql)
[2025-03-17T00:48:17.098+0000] {subprocess.py:106} INFO -   syntax error at or near ";"
[2025-03-17T00:48:17.100+0000] {subprocess.py:106} INFO -   LINE 7: ... FROM "project_data_wherhouse"."public"."stg_clean_reviews";
[2025-03-17T00:48:17.102+0000] {subprocess.py:106} INFO -                                                                         ^
[2025-03-17T00:48:17.103+0000] {subprocess.py:106} INFO -   compiled code at target/run/bank_reviews_project/models/dim_bank.sql
[2025-03-17T00:48:17.115+0000] {subprocess.py:106} INFO - [0m00:48:17
[2025-03-17T00:48:17.153+0000] {subprocess.py:106} INFO - [0m00:48:17  Done. PASS=6 WARN=0 ERROR=1 SKIP=1 TOTAL=8
[2025-03-17T00:48:22.491+0000] {subprocess.py:110} INFO - Command exited with return code 1
[2025-03-17T00:48:23.299+0000] {taskinstance.py:3313} ERROR - Task failed with exception
Traceback (most recent call last):
  File "/home/mohammed/venv/lib/python3.11/site-packages/airflow/models/taskinstance.py", line 768, in _execute_task
    result = _execute_callable(context=context, **execute_callable_kwargs)
             ^^^^^^^^^^^^^^^^^^^^^^^^^^^^^^^^^^^^^^^^^^^^^^^^^^^^^^^^^^^^^
  File "/home/mohammed/venv/lib/python3.11/site-packages/airflow/models/taskinstance.py", line 734, in _execute_callable
    return ExecutionCallableRunner(
           ^^^^^^^^^^^^^^^^^^^^^^^^
  File "/home/mohammed/venv/lib/python3.11/site-packages/airflow/utils/operator_helpers.py", line 252, in run
    return self.func(*args, **kwargs)
           ^^^^^^^^^^^^^^^^^^^^^^^^^^
  File "/home/mohammed/venv/lib/python3.11/site-packages/airflow/models/baseoperator.py", line 424, in wrapper
    return func(self, *args, **kwargs)
           ^^^^^^^^^^^^^^^^^^^^^^^^^^^
  File "/home/mohammed/venv/lib/python3.11/site-packages/airflow/operators/bash.py", line 276, in execute
    raise AirflowException(
airflow.exceptions.AirflowException: Bash command failed. The command returned a non-zero exit code 1.
[2025-03-17T00:48:23.426+0000] {logging_mixin.py:190} INFO - Task instance in failure state
[2025-03-17T00:48:23.428+0000] {logging_mixin.py:190} INFO - Task start:2025-03-17 00:47:08.216600+00:00 end:2025-03-17 00:48:23.398561+00:00 duration:75.181961
[2025-03-17T00:48:23.431+0000] {logging_mixin.py:190} INFO - Task:<Task(BashOperator): dbt_run> dag:<DAG: load_reviews_pipeline> dagrun:<DagRun load_reviews_pipeline @ 2024-06-30 00:00:00+00:00: scheduled__2024-06-30T00:00:00+00:00, state:running, queued_at: 2025-03-17 00:41:44.611781+00:00. externally triggered: False>
[2025-03-17T00:48:23.432+0000] {logging_mixin.py:190} INFO - Failure caused by Bash command failed. The command returned a non-zero exit code 1.
[2025-03-17T00:48:23.434+0000] {taskinstance.py:1226} INFO - Marking task as FAILED. dag_id=load_reviews_pipeline, task_id=dbt_run, run_id=scheduled__2024-06-30T00:00:00+00:00, execution_date=20240630T000000, start_date=20250317T004708, end_date=20250317T004823
[2025-03-17T00:48:24.041+0000] {taskinstance.py:341} INFO - ::group::Post task execution logs
[2025-03-17T00:48:24.074+0000] {standard_task_runner.py:124} ERROR - Failed to execute job 344 for task dbt_run (Bash command failed. The command returned a non-zero exit code 1.; 282960)
Traceback (most recent call last):
  File "/home/mohammed/venv/lib/python3.11/site-packages/airflow/task/task_runner/standard_task_runner.py", line 117, in _start_by_fork
    ret = args.func(args, dag=self.dag)
          ^^^^^^^^^^^^^^^^^^^^^^^^^^^^^
  File "/home/mohammed/venv/lib/python3.11/site-packages/airflow/cli/cli_config.py", line 49, in command
    return func(*args, **kwargs)
           ^^^^^^^^^^^^^^^^^^^^^
  File "/home/mohammed/venv/lib/python3.11/site-packages/airflow/utils/cli.py", line 116, in wrapper
    return f(*args, **kwargs)
           ^^^^^^^^^^^^^^^^^^
  File "/home/mohammed/venv/lib/python3.11/site-packages/airflow/cli/commands/task_command.py", line 483, in task_run
    task_return_code = _run_task_by_selected_method(args, _dag, ti)
                       ^^^^^^^^^^^^^^^^^^^^^^^^^^^^^^^^^^^^^^^^^^^^
  File "/home/mohammed/venv/lib/python3.11/site-packages/airflow/cli/commands/task_command.py", line 256, in _run_task_by_selected_method
    return _run_raw_task(args, ti)
           ^^^^^^^^^^^^^^^^^^^^^^^
  File "/home/mohammed/venv/lib/python3.11/site-packages/airflow/cli/commands/task_command.py", line 341, in _run_raw_task
    return ti._run_raw_task(
           ^^^^^^^^^^^^^^^^^
  File "/home/mohammed/venv/lib/python3.11/site-packages/airflow/utils/session.py", line 97, in wrapper
    return func(*args, session=session, **kwargs)
           ^^^^^^^^^^^^^^^^^^^^^^^^^^^^^^^^^^^^^^
  File "/home/mohammed/venv/lib/python3.11/site-packages/airflow/models/taskinstance.py", line 3006, in _run_raw_task
    return _run_raw_task(
           ^^^^^^^^^^^^^^
  File "/home/mohammed/venv/lib/python3.11/site-packages/airflow/models/taskinstance.py", line 274, in _run_raw_task
    TaskInstance._execute_task_with_callbacks(
  File "/home/mohammed/venv/lib/python3.11/site-packages/airflow/models/taskinstance.py", line 3161, in _execute_task_with_callbacks
    result = self._execute_task(context, task_orig)
             ^^^^^^^^^^^^^^^^^^^^^^^^^^^^^^^^^^^^^^
  File "/home/mohammed/venv/lib/python3.11/site-packages/airflow/models/taskinstance.py", line 3185, in _execute_task
    return _execute_task(self, context, task_orig)
           ^^^^^^^^^^^^^^^^^^^^^^^^^^^^^^^^^^^^^^^
  File "/home/mohammed/venv/lib/python3.11/site-packages/airflow/models/taskinstance.py", line 768, in _execute_task
    result = _execute_callable(context=context, **execute_callable_kwargs)
             ^^^^^^^^^^^^^^^^^^^^^^^^^^^^^^^^^^^^^^^^^^^^^^^^^^^^^^^^^^^^^
  File "/home/mohammed/venv/lib/python3.11/site-packages/airflow/models/taskinstance.py", line 734, in _execute_callable
    return ExecutionCallableRunner(
           ^^^^^^^^^^^^^^^^^^^^^^^^
  File "/home/mohammed/venv/lib/python3.11/site-packages/airflow/utils/operator_helpers.py", line 252, in run
    return self.func(*args, **kwargs)
           ^^^^^^^^^^^^^^^^^^^^^^^^^^
  File "/home/mohammed/venv/lib/python3.11/site-packages/airflow/models/baseoperator.py", line 424, in wrapper
    return func(self, *args, **kwargs)
           ^^^^^^^^^^^^^^^^^^^^^^^^^^^
  File "/home/mohammed/venv/lib/python3.11/site-packages/airflow/operators/bash.py", line 276, in execute
    raise AirflowException(
airflow.exceptions.AirflowException: Bash command failed. The command returned a non-zero exit code 1.
[2025-03-17T00:48:24.210+0000] {local_task_job_runner.py:266} INFO - Task exited with return code 1
[2025-03-17T00:48:24.521+0000] {local_task_job_runner.py:245} INFO - ::endgroup::
