[2025-03-17T00:07:35.046+0000] {local_task_job_runner.py:123} INFO - ::group::Pre task execution logs
[2025-03-17T00:07:35.575+0000] {taskinstance.py:2614} INFO - Dependencies all met for dep_context=non-requeueable deps ti=<TaskInstance: load_reviews_pipeline.dbt_run scheduled__2024-03-28T00:00:00+00:00 [queued]>
[2025-03-17T00:07:35.773+0000] {taskinstance.py:2614} INFO - Dependencies all met for dep_context=requeueable deps ti=<TaskInstance: load_reviews_pipeline.dbt_run scheduled__2024-03-28T00:00:00+00:00 [queued]>
[2025-03-17T00:07:35.774+0000] {taskinstance.py:2867} INFO - Starting attempt 2 of 2
[2025-03-17T00:07:36.005+0000] {taskinstance.py:2890} INFO - Executing <Task(BashOperator): dbt_run> on 2024-03-28 00:00:00+00:00
[2025-03-17T00:07:36.101+0000] {standard_task_runner.py:72} INFO - Started process 244609 to run task
[2025-03-17T00:07:36.291+0000] {standard_task_runner.py:104} INFO - Running: ['airflow', 'tasks', 'run', 'load_reviews_pipeline', 'dbt_run', 'scheduled__2024-03-28T00:00:00+00:00', '--job-id', '129', '--raw', '--subdir', 'DAGS_FOLDER/dag_load_reviews.py', '--cfg-path', '/tmp/tmprmz9mbyz']
[2025-03-17T00:07:36.293+0000] {standard_task_runner.py:105} INFO - Job 129: Subtask dbt_run
[2025-03-17T00:07:37.126+0000] {task_command.py:467} INFO - Running <TaskInstance: load_reviews_pipeline.dbt_run scheduled__2024-03-28T00:00:00+00:00 [running]> on host DESKTOP-IM7V4RI.
[2025-03-17T00:07:38.082+0000] {taskinstance.py:3134} INFO - Exporting env vars: AIRFLOW_CTX_DAG_OWNER='mohammed' AIRFLOW_CTX_DAG_ID='load_reviews_pipeline' AIRFLOW_CTX_TASK_ID='dbt_run' AIRFLOW_CTX_EXECUTION_DATE='2024-03-28T00:00:00+00:00' AIRFLOW_CTX_TRY_NUMBER='2' AIRFLOW_CTX_DAG_RUN_ID='scheduled__2024-03-28T00:00:00+00:00'
[2025-03-17T00:07:38.092+0000] {logging_mixin.py:190} INFO - Task instance is in running state
[2025-03-17T00:07:38.113+0000] {logging_mixin.py:190} INFO -  Previous state of the Task instance: queued
[2025-03-17T00:07:38.114+0000] {logging_mixin.py:190} INFO - Current task name:dbt_run state:running start_date:2025-03-17 00:07:35.576015+00:00
[2025-03-17T00:07:38.115+0000] {logging_mixin.py:190} INFO - Dag name:load_reviews_pipeline and current dag run status:running
[2025-03-17T00:07:38.115+0000] {taskinstance.py:732} INFO - ::endgroup::
[2025-03-17T00:07:38.146+0000] {subprocess.py:78} INFO - Tmp dir root location: /tmp
[2025-03-17T00:07:38.151+0000] {subprocess.py:88} INFO - Running command: ['/usr/bin/bash', '-c', 'cd /home/mohammed/.dbt/bank_reviews_project && dbt run']
[2025-03-17T00:07:38.353+0000] {subprocess.py:99} INFO - Output:
[2025-03-17T00:08:23.501+0000] {subprocess.py:106} INFO - [0m00:08:23  Running with dbt=1.9.3
[2025-03-17T00:08:35.513+0000] {subprocess.py:106} INFO - [0m00:08:35  Registered adapter: postgres=1.9.0
[2025-03-17T00:08:35.741+0000] {job.py:229} INFO - Heartbeat recovered after 14.93 seconds
[2025-03-17T00:09:00.342+0000] {subprocess.py:106} INFO - [0m00:09:00  Encountered an error:
[2025-03-17T00:09:00.646+0000] {subprocess.py:106} INFO - Compilation Error
[2025-03-17T00:09:00.647+0000] {subprocess.py:106} INFO -   Model 'model.bank_reviews_project.stg_clean_reviews' (models/stg_clean_reviews.sql) depends on a source named 'bank_reviews_project.clean_reviews_enriched' which was not found
[2025-03-17T00:09:17.053+0000] {job.py:229} INFO - Heartbeat recovered after 34.82 seconds
[2025-03-17T00:09:30.571+0000] {subprocess.py:110} INFO - Command exited with return code 2
[2025-03-17T00:09:32.185+0000] {job.py:229} INFO - Heartbeat recovered after 15.36 seconds
[2025-03-17T00:09:32.307+0000] {taskinstance.py:3313} ERROR - Task failed with exception
Traceback (most recent call last):
  File "/home/mohammed/venv/lib/python3.11/site-packages/airflow/models/taskinstance.py", line 768, in _execute_task
    result = _execute_callable(context=context, **execute_callable_kwargs)
             ^^^^^^^^^^^^^^^^^^^^^^^^^^^^^^^^^^^^^^^^^^^^^^^^^^^^^^^^^^^^^
  File "/home/mohammed/venv/lib/python3.11/site-packages/airflow/models/taskinstance.py", line 734, in _execute_callable
    return ExecutionCallableRunner(
           ^^^^^^^^^^^^^^^^^^^^^^^^
  File "/home/mohammed/venv/lib/python3.11/site-packages/airflow/utils/operator_helpers.py", line 252, in run
    return self.func(*args, **kwargs)
           ^^^^^^^^^^^^^^^^^^^^^^^^^^
  File "/home/mohammed/venv/lib/python3.11/site-packages/airflow/models/baseoperator.py", line 424, in wrapper
    return func(self, *args, **kwargs)
           ^^^^^^^^^^^^^^^^^^^^^^^^^^^
  File "/home/mohammed/venv/lib/python3.11/site-packages/airflow/operators/bash.py", line 276, in execute
    raise AirflowException(
airflow.exceptions.AirflowException: Bash command failed. The command returned a non-zero exit code 2.
[2025-03-17T00:09:32.765+0000] {logging_mixin.py:190} INFO - Task instance in failure state
[2025-03-17T00:09:32.778+0000] {logging_mixin.py:190} INFO - Task start:2025-03-17 00:07:35.576015+00:00 end:2025-03-17 00:09:32.529010+00:00 duration:116.952995
[2025-03-17T00:09:32.815+0000] {logging_mixin.py:190} INFO - Task:<Task(BashOperator): dbt_run> dag:<DAG: load_reviews_pipeline> dagrun:<DagRun load_reviews_pipeline @ 2024-03-28 00:00:00+00:00: scheduled__2024-03-28T00:00:00+00:00, state:running, queued_at: 2025-03-16 23:59:41.825364+00:00. externally triggered: False>
[2025-03-17T00:09:32.857+0000] {logging_mixin.py:190} INFO - Failure caused by Bash command failed. The command returned a non-zero exit code 2.
[2025-03-17T00:09:32.862+0000] {taskinstance.py:1226} INFO - Marking task as FAILED. dag_id=load_reviews_pipeline, task_id=dbt_run, run_id=scheduled__2024-03-28T00:00:00+00:00, execution_date=20240328T000000, start_date=20250317T000735, end_date=20250317T000932
[2025-03-17T00:09:33.913+0000] {taskinstance.py:341} INFO - ::group::Post task execution logs
[2025-03-17T00:09:33.941+0000] {standard_task_runner.py:124} ERROR - Failed to execute job 129 for task dbt_run (Bash command failed. The command returned a non-zero exit code 2.; 244609)
Traceback (most recent call last):
  File "/home/mohammed/venv/lib/python3.11/site-packages/airflow/task/task_runner/standard_task_runner.py", line 117, in _start_by_fork
    ret = args.func(args, dag=self.dag)
          ^^^^^^^^^^^^^^^^^^^^^^^^^^^^^
  File "/home/mohammed/venv/lib/python3.11/site-packages/airflow/cli/cli_config.py", line 49, in command
    return func(*args, **kwargs)
           ^^^^^^^^^^^^^^^^^^^^^
  File "/home/mohammed/venv/lib/python3.11/site-packages/airflow/utils/cli.py", line 116, in wrapper
    return f(*args, **kwargs)
           ^^^^^^^^^^^^^^^^^^
  File "/home/mohammed/venv/lib/python3.11/site-packages/airflow/cli/commands/task_command.py", line 483, in task_run
    task_return_code = _run_task_by_selected_method(args, _dag, ti)
                       ^^^^^^^^^^^^^^^^^^^^^^^^^^^^^^^^^^^^^^^^^^^^
  File "/home/mohammed/venv/lib/python3.11/site-packages/airflow/cli/commands/task_command.py", line 256, in _run_task_by_selected_method
    return _run_raw_task(args, ti)
           ^^^^^^^^^^^^^^^^^^^^^^^
  File "/home/mohammed/venv/lib/python3.11/site-packages/airflow/cli/commands/task_command.py", line 341, in _run_raw_task
    return ti._run_raw_task(
           ^^^^^^^^^^^^^^^^^
  File "/home/mohammed/venv/lib/python3.11/site-packages/airflow/utils/session.py", line 97, in wrapper
    return func(*args, session=session, **kwargs)
           ^^^^^^^^^^^^^^^^^^^^^^^^^^^^^^^^^^^^^^
  File "/home/mohammed/venv/lib/python3.11/site-packages/airflow/models/taskinstance.py", line 3006, in _run_raw_task
    return _run_raw_task(
           ^^^^^^^^^^^^^^
  File "/home/mohammed/venv/lib/python3.11/site-packages/airflow/models/taskinstance.py", line 274, in _run_raw_task
    TaskInstance._execute_task_with_callbacks(
  File "/home/mohammed/venv/lib/python3.11/site-packages/airflow/models/taskinstance.py", line 3161, in _execute_task_with_callbacks
    result = self._execute_task(context, task_orig)
             ^^^^^^^^^^^^^^^^^^^^^^^^^^^^^^^^^^^^^^
  File "/home/mohammed/venv/lib/python3.11/site-packages/airflow/models/taskinstance.py", line 3185, in _execute_task
    return _execute_task(self, context, task_orig)
           ^^^^^^^^^^^^^^^^^^^^^^^^^^^^^^^^^^^^^^^
  File "/home/mohammed/venv/lib/python3.11/site-packages/airflow/models/taskinstance.py", line 768, in _execute_task
    result = _execute_callable(context=context, **execute_callable_kwargs)
             ^^^^^^^^^^^^^^^^^^^^^^^^^^^^^^^^^^^^^^^^^^^^^^^^^^^^^^^^^^^^^
  File "/home/mohammed/venv/lib/python3.11/site-packages/airflow/models/taskinstance.py", line 734, in _execute_callable
    return ExecutionCallableRunner(
           ^^^^^^^^^^^^^^^^^^^^^^^^
  File "/home/mohammed/venv/lib/python3.11/site-packages/airflow/utils/operator_helpers.py", line 252, in run
    return self.func(*args, **kwargs)
           ^^^^^^^^^^^^^^^^^^^^^^^^^^
  File "/home/mohammed/venv/lib/python3.11/site-packages/airflow/models/baseoperator.py", line 424, in wrapper
    return func(self, *args, **kwargs)
           ^^^^^^^^^^^^^^^^^^^^^^^^^^^
  File "/home/mohammed/venv/lib/python3.11/site-packages/airflow/operators/bash.py", line 276, in execute
    raise AirflowException(
airflow.exceptions.AirflowException: Bash command failed. The command returned a non-zero exit code 2.
[2025-03-17T00:09:34.089+0000] {local_task_job_runner.py:266} INFO - Task exited with return code 1
[2025-03-17T00:09:34.962+0000] {taskinstance.py:3901} INFO - 0 downstream tasks scheduled from follow-on schedule check
[2025-03-17T00:09:34.980+0000] {local_task_job_runner.py:245} INFO - ::endgroup::
[2025-03-17T00:09:35.021+0000] {standard_task_runner.py:217} INFO - Process not found (most likely exited), stop collecting metrics
