[2025-03-17T00:39:58.990+0000] {local_task_job_runner.py:123} INFO - ::group::Pre task execution logs
[2025-03-17T00:39:59.125+0000] {taskinstance.py:2614} INFO - Dependencies all met for dep_context=non-requeueable deps ti=<TaskInstance: load_reviews_pipeline.dbt_run scheduled__2024-05-29T00:00:00+00:00 [queued]>
[2025-03-17T00:39:59.147+0000] {taskinstance.py:2614} INFO - Dependencies all met for dep_context=requeueable deps ti=<TaskInstance: load_reviews_pipeline.dbt_run scheduled__2024-05-29T00:00:00+00:00 [queued]>
[2025-03-17T00:39:59.148+0000] {taskinstance.py:2867} INFO - Starting attempt 2 of 2
[2025-03-17T00:39:59.192+0000] {taskinstance.py:2890} INFO - Executing <Task(BashOperator): dbt_run> on 2024-05-29 00:00:00+00:00
[2025-03-17T00:39:59.221+0000] {standard_task_runner.py:72} INFO - Started process 273101 to run task
[2025-03-17T00:39:59.249+0000] {standard_task_runner.py:104} INFO - Running: ['airflow', 'tasks', 'run', 'load_reviews_pipeline', 'dbt_run', 'scheduled__2024-05-29T00:00:00+00:00', '--job-id', '280', '--raw', '--subdir', 'DAGS_FOLDER/dag_load_reviews.py', '--cfg-path', '/tmp/tmpex9ow453']
[2025-03-17T00:39:59.254+0000] {standard_task_runner.py:105} INFO - Job 280: Subtask dbt_run
[2025-03-17T00:39:59.874+0000] {task_command.py:467} INFO - Running <TaskInstance: load_reviews_pipeline.dbt_run scheduled__2024-05-29T00:00:00+00:00 [running]> on host DESKTOP-IM7V4RI.
[2025-03-17T00:40:00.525+0000] {taskinstance.py:3134} INFO - Exporting env vars: AIRFLOW_CTX_DAG_OWNER='mohammed' AIRFLOW_CTX_DAG_ID='load_reviews_pipeline' AIRFLOW_CTX_TASK_ID='dbt_run' AIRFLOW_CTX_EXECUTION_DATE='2024-05-29T00:00:00+00:00' AIRFLOW_CTX_TRY_NUMBER='2' AIRFLOW_CTX_DAG_RUN_ID='scheduled__2024-05-29T00:00:00+00:00'
[2025-03-17T00:40:00.528+0000] {logging_mixin.py:190} INFO - Task instance is in running state
[2025-03-17T00:40:00.529+0000] {logging_mixin.py:190} INFO -  Previous state of the Task instance: queued
[2025-03-17T00:40:00.530+0000] {logging_mixin.py:190} INFO - Current task name:dbt_run state:running start_date:2025-03-17 00:39:59.125891+00:00
[2025-03-17T00:40:00.531+0000] {logging_mixin.py:190} INFO - Dag name:load_reviews_pipeline and current dag run status:running
[2025-03-17T00:40:00.531+0000] {taskinstance.py:732} INFO - ::endgroup::
[2025-03-17T00:40:00.570+0000] {subprocess.py:78} INFO - Tmp dir root location: /tmp
[2025-03-17T00:40:00.573+0000] {subprocess.py:88} INFO - Running command: ['/usr/bin/bash', '-c', 'cd /home/mohammed/.dbt/bank_reviews_project && dbt run']
[2025-03-17T00:40:00.648+0000] {subprocess.py:99} INFO - Output:
[2025-03-17T00:40:14.895+0000] {subprocess.py:106} INFO - [0m00:40:14  Running with dbt=1.9.3
[2025-03-17T00:40:16.473+0000] {subprocess.py:106} INFO - [0m00:40:16  Registered adapter: postgres=1.9.0
[2025-03-17T00:40:18.940+0000] {subprocess.py:106} INFO - [0m00:40:18  Found 6 models, 4 data tests, 2 sources, 433 macros
[2025-03-17T00:40:18.958+0000] {subprocess.py:106} INFO - [0m00:40:18
[2025-03-17T00:40:18.973+0000] {subprocess.py:106} INFO - [0m00:40:18  Concurrency: 4 threads (target='dev')
[2025-03-17T00:40:18.976+0000] {subprocess.py:106} INFO - [0m00:40:18
[2025-03-17T00:40:20.365+0000] {subprocess.py:106} INFO - [0m00:40:20  1 of 6 START sql view model public.clean_reviews ............................... [RUN]
[2025-03-17T00:40:20.371+0000] {subprocess.py:106} INFO - [0m00:40:20  2 of 6 START sql table model public.my_first_dbt_model ......................... [RUN]
[2025-03-17T00:40:20.378+0000] {subprocess.py:106} INFO - [0m00:40:20  3 of 6 START sql view model public.remove_duplicates ........................... [RUN]
[2025-03-17T00:40:20.383+0000] {subprocess.py:106} INFO - [0m00:40:20  4 of 6 START sql view model public.stg_clean_reviews ........................... [RUN]
[2025-03-17T00:40:21.267+0000] {subprocess.py:106} INFO - [0m00:40:21  1 of 6 ERROR creating sql view model public.clean_reviews ...................... [[31mERROR[0m in 0.88s]
[2025-03-17T00:40:21.271+0000] {subprocess.py:106} INFO - [0m00:40:21  3 of 6 ERROR creating sql view model public.remove_duplicates .................. [[31mERROR[0m in 0.86s]
[2025-03-17T00:40:21.335+0000] {subprocess.py:106} INFO - [0m00:40:21  4 of 6 ERROR creating sql view model public.stg_clean_reviews .................. [[31mERROR[0m in 0.94s]
[2025-03-17T00:40:21.346+0000] {subprocess.py:106} INFO - [0m00:40:21  2 of 6 ERROR creating sql table model public.my_first_dbt_model ................ [[31mERROR[0m in 0.96s]
[2025-03-17T00:40:21.361+0000] {subprocess.py:106} INFO - [0m00:40:21  5 of 6 SKIP relation public.dwh_model .......................................... [[33mSKIP[0m]
[2025-03-17T00:40:21.373+0000] {subprocess.py:106} INFO - [0m00:40:21  6 of 6 SKIP relation public.my_second_dbt_model ................................ [[33mSKIP[0m]
[2025-03-17T00:40:21.449+0000] {subprocess.py:106} INFO - [0m00:40:21
[2025-03-17T00:40:21.450+0000] {subprocess.py:106} INFO - [0m00:40:21  Finished running 1 table model, 5 view models in 0 hours 0 minutes and 2.47 seconds (2.47s).
[2025-03-17T00:40:21.840+0000] {subprocess.py:106} INFO - [0m00:40:21
[2025-03-17T00:40:21.872+0000] {subprocess.py:106} INFO - [0m00:40:21  [31mCompleted with 4 errors, 0 partial successes, and 0 warnings:[0m
[2025-03-17T00:40:21.872+0000] {subprocess.py:106} INFO - [0m00:40:21
[2025-03-17T00:40:21.873+0000] {subprocess.py:106} INFO - [0m00:40:21    Database Error in model clean_reviews (models/clean_reviews.sql)
[2025-03-17T00:40:21.874+0000] {subprocess.py:106} INFO -   relation "clean_reviews__dbt_backup" already exists
[2025-03-17T00:40:21.874+0000] {subprocess.py:106} INFO -   compiled code at target/run/bank_reviews_project/models/clean_reviews.sql
[2025-03-17T00:40:21.874+0000] {subprocess.py:106} INFO - [0m00:40:21
[2025-03-17T00:40:21.875+0000] {subprocess.py:106} INFO - [0m00:40:21    Database Error in model remove_duplicates (models/remove_duplicates.sql)
[2025-03-17T00:40:21.875+0000] {subprocess.py:106} INFO -   relation "remove_duplicates__dbt_backup" already exists
[2025-03-17T00:40:21.876+0000] {subprocess.py:106} INFO -   compiled code at target/run/bank_reviews_project/models/remove_duplicates.sql
[2025-03-17T00:40:21.876+0000] {subprocess.py:106} INFO - [0m00:40:21
[2025-03-17T00:40:21.877+0000] {subprocess.py:106} INFO - [0m00:40:21    Database Error in model stg_clean_reviews (models/stg_clean_reviews.sql)
[2025-03-17T00:40:21.877+0000] {subprocess.py:106} INFO -   relation "stg_clean_reviews__dbt_backup" already exists
[2025-03-17T00:40:21.877+0000] {subprocess.py:106} INFO -   compiled code at target/run/bank_reviews_project/models/stg_clean_reviews.sql
[2025-03-17T00:40:21.878+0000] {subprocess.py:106} INFO - [0m00:40:21
[2025-03-17T00:40:21.878+0000] {subprocess.py:106} INFO - [0m00:40:21    Database Error in model my_first_dbt_model (models/example/my_first_dbt_model.sql)
[2025-03-17T00:40:21.878+0000] {subprocess.py:106} INFO -   relation "my_first_dbt_model__dbt_backup" already exists
[2025-03-17T00:40:21.879+0000] {subprocess.py:106} INFO -   compiled code at target/run/bank_reviews_project/models/example/my_first_dbt_model.sql
[2025-03-17T00:40:21.879+0000] {subprocess.py:106} INFO - [0m00:40:21
[2025-03-17T00:40:21.880+0000] {subprocess.py:106} INFO - [0m00:40:21  Done. PASS=0 WARN=0 ERROR=4 SKIP=2 TOTAL=6
[2025-03-17T00:40:24.053+0000] {subprocess.py:110} INFO - Command exited with return code 1
[2025-03-17T00:40:24.169+0000] {taskinstance.py:3313} ERROR - Task failed with exception
Traceback (most recent call last):
  File "/home/mohammed/venv/lib/python3.11/site-packages/airflow/models/taskinstance.py", line 768, in _execute_task
    result = _execute_callable(context=context, **execute_callable_kwargs)
             ^^^^^^^^^^^^^^^^^^^^^^^^^^^^^^^^^^^^^^^^^^^^^^^^^^^^^^^^^^^^^
  File "/home/mohammed/venv/lib/python3.11/site-packages/airflow/models/taskinstance.py", line 734, in _execute_callable
    return ExecutionCallableRunner(
           ^^^^^^^^^^^^^^^^^^^^^^^^
  File "/home/mohammed/venv/lib/python3.11/site-packages/airflow/utils/operator_helpers.py", line 252, in run
    return self.func(*args, **kwargs)
           ^^^^^^^^^^^^^^^^^^^^^^^^^^
  File "/home/mohammed/venv/lib/python3.11/site-packages/airflow/models/baseoperator.py", line 424, in wrapper
    return func(self, *args, **kwargs)
           ^^^^^^^^^^^^^^^^^^^^^^^^^^^
  File "/home/mohammed/venv/lib/python3.11/site-packages/airflow/operators/bash.py", line 276, in execute
    raise AirflowException(
airflow.exceptions.AirflowException: Bash command failed. The command returned a non-zero exit code 1.
[2025-03-17T00:40:24.187+0000] {logging_mixin.py:190} INFO - Task instance in failure state
[2025-03-17T00:40:24.189+0000] {logging_mixin.py:190} INFO - Task start:2025-03-17 00:39:59.125891+00:00 end:2025-03-17 00:40:24.185621+00:00 duration:25.05973
[2025-03-17T00:40:24.190+0000] {logging_mixin.py:190} INFO - Task:<Task(BashOperator): dbt_run> dag:<DAG: load_reviews_pipeline> dagrun:<DagRun load_reviews_pipeline @ 2024-05-29 00:00:00+00:00: scheduled__2024-05-29T00:00:00+00:00, state:running, queued_at: 2025-03-17 00:33:50.090393+00:00. externally triggered: False>
[2025-03-17T00:40:24.192+0000] {logging_mixin.py:190} INFO - Failure caused by Bash command failed. The command returned a non-zero exit code 1.
[2025-03-17T00:40:24.194+0000] {taskinstance.py:1226} INFO - Marking task as FAILED. dag_id=load_reviews_pipeline, task_id=dbt_run, run_id=scheduled__2024-05-29T00:00:00+00:00, execution_date=20240529T000000, start_date=20250317T003959, end_date=20250317T004024
[2025-03-17T00:40:24.883+0000] {taskinstance.py:341} INFO - ::group::Post task execution logs
[2025-03-17T00:40:24.886+0000] {standard_task_runner.py:124} ERROR - Failed to execute job 280 for task dbt_run (Bash command failed. The command returned a non-zero exit code 1.; 273101)
Traceback (most recent call last):
  File "/home/mohammed/venv/lib/python3.11/site-packages/airflow/task/task_runner/standard_task_runner.py", line 117, in _start_by_fork
    ret = args.func(args, dag=self.dag)
          ^^^^^^^^^^^^^^^^^^^^^^^^^^^^^
  File "/home/mohammed/venv/lib/python3.11/site-packages/airflow/cli/cli_config.py", line 49, in command
    return func(*args, **kwargs)
           ^^^^^^^^^^^^^^^^^^^^^
  File "/home/mohammed/venv/lib/python3.11/site-packages/airflow/utils/cli.py", line 116, in wrapper
    return f(*args, **kwargs)
           ^^^^^^^^^^^^^^^^^^
  File "/home/mohammed/venv/lib/python3.11/site-packages/airflow/cli/commands/task_command.py", line 483, in task_run
    task_return_code = _run_task_by_selected_method(args, _dag, ti)
                       ^^^^^^^^^^^^^^^^^^^^^^^^^^^^^^^^^^^^^^^^^^^^
  File "/home/mohammed/venv/lib/python3.11/site-packages/airflow/cli/commands/task_command.py", line 256, in _run_task_by_selected_method
    return _run_raw_task(args, ti)
           ^^^^^^^^^^^^^^^^^^^^^^^
  File "/home/mohammed/venv/lib/python3.11/site-packages/airflow/cli/commands/task_command.py", line 341, in _run_raw_task
    return ti._run_raw_task(
           ^^^^^^^^^^^^^^^^^
  File "/home/mohammed/venv/lib/python3.11/site-packages/airflow/utils/session.py", line 97, in wrapper
    return func(*args, session=session, **kwargs)
           ^^^^^^^^^^^^^^^^^^^^^^^^^^^^^^^^^^^^^^
  File "/home/mohammed/venv/lib/python3.11/site-packages/airflow/models/taskinstance.py", line 3006, in _run_raw_task
    return _run_raw_task(
           ^^^^^^^^^^^^^^
  File "/home/mohammed/venv/lib/python3.11/site-packages/airflow/models/taskinstance.py", line 274, in _run_raw_task
    TaskInstance._execute_task_with_callbacks(
  File "/home/mohammed/venv/lib/python3.11/site-packages/airflow/models/taskinstance.py", line 3161, in _execute_task_with_callbacks
    result = self._execute_task(context, task_orig)
             ^^^^^^^^^^^^^^^^^^^^^^^^^^^^^^^^^^^^^^
  File "/home/mohammed/venv/lib/python3.11/site-packages/airflow/models/taskinstance.py", line 3185, in _execute_task
    return _execute_task(self, context, task_orig)
           ^^^^^^^^^^^^^^^^^^^^^^^^^^^^^^^^^^^^^^^
  File "/home/mohammed/venv/lib/python3.11/site-packages/airflow/models/taskinstance.py", line 768, in _execute_task
    result = _execute_callable(context=context, **execute_callable_kwargs)
             ^^^^^^^^^^^^^^^^^^^^^^^^^^^^^^^^^^^^^^^^^^^^^^^^^^^^^^^^^^^^^
  File "/home/mohammed/venv/lib/python3.11/site-packages/airflow/models/taskinstance.py", line 734, in _execute_callable
    return ExecutionCallableRunner(
           ^^^^^^^^^^^^^^^^^^^^^^^^
  File "/home/mohammed/venv/lib/python3.11/site-packages/airflow/utils/operator_helpers.py", line 252, in run
    return self.func(*args, **kwargs)
           ^^^^^^^^^^^^^^^^^^^^^^^^^^
  File "/home/mohammed/venv/lib/python3.11/site-packages/airflow/models/baseoperator.py", line 424, in wrapper
    return func(self, *args, **kwargs)
           ^^^^^^^^^^^^^^^^^^^^^^^^^^^
  File "/home/mohammed/venv/lib/python3.11/site-packages/airflow/operators/bash.py", line 276, in execute
    raise AirflowException(
airflow.exceptions.AirflowException: Bash command failed. The command returned a non-zero exit code 1.
[2025-03-17T00:40:24.993+0000] {local_task_job_runner.py:266} INFO - Task exited with return code 1
[2025-03-17T00:40:25.183+0000] {taskinstance.py:3901} INFO - 0 downstream tasks scheduled from follow-on schedule check
[2025-03-17T00:40:25.243+0000] {local_task_job_runner.py:245} INFO - ::endgroup::
