[2025-03-17T00:47:24.545+0000] {local_task_job_runner.py:123} INFO - ::group::Pre task execution logs
[2025-03-17T00:47:25.000+0000] {taskinstance.py:2614} INFO - Dependencies all met for dep_context=non-requeueable deps ti=<TaskInstance: load_reviews_pipeline.dbt_run scheduled__2024-07-26T00:00:00+00:00 [queued]>
[2025-03-17T00:47:25.029+0000] {taskinstance.py:2614} INFO - Dependencies all met for dep_context=requeueable deps ti=<TaskInstance: load_reviews_pipeline.dbt_run scheduled__2024-07-26T00:00:00+00:00 [queued]>
[2025-03-17T00:47:25.030+0000] {taskinstance.py:2867} INFO - Starting attempt 1 of 2
[2025-03-17T00:47:25.144+0000] {taskinstance.py:2890} INFO - Executing <Task(BashOperator): dbt_run> on 2024-07-26 00:00:00+00:00
[2025-03-17T00:47:25.301+0000] {standard_task_runner.py:72} INFO - Started process 283388 to run task
[2025-03-17T00:47:25.538+0000] {standard_task_runner.py:104} INFO - Running: ['airflow', 'tasks', 'run', 'load_reviews_pipeline', 'dbt_run', 'scheduled__2024-07-26T00:00:00+00:00', '--job-id', '347', '--raw', '--subdir', 'DAGS_FOLDER/dag_load_reviews.py', '--cfg-path', '/tmp/tmp15hi_5x3']
[2025-03-17T00:47:25.551+0000] {standard_task_runner.py:105} INFO - Job 347: Subtask dbt_run
[2025-03-17T00:47:27.211+0000] {task_command.py:467} INFO - Running <TaskInstance: load_reviews_pipeline.dbt_run scheduled__2024-07-26T00:00:00+00:00 [running]> on host DESKTOP-IM7V4RI.
[2025-03-17T00:47:29.692+0000] {taskinstance.py:3134} INFO - Exporting env vars: AIRFLOW_CTX_DAG_OWNER='mohammed' AIRFLOW_CTX_DAG_ID='load_reviews_pipeline' AIRFLOW_CTX_TASK_ID='dbt_run' AIRFLOW_CTX_EXECUTION_DATE='2024-07-26T00:00:00+00:00' AIRFLOW_CTX_TRY_NUMBER='1' AIRFLOW_CTX_DAG_RUN_ID='scheduled__2024-07-26T00:00:00+00:00'
[2025-03-17T00:47:29.700+0000] {logging_mixin.py:190} INFO - Task instance is in running state
[2025-03-17T00:47:29.741+0000] {logging_mixin.py:190} INFO -  Previous state of the Task instance: queued
[2025-03-17T00:47:29.742+0000] {logging_mixin.py:190} INFO - Current task name:dbt_run state:running start_date:2025-03-17 00:47:25.001308+00:00
[2025-03-17T00:47:29.742+0000] {logging_mixin.py:190} INFO - Dag name:load_reviews_pipeline and current dag run status:running
[2025-03-17T00:47:29.769+0000] {taskinstance.py:732} INFO - ::endgroup::
[2025-03-17T00:47:29.825+0000] {subprocess.py:78} INFO - Tmp dir root location: /tmp
[2025-03-17T00:47:29.840+0000] {subprocess.py:88} INFO - Running command: ['/usr/bin/bash', '-c', 'cd /home/mohammed/.dbt/bank_reviews_project && dbt run']
[2025-03-17T00:47:30.596+0000] {subprocess.py:99} INFO - Output:
[2025-03-17T00:48:06.396+0000] {subprocess.py:106} INFO - [0m00:48:06  Running with dbt=1.9.3
[2025-03-17T00:48:14.027+0000] {subprocess.py:106} INFO - [0m00:48:14  Registered adapter: postgres=1.9.0
[2025-03-17T00:48:22.724+0000] {subprocess.py:106} INFO - [0m00:48:22  Found 11 models, 4 data tests, 2 sources, 433 macros
[2025-03-17T00:48:22.743+0000] {subprocess.py:106} INFO - [0m00:48:22
[2025-03-17T00:48:22.746+0000] {subprocess.py:106} INFO - [0m00:48:22  Concurrency: 4 threads (target='dev')
[2025-03-17T00:48:22.749+0000] {subprocess.py:106} INFO - [0m00:48:22
[2025-03-17T00:48:23.709+0000] {subprocess.py:106} INFO - [0m00:48:23  1 of 10 START sql view model public.clean_reviews .............................. [RUN]
[2025-03-17T00:48:23.736+0000] {subprocess.py:106} INFO - [0m00:48:23  2 of 10 START sql table model public.my_first_dbt_model ........................ [RUN]
[2025-03-17T00:48:23.740+0000] {subprocess.py:106} INFO - [0m00:48:23  3 of 10 START sql view model public.remove_duplicates .......................... [RUN]
[2025-03-17T00:48:23.761+0000] {subprocess.py:106} INFO - [0m00:48:23  4 of 10 START sql view model public.stg_clean_reviews .......................... [RUN]
[2025-03-17T00:48:26.072+0000] {subprocess.py:106} INFO - [0m00:48:26  1 of 10 ERROR creating sql view model public.clean_reviews ..................... [[31mERROR[0m in 2.26s]
[2025-03-17T00:48:26.813+0000] {subprocess.py:106} INFO - [0m00:48:26  3 of 10 OK created sql view model public.remove_duplicates ..................... [[32mCREATE VIEW[0m in 3.04s]
[2025-03-17T00:48:27.122+0000] {subprocess.py:106} INFO - [0m00:48:27  4 of 10 ERROR creating sql view model public.stg_clean_reviews ................. [[31mERROR[0m in 3.32s]
[2025-03-17T00:48:27.163+0000] {subprocess.py:106} INFO - [0m00:48:27  2 of 10 ERROR creating sql table model public.my_first_dbt_model ............... [[31mERROR[0m in 3.40s]
[2025-03-17T00:48:27.226+0000] {subprocess.py:106} INFO - [0m00:48:27  5 of 10 SKIP relation public.dim_bank .......................................... [[33mSKIP[0m]
[2025-03-17T00:48:27.233+0000] {subprocess.py:106} INFO - [0m00:48:27  6 of 10 SKIP relation public.dim_location ...................................... [[33mSKIP[0m]
[2025-03-17T00:48:27.247+0000] {subprocess.py:106} INFO - [0m00:48:27  8 of 10 SKIP relation public.dwh_model ......................................... [[33mSKIP[0m]
[2025-03-17T00:48:27.292+0000] {subprocess.py:106} INFO - [0m00:48:27  7 of 10 SKIP relation public.dim_sentiment ..................................... [[33mSKIP[0m]
[2025-03-17T00:48:27.295+0000] {subprocess.py:106} INFO - [0m00:48:27  9 of 10 SKIP relation public.my_second_dbt_model ............................... [[33mSKIP[0m]
[2025-03-17T00:48:27.314+0000] {subprocess.py:106} INFO - [0m00:48:27  10 of 10 SKIP relation public.fact_reviews ..................................... [[33mSKIP[0m]
[2025-03-17T00:48:27.597+0000] {subprocess.py:106} INFO - [0m00:48:27
[2025-03-17T00:48:27.605+0000] {subprocess.py:106} INFO - [0m00:48:27  Finished running 1 table model, 9 view models in 0 hours 0 minutes and 4.84 seconds (4.84s).
[2025-03-17T00:48:28.298+0000] {subprocess.py:106} INFO - [0m00:48:28
[2025-03-17T00:48:28.327+0000] {subprocess.py:106} INFO - [0m00:48:28  [31mCompleted with 3 errors, 0 partial successes, and 0 warnings:[0m
[2025-03-17T00:48:28.330+0000] {subprocess.py:106} INFO - [0m00:48:28
[2025-03-17T00:48:28.373+0000] {subprocess.py:106} INFO - [0m00:48:28    Database Error in model clean_reviews (models/clean_reviews.sql)
[2025-03-17T00:48:28.374+0000] {subprocess.py:106} INFO -   relation "clean_reviews__dbt_backup" already exists
[2025-03-17T00:48:28.375+0000] {subprocess.py:106} INFO -   compiled code at target/run/bank_reviews_project/models/clean_reviews.sql
[2025-03-17T00:48:28.406+0000] {subprocess.py:106} INFO - [0m00:48:28
[2025-03-17T00:48:28.440+0000] {subprocess.py:106} INFO - [0m00:48:28    Database Error in model stg_clean_reviews (models/stg_clean_reviews.sql)
[2025-03-17T00:48:28.441+0000] {subprocess.py:106} INFO -   relation "stg_clean_reviews__dbt_backup" already exists
[2025-03-17T00:48:28.442+0000] {subprocess.py:106} INFO -   compiled code at target/run/bank_reviews_project/models/stg_clean_reviews.sql
[2025-03-17T00:48:28.443+0000] {subprocess.py:106} INFO - [0m00:48:28
[2025-03-17T00:48:28.473+0000] {subprocess.py:106} INFO - [0m00:48:28    Database Error in model my_first_dbt_model (models/example/my_first_dbt_model.sql)
[2025-03-17T00:48:28.477+0000] {subprocess.py:106} INFO -   relation "my_first_dbt_model__dbt_backup" already exists
[2025-03-17T00:48:28.478+0000] {subprocess.py:106} INFO -   compiled code at target/run/bank_reviews_project/models/example/my_first_dbt_model.sql
[2025-03-17T00:48:28.479+0000] {subprocess.py:106} INFO - [0m00:48:28
[2025-03-17T00:48:28.479+0000] {subprocess.py:106} INFO - [0m00:48:28  Done. PASS=1 WARN=0 ERROR=3 SKIP=6 TOTAL=10
[2025-03-17T00:48:32.529+0000] {subprocess.py:110} INFO - Command exited with return code 1
[2025-03-17T00:48:33.746+0000] {taskinstance.py:3313} ERROR - Task failed with exception
Traceback (most recent call last):
  File "/home/mohammed/venv/lib/python3.11/site-packages/airflow/models/taskinstance.py", line 768, in _execute_task
    result = _execute_callable(context=context, **execute_callable_kwargs)
             ^^^^^^^^^^^^^^^^^^^^^^^^^^^^^^^^^^^^^^^^^^^^^^^^^^^^^^^^^^^^^
  File "/home/mohammed/venv/lib/python3.11/site-packages/airflow/models/taskinstance.py", line 734, in _execute_callable
    return ExecutionCallableRunner(
           ^^^^^^^^^^^^^^^^^^^^^^^^
  File "/home/mohammed/venv/lib/python3.11/site-packages/airflow/utils/operator_helpers.py", line 252, in run
    return self.func(*args, **kwargs)
           ^^^^^^^^^^^^^^^^^^^^^^^^^^
  File "/home/mohammed/venv/lib/python3.11/site-packages/airflow/models/baseoperator.py", line 424, in wrapper
    return func(self, *args, **kwargs)
           ^^^^^^^^^^^^^^^^^^^^^^^^^^^
  File "/home/mohammed/venv/lib/python3.11/site-packages/airflow/operators/bash.py", line 276, in execute
    raise AirflowException(
airflow.exceptions.AirflowException: Bash command failed. The command returned a non-zero exit code 1.
[2025-03-17T00:48:34.007+0000] {logging_mixin.py:190} INFO - Task instance in failure state
[2025-03-17T00:48:34.009+0000] {logging_mixin.py:190} INFO - Task start:2025-03-17 00:47:25.001308+00:00 end:2025-03-17 00:48:33.949729+00:00 duration:68.948421
[2025-03-17T00:48:34.037+0000] {logging_mixin.py:190} INFO - Task:<Task(BashOperator): dbt_run> dag:<DAG: load_reviews_pipeline> dagrun:<DagRun load_reviews_pipeline @ 2024-07-26 00:00:00+00:00: scheduled__2024-07-26T00:00:00+00:00, state:running, queued_at: 2025-03-17 00:47:10.696978+00:00. externally triggered: False>
[2025-03-17T00:48:34.038+0000] {logging_mixin.py:190} INFO - Failure caused by Bash command failed. The command returned a non-zero exit code 1.
[2025-03-17T00:48:34.045+0000] {taskinstance.py:1226} INFO - Marking task as UP_FOR_RETRY. dag_id=load_reviews_pipeline, task_id=dbt_run, run_id=scheduled__2024-07-26T00:00:00+00:00, execution_date=20240726T000000, start_date=20250317T004725, end_date=20250317T004833
[2025-03-17T00:48:34.558+0000] {taskinstance.py:341} INFO - ::group::Post task execution logs
[2025-03-17T00:48:34.567+0000] {standard_task_runner.py:124} ERROR - Failed to execute job 347 for task dbt_run (Bash command failed. The command returned a non-zero exit code 1.; 283388)
Traceback (most recent call last):
  File "/home/mohammed/venv/lib/python3.11/site-packages/airflow/task/task_runner/standard_task_runner.py", line 117, in _start_by_fork
    ret = args.func(args, dag=self.dag)
          ^^^^^^^^^^^^^^^^^^^^^^^^^^^^^
  File "/home/mohammed/venv/lib/python3.11/site-packages/airflow/cli/cli_config.py", line 49, in command
    return func(*args, **kwargs)
           ^^^^^^^^^^^^^^^^^^^^^
  File "/home/mohammed/venv/lib/python3.11/site-packages/airflow/utils/cli.py", line 116, in wrapper
    return f(*args, **kwargs)
           ^^^^^^^^^^^^^^^^^^
  File "/home/mohammed/venv/lib/python3.11/site-packages/airflow/cli/commands/task_command.py", line 483, in task_run
    task_return_code = _run_task_by_selected_method(args, _dag, ti)
                       ^^^^^^^^^^^^^^^^^^^^^^^^^^^^^^^^^^^^^^^^^^^^
  File "/home/mohammed/venv/lib/python3.11/site-packages/airflow/cli/commands/task_command.py", line 256, in _run_task_by_selected_method
    return _run_raw_task(args, ti)
           ^^^^^^^^^^^^^^^^^^^^^^^
  File "/home/mohammed/venv/lib/python3.11/site-packages/airflow/cli/commands/task_command.py", line 341, in _run_raw_task
    return ti._run_raw_task(
           ^^^^^^^^^^^^^^^^^
  File "/home/mohammed/venv/lib/python3.11/site-packages/airflow/utils/session.py", line 97, in wrapper
    return func(*args, session=session, **kwargs)
           ^^^^^^^^^^^^^^^^^^^^^^^^^^^^^^^^^^^^^^
  File "/home/mohammed/venv/lib/python3.11/site-packages/airflow/models/taskinstance.py", line 3006, in _run_raw_task
    return _run_raw_task(
           ^^^^^^^^^^^^^^
  File "/home/mohammed/venv/lib/python3.11/site-packages/airflow/models/taskinstance.py", line 274, in _run_raw_task
    TaskInstance._execute_task_with_callbacks(
  File "/home/mohammed/venv/lib/python3.11/site-packages/airflow/models/taskinstance.py", line 3161, in _execute_task_with_callbacks
    result = self._execute_task(context, task_orig)
             ^^^^^^^^^^^^^^^^^^^^^^^^^^^^^^^^^^^^^^
  File "/home/mohammed/venv/lib/python3.11/site-packages/airflow/models/taskinstance.py", line 3185, in _execute_task
    return _execute_task(self, context, task_orig)
           ^^^^^^^^^^^^^^^^^^^^^^^^^^^^^^^^^^^^^^^
  File "/home/mohammed/venv/lib/python3.11/site-packages/airflow/models/taskinstance.py", line 768, in _execute_task
    result = _execute_callable(context=context, **execute_callable_kwargs)
             ^^^^^^^^^^^^^^^^^^^^^^^^^^^^^^^^^^^^^^^^^^^^^^^^^^^^^^^^^^^^^
  File "/home/mohammed/venv/lib/python3.11/site-packages/airflow/models/taskinstance.py", line 734, in _execute_callable
    return ExecutionCallableRunner(
           ^^^^^^^^^^^^^^^^^^^^^^^^
  File "/home/mohammed/venv/lib/python3.11/site-packages/airflow/utils/operator_helpers.py", line 252, in run
    return self.func(*args, **kwargs)
           ^^^^^^^^^^^^^^^^^^^^^^^^^^
  File "/home/mohammed/venv/lib/python3.11/site-packages/airflow/models/baseoperator.py", line 424, in wrapper
    return func(self, *args, **kwargs)
           ^^^^^^^^^^^^^^^^^^^^^^^^^^^
  File "/home/mohammed/venv/lib/python3.11/site-packages/airflow/operators/bash.py", line 276, in execute
    raise AirflowException(
airflow.exceptions.AirflowException: Bash command failed. The command returned a non-zero exit code 1.
[2025-03-17T00:48:34.658+0000] {local_task_job_runner.py:266} INFO - Task exited with return code 1
[2025-03-17T00:48:34.862+0000] {local_task_job_runner.py:245} INFO - ::endgroup::
