[2025-03-17T00:09:53.911+0000] {local_task_job_runner.py:123} INFO - ::group::Pre task execution logs
[2025-03-17T00:09:54.228+0000] {taskinstance.py:2614} INFO - Dependencies all met for dep_context=non-requeueable deps ti=<TaskInstance: load_reviews_pipeline.dbt_run scheduled__2024-04-12T00:00:00+00:00 [queued]>
[2025-03-17T00:09:54.436+0000] {taskinstance.py:2614} INFO - Dependencies all met for dep_context=requeueable deps ti=<TaskInstance: load_reviews_pipeline.dbt_run scheduled__2024-04-12T00:00:00+00:00 [queued]>
[2025-03-17T00:09:54.441+0000] {taskinstance.py:2867} INFO - Starting attempt 1 of 2
[2025-03-17T00:09:54.817+0000] {taskinstance.py:2890} INFO - Executing <Task(BashOperator): dbt_run> on 2024-04-12 00:00:00+00:00
[2025-03-17T00:09:54.975+0000] {standard_task_runner.py:72} INFO - Started process 246176 to run task
[2025-03-17T00:09:55.035+0000] {standard_task_runner.py:104} INFO - Running: ['airflow', 'tasks', 'run', 'load_reviews_pipeline', 'dbt_run', 'scheduled__2024-04-12T00:00:00+00:00', '--job-id', '160', '--raw', '--subdir', 'DAGS_FOLDER/dag_load_reviews.py', '--cfg-path', '/tmp/tmp1cplh5jm']
[2025-03-17T00:09:55.082+0000] {standard_task_runner.py:105} INFO - Job 160: Subtask dbt_run
[2025-03-17T00:09:56.178+0000] {task_command.py:467} INFO - Running <TaskInstance: load_reviews_pipeline.dbt_run scheduled__2024-04-12T00:00:00+00:00 [running]> on host DESKTOP-IM7V4RI.
[2025-03-17T00:09:59.125+0000] {taskinstance.py:3134} INFO - Exporting env vars: AIRFLOW_CTX_DAG_OWNER='mohammed' AIRFLOW_CTX_DAG_ID='load_reviews_pipeline' AIRFLOW_CTX_TASK_ID='dbt_run' AIRFLOW_CTX_EXECUTION_DATE='2024-04-12T00:00:00+00:00' AIRFLOW_CTX_TRY_NUMBER='1' AIRFLOW_CTX_DAG_RUN_ID='scheduled__2024-04-12T00:00:00+00:00'
[2025-03-17T00:09:59.157+0000] {logging_mixin.py:190} INFO - Task instance is in running state
[2025-03-17T00:09:59.159+0000] {logging_mixin.py:190} INFO -  Previous state of the Task instance: queued
[2025-03-17T00:09:59.159+0000] {logging_mixin.py:190} INFO - Current task name:dbt_run state:running start_date:2025-03-17 00:09:54.235929+00:00
[2025-03-17T00:09:59.161+0000] {logging_mixin.py:190} INFO - Dag name:load_reviews_pipeline and current dag run status:running
[2025-03-17T00:09:59.161+0000] {taskinstance.py:732} INFO - ::endgroup::
[2025-03-17T00:09:59.177+0000] {subprocess.py:78} INFO - Tmp dir root location: /tmp
[2025-03-17T00:09:59.193+0000] {subprocess.py:88} INFO - Running command: ['/usr/bin/bash', '-c', 'cd /home/mohammed/.dbt/bank_reviews_project && dbt run']
[2025-03-17T00:09:59.314+0000] {subprocess.py:99} INFO - Output:
[2025-03-17T00:10:16.848+0000] {subprocess.py:106} INFO - [0m00:10:16  Running with dbt=1.9.3
[2025-03-17T00:10:19.666+0000] {subprocess.py:106} INFO - [0m00:10:19  Registered adapter: postgres=1.9.0
[2025-03-17T00:10:51.030+0000] {subprocess.py:106} INFO - [0m00:10:51  Found 6 models, 4 data tests, 2 sources, 433 macros
[2025-03-17T00:10:51.585+0000] {subprocess.py:106} INFO - [0m00:10:51
[2025-03-17T00:10:50.837+0000] {job.py:229} INFO - Heartbeat recovered after 28.12 seconds
[2025-03-17T00:10:52.238+0000] {subprocess.py:106} INFO - [0m00:10:52  Concurrency: 4 threads (target='dev')
[2025-03-17T00:10:52.266+0000] {subprocess.py:106} INFO - [0m00:10:52
[2025-03-17T00:12:27.300+0000] {job.py:229} INFO - Heartbeat recovered after 96.53 seconds
[2025-03-17T00:12:28.557+0000] {subprocess.py:106} INFO - [0m00:12:28  1 of 6 START sql view model public.clean_reviews ............................... [RUN]
[2025-03-17T00:12:26.447+0000] {subprocess.py:106} INFO - [0m00:12:28  3 of 6 START sql view model public.remove_duplicates ........................... [RUN]
[2025-03-17T00:12:26.547+0000] {subprocess.py:106} INFO - [0m00:12:28  2 of 6 START sql table model public.my_first_dbt_model ......................... [RUN]
[2025-03-17T00:12:26.596+0000] {subprocess.py:106} INFO - [0m00:12:28  4 of 6 START sql view model public.stg_clean_reviews ........................... [RUN]
[2025-03-17T00:12:28.345+0000] {subprocess.py:106} INFO - [0m00:12:28  3 of 6 ERROR creating sql view model public.remove_duplicates .................. [[31mERROR[0m in -0.20s]
[2025-03-17T00:12:28.350+0000] {subprocess.py:106} INFO - [0m00:12:28  2 of 6 ERROR creating sql table model public.my_first_dbt_model ................ [[31mERROR[0m in -0.18s]
[2025-03-17T00:12:28.363+0000] {subprocess.py:106} INFO - [0m00:12:28  4 of 6 ERROR creating sql view model public.stg_clean_reviews .................. [[31mERROR[0m in -0.25s]
[2025-03-17T00:12:28.389+0000] {subprocess.py:106} INFO - [0m00:12:28  5 of 6 SKIP relation public.my_second_dbt_model ................................ [[33mSKIP[0m]
[2025-03-17T00:12:28.393+0000] {subprocess.py:106} INFO - [0m00:12:28  6 of 6 SKIP relation public.dwh_model .......................................... [[33mSKIP[0m]
[2025-03-17T00:12:31.430+0000] {subprocess.py:106} INFO - [0m00:12:31  1 of 6 OK created sql view model public.clean_reviews .......................... [[32mCREATE VIEW[0m in 2.89s]
[2025-03-17T00:12:31.643+0000] {subprocess.py:106} INFO - [0m00:12:31
[2025-03-17T00:12:31.682+0000] {subprocess.py:106} INFO - [0m00:12:31  Finished running 1 table model, 5 view models in 0 hours 1 minutes and 39.38 seconds (99.38s).
[2025-03-17T00:12:32.660+0000] {subprocess.py:106} INFO - [0m00:12:32
[2025-03-17T00:12:32.731+0000] {subprocess.py:106} INFO - [0m00:12:32  [31mCompleted with 3 errors, 0 partial successes, and 0 warnings:[0m
[2025-03-17T00:12:32.756+0000] {subprocess.py:106} INFO - [0m00:12:32
[2025-03-17T00:12:32.815+0000] {subprocess.py:106} INFO - [0m00:12:32    Database Error in model remove_duplicates (models/remove_duplicates.sql)
[2025-03-17T00:12:32.835+0000] {subprocess.py:106} INFO -   syntax error at or near "external"
[2025-03-17T00:12:32.855+0000] {subprocess.py:106} INFO -   LINE 2: drop external if exists "project_data_wherhouse"."public"."r...
[2025-03-17T00:12:32.864+0000] {subprocess.py:106} INFO -                ^
[2025-03-17T00:12:32.864+0000] {subprocess.py:106} INFO - [0m00:12:32
[2025-03-17T00:12:32.865+0000] {subprocess.py:106} INFO - [0m00:12:32    Database Error in model my_first_dbt_model (models/example/my_first_dbt_model.sql)
[2025-03-17T00:12:32.865+0000] {subprocess.py:106} INFO -   syntax error at or near "external"
[2025-03-17T00:12:32.868+0000] {subprocess.py:106} INFO -   LINE 2: drop external if exists "project_data_wherhouse"."public"."m...
[2025-03-17T00:12:32.869+0000] {subprocess.py:106} INFO -                ^
[2025-03-17T00:12:32.869+0000] {subprocess.py:106} INFO - [0m00:12:32
[2025-03-17T00:12:32.869+0000] {subprocess.py:106} INFO - [0m00:12:32    Database Error in model stg_clean_reviews (models/stg_clean_reviews.sql)
[2025-03-17T00:12:32.870+0000] {subprocess.py:106} INFO -   syntax error at or near ";"
[2025-03-17T00:12:32.870+0000] {subprocess.py:106} INFO -   LINE 23: SELECT * FROM clean_data;
[2025-03-17T00:12:32.870+0000] {subprocess.py:106} INFO -                                    ^
[2025-03-17T00:12:32.871+0000] {subprocess.py:106} INFO -   compiled code at target/run/bank_reviews_project/models/stg_clean_reviews.sql
[2025-03-17T00:12:32.871+0000] {subprocess.py:106} INFO - [0m00:12:32
[2025-03-17T00:12:32.873+0000] {subprocess.py:106} INFO - [0m00:12:32  Done. PASS=1 WARN=0 ERROR=3 SKIP=2 TOTAL=6
[2025-03-17T00:12:41.708+0000] {subprocess.py:110} INFO - Command exited with return code 1
[2025-03-17T00:12:47.334+0000] {taskinstance.py:3313} ERROR - Task failed with exception
Traceback (most recent call last):
  File "/home/mohammed/venv/lib/python3.11/site-packages/airflow/models/taskinstance.py", line 768, in _execute_task
    result = _execute_callable(context=context, **execute_callable_kwargs)
             ^^^^^^^^^^^^^^^^^^^^^^^^^^^^^^^^^^^^^^^^^^^^^^^^^^^^^^^^^^^^^
  File "/home/mohammed/venv/lib/python3.11/site-packages/airflow/models/taskinstance.py", line 734, in _execute_callable
    return ExecutionCallableRunner(
           ^^^^^^^^^^^^^^^^^^^^^^^^
  File "/home/mohammed/venv/lib/python3.11/site-packages/airflow/utils/operator_helpers.py", line 252, in run
    return self.func(*args, **kwargs)
           ^^^^^^^^^^^^^^^^^^^^^^^^^^
  File "/home/mohammed/venv/lib/python3.11/site-packages/airflow/models/baseoperator.py", line 424, in wrapper
    return func(self, *args, **kwargs)
           ^^^^^^^^^^^^^^^^^^^^^^^^^^^
  File "/home/mohammed/venv/lib/python3.11/site-packages/airflow/operators/bash.py", line 276, in execute
    raise AirflowException(
airflow.exceptions.AirflowException: Bash command failed. The command returned a non-zero exit code 1.
[2025-03-17T00:12:51.646+0000] {logging_mixin.py:190} INFO - Task instance in failure state
[2025-03-17T00:12:51.649+0000] {logging_mixin.py:190} INFO - Task start:2025-03-17 00:09:54.235929+00:00 end:2025-03-17 00:12:50.046563+00:00 duration:175.810634
[2025-03-17T00:12:51.687+0000] {logging_mixin.py:190} INFO - Task:<Task(BashOperator): dbt_run> dag:<DAG: load_reviews_pipeline> dagrun:<DagRun load_reviews_pipeline @ 2024-04-12 00:00:00+00:00: scheduled__2024-04-12T00:00:00+00:00, state:running, queued_at: 2025-03-17 00:09:43.817383+00:00. externally triggered: False>
[2025-03-17T00:12:51.690+0000] {logging_mixin.py:190} INFO - Failure caused by Bash command failed. The command returned a non-zero exit code 1.
[2025-03-17T00:12:51.713+0000] {taskinstance.py:1226} INFO - Marking task as UP_FOR_RETRY. dag_id=load_reviews_pipeline, task_id=dbt_run, run_id=scheduled__2024-04-12T00:00:00+00:00, execution_date=20240412T000000, start_date=20250317T000954, end_date=20250317T001250
[2025-03-17T00:12:53.294+0000] {taskinstance.py:341} INFO - ::group::Post task execution logs
[2025-03-17T00:12:53.431+0000] {standard_task_runner.py:124} ERROR - Failed to execute job 160 for task dbt_run (Bash command failed. The command returned a non-zero exit code 1.; 246176)
Traceback (most recent call last):
  File "/home/mohammed/venv/lib/python3.11/site-packages/airflow/task/task_runner/standard_task_runner.py", line 117, in _start_by_fork
    ret = args.func(args, dag=self.dag)
          ^^^^^^^^^^^^^^^^^^^^^^^^^^^^^
  File "/home/mohammed/venv/lib/python3.11/site-packages/airflow/cli/cli_config.py", line 49, in command
    return func(*args, **kwargs)
           ^^^^^^^^^^^^^^^^^^^^^
  File "/home/mohammed/venv/lib/python3.11/site-packages/airflow/utils/cli.py", line 116, in wrapper
    return f(*args, **kwargs)
           ^^^^^^^^^^^^^^^^^^
  File "/home/mohammed/venv/lib/python3.11/site-packages/airflow/cli/commands/task_command.py", line 483, in task_run
    task_return_code = _run_task_by_selected_method(args, _dag, ti)
                       ^^^^^^^^^^^^^^^^^^^^^^^^^^^^^^^^^^^^^^^^^^^^
  File "/home/mohammed/venv/lib/python3.11/site-packages/airflow/cli/commands/task_command.py", line 256, in _run_task_by_selected_method
    return _run_raw_task(args, ti)
           ^^^^^^^^^^^^^^^^^^^^^^^
  File "/home/mohammed/venv/lib/python3.11/site-packages/airflow/cli/commands/task_command.py", line 341, in _run_raw_task
    return ti._run_raw_task(
           ^^^^^^^^^^^^^^^^^
  File "/home/mohammed/venv/lib/python3.11/site-packages/airflow/utils/session.py", line 97, in wrapper
    return func(*args, session=session, **kwargs)
           ^^^^^^^^^^^^^^^^^^^^^^^^^^^^^^^^^^^^^^
  File "/home/mohammed/venv/lib/python3.11/site-packages/airflow/models/taskinstance.py", line 3006, in _run_raw_task
    return _run_raw_task(
           ^^^^^^^^^^^^^^
  File "/home/mohammed/venv/lib/python3.11/site-packages/airflow/models/taskinstance.py", line 274, in _run_raw_task
    TaskInstance._execute_task_with_callbacks(
  File "/home/mohammed/venv/lib/python3.11/site-packages/airflow/models/taskinstance.py", line 3161, in _execute_task_with_callbacks
    result = self._execute_task(context, task_orig)
             ^^^^^^^^^^^^^^^^^^^^^^^^^^^^^^^^^^^^^^
  File "/home/mohammed/venv/lib/python3.11/site-packages/airflow/models/taskinstance.py", line 3185, in _execute_task
    return _execute_task(self, context, task_orig)
           ^^^^^^^^^^^^^^^^^^^^^^^^^^^^^^^^^^^^^^^
  File "/home/mohammed/venv/lib/python3.11/site-packages/airflow/models/taskinstance.py", line 768, in _execute_task
    result = _execute_callable(context=context, **execute_callable_kwargs)
             ^^^^^^^^^^^^^^^^^^^^^^^^^^^^^^^^^^^^^^^^^^^^^^^^^^^^^^^^^^^^^
  File "/home/mohammed/venv/lib/python3.11/site-packages/airflow/models/taskinstance.py", line 734, in _execute_callable
    return ExecutionCallableRunner(
           ^^^^^^^^^^^^^^^^^^^^^^^^
  File "/home/mohammed/venv/lib/python3.11/site-packages/airflow/utils/operator_helpers.py", line 252, in run
    return self.func(*args, **kwargs)
           ^^^^^^^^^^^^^^^^^^^^^^^^^^
  File "/home/mohammed/venv/lib/python3.11/site-packages/airflow/models/baseoperator.py", line 424, in wrapper
    return func(self, *args, **kwargs)
           ^^^^^^^^^^^^^^^^^^^^^^^^^^^
  File "/home/mohammed/venv/lib/python3.11/site-packages/airflow/operators/bash.py", line 276, in execute
    raise AirflowException(
airflow.exceptions.AirflowException: Bash command failed. The command returned a non-zero exit code 1.
[2025-03-17T00:12:53.642+0000] {local_task_job_runner.py:266} INFO - Task exited with return code 1
[2025-03-17T00:12:53.825+0000] {standard_task_runner.py:217} INFO - Process not found (most likely exited), stop collecting metrics
[2025-03-17T00:12:55.561+0000] {local_task_job_runner.py:245} INFO - ::endgroup::
