[2025-03-17T00:56:42.278+0000] {local_task_job_runner.py:123} INFO - ::group::Pre task execution logs
[2025-03-17T00:56:42.344+0000] {taskinstance.py:2614} INFO - Dependencies all met for dep_context=non-requeueable deps ti=<TaskInstance: load_reviews_pipeline.dbt_run scheduled__2024-09-02T00:00:00+00:00 [queued]>
[2025-03-17T00:56:42.374+0000] {taskinstance.py:2614} INFO - Dependencies all met for dep_context=requeueable deps ti=<TaskInstance: load_reviews_pipeline.dbt_run scheduled__2024-09-02T00:00:00+00:00 [queued]>
[2025-03-17T00:56:42.375+0000] {taskinstance.py:2867} INFO - Starting attempt 1 of 2
[2025-03-17T00:56:42.415+0000] {taskinstance.py:2890} INFO - Executing <Task(BashOperator): dbt_run> on 2024-09-02 00:00:00+00:00
[2025-03-17T00:56:42.428+0000] {standard_task_runner.py:72} INFO - Started process 296033 to run task
[2025-03-17T00:56:42.445+0000] {standard_task_runner.py:104} INFO - Running: ['airflow', 'tasks', 'run', 'load_reviews_pipeline', 'dbt_run', 'scheduled__2024-09-02T00:00:00+00:00', '--job-id', '405', '--raw', '--subdir', 'DAGS_FOLDER/dag_load_reviews.py', '--cfg-path', '/tmp/tmpdme_dywk']
[2025-03-17T00:56:42.447+0000] {standard_task_runner.py:105} INFO - Job 405: Subtask dbt_run
[2025-03-17T00:56:42.661+0000] {task_command.py:467} INFO - Running <TaskInstance: load_reviews_pipeline.dbt_run scheduled__2024-09-02T00:00:00+00:00 [running]> on host DESKTOP-IM7V4RI.
[2025-03-17T00:56:42.897+0000] {taskinstance.py:3134} INFO - Exporting env vars: AIRFLOW_CTX_DAG_OWNER='mohammed' AIRFLOW_CTX_DAG_ID='load_reviews_pipeline' AIRFLOW_CTX_TASK_ID='dbt_run' AIRFLOW_CTX_EXECUTION_DATE='2024-09-02T00:00:00+00:00' AIRFLOW_CTX_TRY_NUMBER='1' AIRFLOW_CTX_DAG_RUN_ID='scheduled__2024-09-02T00:00:00+00:00'
[2025-03-17T00:56:42.899+0000] {logging_mixin.py:190} INFO - Task instance is in running state
[2025-03-17T00:56:42.900+0000] {logging_mixin.py:190} INFO -  Previous state of the Task instance: queued
[2025-03-17T00:56:42.900+0000] {logging_mixin.py:190} INFO - Current task name:dbt_run state:running start_date:2025-03-17 00:56:42.345705+00:00
[2025-03-17T00:56:42.900+0000] {logging_mixin.py:190} INFO - Dag name:load_reviews_pipeline and current dag run status:running
[2025-03-17T00:56:42.901+0000] {taskinstance.py:732} INFO - ::endgroup::
[2025-03-17T00:56:42.902+0000] {subprocess.py:78} INFO - Tmp dir root location: /tmp
[2025-03-17T00:56:42.903+0000] {subprocess.py:88} INFO - Running command: ['/usr/bin/bash', '-c', 'cd /home/mohammed/.dbt/bank_reviews_project && dbt run']
[2025-03-17T00:56:42.915+0000] {subprocess.py:99} INFO - Output:
[2025-03-17T00:56:45.083+0000] {subprocess.py:106} INFO - [0m00:56:45  Running with dbt=1.9.3
[2025-03-17T00:56:45.483+0000] {subprocess.py:106} INFO - [0m00:56:45  Registered adapter: postgres=1.9.0
[2025-03-17T00:56:45.947+0000] {subprocess.py:106} INFO - [0m00:56:45  Found 10 models, 4 data tests, 2 sources, 433 macros
[2025-03-17T00:56:45.953+0000] {subprocess.py:106} INFO - [0m00:56:45
[2025-03-17T00:56:45.954+0000] {subprocess.py:106} INFO - [0m00:56:45  Concurrency: 4 threads (target='dev')
[2025-03-17T00:56:45.954+0000] {subprocess.py:106} INFO - [0m00:56:45
[2025-03-17T00:56:46.194+0000] {subprocess.py:106} INFO - [0m00:56:46  1 of 10 START sql view model public.clean_reviews .............................. [RUN]
[2025-03-17T00:56:46.216+0000] {subprocess.py:106} INFO - [0m00:56:46  2 of 10 START sql table model public.my_first_dbt_model ........................ [RUN]
[2025-03-17T00:56:46.217+0000] {subprocess.py:106} INFO - [0m00:56:46  3 of 10 START sql view model public.remove_duplicates .......................... [RUN]
[2025-03-17T00:56:46.226+0000] {subprocess.py:106} INFO - [0m00:56:46  4 of 10 START sql view model public.stg_clean_reviews .......................... [RUN]
[2025-03-17T00:56:46.784+0000] {subprocess.py:106} INFO - [0m00:56:46  2 of 10 OK created sql table model public.my_first_dbt_model ................... [[32mSELECT 2[0m in 0.56s]
[2025-03-17T00:56:46.785+0000] {subprocess.py:106} INFO - [0m00:56:46  1 of 10 OK created sql view model public.clean_reviews ......................... [[32mCREATE VIEW[0m in 0.59s]
[2025-03-17T00:56:46.787+0000] {subprocess.py:106} INFO - [0m00:56:46  3 of 10 OK created sql view model public.remove_duplicates ..................... [[32mCREATE VIEW[0m in 0.56s]
[2025-03-17T00:56:46.789+0000] {subprocess.py:106} INFO - [0m00:56:46  4 of 10 OK created sql view model public.stg_clean_reviews ..................... [[32mCREATE VIEW[0m in 0.54s]
[2025-03-17T00:56:46.795+0000] {subprocess.py:106} INFO - [0m00:56:46  5 of 10 START sql view model public.my_second_dbt_model ........................ [RUN]
[2025-03-17T00:56:46.798+0000] {subprocess.py:106} INFO - [0m00:56:46  6 of 10 START sql view model public.dim_bank ................................... [RUN]
[2025-03-17T00:56:46.799+0000] {subprocess.py:106} INFO - [0m00:56:46  7 of 10 START sql view model public.dim_branch ................................. [RUN]
[2025-03-17T00:56:46.800+0000] {subprocess.py:106} INFO - [0m00:56:46  8 of 10 START sql view model public.dim_location ............................... [RUN]
[2025-03-17T00:56:46.924+0000] {subprocess.py:106} INFO - [0m00:56:46  5 of 10 ERROR creating sql view model public.my_second_dbt_model ............... [[31mERROR[0m in 0.12s]
[2025-03-17T00:56:46.929+0000] {subprocess.py:106} INFO - [0m00:56:46  6 of 10 ERROR creating sql view model public.dim_bank .......................... [[31mERROR[0m in 0.12s]
[2025-03-17T00:56:46.933+0000] {subprocess.py:106} INFO - [0m00:56:46  7 of 10 ERROR creating sql view model public.dim_branch ........................ [[31mERROR[0m in 0.13s]
[2025-03-17T00:56:46.934+0000] {subprocess.py:106} INFO - [0m00:56:46  8 of 10 ERROR creating sql view model public.dim_location ...................... [[31mERROR[0m in 0.13s]
[2025-03-17T00:56:46.936+0000] {subprocess.py:106} INFO - [0m00:56:46  9 of 10 START sql view model public.dim_sentiment .............................. [RUN]
[2025-03-17T00:56:46.977+0000] {subprocess.py:106} INFO - [0m00:56:46  9 of 10 ERROR creating sql view model public.dim_sentiment ..................... [[31mERROR[0m in 0.04s]
[2025-03-17T00:56:46.980+0000] {subprocess.py:106} INFO - [0m00:56:46  10 of 10 SKIP relation public.fact_reviews ..................................... [[33mSKIP[0m]
[2025-03-17T00:56:47.000+0000] {subprocess.py:106} INFO - [0m00:56:47
[2025-03-17T00:56:47.001+0000] {subprocess.py:106} INFO - [0m00:56:47  Finished running 1 table model, 9 view models in 0 hours 0 minutes and 1.05 seconds (1.05s).
[2025-03-17T00:56:47.034+0000] {subprocess.py:106} INFO - [0m00:56:47
[2025-03-17T00:56:47.034+0000] {subprocess.py:106} INFO - [0m00:56:47  [31mCompleted with 5 errors, 0 partial successes, and 0 warnings:[0m
[2025-03-17T00:56:47.034+0000] {subprocess.py:106} INFO - [0m00:56:47
[2025-03-17T00:56:47.035+0000] {subprocess.py:106} INFO - [0m00:56:47    Database Error in model my_second_dbt_model (models/example/my_second_dbt_model.sql)
[2025-03-17T00:56:47.035+0000] {subprocess.py:106} INFO -   relation "my_second_dbt_model" already exists
[2025-03-17T00:56:47.035+0000] {subprocess.py:106} INFO -   compiled code at target/run/bank_reviews_project/models/example/my_second_dbt_model.sql
[2025-03-17T00:56:47.035+0000] {subprocess.py:106} INFO - [0m00:56:47
[2025-03-17T00:56:47.035+0000] {subprocess.py:106} INFO - [0m00:56:47    Database Error in model dim_bank (models/dim_bank.sql)
[2025-03-17T00:56:47.036+0000] {subprocess.py:106} INFO -   relation "dim_bank" already exists
[2025-03-17T00:56:47.036+0000] {subprocess.py:106} INFO -   compiled code at target/run/bank_reviews_project/models/dim_bank.sql
[2025-03-17T00:56:47.036+0000] {subprocess.py:106} INFO - [0m00:56:47
[2025-03-17T00:56:47.036+0000] {subprocess.py:106} INFO - [0m00:56:47    Database Error in model dim_branch (models/dim_branch.sql)
[2025-03-17T00:56:47.036+0000] {subprocess.py:106} INFO -   relation "dim_branch" already exists
[2025-03-17T00:56:47.036+0000] {subprocess.py:106} INFO -   compiled code at target/run/bank_reviews_project/models/dim_branch.sql
[2025-03-17T00:56:47.037+0000] {subprocess.py:106} INFO - [0m00:56:47
[2025-03-17T00:56:47.037+0000] {subprocess.py:106} INFO - [0m00:56:47    Database Error in model dim_location (models/dim_location.sql)
[2025-03-17T00:56:47.037+0000] {subprocess.py:106} INFO -   relation "dim_location" already exists
[2025-03-17T00:56:47.037+0000] {subprocess.py:106} INFO -   compiled code at target/run/bank_reviews_project/models/dim_location.sql
[2025-03-17T00:56:47.037+0000] {subprocess.py:106} INFO - [0m00:56:47
[2025-03-17T00:56:47.038+0000] {subprocess.py:106} INFO - [0m00:56:47    Database Error in model dim_sentiment (models/dim_sentiment.sql)
[2025-03-17T00:56:47.038+0000] {subprocess.py:106} INFO -   relation "dim_sentiment" already exists
[2025-03-17T00:56:47.038+0000] {subprocess.py:106} INFO -   compiled code at target/run/bank_reviews_project/models/dim_sentiment.sql
[2025-03-17T00:56:47.038+0000] {subprocess.py:106} INFO - [0m00:56:47
[2025-03-17T00:56:47.038+0000] {subprocess.py:106} INFO - [0m00:56:47  Done. PASS=4 WARN=0 ERROR=5 SKIP=1 TOTAL=10
[2025-03-17T00:56:48.246+0000] {subprocess.py:110} INFO - Command exited with return code 1
[2025-03-17T00:56:48.267+0000] {taskinstance.py:3313} ERROR - Task failed with exception
Traceback (most recent call last):
  File "/home/mohammed/venv/lib/python3.11/site-packages/airflow/models/taskinstance.py", line 768, in _execute_task
    result = _execute_callable(context=context, **execute_callable_kwargs)
             ^^^^^^^^^^^^^^^^^^^^^^^^^^^^^^^^^^^^^^^^^^^^^^^^^^^^^^^^^^^^^
  File "/home/mohammed/venv/lib/python3.11/site-packages/airflow/models/taskinstance.py", line 734, in _execute_callable
    return ExecutionCallableRunner(
           ^^^^^^^^^^^^^^^^^^^^^^^^
  File "/home/mohammed/venv/lib/python3.11/site-packages/airflow/utils/operator_helpers.py", line 252, in run
    return self.func(*args, **kwargs)
           ^^^^^^^^^^^^^^^^^^^^^^^^^^
  File "/home/mohammed/venv/lib/python3.11/site-packages/airflow/models/baseoperator.py", line 424, in wrapper
    return func(self, *args, **kwargs)
           ^^^^^^^^^^^^^^^^^^^^^^^^^^^
  File "/home/mohammed/venv/lib/python3.11/site-packages/airflow/operators/bash.py", line 276, in execute
    raise AirflowException(
airflow.exceptions.AirflowException: Bash command failed. The command returned a non-zero exit code 1.
[2025-03-17T00:56:48.276+0000] {logging_mixin.py:190} INFO - Task instance in failure state
[2025-03-17T00:56:48.276+0000] {logging_mixin.py:190} INFO - Task start:2025-03-17 00:56:42.345705+00:00 end:2025-03-17 00:56:48.274960+00:00 duration:5.929255
[2025-03-17T00:56:48.276+0000] {logging_mixin.py:190} INFO - Task:<Task(BashOperator): dbt_run> dag:<DAG: load_reviews_pipeline> dagrun:<DagRun load_reviews_pipeline @ 2024-09-02 00:00:00+00:00: scheduled__2024-09-02T00:00:00+00:00, state:running, queued_at: 2025-03-17 00:56:39.301482+00:00. externally triggered: False>
[2025-03-17T00:56:48.277+0000] {logging_mixin.py:190} INFO - Failure caused by Bash command failed. The command returned a non-zero exit code 1.
[2025-03-17T00:56:48.277+0000] {taskinstance.py:1226} INFO - Marking task as UP_FOR_RETRY. dag_id=load_reviews_pipeline, task_id=dbt_run, run_id=scheduled__2024-09-02T00:00:00+00:00, execution_date=20240902T000000, start_date=20250317T005642, end_date=20250317T005648
[2025-03-17T00:56:48.333+0000] {taskinstance.py:341} INFO - ::group::Post task execution logs
[2025-03-17T00:56:48.334+0000] {standard_task_runner.py:124} ERROR - Failed to execute job 405 for task dbt_run (Bash command failed. The command returned a non-zero exit code 1.; 296033)
Traceback (most recent call last):
  File "/home/mohammed/venv/lib/python3.11/site-packages/airflow/task/task_runner/standard_task_runner.py", line 117, in _start_by_fork
    ret = args.func(args, dag=self.dag)
          ^^^^^^^^^^^^^^^^^^^^^^^^^^^^^
  File "/home/mohammed/venv/lib/python3.11/site-packages/airflow/cli/cli_config.py", line 49, in command
    return func(*args, **kwargs)
           ^^^^^^^^^^^^^^^^^^^^^
  File "/home/mohammed/venv/lib/python3.11/site-packages/airflow/utils/cli.py", line 116, in wrapper
    return f(*args, **kwargs)
           ^^^^^^^^^^^^^^^^^^
  File "/home/mohammed/venv/lib/python3.11/site-packages/airflow/cli/commands/task_command.py", line 483, in task_run
    task_return_code = _run_task_by_selected_method(args, _dag, ti)
                       ^^^^^^^^^^^^^^^^^^^^^^^^^^^^^^^^^^^^^^^^^^^^
  File "/home/mohammed/venv/lib/python3.11/site-packages/airflow/cli/commands/task_command.py", line 256, in _run_task_by_selected_method
    return _run_raw_task(args, ti)
           ^^^^^^^^^^^^^^^^^^^^^^^
  File "/home/mohammed/venv/lib/python3.11/site-packages/airflow/cli/commands/task_command.py", line 341, in _run_raw_task
    return ti._run_raw_task(
           ^^^^^^^^^^^^^^^^^
  File "/home/mohammed/venv/lib/python3.11/site-packages/airflow/utils/session.py", line 97, in wrapper
    return func(*args, session=session, **kwargs)
           ^^^^^^^^^^^^^^^^^^^^^^^^^^^^^^^^^^^^^^
  File "/home/mohammed/venv/lib/python3.11/site-packages/airflow/models/taskinstance.py", line 3006, in _run_raw_task
    return _run_raw_task(
           ^^^^^^^^^^^^^^
  File "/home/mohammed/venv/lib/python3.11/site-packages/airflow/models/taskinstance.py", line 274, in _run_raw_task
    TaskInstance._execute_task_with_callbacks(
  File "/home/mohammed/venv/lib/python3.11/site-packages/airflow/models/taskinstance.py", line 3161, in _execute_task_with_callbacks
    result = self._execute_task(context, task_orig)
             ^^^^^^^^^^^^^^^^^^^^^^^^^^^^^^^^^^^^^^
  File "/home/mohammed/venv/lib/python3.11/site-packages/airflow/models/taskinstance.py", line 3185, in _execute_task
    return _execute_task(self, context, task_orig)
           ^^^^^^^^^^^^^^^^^^^^^^^^^^^^^^^^^^^^^^^
  File "/home/mohammed/venv/lib/python3.11/site-packages/airflow/models/taskinstance.py", line 768, in _execute_task
    result = _execute_callable(context=context, **execute_callable_kwargs)
             ^^^^^^^^^^^^^^^^^^^^^^^^^^^^^^^^^^^^^^^^^^^^^^^^^^^^^^^^^^^^^
  File "/home/mohammed/venv/lib/python3.11/site-packages/airflow/models/taskinstance.py", line 734, in _execute_callable
    return ExecutionCallableRunner(
           ^^^^^^^^^^^^^^^^^^^^^^^^
  File "/home/mohammed/venv/lib/python3.11/site-packages/airflow/utils/operator_helpers.py", line 252, in run
    return self.func(*args, **kwargs)
           ^^^^^^^^^^^^^^^^^^^^^^^^^^
  File "/home/mohammed/venv/lib/python3.11/site-packages/airflow/models/baseoperator.py", line 424, in wrapper
    return func(self, *args, **kwargs)
           ^^^^^^^^^^^^^^^^^^^^^^^^^^^
  File "/home/mohammed/venv/lib/python3.11/site-packages/airflow/operators/bash.py", line 276, in execute
    raise AirflowException(
airflow.exceptions.AirflowException: Bash command failed. The command returned a non-zero exit code 1.
[2025-03-17T00:56:48.347+0000] {local_task_job_runner.py:266} INFO - Task exited with return code 1
[2025-03-17T00:56:48.365+0000] {local_task_job_runner.py:245} INFO - ::endgroup::
