[2025-03-17T01:00:20.523+0000] {local_task_job_runner.py:123} INFO - ::group::Pre task execution logs
[2025-03-17T01:00:20.653+0000] {taskinstance.py:2614} INFO - Dependencies all met for dep_context=non-requeueable deps ti=<TaskInstance: load_reviews_pipeline.dbt_run scheduled__2024-08-16T00:00:00+00:00 [queued]>
[2025-03-17T01:00:20.727+0000] {taskinstance.py:2614} INFO - Dependencies all met for dep_context=requeueable deps ti=<TaskInstance: load_reviews_pipeline.dbt_run scheduled__2024-08-16T00:00:00+00:00 [queued]>
[2025-03-17T01:00:20.728+0000] {taskinstance.py:2867} INFO - Starting attempt 2 of 2
[2025-03-17T01:00:20.777+0000] {taskinstance.py:2890} INFO - Executing <Task(BashOperator): dbt_run> on 2024-08-16 00:00:00+00:00
[2025-03-17T01:00:20.806+0000] {standard_task_runner.py:72} INFO - Started process 301048 to run task
[2025-03-17T01:00:20.862+0000] {standard_task_runner.py:104} INFO - Running: ['airflow', 'tasks', 'run', 'load_reviews_pipeline', 'dbt_run', 'scheduled__2024-08-16T00:00:00+00:00', '--job-id', '431', '--raw', '--subdir', 'DAGS_FOLDER/dag_load_reviews.py', '--cfg-path', '/tmp/tmp3kr2jw5y']
[2025-03-17T01:00:20.864+0000] {standard_task_runner.py:105} INFO - Job 431: Subtask dbt_run
[2025-03-17T01:00:21.215+0000] {task_command.py:467} INFO - Running <TaskInstance: load_reviews_pipeline.dbt_run scheduled__2024-08-16T00:00:00+00:00 [running]> on host DESKTOP-IM7V4RI.
[2025-03-17T01:00:21.593+0000] {taskinstance.py:3134} INFO - Exporting env vars: AIRFLOW_CTX_DAG_OWNER='mohammed' AIRFLOW_CTX_DAG_ID='load_reviews_pipeline' AIRFLOW_CTX_TASK_ID='dbt_run' AIRFLOW_CTX_EXECUTION_DATE='2024-08-16T00:00:00+00:00' AIRFLOW_CTX_TRY_NUMBER='2' AIRFLOW_CTX_DAG_RUN_ID='scheduled__2024-08-16T00:00:00+00:00'
[2025-03-17T01:00:21.596+0000] {logging_mixin.py:190} INFO - Task instance is in running state
[2025-03-17T01:00:21.596+0000] {logging_mixin.py:190} INFO -  Previous state of the Task instance: queued
[2025-03-17T01:00:21.597+0000] {logging_mixin.py:190} INFO - Current task name:dbt_run state:running start_date:2025-03-17 01:00:20.654518+00:00
[2025-03-17T01:00:21.597+0000] {logging_mixin.py:190} INFO - Dag name:load_reviews_pipeline and current dag run status:running
[2025-03-17T01:00:21.598+0000] {taskinstance.py:732} INFO - ::endgroup::
[2025-03-17T01:00:21.604+0000] {subprocess.py:78} INFO - Tmp dir root location: /tmp
[2025-03-17T01:00:21.606+0000] {subprocess.py:88} INFO - Running command: ['/usr/bin/bash', '-c', 'cd /home/mohammed/.dbt/bank_reviews_project && dbt run']
[2025-03-17T01:00:21.627+0000] {subprocess.py:99} INFO - Output:
[2025-03-17T01:00:24.901+0000] {subprocess.py:106} INFO - [0m01:00:24  Running with dbt=1.9.3
[2025-03-17T01:00:25.390+0000] {subprocess.py:106} INFO - [0m01:00:25  Registered adapter: postgres=1.9.0
[2025-03-17T01:00:26.186+0000] {subprocess.py:106} INFO - [0m01:00:26  Found 10 models, 4 data tests, 2 sources, 433 macros
[2025-03-17T01:00:26.191+0000] {subprocess.py:106} INFO - [0m01:00:26
[2025-03-17T01:00:26.192+0000] {subprocess.py:106} INFO - [0m01:00:26  Concurrency: 4 threads (target='dev')
[2025-03-17T01:00:26.193+0000] {subprocess.py:106} INFO - [0m01:00:26
[2025-03-17T01:00:26.563+0000] {subprocess.py:106} INFO - [0m01:00:26  1 of 10 START sql view model public.clean_reviews .............................. [RUN]
[2025-03-17T01:00:26.572+0000] {subprocess.py:106} INFO - [0m01:00:26  2 of 10 START sql table model public.my_first_dbt_model ........................ [RUN]
[2025-03-17T01:00:26.583+0000] {subprocess.py:106} INFO - [0m01:00:26  3 of 10 START sql view model public.remove_duplicates .......................... [RUN]
[2025-03-17T01:00:26.596+0000] {subprocess.py:106} INFO - [0m01:00:26  4 of 10 START sql view model public.stg_clean_reviews .......................... [RUN]
[2025-03-17T01:00:27.078+0000] {subprocess.py:106} INFO - [0m01:00:27  4 of 10 ERROR creating sql view model public.stg_clean_reviews ................. [[31mERROR[0m in 0.44s]
[2025-03-17T01:00:27.079+0000] {subprocess.py:106} INFO - [0m01:00:27  3 of 10 ERROR creating sql view model public.remove_duplicates ................. [[31mERROR[0m in 0.46s]
[2025-03-17T01:00:27.081+0000] {subprocess.py:106} INFO - [0m01:00:27  2 of 10 ERROR creating sql table model public.my_first_dbt_model ............... [[31mERROR[0m in 0.51s]
[2025-03-17T01:00:27.086+0000] {subprocess.py:106} INFO - [0m01:00:27  1 of 10 ERROR creating sql view model public.clean_reviews ..................... [[31mERROR[0m in 0.50s]
[2025-03-17T01:00:27.099+0000] {subprocess.py:106} INFO - [0m01:00:27  6 of 10 SKIP relation public.dim_branch ........................................ [[33mSKIP[0m]
[2025-03-17T01:00:27.105+0000] {subprocess.py:106} INFO - [0m01:00:27  5 of 10 SKIP relation public.dim_bank .......................................... [[33mSKIP[0m]
[2025-03-17T01:00:27.109+0000] {subprocess.py:106} INFO - [0m01:00:27  7 of 10 SKIP relation public.dim_location ...................................... [[33mSKIP[0m]
[2025-03-17T01:00:27.115+0000] {subprocess.py:106} INFO - [0m01:00:27  8 of 10 SKIP relation public.dim_sentiment ..................................... [[33mSKIP[0m]
[2025-03-17T01:00:27.117+0000] {subprocess.py:106} INFO - [0m01:00:27  9 of 10 SKIP relation public.my_second_dbt_model ............................... [[33mSKIP[0m]
[2025-03-17T01:00:27.124+0000] {subprocess.py:106} INFO - [0m01:00:27  10 of 10 SKIP relation public.fact_reviews ..................................... [[33mSKIP[0m]
[2025-03-17T01:00:27.157+0000] {subprocess.py:106} INFO - [0m01:00:27
[2025-03-17T01:00:27.158+0000] {subprocess.py:106} INFO - [0m01:00:27  Finished running 1 table model, 9 view models in 0 hours 0 minutes and 0.96 seconds (0.96s).
[2025-03-17T01:00:27.299+0000] {subprocess.py:106} INFO - [0m01:00:27
[2025-03-17T01:00:27.300+0000] {subprocess.py:106} INFO - [0m01:00:27  [31mCompleted with 4 errors, 0 partial successes, and 0 warnings:[0m
[2025-03-17T01:00:27.301+0000] {subprocess.py:106} INFO - [0m01:00:27
[2025-03-17T01:00:27.303+0000] {subprocess.py:106} INFO - [0m01:00:27    Database Error in model stg_clean_reviews (models/stg_clean_reviews.sql)
[2025-03-17T01:00:27.303+0000] {subprocess.py:106} INFO -   relation "stg_clean_reviews__dbt_backup" already exists
[2025-03-17T01:00:27.303+0000] {subprocess.py:106} INFO -   compiled code at target/run/bank_reviews_project/models/stg_clean_reviews.sql
[2025-03-17T01:00:27.304+0000] {subprocess.py:106} INFO - [0m01:00:27
[2025-03-17T01:00:27.305+0000] {subprocess.py:106} INFO - [0m01:00:27    Database Error in model my_first_dbt_model (models/example/my_first_dbt_model.sql)
[2025-03-17T01:00:27.305+0000] {subprocess.py:106} INFO -   relation "my_first_dbt_model__dbt_backup" already exists
[2025-03-17T01:00:27.305+0000] {subprocess.py:106} INFO -   compiled code at target/run/bank_reviews_project/models/example/my_first_dbt_model.sql
[2025-03-17T01:00:27.305+0000] {subprocess.py:106} INFO - [0m01:00:27
[2025-03-17T01:00:27.306+0000] {subprocess.py:106} INFO - [0m01:00:27    Database Error in model remove_duplicates (models/remove_duplicates.sql)
[2025-03-17T01:00:27.307+0000] {subprocess.py:106} INFO -   relation "remove_duplicates__dbt_backup" already exists
[2025-03-17T01:00:27.307+0000] {subprocess.py:106} INFO -   compiled code at target/run/bank_reviews_project/models/remove_duplicates.sql
[2025-03-17T01:00:27.308+0000] {subprocess.py:106} INFO - [0m01:00:27
[2025-03-17T01:00:27.308+0000] {subprocess.py:106} INFO - [0m01:00:27    Database Error in model clean_reviews (models/clean_reviews.sql)
[2025-03-17T01:00:27.309+0000] {subprocess.py:106} INFO -   relation "clean_reviews__dbt_backup" already exists
[2025-03-17T01:00:27.309+0000] {subprocess.py:106} INFO -   compiled code at target/run/bank_reviews_project/models/clean_reviews.sql
[2025-03-17T01:00:27.309+0000] {subprocess.py:106} INFO - [0m01:00:27
[2025-03-17T01:00:27.310+0000] {subprocess.py:106} INFO - [0m01:00:27  Done. PASS=0 WARN=0 ERROR=4 SKIP=6 TOTAL=10
[2025-03-17T01:00:30.393+0000] {subprocess.py:110} INFO - Command exited with return code 1
[2025-03-17T01:00:30.415+0000] {taskinstance.py:3313} ERROR - Task failed with exception
Traceback (most recent call last):
  File "/home/mohammed/venv/lib/python3.11/site-packages/airflow/models/taskinstance.py", line 768, in _execute_task
    result = _execute_callable(context=context, **execute_callable_kwargs)
             ^^^^^^^^^^^^^^^^^^^^^^^^^^^^^^^^^^^^^^^^^^^^^^^^^^^^^^^^^^^^^
  File "/home/mohammed/venv/lib/python3.11/site-packages/airflow/models/taskinstance.py", line 734, in _execute_callable
    return ExecutionCallableRunner(
           ^^^^^^^^^^^^^^^^^^^^^^^^
  File "/home/mohammed/venv/lib/python3.11/site-packages/airflow/utils/operator_helpers.py", line 252, in run
    return self.func(*args, **kwargs)
           ^^^^^^^^^^^^^^^^^^^^^^^^^^
  File "/home/mohammed/venv/lib/python3.11/site-packages/airflow/models/baseoperator.py", line 424, in wrapper
    return func(self, *args, **kwargs)
           ^^^^^^^^^^^^^^^^^^^^^^^^^^^
  File "/home/mohammed/venv/lib/python3.11/site-packages/airflow/operators/bash.py", line 276, in execute
    raise AirflowException(
airflow.exceptions.AirflowException: Bash command failed. The command returned a non-zero exit code 1.
[2025-03-17T01:00:30.420+0000] {logging_mixin.py:190} INFO - Task instance in failure state
[2025-03-17T01:00:30.421+0000] {logging_mixin.py:190} INFO - Task start:2025-03-17 01:00:20.654518+00:00 end:2025-03-17 01:00:30.420197+00:00 duration:9.765679
[2025-03-17T01:00:30.421+0000] {logging_mixin.py:190} INFO - Task:<Task(BashOperator): dbt_run> dag:<DAG: load_reviews_pipeline> dagrun:<DagRun load_reviews_pipeline @ 2024-08-16 00:00:00+00:00: scheduled__2024-08-16T00:00:00+00:00, state:running, queued_at: 2025-03-17 00:54:19.510964+00:00. externally triggered: False>
[2025-03-17T01:00:30.421+0000] {logging_mixin.py:190} INFO - Failure caused by Bash command failed. The command returned a non-zero exit code 1.
[2025-03-17T01:00:30.421+0000] {taskinstance.py:1226} INFO - Marking task as FAILED. dag_id=load_reviews_pipeline, task_id=dbt_run, run_id=scheduled__2024-08-16T00:00:00+00:00, execution_date=20240816T000000, start_date=20250317T010020, end_date=20250317T010030
[2025-03-17T01:00:30.506+0000] {taskinstance.py:341} INFO - ::group::Post task execution logs
[2025-03-17T01:00:30.507+0000] {standard_task_runner.py:124} ERROR - Failed to execute job 431 for task dbt_run (Bash command failed. The command returned a non-zero exit code 1.; 301048)
Traceback (most recent call last):
  File "/home/mohammed/venv/lib/python3.11/site-packages/airflow/task/task_runner/standard_task_runner.py", line 117, in _start_by_fork
    ret = args.func(args, dag=self.dag)
          ^^^^^^^^^^^^^^^^^^^^^^^^^^^^^
  File "/home/mohammed/venv/lib/python3.11/site-packages/airflow/cli/cli_config.py", line 49, in command
    return func(*args, **kwargs)
           ^^^^^^^^^^^^^^^^^^^^^
  File "/home/mohammed/venv/lib/python3.11/site-packages/airflow/utils/cli.py", line 116, in wrapper
    return f(*args, **kwargs)
           ^^^^^^^^^^^^^^^^^^
  File "/home/mohammed/venv/lib/python3.11/site-packages/airflow/cli/commands/task_command.py", line 483, in task_run
    task_return_code = _run_task_by_selected_method(args, _dag, ti)
                       ^^^^^^^^^^^^^^^^^^^^^^^^^^^^^^^^^^^^^^^^^^^^
  File "/home/mohammed/venv/lib/python3.11/site-packages/airflow/cli/commands/task_command.py", line 256, in _run_task_by_selected_method
    return _run_raw_task(args, ti)
           ^^^^^^^^^^^^^^^^^^^^^^^
  File "/home/mohammed/venv/lib/python3.11/site-packages/airflow/cli/commands/task_command.py", line 341, in _run_raw_task
    return ti._run_raw_task(
           ^^^^^^^^^^^^^^^^^
  File "/home/mohammed/venv/lib/python3.11/site-packages/airflow/utils/session.py", line 97, in wrapper
    return func(*args, session=session, **kwargs)
           ^^^^^^^^^^^^^^^^^^^^^^^^^^^^^^^^^^^^^^
  File "/home/mohammed/venv/lib/python3.11/site-packages/airflow/models/taskinstance.py", line 3006, in _run_raw_task
    return _run_raw_task(
           ^^^^^^^^^^^^^^
  File "/home/mohammed/venv/lib/python3.11/site-packages/airflow/models/taskinstance.py", line 274, in _run_raw_task
    TaskInstance._execute_task_with_callbacks(
  File "/home/mohammed/venv/lib/python3.11/site-packages/airflow/models/taskinstance.py", line 3161, in _execute_task_with_callbacks
    result = self._execute_task(context, task_orig)
             ^^^^^^^^^^^^^^^^^^^^^^^^^^^^^^^^^^^^^^
  File "/home/mohammed/venv/lib/python3.11/site-packages/airflow/models/taskinstance.py", line 3185, in _execute_task
    return _execute_task(self, context, task_orig)
           ^^^^^^^^^^^^^^^^^^^^^^^^^^^^^^^^^^^^^^^
  File "/home/mohammed/venv/lib/python3.11/site-packages/airflow/models/taskinstance.py", line 768, in _execute_task
    result = _execute_callable(context=context, **execute_callable_kwargs)
             ^^^^^^^^^^^^^^^^^^^^^^^^^^^^^^^^^^^^^^^^^^^^^^^^^^^^^^^^^^^^^
  File "/home/mohammed/venv/lib/python3.11/site-packages/airflow/models/taskinstance.py", line 734, in _execute_callable
    return ExecutionCallableRunner(
           ^^^^^^^^^^^^^^^^^^^^^^^^
  File "/home/mohammed/venv/lib/python3.11/site-packages/airflow/utils/operator_helpers.py", line 252, in run
    return self.func(*args, **kwargs)
           ^^^^^^^^^^^^^^^^^^^^^^^^^^
  File "/home/mohammed/venv/lib/python3.11/site-packages/airflow/models/baseoperator.py", line 424, in wrapper
    return func(self, *args, **kwargs)
           ^^^^^^^^^^^^^^^^^^^^^^^^^^^
  File "/home/mohammed/venv/lib/python3.11/site-packages/airflow/operators/bash.py", line 276, in execute
    raise AirflowException(
airflow.exceptions.AirflowException: Bash command failed. The command returned a non-zero exit code 1.
[2025-03-17T01:00:30.537+0000] {local_task_job_runner.py:266} INFO - Task exited with return code 1
[2025-03-17T01:00:30.556+0000] {local_task_job_runner.py:245} INFO - ::endgroup::
