[2025-03-17T00:25:50.095+0000] {local_task_job_runner.py:123} INFO - ::group::Pre task execution logs
[2025-03-17T00:25:50.423+0000] {taskinstance.py:2614} INFO - Dependencies all met for dep_context=non-requeueable deps ti=<TaskInstance: load_reviews_pipeline.dbt_run scheduled__2024-05-04T00:00:00+00:00 [queued]>
[2025-03-17T00:25:50.536+0000] {taskinstance.py:2614} INFO - Dependencies all met for dep_context=requeueable deps ti=<TaskInstance: load_reviews_pipeline.dbt_run scheduled__2024-05-04T00:00:00+00:00 [queued]>
[2025-03-17T00:25:50.537+0000] {taskinstance.py:2867} INFO - Starting attempt 1 of 2
[2025-03-17T00:25:50.793+0000] {taskinstance.py:2890} INFO - Executing <Task(BashOperator): dbt_run> on 2024-05-04 00:00:00+00:00
[2025-03-17T00:25:50.858+0000] {standard_task_runner.py:72} INFO - Started process 259545 to run task
[2025-03-17T00:25:50.925+0000] {standard_task_runner.py:104} INFO - Running: ['airflow', 'tasks', 'run', 'load_reviews_pipeline', 'dbt_run', 'scheduled__2024-05-04T00:00:00+00:00', '--job-id', '215', '--raw', '--subdir', 'DAGS_FOLDER/dag_load_reviews.py', '--cfg-path', '/tmp/tmp889dkvuh']
[2025-03-17T00:25:50.940+0000] {standard_task_runner.py:105} INFO - Job 215: Subtask dbt_run
[2025-03-17T00:25:51.949+0000] {task_command.py:467} INFO - Running <TaskInstance: load_reviews_pipeline.dbt_run scheduled__2024-05-04T00:00:00+00:00 [running]> on host DESKTOP-IM7V4RI.
[2025-03-17T00:25:54.382+0000] {taskinstance.py:3134} INFO - Exporting env vars: AIRFLOW_CTX_DAG_OWNER='mohammed' AIRFLOW_CTX_DAG_ID='load_reviews_pipeline' AIRFLOW_CTX_TASK_ID='dbt_run' AIRFLOW_CTX_EXECUTION_DATE='2024-05-04T00:00:00+00:00' AIRFLOW_CTX_TRY_NUMBER='1' AIRFLOW_CTX_DAG_RUN_ID='scheduled__2024-05-04T00:00:00+00:00'
[2025-03-17T00:25:54.410+0000] {logging_mixin.py:190} INFO - Task instance is in running state
[2025-03-17T00:25:54.411+0000] {logging_mixin.py:190} INFO -  Previous state of the Task instance: queued
[2025-03-17T00:25:54.412+0000] {logging_mixin.py:190} INFO - Current task name:dbt_run state:running start_date:2025-03-17 00:25:50.437223+00:00
[2025-03-17T00:25:54.413+0000] {logging_mixin.py:190} INFO - Dag name:load_reviews_pipeline and current dag run status:running
[2025-03-17T00:25:54.449+0000] {taskinstance.py:732} INFO - ::endgroup::
[2025-03-17T00:25:54.452+0000] {subprocess.py:78} INFO - Tmp dir root location: /tmp
[2025-03-17T00:25:54.471+0000] {subprocess.py:88} INFO - Running command: ['/usr/bin/bash', '-c', 'cd /home/mohammed/.dbt/bank_reviews_project && dbt run']
[2025-03-17T00:25:54.637+0000] {subprocess.py:99} INFO - Output:
[2025-03-17T00:26:20.273+0000] {subprocess.py:106} INFO - [0m00:26:20  Running with dbt=1.9.3
[2025-03-17T00:26:24.117+0000] {subprocess.py:106} INFO - [0m00:26:24  Registered adapter: postgres=1.9.0
[2025-03-17T00:26:31.447+0000] {subprocess.py:106} INFO - [0m00:26:31  Found 6 models, 4 data tests, 2 sources, 433 macros
[2025-03-17T00:26:31.468+0000] {subprocess.py:106} INFO - [0m00:26:31
[2025-03-17T00:26:31.471+0000] {subprocess.py:106} INFO - [0m00:26:31  Concurrency: 4 threads (target='dev')
[2025-03-17T00:26:31.472+0000] {subprocess.py:106} INFO - [0m00:26:31
[2025-03-17T00:26:34.085+0000] {subprocess.py:106} INFO - [0m00:26:34  1 of 6 START sql view model public.clean_reviews ............................... [RUN]
[2025-03-17T00:26:34.120+0000] {subprocess.py:106} INFO - [0m00:26:34  3 of 6 START sql view model public.remove_duplicates ........................... [RUN]
[2025-03-17T00:26:34.149+0000] {subprocess.py:106} INFO - [0m00:26:34  2 of 6 START sql table model public.my_first_dbt_model ......................... [RUN]
[2025-03-17T00:26:34.238+0000] {subprocess.py:106} INFO - [0m00:26:34  4 of 6 START sql view model public.stg_clean_reviews ........................... [RUN]
[2025-03-17T00:26:37.364+0000] {subprocess.py:106} INFO - [0m00:26:37  1 of 6 ERROR creating sql view model public.clean_reviews ...................... [[31mERROR[0m in 3.22s]
[2025-03-17T00:26:37.371+0000] {subprocess.py:106} INFO - [0m00:26:37  3 of 6 ERROR creating sql view model public.remove_duplicates .................. [[31mERROR[0m in 3.23s]
[2025-03-17T00:26:36.949+0000] {subprocess.py:106} INFO - [0m00:26:36  4 of 6 ERROR creating sql view model public.stg_clean_reviews .................. [[31mERROR[0m in 2.59s]
[2025-03-17T00:26:36.969+0000] {subprocess.py:106} INFO - [0m00:26:36  5 of 6 SKIP relation public.dwh_model .......................................... [[33mSKIP[0m]
[2025-03-17T00:26:37.325+0000] {subprocess.py:106} INFO - [0m00:26:37  2 of 6 ERROR creating sql table model public.my_first_dbt_model ................ [[31mERROR[0m in 3.13s]
[2025-03-17T00:26:37.339+0000] {subprocess.py:106} INFO - [0m00:26:37  6 of 6 SKIP relation public.my_second_dbt_model ................................ [[33mSKIP[0m]
[2025-03-17T00:26:37.597+0000] {subprocess.py:106} INFO - [0m00:26:37
[2025-03-17T00:26:37.635+0000] {subprocess.py:106} INFO - [0m00:26:37  Finished running 1 table model, 5 view models in 0 hours 0 minutes and 6.12 seconds (6.12s).
[2025-03-17T00:26:38.477+0000] {subprocess.py:106} INFO - [0m00:26:38
[2025-03-17T00:26:38.496+0000] {subprocess.py:106} INFO - [0m00:26:38  [31mCompleted with 4 errors, 0 partial successes, and 0 warnings:[0m
[2025-03-17T00:26:38.500+0000] {subprocess.py:106} INFO - [0m00:26:38
[2025-03-17T00:26:38.506+0000] {subprocess.py:106} INFO - [0m00:26:38    Database Error in model clean_reviews (models/clean_reviews.sql)
[2025-03-17T00:26:38.507+0000] {subprocess.py:106} INFO -   relation "clean_reviews__dbt_backup" already exists
[2025-03-17T00:26:38.509+0000] {subprocess.py:106} INFO -   compiled code at target/run/bank_reviews_project/models/clean_reviews.sql
[2025-03-17T00:26:38.512+0000] {subprocess.py:106} INFO - [0m00:26:38
[2025-03-17T00:26:38.520+0000] {subprocess.py:106} INFO - [0m00:26:38    Database Error in model remove_duplicates (models/remove_duplicates.sql)
[2025-03-17T00:26:38.521+0000] {subprocess.py:106} INFO -   relation "remove_duplicates__dbt_backup" already exists
[2025-03-17T00:26:38.523+0000] {subprocess.py:106} INFO -   compiled code at target/run/bank_reviews_project/models/remove_duplicates.sql
[2025-03-17T00:26:38.529+0000] {subprocess.py:106} INFO - [0m00:26:38
[2025-03-17T00:26:38.533+0000] {subprocess.py:106} INFO - [0m00:26:38    Database Error in model stg_clean_reviews (models/stg_clean_reviews.sql)
[2025-03-17T00:26:38.534+0000] {subprocess.py:106} INFO -   relation "stg_clean_reviews__dbt_backup" already exists
[2025-03-17T00:26:38.535+0000] {subprocess.py:106} INFO -   compiled code at target/run/bank_reviews_project/models/stg_clean_reviews.sql
[2025-03-17T00:26:38.542+0000] {subprocess.py:106} INFO - [0m00:26:38
[2025-03-17T00:26:38.551+0000] {subprocess.py:106} INFO - [0m00:26:38    Database Error in model my_first_dbt_model (models/example/my_first_dbt_model.sql)
[2025-03-17T00:26:38.552+0000] {subprocess.py:106} INFO -   relation "my_first_dbt_model__dbt_backup" already exists
[2025-03-17T00:26:38.552+0000] {subprocess.py:106} INFO -   compiled code at target/run/bank_reviews_project/models/example/my_first_dbt_model.sql
[2025-03-17T00:26:38.554+0000] {subprocess.py:106} INFO - [0m00:26:38
[2025-03-17T00:26:38.558+0000] {subprocess.py:106} INFO - [0m00:26:38  Done. PASS=0 WARN=0 ERROR=4 SKIP=2 TOTAL=6
[2025-03-17T00:26:51.111+0000] {subprocess.py:110} INFO - Command exited with return code 1
[2025-03-17T00:26:51.631+0000] {taskinstance.py:3313} ERROR - Task failed with exception
Traceback (most recent call last):
  File "/home/mohammed/venv/lib/python3.11/site-packages/airflow/models/taskinstance.py", line 768, in _execute_task
    result = _execute_callable(context=context, **execute_callable_kwargs)
             ^^^^^^^^^^^^^^^^^^^^^^^^^^^^^^^^^^^^^^^^^^^^^^^^^^^^^^^^^^^^^
  File "/home/mohammed/venv/lib/python3.11/site-packages/airflow/models/taskinstance.py", line 734, in _execute_callable
    return ExecutionCallableRunner(
           ^^^^^^^^^^^^^^^^^^^^^^^^
  File "/home/mohammed/venv/lib/python3.11/site-packages/airflow/utils/operator_helpers.py", line 252, in run
    return self.func(*args, **kwargs)
           ^^^^^^^^^^^^^^^^^^^^^^^^^^
  File "/home/mohammed/venv/lib/python3.11/site-packages/airflow/models/baseoperator.py", line 424, in wrapper
    return func(self, *args, **kwargs)
           ^^^^^^^^^^^^^^^^^^^^^^^^^^^
  File "/home/mohammed/venv/lib/python3.11/site-packages/airflow/operators/bash.py", line 276, in execute
    raise AirflowException(
airflow.exceptions.AirflowException: Bash command failed. The command returned a non-zero exit code 1.
[2025-03-17T00:26:51.907+0000] {logging_mixin.py:190} INFO - Task instance in failure state
[2025-03-17T00:26:51.908+0000] {logging_mixin.py:190} INFO - Task start:2025-03-17 00:25:50.437223+00:00 end:2025-03-17 00:26:51.880685+00:00 duration:61.443462
[2025-03-17T00:26:51.914+0000] {logging_mixin.py:190} INFO - Task:<Task(BashOperator): dbt_run> dag:<DAG: load_reviews_pipeline> dagrun:<DagRun load_reviews_pipeline @ 2024-05-04 00:00:00+00:00: scheduled__2024-05-04T00:00:00+00:00, state:running, queued_at: 2025-03-17 00:25:41.195333+00:00. externally triggered: False>
[2025-03-17T00:26:51.915+0000] {logging_mixin.py:190} INFO - Failure caused by Bash command failed. The command returned a non-zero exit code 1.
[2025-03-17T00:26:51.917+0000] {taskinstance.py:1226} INFO - Marking task as UP_FOR_RETRY. dag_id=load_reviews_pipeline, task_id=dbt_run, run_id=scheduled__2024-05-04T00:00:00+00:00, execution_date=20240504T000000, start_date=20250317T002550, end_date=20250317T002651
[2025-03-17T00:26:52.557+0000] {taskinstance.py:341} INFO - ::group::Post task execution logs
[2025-03-17T00:26:52.567+0000] {standard_task_runner.py:124} ERROR - Failed to execute job 215 for task dbt_run (Bash command failed. The command returned a non-zero exit code 1.; 259545)
Traceback (most recent call last):
  File "/home/mohammed/venv/lib/python3.11/site-packages/airflow/task/task_runner/standard_task_runner.py", line 117, in _start_by_fork
    ret = args.func(args, dag=self.dag)
          ^^^^^^^^^^^^^^^^^^^^^^^^^^^^^
  File "/home/mohammed/venv/lib/python3.11/site-packages/airflow/cli/cli_config.py", line 49, in command
    return func(*args, **kwargs)
           ^^^^^^^^^^^^^^^^^^^^^
  File "/home/mohammed/venv/lib/python3.11/site-packages/airflow/utils/cli.py", line 116, in wrapper
    return f(*args, **kwargs)
           ^^^^^^^^^^^^^^^^^^
  File "/home/mohammed/venv/lib/python3.11/site-packages/airflow/cli/commands/task_command.py", line 483, in task_run
    task_return_code = _run_task_by_selected_method(args, _dag, ti)
                       ^^^^^^^^^^^^^^^^^^^^^^^^^^^^^^^^^^^^^^^^^^^^
  File "/home/mohammed/venv/lib/python3.11/site-packages/airflow/cli/commands/task_command.py", line 256, in _run_task_by_selected_method
    return _run_raw_task(args, ti)
           ^^^^^^^^^^^^^^^^^^^^^^^
  File "/home/mohammed/venv/lib/python3.11/site-packages/airflow/cli/commands/task_command.py", line 341, in _run_raw_task
    return ti._run_raw_task(
           ^^^^^^^^^^^^^^^^^
  File "/home/mohammed/venv/lib/python3.11/site-packages/airflow/utils/session.py", line 97, in wrapper
    return func(*args, session=session, **kwargs)
           ^^^^^^^^^^^^^^^^^^^^^^^^^^^^^^^^^^^^^^
  File "/home/mohammed/venv/lib/python3.11/site-packages/airflow/models/taskinstance.py", line 3006, in _run_raw_task
    return _run_raw_task(
           ^^^^^^^^^^^^^^
  File "/home/mohammed/venv/lib/python3.11/site-packages/airflow/models/taskinstance.py", line 274, in _run_raw_task
    TaskInstance._execute_task_with_callbacks(
  File "/home/mohammed/venv/lib/python3.11/site-packages/airflow/models/taskinstance.py", line 3161, in _execute_task_with_callbacks
    result = self._execute_task(context, task_orig)
             ^^^^^^^^^^^^^^^^^^^^^^^^^^^^^^^^^^^^^^
  File "/home/mohammed/venv/lib/python3.11/site-packages/airflow/models/taskinstance.py", line 3185, in _execute_task
    return _execute_task(self, context, task_orig)
           ^^^^^^^^^^^^^^^^^^^^^^^^^^^^^^^^^^^^^^^
  File "/home/mohammed/venv/lib/python3.11/site-packages/airflow/models/taskinstance.py", line 768, in _execute_task
    result = _execute_callable(context=context, **execute_callable_kwargs)
             ^^^^^^^^^^^^^^^^^^^^^^^^^^^^^^^^^^^^^^^^^^^^^^^^^^^^^^^^^^^^^
  File "/home/mohammed/venv/lib/python3.11/site-packages/airflow/models/taskinstance.py", line 734, in _execute_callable
    return ExecutionCallableRunner(
           ^^^^^^^^^^^^^^^^^^^^^^^^
  File "/home/mohammed/venv/lib/python3.11/site-packages/airflow/utils/operator_helpers.py", line 252, in run
    return self.func(*args, **kwargs)
           ^^^^^^^^^^^^^^^^^^^^^^^^^^
  File "/home/mohammed/venv/lib/python3.11/site-packages/airflow/models/baseoperator.py", line 424, in wrapper
    return func(self, *args, **kwargs)
           ^^^^^^^^^^^^^^^^^^^^^^^^^^^
  File "/home/mohammed/venv/lib/python3.11/site-packages/airflow/operators/bash.py", line 276, in execute
    raise AirflowException(
airflow.exceptions.AirflowException: Bash command failed. The command returned a non-zero exit code 1.
[2025-03-17T00:26:52.668+0000] {local_task_job_runner.py:266} INFO - Task exited with return code 1
[2025-03-17T00:26:53.022+0000] {taskinstance.py:3901} INFO - 0 downstream tasks scheduled from follow-on schedule check
[2025-03-17T00:26:53.086+0000] {local_task_job_runner.py:245} INFO - ::endgroup::
