[2025-03-17T00:32:13.267+0000] {local_task_job_runner.py:123} INFO - ::group::Pre task execution logs
[2025-03-17T00:32:13.412+0000] {taskinstance.py:2614} INFO - Dependencies all met for dep_context=non-requeueable deps ti=<TaskInstance: load_reviews_pipeline.dbt_run scheduled__2024-05-04T00:00:00+00:00 [queued]>
[2025-03-17T00:32:13.443+0000] {taskinstance.py:2614} INFO - Dependencies all met for dep_context=requeueable deps ti=<TaskInstance: load_reviews_pipeline.dbt_run scheduled__2024-05-04T00:00:00+00:00 [queued]>
[2025-03-17T00:32:13.444+0000] {taskinstance.py:2867} INFO - Starting attempt 2 of 2
[2025-03-17T00:32:13.999+0000] {taskinstance.py:2890} INFO - Executing <Task(BashOperator): dbt_run> on 2024-05-04 00:00:00+00:00
[2025-03-17T00:32:14.046+0000] {standard_task_runner.py:72} INFO - Started process 265252 to run task
[2025-03-17T00:32:14.094+0000] {standard_task_runner.py:104} INFO - Running: ['airflow', 'tasks', 'run', 'load_reviews_pipeline', 'dbt_run', 'scheduled__2024-05-04T00:00:00+00:00', '--job-id', '245', '--raw', '--subdir', 'DAGS_FOLDER/dag_load_reviews.py', '--cfg-path', '/tmp/tmpu7o4wda4']
[2025-03-17T00:32:14.097+0000] {standard_task_runner.py:105} INFO - Job 245: Subtask dbt_run
[2025-03-17T00:32:14.834+0000] {task_command.py:467} INFO - Running <TaskInstance: load_reviews_pipeline.dbt_run scheduled__2024-05-04T00:00:00+00:00 [running]> on host DESKTOP-IM7V4RI.
[2025-03-17T00:32:16.156+0000] {taskinstance.py:3134} INFO - Exporting env vars: AIRFLOW_CTX_DAG_OWNER='mohammed' AIRFLOW_CTX_DAG_ID='load_reviews_pipeline' AIRFLOW_CTX_TASK_ID='dbt_run' AIRFLOW_CTX_EXECUTION_DATE='2024-05-04T00:00:00+00:00' AIRFLOW_CTX_TRY_NUMBER='2' AIRFLOW_CTX_DAG_RUN_ID='scheduled__2024-05-04T00:00:00+00:00'
[2025-03-17T00:32:16.174+0000] {logging_mixin.py:190} INFO - Task instance is in running state
[2025-03-17T00:32:16.175+0000] {logging_mixin.py:190} INFO -  Previous state of the Task instance: queued
[2025-03-17T00:32:16.176+0000] {logging_mixin.py:190} INFO - Current task name:dbt_run state:running start_date:2025-03-17 00:32:13.413215+00:00
[2025-03-17T00:32:16.178+0000] {logging_mixin.py:190} INFO - Dag name:load_reviews_pipeline and current dag run status:running
[2025-03-17T00:32:16.179+0000] {taskinstance.py:732} INFO - ::endgroup::
[2025-03-17T00:32:16.208+0000] {subprocess.py:78} INFO - Tmp dir root location: /tmp
[2025-03-17T00:32:16.213+0000] {subprocess.py:88} INFO - Running command: ['/usr/bin/bash', '-c', 'cd /home/mohammed/.dbt/bank_reviews_project && dbt run']
[2025-03-17T00:32:16.326+0000] {subprocess.py:99} INFO - Output:
[2025-03-17T00:32:42.110+0000] {subprocess.py:106} INFO - [0m00:32:42  Running with dbt=1.9.3
[2025-03-17T00:32:46.417+0000] {subprocess.py:106} INFO - [0m00:32:46  Registered adapter: postgres=1.9.0
[2025-03-17T00:32:53.477+0000] {subprocess.py:106} INFO - [0m00:32:53  Found 6 models, 4 data tests, 2 sources, 433 macros
[2025-03-17T00:32:53.504+0000] {subprocess.py:106} INFO - [0m00:32:53
[2025-03-17T00:32:53.515+0000] {subprocess.py:106} INFO - [0m00:32:53  Concurrency: 4 threads (target='dev')
[2025-03-17T00:32:53.521+0000] {subprocess.py:106} INFO - [0m00:32:53
[2025-03-17T00:32:55.929+0000] {subprocess.py:106} INFO - [0m00:32:55  2 of 6 START sql table model public.my_first_dbt_model ......................... [RUN]
[2025-03-17T00:32:56.049+0000] {subprocess.py:106} INFO - [0m00:32:56  1 of 6 START sql view model public.clean_reviews ............................... [RUN]
[2025-03-17T00:32:56.132+0000] {subprocess.py:106} INFO - [0m00:32:56  3 of 6 START sql view model public.remove_duplicates ........................... [RUN]
[2025-03-17T00:32:56.135+0000] {subprocess.py:106} INFO - [0m00:32:56  4 of 6 START sql view model public.stg_clean_reviews ........................... [RUN]
[2025-03-17T00:33:00.152+0000] {subprocess.py:106} INFO - [0m00:33:00  3 of 6 ERROR creating sql view model public.remove_duplicates .................. [[31mERROR[0m in 3.98s]
[2025-03-17T00:33:02.130+0000] {subprocess.py:106} INFO - [0m00:33:02  2 of 6 OK created sql table model public.my_first_dbt_model .................... [[32mSELECT 2[0m in 6.17s]
[2025-03-17T00:33:02.215+0000] {subprocess.py:106} INFO - [0m00:33:02  5 of 6 START sql view model public.my_second_dbt_model ......................... [RUN]
[2025-03-17T00:33:03.027+0000] {subprocess.py:106} INFO - [0m00:33:03  1 of 6 OK created sql view model public.clean_reviews .......................... [[32mCREATE VIEW[0m in 6.91s]
[2025-03-17T00:33:03.563+0000] {subprocess.py:106} INFO - [0m00:33:03  4 of 6 OK created sql view model public.stg_clean_reviews ...................... [[32mCREATE VIEW[0m in 7.20s]
[2025-03-17T00:33:03.613+0000] {subprocess.py:106} INFO - [0m00:33:03  6 of 6 START sql view model public.dwh_model ................................... [RUN]
[2025-03-17T00:33:04.171+0000] {subprocess.py:106} INFO - [0m00:33:04  6 of 6 OK created sql view model public.dwh_model .............................. [[32mCREATE VIEW[0m in 0.54s]
[2025-03-17T00:33:05.397+0000] {subprocess.py:106} INFO - [0m00:33:05  5 of 6 ERROR creating sql view model public.my_second_dbt_model ................ [[31mERROR[0m in 3.17s]
[2025-03-17T00:33:05.673+0000] {subprocess.py:106} INFO - [0m00:33:05
[2025-03-17T00:33:05.677+0000] {subprocess.py:106} INFO - [0m00:33:05  Finished running 1 table model, 5 view models in 0 hours 0 minutes and 12.15 seconds (12.15s).
[2025-03-17T00:33:06.158+0000] {subprocess.py:106} INFO - [0m00:33:06
[2025-03-17T00:33:06.164+0000] {subprocess.py:106} INFO - [0m00:33:06  [31mCompleted with 2 errors, 0 partial successes, and 0 warnings:[0m
[2025-03-17T00:33:06.186+0000] {subprocess.py:106} INFO - [0m00:33:06
[2025-03-17T00:33:06.192+0000] {subprocess.py:106} INFO - [0m00:33:06    Database Error in model remove_duplicates (models/remove_duplicates.sql)
[2025-03-17T00:33:06.193+0000] {subprocess.py:106} INFO -   syntax error at or near "external"
[2025-03-17T00:33:06.195+0000] {subprocess.py:106} INFO -   LINE 2: drop external if exists "project_data_wherhouse"."public"."r...
[2025-03-17T00:33:06.196+0000] {subprocess.py:106} INFO -                ^
[2025-03-17T00:33:06.200+0000] {subprocess.py:106} INFO - [0m00:33:06
[2025-03-17T00:33:06.219+0000] {subprocess.py:106} INFO - [0m00:33:06    Database Error in model my_second_dbt_model (models/example/my_second_dbt_model.sql)
[2025-03-17T00:33:06.223+0000] {subprocess.py:106} INFO -   relation "my_second_dbt_model" already exists
[2025-03-17T00:33:06.224+0000] {subprocess.py:106} INFO -   compiled code at target/run/bank_reviews_project/models/example/my_second_dbt_model.sql
[2025-03-17T00:33:06.226+0000] {subprocess.py:106} INFO - [0m00:33:06
[2025-03-17T00:33:06.228+0000] {subprocess.py:106} INFO - [0m00:33:06  Done. PASS=4 WARN=0 ERROR=2 SKIP=0 TOTAL=6
[2025-03-17T00:33:13.735+0000] {subprocess.py:110} INFO - Command exited with return code 1
[2025-03-17T00:33:15.065+0000] {taskinstance.py:3313} ERROR - Task failed with exception
Traceback (most recent call last):
  File "/home/mohammed/venv/lib/python3.11/site-packages/airflow/models/taskinstance.py", line 768, in _execute_task
    result = _execute_callable(context=context, **execute_callable_kwargs)
             ^^^^^^^^^^^^^^^^^^^^^^^^^^^^^^^^^^^^^^^^^^^^^^^^^^^^^^^^^^^^^
  File "/home/mohammed/venv/lib/python3.11/site-packages/airflow/models/taskinstance.py", line 734, in _execute_callable
    return ExecutionCallableRunner(
           ^^^^^^^^^^^^^^^^^^^^^^^^
  File "/home/mohammed/venv/lib/python3.11/site-packages/airflow/utils/operator_helpers.py", line 252, in run
    return self.func(*args, **kwargs)
           ^^^^^^^^^^^^^^^^^^^^^^^^^^
  File "/home/mohammed/venv/lib/python3.11/site-packages/airflow/models/baseoperator.py", line 424, in wrapper
    return func(self, *args, **kwargs)
           ^^^^^^^^^^^^^^^^^^^^^^^^^^^
  File "/home/mohammed/venv/lib/python3.11/site-packages/airflow/operators/bash.py", line 276, in execute
    raise AirflowException(
airflow.exceptions.AirflowException: Bash command failed. The command returned a non-zero exit code 1.
[2025-03-17T00:33:15.192+0000] {logging_mixin.py:190} INFO - Task instance in failure state
[2025-03-17T00:33:15.193+0000] {logging_mixin.py:190} INFO - Task start:2025-03-17 00:32:13.413215+00:00 end:2025-03-17 00:33:15.132019+00:00 duration:61.718804
[2025-03-17T00:33:15.199+0000] {logging_mixin.py:190} INFO - Task:<Task(BashOperator): dbt_run> dag:<DAG: load_reviews_pipeline> dagrun:<DagRun load_reviews_pipeline @ 2024-05-04 00:00:00+00:00: scheduled__2024-05-04T00:00:00+00:00, state:running, queued_at: 2025-03-17 00:25:41.195333+00:00. externally triggered: False>
[2025-03-17T00:33:15.200+0000] {logging_mixin.py:190} INFO - Failure caused by Bash command failed. The command returned a non-zero exit code 1.
[2025-03-17T00:33:15.226+0000] {taskinstance.py:1226} INFO - Marking task as FAILED. dag_id=load_reviews_pipeline, task_id=dbt_run, run_id=scheduled__2024-05-04T00:00:00+00:00, execution_date=20240504T000000, start_date=20250317T003213, end_date=20250317T003315
[2025-03-17T00:33:16.706+0000] {taskinstance.py:341} INFO - ::group::Post task execution logs
[2025-03-17T00:33:16.714+0000] {standard_task_runner.py:124} ERROR - Failed to execute job 245 for task dbt_run (Bash command failed. The command returned a non-zero exit code 1.; 265252)
Traceback (most recent call last):
  File "/home/mohammed/venv/lib/python3.11/site-packages/airflow/task/task_runner/standard_task_runner.py", line 117, in _start_by_fork
    ret = args.func(args, dag=self.dag)
          ^^^^^^^^^^^^^^^^^^^^^^^^^^^^^
  File "/home/mohammed/venv/lib/python3.11/site-packages/airflow/cli/cli_config.py", line 49, in command
    return func(*args, **kwargs)
           ^^^^^^^^^^^^^^^^^^^^^
  File "/home/mohammed/venv/lib/python3.11/site-packages/airflow/utils/cli.py", line 116, in wrapper
    return f(*args, **kwargs)
           ^^^^^^^^^^^^^^^^^^
  File "/home/mohammed/venv/lib/python3.11/site-packages/airflow/cli/commands/task_command.py", line 483, in task_run
    task_return_code = _run_task_by_selected_method(args, _dag, ti)
                       ^^^^^^^^^^^^^^^^^^^^^^^^^^^^^^^^^^^^^^^^^^^^
  File "/home/mohammed/venv/lib/python3.11/site-packages/airflow/cli/commands/task_command.py", line 256, in _run_task_by_selected_method
    return _run_raw_task(args, ti)
           ^^^^^^^^^^^^^^^^^^^^^^^
  File "/home/mohammed/venv/lib/python3.11/site-packages/airflow/cli/commands/task_command.py", line 341, in _run_raw_task
    return ti._run_raw_task(
           ^^^^^^^^^^^^^^^^^
  File "/home/mohammed/venv/lib/python3.11/site-packages/airflow/utils/session.py", line 97, in wrapper
    return func(*args, session=session, **kwargs)
           ^^^^^^^^^^^^^^^^^^^^^^^^^^^^^^^^^^^^^^
  File "/home/mohammed/venv/lib/python3.11/site-packages/airflow/models/taskinstance.py", line 3006, in _run_raw_task
    return _run_raw_task(
           ^^^^^^^^^^^^^^
  File "/home/mohammed/venv/lib/python3.11/site-packages/airflow/models/taskinstance.py", line 274, in _run_raw_task
    TaskInstance._execute_task_with_callbacks(
  File "/home/mohammed/venv/lib/python3.11/site-packages/airflow/models/taskinstance.py", line 3161, in _execute_task_with_callbacks
    result = self._execute_task(context, task_orig)
             ^^^^^^^^^^^^^^^^^^^^^^^^^^^^^^^^^^^^^^
  File "/home/mohammed/venv/lib/python3.11/site-packages/airflow/models/taskinstance.py", line 3185, in _execute_task
    return _execute_task(self, context, task_orig)
           ^^^^^^^^^^^^^^^^^^^^^^^^^^^^^^^^^^^^^^^
  File "/home/mohammed/venv/lib/python3.11/site-packages/airflow/models/taskinstance.py", line 768, in _execute_task
    result = _execute_callable(context=context, **execute_callable_kwargs)
             ^^^^^^^^^^^^^^^^^^^^^^^^^^^^^^^^^^^^^^^^^^^^^^^^^^^^^^^^^^^^^
  File "/home/mohammed/venv/lib/python3.11/site-packages/airflow/models/taskinstance.py", line 734, in _execute_callable
    return ExecutionCallableRunner(
           ^^^^^^^^^^^^^^^^^^^^^^^^
  File "/home/mohammed/venv/lib/python3.11/site-packages/airflow/utils/operator_helpers.py", line 252, in run
    return self.func(*args, **kwargs)
           ^^^^^^^^^^^^^^^^^^^^^^^^^^
  File "/home/mohammed/venv/lib/python3.11/site-packages/airflow/models/baseoperator.py", line 424, in wrapper
    return func(self, *args, **kwargs)
           ^^^^^^^^^^^^^^^^^^^^^^^^^^^
  File "/home/mohammed/venv/lib/python3.11/site-packages/airflow/operators/bash.py", line 276, in execute
    raise AirflowException(
airflow.exceptions.AirflowException: Bash command failed. The command returned a non-zero exit code 1.
[2025-03-17T00:33:17.545+0000] {local_task_job_runner.py:266} INFO - Task exited with return code 1
[2025-03-17T00:33:17.607+0000] {standard_task_runner.py:217} INFO - Process not found (most likely exited), stop collecting metrics
[2025-03-17T00:33:18.239+0000] {local_task_job_runner.py:245} INFO - ::endgroup::
