[2025-03-17T01:05:57.670+0000] {local_task_job_runner.py:123} INFO - ::group::Pre task execution logs
[2025-03-17T01:05:57.704+0000] {taskinstance.py:2614} INFO - Dependencies all met for dep_context=non-requeueable deps ti=<TaskInstance: load_reviews_pipeline.dbt_run scheduled__2024-11-14T00:00:00+00:00 [queued]>
[2025-03-17T01:05:57.720+0000] {taskinstance.py:2614} INFO - Dependencies all met for dep_context=requeueable deps ti=<TaskInstance: load_reviews_pipeline.dbt_run scheduled__2024-11-14T00:00:00+00:00 [queued]>
[2025-03-17T01:05:57.720+0000] {taskinstance.py:2867} INFO - Starting attempt 1 of 2
[2025-03-17T01:05:57.742+0000] {taskinstance.py:2890} INFO - Executing <Task(BashOperator): dbt_run> on 2024-11-14 00:00:00+00:00
[2025-03-17T01:05:57.749+0000] {standard_task_runner.py:72} INFO - Started process 310043 to run task
[2025-03-17T01:05:57.757+0000] {standard_task_runner.py:104} INFO - Running: ['airflow', 'tasks', 'run', 'load_reviews_pipeline', 'dbt_run', 'scheduled__2024-11-14T00:00:00+00:00', '--job-id', '496', '--raw', '--subdir', 'DAGS_FOLDER/dag_load_reviews.py', '--cfg-path', '/tmp/tmpd00xneu8']
[2025-03-17T01:05:57.759+0000] {standard_task_runner.py:105} INFO - Job 496: Subtask dbt_run
[2025-03-17T01:05:57.885+0000] {task_command.py:467} INFO - Running <TaskInstance: load_reviews_pipeline.dbt_run scheduled__2024-11-14T00:00:00+00:00 [running]> on host DESKTOP-IM7V4RI.
[2025-03-17T01:05:58.070+0000] {taskinstance.py:3134} INFO - Exporting env vars: AIRFLOW_CTX_DAG_OWNER='mohammed' AIRFLOW_CTX_DAG_ID='load_reviews_pipeline' AIRFLOW_CTX_TASK_ID='dbt_run' AIRFLOW_CTX_EXECUTION_DATE='2024-11-14T00:00:00+00:00' AIRFLOW_CTX_TRY_NUMBER='1' AIRFLOW_CTX_DAG_RUN_ID='scheduled__2024-11-14T00:00:00+00:00'
[2025-03-17T01:05:58.072+0000] {logging_mixin.py:190} INFO - Task instance is in running state
[2025-03-17T01:05:58.072+0000] {logging_mixin.py:190} INFO -  Previous state of the Task instance: queued
[2025-03-17T01:05:58.072+0000] {logging_mixin.py:190} INFO - Current task name:dbt_run state:running start_date:2025-03-17 01:05:57.705291+00:00
[2025-03-17T01:05:58.072+0000] {logging_mixin.py:190} INFO - Dag name:load_reviews_pipeline and current dag run status:running
[2025-03-17T01:05:58.073+0000] {taskinstance.py:732} INFO - ::endgroup::
[2025-03-17T01:05:58.074+0000] {subprocess.py:78} INFO - Tmp dir root location: /tmp
[2025-03-17T01:05:58.075+0000] {subprocess.py:88} INFO - Running command: ['/usr/bin/bash', '-c', 'cd /home/mohammed/.dbt/bank_reviews_project && dbt run']
[2025-03-17T01:05:58.094+0000] {subprocess.py:99} INFO - Output:
[2025-03-17T01:06:00.344+0000] {subprocess.py:106} INFO - [0m01:06:00  Running with dbt=1.9.3
[2025-03-17T01:05:59.822+0000] {subprocess.py:106} INFO - [0m01:05:59  Registered adapter: postgres=1.9.0
[2025-03-17T01:06:00.328+0000] {subprocess.py:106} INFO - [0m01:06:00  Found 10 models, 4 data tests, 2 sources, 433 macros
[2025-03-17T01:06:00.331+0000] {subprocess.py:106} INFO - [0m01:06:00
[2025-03-17T01:06:00.333+0000] {subprocess.py:106} INFO - [0m01:06:00  Concurrency: 4 threads (target='dev')
[2025-03-17T01:06:00.334+0000] {subprocess.py:106} INFO - [0m01:06:00
[2025-03-17T01:06:00.515+0000] {subprocess.py:106} INFO - [0m01:06:00  1 of 10 START sql view model public.clean_reviews .............................. [RUN]
[2025-03-17T01:06:00.518+0000] {subprocess.py:106} INFO - [0m01:06:00  2 of 10 START sql table model public.my_first_dbt_model ........................ [RUN]
[2025-03-17T01:06:00.519+0000] {subprocess.py:106} INFO - [0m01:06:00  3 of 10 START sql view model public.remove_duplicates .......................... [RUN]
[2025-03-17T01:06:00.520+0000] {subprocess.py:106} INFO - [0m01:06:00  4 of 10 START sql view model public.stg_clean_reviews .......................... [RUN]
[2025-03-17T01:06:00.985+0000] {subprocess.py:106} INFO - [0m01:06:00  2 of 10 OK created sql table model public.my_first_dbt_model ................... [[32mSELECT 2[0m in 0.45s]
[2025-03-17T01:06:00.991+0000] {subprocess.py:106} INFO - [0m01:06:00  1 of 10 OK created sql view model public.clean_reviews ......................... [[32mCREATE VIEW[0m in 0.47s]
[2025-03-17T01:06:00.995+0000] {subprocess.py:106} INFO - [0m01:06:00  3 of 10 OK created sql view model public.remove_duplicates ..................... [[32mCREATE VIEW[0m in 0.46s]
[2025-03-17T01:06:00.997+0000] {subprocess.py:106} INFO - [0m01:06:00  4 of 10 OK created sql view model public.stg_clean_reviews ..................... [[32mCREATE VIEW[0m in 0.47s]
[2025-03-17T01:06:01.003+0000] {subprocess.py:106} INFO - [0m01:06:01  5 of 10 START sql view model public.my_second_dbt_model ........................ [RUN]
[2025-03-17T01:06:01.010+0000] {subprocess.py:106} INFO - [0m01:06:01  6 of 10 START sql view model public.dim_bank ................................... [RUN]
[2025-03-17T01:06:01.016+0000] {subprocess.py:106} INFO - [0m01:06:01  7 of 10 START sql view model public.dim_branch ................................. [RUN]
[2025-03-17T01:06:01.017+0000] {subprocess.py:106} INFO - [0m01:06:01  8 of 10 START sql view model public.dim_location ............................... [RUN]
[2025-03-17T01:06:01.148+0000] {subprocess.py:106} INFO - [0m01:06:01  5 of 10 ERROR creating sql view model public.my_second_dbt_model ............... [[31mERROR[0m in 0.14s]
[2025-03-17T01:06:01.156+0000] {subprocess.py:106} INFO - [0m01:06:01  9 of 10 START sql view model public.dim_sentiment .............................. [RUN]
[2025-03-17T01:06:01.185+0000] {subprocess.py:106} INFO - [0m01:06:01  8 of 10 ERROR creating sql view model public.dim_location ...................... [[31mERROR[0m in 0.16s]
[2025-03-17T01:06:01.186+0000] {subprocess.py:106} INFO - [0m01:06:01  7 of 10 ERROR creating sql view model public.dim_branch ........................ [[31mERROR[0m in 0.16s]
[2025-03-17T01:06:01.191+0000] {subprocess.py:106} INFO - [0m01:06:01  6 of 10 ERROR creating sql view model public.dim_bank .......................... [[31mERROR[0m in 0.17s]
[2025-03-17T01:06:01.236+0000] {subprocess.py:106} INFO - [0m01:06:01  9 of 10 ERROR creating sql view model public.dim_sentiment ..................... [[31mERROR[0m in 0.07s]
[2025-03-17T01:06:01.240+0000] {subprocess.py:106} INFO - [0m01:06:01  10 of 10 SKIP relation public.fact_reviews ..................................... [[33mSKIP[0m]
[2025-03-17T01:06:01.265+0000] {subprocess.py:106} INFO - [0m01:06:01
[2025-03-17T01:06:01.265+0000] {subprocess.py:106} INFO - [0m01:06:01  Finished running 1 table model, 9 view models in 0 hours 0 minutes and 0.93 seconds (0.93s).
[2025-03-17T01:06:01.309+0000] {subprocess.py:106} INFO - [0m01:06:01
[2025-03-17T01:06:01.310+0000] {subprocess.py:106} INFO - [0m01:06:01  [31mCompleted with 5 errors, 0 partial successes, and 0 warnings:[0m
[2025-03-17T01:06:01.310+0000] {subprocess.py:106} INFO - [0m01:06:01
[2025-03-17T01:06:01.311+0000] {subprocess.py:106} INFO - [0m01:06:01    Database Error in model my_second_dbt_model (models/example/my_second_dbt_model.sql)
[2025-03-17T01:06:01.311+0000] {subprocess.py:106} INFO -   relation "my_second_dbt_model" already exists
[2025-03-17T01:06:01.311+0000] {subprocess.py:106} INFO -   compiled code at target/run/bank_reviews_project/models/example/my_second_dbt_model.sql
[2025-03-17T01:06:01.311+0000] {subprocess.py:106} INFO - [0m01:06:01
[2025-03-17T01:06:01.312+0000] {subprocess.py:106} INFO - [0m01:06:01    Database Error in model dim_location (models/dim_location.sql)
[2025-03-17T01:06:01.312+0000] {subprocess.py:106} INFO -   relation "dim_location" already exists
[2025-03-17T01:06:01.312+0000] {subprocess.py:106} INFO -   compiled code at target/run/bank_reviews_project/models/dim_location.sql
[2025-03-17T01:06:01.312+0000] {subprocess.py:106} INFO - [0m01:06:01
[2025-03-17T01:06:01.312+0000] {subprocess.py:106} INFO - [0m01:06:01    Database Error in model dim_branch (models/dim_branch.sql)
[2025-03-17T01:06:01.313+0000] {subprocess.py:106} INFO -   relation "dim_branch" already exists
[2025-03-17T01:06:01.313+0000] {subprocess.py:106} INFO -   compiled code at target/run/bank_reviews_project/models/dim_branch.sql
[2025-03-17T01:06:01.313+0000] {subprocess.py:106} INFO - [0m01:06:01
[2025-03-17T01:06:01.314+0000] {subprocess.py:106} INFO - [0m01:06:01    Database Error in model dim_bank (models/dim_bank.sql)
[2025-03-17T01:06:01.314+0000] {subprocess.py:106} INFO -   relation "dim_bank" already exists
[2025-03-17T01:06:01.314+0000] {subprocess.py:106} INFO -   compiled code at target/run/bank_reviews_project/models/dim_bank.sql
[2025-03-17T01:06:01.314+0000] {subprocess.py:106} INFO - [0m01:06:01
[2025-03-17T01:06:01.314+0000] {subprocess.py:106} INFO - [0m01:06:01    Database Error in model dim_sentiment (models/dim_sentiment.sql)
[2025-03-17T01:06:01.315+0000] {subprocess.py:106} INFO -   relation "dim_sentiment" already exists
[2025-03-17T01:06:01.315+0000] {subprocess.py:106} INFO -   compiled code at target/run/bank_reviews_project/models/dim_sentiment.sql
[2025-03-17T01:06:01.315+0000] {subprocess.py:106} INFO - [0m01:06:01
[2025-03-17T01:06:01.315+0000] {subprocess.py:106} INFO - [0m01:06:01  Done. PASS=4 WARN=0 ERROR=5 SKIP=1 TOTAL=10
[2025-03-17T01:06:02.786+0000] {subprocess.py:110} INFO - Command exited with return code 1
[2025-03-17T01:06:02.821+0000] {taskinstance.py:3313} ERROR - Task failed with exception
Traceback (most recent call last):
  File "/home/mohammed/venv/lib/python3.11/site-packages/airflow/models/taskinstance.py", line 768, in _execute_task
    result = _execute_callable(context=context, **execute_callable_kwargs)
             ^^^^^^^^^^^^^^^^^^^^^^^^^^^^^^^^^^^^^^^^^^^^^^^^^^^^^^^^^^^^^
  File "/home/mohammed/venv/lib/python3.11/site-packages/airflow/models/taskinstance.py", line 734, in _execute_callable
    return ExecutionCallableRunner(
           ^^^^^^^^^^^^^^^^^^^^^^^^
  File "/home/mohammed/venv/lib/python3.11/site-packages/airflow/utils/operator_helpers.py", line 252, in run
    return self.func(*args, **kwargs)
           ^^^^^^^^^^^^^^^^^^^^^^^^^^
  File "/home/mohammed/venv/lib/python3.11/site-packages/airflow/models/baseoperator.py", line 424, in wrapper
    return func(self, *args, **kwargs)
           ^^^^^^^^^^^^^^^^^^^^^^^^^^^
  File "/home/mohammed/venv/lib/python3.11/site-packages/airflow/operators/bash.py", line 276, in execute
    raise AirflowException(
airflow.exceptions.AirflowException: Bash command failed. The command returned a non-zero exit code 1.
[2025-03-17T01:06:02.835+0000] {logging_mixin.py:190} INFO - Task instance in failure state
[2025-03-17T01:06:02.836+0000] {logging_mixin.py:190} INFO - Task start:2025-03-17 01:05:57.705291+00:00 end:2025-03-17 01:06:02.833872+00:00 duration:5.128581
[2025-03-17T01:06:02.836+0000] {logging_mixin.py:190} INFO - Task:<Task(BashOperator): dbt_run> dag:<DAG: load_reviews_pipeline> dagrun:<DagRun load_reviews_pipeline @ 2024-11-14 00:00:00+00:00: scheduled__2024-11-14T00:00:00+00:00, state:running, queued_at: 2025-03-17 01:05:56.337909+00:00. externally triggered: False>
[2025-03-17T01:06:02.837+0000] {logging_mixin.py:190} INFO - Failure caused by Bash command failed. The command returned a non-zero exit code 1.
[2025-03-17T01:06:02.837+0000] {taskinstance.py:1226} INFO - Marking task as UP_FOR_RETRY. dag_id=load_reviews_pipeline, task_id=dbt_run, run_id=scheduled__2024-11-14T00:00:00+00:00, execution_date=20241114T000000, start_date=20250317T010557, end_date=20250317T010602
[2025-03-17T01:06:02.964+0000] {taskinstance.py:341} INFO - ::group::Post task execution logs
[2025-03-17T01:06:02.967+0000] {standard_task_runner.py:124} ERROR - Failed to execute job 496 for task dbt_run (Bash command failed. The command returned a non-zero exit code 1.; 310043)
Traceback (most recent call last):
  File "/home/mohammed/venv/lib/python3.11/site-packages/airflow/task/task_runner/standard_task_runner.py", line 117, in _start_by_fork
    ret = args.func(args, dag=self.dag)
          ^^^^^^^^^^^^^^^^^^^^^^^^^^^^^
  File "/home/mohammed/venv/lib/python3.11/site-packages/airflow/cli/cli_config.py", line 49, in command
    return func(*args, **kwargs)
           ^^^^^^^^^^^^^^^^^^^^^
  File "/home/mohammed/venv/lib/python3.11/site-packages/airflow/utils/cli.py", line 116, in wrapper
    return f(*args, **kwargs)
           ^^^^^^^^^^^^^^^^^^
  File "/home/mohammed/venv/lib/python3.11/site-packages/airflow/cli/commands/task_command.py", line 483, in task_run
    task_return_code = _run_task_by_selected_method(args, _dag, ti)
                       ^^^^^^^^^^^^^^^^^^^^^^^^^^^^^^^^^^^^^^^^^^^^
  File "/home/mohammed/venv/lib/python3.11/site-packages/airflow/cli/commands/task_command.py", line 256, in _run_task_by_selected_method
    return _run_raw_task(args, ti)
           ^^^^^^^^^^^^^^^^^^^^^^^
  File "/home/mohammed/venv/lib/python3.11/site-packages/airflow/cli/commands/task_command.py", line 341, in _run_raw_task
    return ti._run_raw_task(
           ^^^^^^^^^^^^^^^^^
  File "/home/mohammed/venv/lib/python3.11/site-packages/airflow/utils/session.py", line 97, in wrapper
    return func(*args, session=session, **kwargs)
           ^^^^^^^^^^^^^^^^^^^^^^^^^^^^^^^^^^^^^^
  File "/home/mohammed/venv/lib/python3.11/site-packages/airflow/models/taskinstance.py", line 3006, in _run_raw_task
    return _run_raw_task(
           ^^^^^^^^^^^^^^
  File "/home/mohammed/venv/lib/python3.11/site-packages/airflow/models/taskinstance.py", line 274, in _run_raw_task
    TaskInstance._execute_task_with_callbacks(
  File "/home/mohammed/venv/lib/python3.11/site-packages/airflow/models/taskinstance.py", line 3161, in _execute_task_with_callbacks
    result = self._execute_task(context, task_orig)
             ^^^^^^^^^^^^^^^^^^^^^^^^^^^^^^^^^^^^^^
  File "/home/mohammed/venv/lib/python3.11/site-packages/airflow/models/taskinstance.py", line 3185, in _execute_task
    return _execute_task(self, context, task_orig)
           ^^^^^^^^^^^^^^^^^^^^^^^^^^^^^^^^^^^^^^^
  File "/home/mohammed/venv/lib/python3.11/site-packages/airflow/models/taskinstance.py", line 768, in _execute_task
    result = _execute_callable(context=context, **execute_callable_kwargs)
             ^^^^^^^^^^^^^^^^^^^^^^^^^^^^^^^^^^^^^^^^^^^^^^^^^^^^^^^^^^^^^
  File "/home/mohammed/venv/lib/python3.11/site-packages/airflow/models/taskinstance.py", line 734, in _execute_callable
    return ExecutionCallableRunner(
           ^^^^^^^^^^^^^^^^^^^^^^^^
  File "/home/mohammed/venv/lib/python3.11/site-packages/airflow/utils/operator_helpers.py", line 252, in run
    return self.func(*args, **kwargs)
           ^^^^^^^^^^^^^^^^^^^^^^^^^^
  File "/home/mohammed/venv/lib/python3.11/site-packages/airflow/models/baseoperator.py", line 424, in wrapper
    return func(self, *args, **kwargs)
           ^^^^^^^^^^^^^^^^^^^^^^^^^^^
  File "/home/mohammed/venv/lib/python3.11/site-packages/airflow/operators/bash.py", line 276, in execute
    raise AirflowException(
airflow.exceptions.AirflowException: Bash command failed. The command returned a non-zero exit code 1.
[2025-03-17T01:06:02.993+0000] {local_task_job_runner.py:266} INFO - Task exited with return code 1
[2025-03-17T01:06:03.068+0000] {taskinstance.py:3901} INFO - 0 downstream tasks scheduled from follow-on schedule check
[2025-03-17T01:06:03.081+0000] {local_task_job_runner.py:245} INFO - ::endgroup::
