[2025-03-17T00:29:49.437+0000] {local_task_job_runner.py:123} INFO - ::group::Pre task execution logs
[2025-03-17T00:29:49.635+0000] {taskinstance.py:2614} INFO - Dependencies all met for dep_context=non-requeueable deps ti=<TaskInstance: load_reviews_pipeline.dbt_run manual__2025-03-17T00:29:43.676592+00:00 [queued]>
[2025-03-17T00:29:49.678+0000] {taskinstance.py:2614} INFO - Dependencies all met for dep_context=requeueable deps ti=<TaskInstance: load_reviews_pipeline.dbt_run manual__2025-03-17T00:29:43.676592+00:00 [queued]>
[2025-03-17T00:29:49.679+0000] {taskinstance.py:2867} INFO - Starting attempt 1 of 2
[2025-03-17T00:29:49.778+0000] {taskinstance.py:2890} INFO - Executing <Task(BashOperator): dbt_run> on 2025-03-17 00:29:43.676592+00:00
[2025-03-17T00:29:49.803+0000] {standard_task_runner.py:72} INFO - Started process 263074 to run task
[2025-03-17T00:29:49.832+0000] {standard_task_runner.py:104} INFO - Running: ['airflow', 'tasks', 'run', 'load_reviews_pipeline', 'dbt_run', 'manual__2025-03-17T00:29:43.676592+00:00', '--job-id', '228', '--raw', '--subdir', 'DAGS_FOLDER/dag_load_reviews.py', '--cfg-path', '/tmp/tmpqiunca00']
[2025-03-17T00:29:49.839+0000] {standard_task_runner.py:105} INFO - Job 228: Subtask dbt_run
[2025-03-17T00:29:50.122+0000] {task_command.py:467} INFO - Running <TaskInstance: load_reviews_pipeline.dbt_run manual__2025-03-17T00:29:43.676592+00:00 [running]> on host DESKTOP-IM7V4RI.
[2025-03-17T00:29:50.556+0000] {taskinstance.py:3134} INFO - Exporting env vars: AIRFLOW_CTX_DAG_OWNER='mohammed' AIRFLOW_CTX_DAG_ID='load_reviews_pipeline' AIRFLOW_CTX_TASK_ID='dbt_run' AIRFLOW_CTX_EXECUTION_DATE='2025-03-17T00:29:43.676592+00:00' AIRFLOW_CTX_TRY_NUMBER='1' AIRFLOW_CTX_DAG_RUN_ID='manual__2025-03-17T00:29:43.676592+00:00'
[2025-03-17T00:29:50.568+0000] {logging_mixin.py:190} INFO - Task instance is in running state
[2025-03-17T00:29:50.569+0000] {logging_mixin.py:190} INFO -  Previous state of the Task instance: queued
[2025-03-17T00:29:50.570+0000] {logging_mixin.py:190} INFO - Current task name:dbt_run state:running start_date:2025-03-17 00:29:49.637178+00:00
[2025-03-17T00:29:50.571+0000] {logging_mixin.py:190} INFO - Dag name:load_reviews_pipeline and current dag run status:running
[2025-03-17T00:29:50.572+0000] {taskinstance.py:732} INFO - ::endgroup::
[2025-03-17T00:29:50.575+0000] {subprocess.py:78} INFO - Tmp dir root location: /tmp
[2025-03-17T00:29:50.579+0000] {subprocess.py:88} INFO - Running command: ['/usr/bin/bash', '-c', 'cd /home/mohammed/.dbt/bank_reviews_project && dbt run']
[2025-03-17T00:29:50.620+0000] {subprocess.py:99} INFO - Output:
[2025-03-17T00:29:58.541+0000] {subprocess.py:106} INFO - [0m00:29:58  Running with dbt=1.9.3
[2025-03-17T00:30:00.002+0000] {subprocess.py:106} INFO - [0m00:30:00  Registered adapter: postgres=1.9.0
[2025-03-17T00:30:01.874+0000] {subprocess.py:106} INFO - [0m00:30:01  Found 6 models, 4 data tests, 2 sources, 433 macros
[2025-03-17T00:30:01.880+0000] {subprocess.py:106} INFO - [0m00:30:01
[2025-03-17T00:30:01.881+0000] {subprocess.py:106} INFO - [0m00:30:01  Concurrency: 4 threads (target='dev')
[2025-03-17T00:30:01.882+0000] {subprocess.py:106} INFO - [0m00:30:01
[2025-03-17T00:30:02.271+0000] {subprocess.py:106} INFO - [0m00:30:02  1 of 6 START sql view model public.clean_reviews ............................... [RUN]
[2025-03-17T00:30:02.274+0000] {subprocess.py:106} INFO - [0m00:30:02  2 of 6 START sql table model public.my_first_dbt_model ......................... [RUN]
[2025-03-17T00:30:02.277+0000] {subprocess.py:106} INFO - [0m00:30:02  3 of 6 START sql view model public.remove_duplicates ........................... [RUN]
[2025-03-17T00:30:02.281+0000] {subprocess.py:106} INFO - [0m00:30:02  4 of 6 START sql view model public.stg_clean_reviews ........................... [RUN]
[2025-03-17T00:30:03.582+0000] {subprocess.py:106} INFO - [0m00:30:03  2 of 6 OK created sql table model public.my_first_dbt_model .................... [[32mSELECT 2[0m in 1.27s]
[2025-03-17T00:30:03.586+0000] {subprocess.py:106} INFO - [0m00:30:03  3 of 6 OK created sql view model public.remove_duplicates ...................... [[32mCREATE VIEW[0m in 1.29s]
[2025-03-17T00:30:03.589+0000] {subprocess.py:106} INFO - [0m00:30:03  4 of 6 OK created sql view model public.stg_clean_reviews ...................... [[32mCREATE VIEW[0m in 1.29s]
[2025-03-17T00:30:03.591+0000] {subprocess.py:106} INFO - [0m00:30:03  1 of 6 OK created sql view model public.clean_reviews .......................... [[32mCREATE VIEW[0m in 1.30s]
[2025-03-17T00:30:03.617+0000] {subprocess.py:106} INFO - [0m00:30:03  5 of 6 START sql view model public.my_second_dbt_model ......................... [RUN]
[2025-03-17T00:30:03.621+0000] {subprocess.py:106} INFO - [0m00:30:03  6 of 6 START sql view model public.dwh_model ................................... [RUN]
[2025-03-17T00:30:03.833+0000] {subprocess.py:106} INFO - [0m00:30:03  5 of 6 OK created sql view model public.my_second_dbt_model .................... [[32mCREATE VIEW[0m in 0.21s]
[2025-03-17T00:30:03.850+0000] {subprocess.py:106} INFO - [0m00:30:03  6 of 6 ERROR creating sql view model public.dwh_model .......................... [[31mERROR[0m in 0.22s]
[2025-03-17T00:30:03.917+0000] {subprocess.py:106} INFO - [0m00:30:03
[2025-03-17T00:30:03.918+0000] {subprocess.py:106} INFO - [0m00:30:03  Finished running 1 table model, 5 view models in 0 hours 0 minutes and 2.03 seconds (2.03s).
[2025-03-17T00:30:04.189+0000] {subprocess.py:106} INFO - [0m00:30:04
[2025-03-17T00:30:04.194+0000] {subprocess.py:106} INFO - [0m00:30:04  [31mCompleted with 1 error, 0 partial successes, and 0 warnings:[0m
[2025-03-17T00:30:04.206+0000] {subprocess.py:106} INFO - [0m00:30:04
[2025-03-17T00:30:04.209+0000] {subprocess.py:106} INFO - [0m00:30:04    Database Error in model dwh_model (models/dwh_model.sql)
[2025-03-17T00:30:04.210+0000] {subprocess.py:106} INFO -   syntax error at or near ";"
[2025-03-17T00:30:04.210+0000] {subprocess.py:106} INFO -   LINE 52: SELECT * FROM fact_reviews;
[2025-03-17T00:30:04.211+0000] {subprocess.py:106} INFO -                                      ^
[2025-03-17T00:30:04.212+0000] {subprocess.py:106} INFO -   compiled code at target/run/bank_reviews_project/models/dwh_model.sql
[2025-03-17T00:30:04.213+0000] {subprocess.py:106} INFO - [0m00:30:04
[2025-03-17T00:30:04.214+0000] {subprocess.py:106} INFO - [0m00:30:04  Done. PASS=5 WARN=0 ERROR=1 SKIP=0 TOTAL=6
[2025-03-17T00:30:14.685+0000] {subprocess.py:110} INFO - Command exited with return code 1
[2025-03-17T00:30:14.737+0000] {taskinstance.py:3313} ERROR - Task failed with exception
Traceback (most recent call last):
  File "/home/mohammed/venv/lib/python3.11/site-packages/airflow/models/taskinstance.py", line 768, in _execute_task
    result = _execute_callable(context=context, **execute_callable_kwargs)
             ^^^^^^^^^^^^^^^^^^^^^^^^^^^^^^^^^^^^^^^^^^^^^^^^^^^^^^^^^^^^^
  File "/home/mohammed/venv/lib/python3.11/site-packages/airflow/models/taskinstance.py", line 734, in _execute_callable
    return ExecutionCallableRunner(
           ^^^^^^^^^^^^^^^^^^^^^^^^
  File "/home/mohammed/venv/lib/python3.11/site-packages/airflow/utils/operator_helpers.py", line 252, in run
    return self.func(*args, **kwargs)
           ^^^^^^^^^^^^^^^^^^^^^^^^^^
  File "/home/mohammed/venv/lib/python3.11/site-packages/airflow/models/baseoperator.py", line 424, in wrapper
    return func(self, *args, **kwargs)
           ^^^^^^^^^^^^^^^^^^^^^^^^^^^
  File "/home/mohammed/venv/lib/python3.11/site-packages/airflow/operators/bash.py", line 276, in execute
    raise AirflowException(
airflow.exceptions.AirflowException: Bash command failed. The command returned a non-zero exit code 1.
[2025-03-17T00:30:14.755+0000] {logging_mixin.py:190} INFO - Task instance in failure state
[2025-03-17T00:30:14.755+0000] {logging_mixin.py:190} INFO - Task start:2025-03-17 00:29:49.637178+00:00 end:2025-03-17 00:30:14.752933+00:00 duration:25.115755
[2025-03-17T00:30:14.756+0000] {logging_mixin.py:190} INFO - Task:<Task(BashOperator): dbt_run> dag:<DAG: load_reviews_pipeline> dagrun:<DagRun load_reviews_pipeline @ 2025-03-17 00:29:43.676592+00:00: manual__2025-03-17T00:29:43.676592+00:00, state:running, queued_at: 2025-03-17 00:29:44.365696+00:00. externally triggered: True>
[2025-03-17T00:30:14.756+0000] {logging_mixin.py:190} INFO - Failure caused by Bash command failed. The command returned a non-zero exit code 1.
[2025-03-17T00:30:14.757+0000] {taskinstance.py:1226} INFO - Marking task as UP_FOR_RETRY. dag_id=load_reviews_pipeline, task_id=dbt_run, run_id=manual__2025-03-17T00:29:43.676592+00:00, execution_date=20250317T002943, start_date=20250317T002949, end_date=20250317T003014
[2025-03-17T00:30:14.935+0000] {taskinstance.py:341} INFO - ::group::Post task execution logs
[2025-03-17T00:30:14.938+0000] {standard_task_runner.py:124} ERROR - Failed to execute job 228 for task dbt_run (Bash command failed. The command returned a non-zero exit code 1.; 263074)
Traceback (most recent call last):
  File "/home/mohammed/venv/lib/python3.11/site-packages/airflow/task/task_runner/standard_task_runner.py", line 117, in _start_by_fork
    ret = args.func(args, dag=self.dag)
          ^^^^^^^^^^^^^^^^^^^^^^^^^^^^^
  File "/home/mohammed/venv/lib/python3.11/site-packages/airflow/cli/cli_config.py", line 49, in command
    return func(*args, **kwargs)
           ^^^^^^^^^^^^^^^^^^^^^
  File "/home/mohammed/venv/lib/python3.11/site-packages/airflow/utils/cli.py", line 116, in wrapper
    return f(*args, **kwargs)
           ^^^^^^^^^^^^^^^^^^
  File "/home/mohammed/venv/lib/python3.11/site-packages/airflow/cli/commands/task_command.py", line 483, in task_run
    task_return_code = _run_task_by_selected_method(args, _dag, ti)
                       ^^^^^^^^^^^^^^^^^^^^^^^^^^^^^^^^^^^^^^^^^^^^
  File "/home/mohammed/venv/lib/python3.11/site-packages/airflow/cli/commands/task_command.py", line 256, in _run_task_by_selected_method
    return _run_raw_task(args, ti)
           ^^^^^^^^^^^^^^^^^^^^^^^
  File "/home/mohammed/venv/lib/python3.11/site-packages/airflow/cli/commands/task_command.py", line 341, in _run_raw_task
    return ti._run_raw_task(
           ^^^^^^^^^^^^^^^^^
  File "/home/mohammed/venv/lib/python3.11/site-packages/airflow/utils/session.py", line 97, in wrapper
    return func(*args, session=session, **kwargs)
           ^^^^^^^^^^^^^^^^^^^^^^^^^^^^^^^^^^^^^^
  File "/home/mohammed/venv/lib/python3.11/site-packages/airflow/models/taskinstance.py", line 3006, in _run_raw_task
    return _run_raw_task(
           ^^^^^^^^^^^^^^
  File "/home/mohammed/venv/lib/python3.11/site-packages/airflow/models/taskinstance.py", line 274, in _run_raw_task
    TaskInstance._execute_task_with_callbacks(
  File "/home/mohammed/venv/lib/python3.11/site-packages/airflow/models/taskinstance.py", line 3161, in _execute_task_with_callbacks
    result = self._execute_task(context, task_orig)
             ^^^^^^^^^^^^^^^^^^^^^^^^^^^^^^^^^^^^^^
  File "/home/mohammed/venv/lib/python3.11/site-packages/airflow/models/taskinstance.py", line 3185, in _execute_task
    return _execute_task(self, context, task_orig)
           ^^^^^^^^^^^^^^^^^^^^^^^^^^^^^^^^^^^^^^^
  File "/home/mohammed/venv/lib/python3.11/site-packages/airflow/models/taskinstance.py", line 768, in _execute_task
    result = _execute_callable(context=context, **execute_callable_kwargs)
             ^^^^^^^^^^^^^^^^^^^^^^^^^^^^^^^^^^^^^^^^^^^^^^^^^^^^^^^^^^^^^
  File "/home/mohammed/venv/lib/python3.11/site-packages/airflow/models/taskinstance.py", line 734, in _execute_callable
    return ExecutionCallableRunner(
           ^^^^^^^^^^^^^^^^^^^^^^^^
  File "/home/mohammed/venv/lib/python3.11/site-packages/airflow/utils/operator_helpers.py", line 252, in run
    return self.func(*args, **kwargs)
           ^^^^^^^^^^^^^^^^^^^^^^^^^^
  File "/home/mohammed/venv/lib/python3.11/site-packages/airflow/models/baseoperator.py", line 424, in wrapper
    return func(self, *args, **kwargs)
           ^^^^^^^^^^^^^^^^^^^^^^^^^^^
  File "/home/mohammed/venv/lib/python3.11/site-packages/airflow/operators/bash.py", line 276, in execute
    raise AirflowException(
airflow.exceptions.AirflowException: Bash command failed. The command returned a non-zero exit code 1.
[2025-03-17T00:30:15.008+0000] {local_task_job_runner.py:266} INFO - Task exited with return code 1
[2025-03-17T00:30:15.193+0000] {taskinstance.py:3901} INFO - 0 downstream tasks scheduled from follow-on schedule check
[2025-03-17T00:30:15.217+0000] {local_task_job_runner.py:245} INFO - ::endgroup::
