[2025-03-17T01:00:40.650+0000] {local_task_job_runner.py:123} INFO - ::group::Pre task execution logs
[2025-03-17T01:00:40.683+0000] {taskinstance.py:2614} INFO - Dependencies all met for dep_context=non-requeueable deps ti=<TaskInstance: load_reviews_pipeline.dbt_run scheduled__2024-10-01T00:00:00+00:00 [queued]>
[2025-03-17T01:00:40.693+0000] {taskinstance.py:2614} INFO - Dependencies all met for dep_context=requeueable deps ti=<TaskInstance: load_reviews_pipeline.dbt_run scheduled__2024-10-01T00:00:00+00:00 [queued]>
[2025-03-17T01:00:40.693+0000] {taskinstance.py:2867} INFO - Starting attempt 1 of 2
[2025-03-17T01:00:40.726+0000] {taskinstance.py:2890} INFO - Executing <Task(BashOperator): dbt_run> on 2024-10-01 00:00:00+00:00
[2025-03-17T01:00:40.734+0000] {standard_task_runner.py:72} INFO - Started process 301734 to run task
[2025-03-17T01:00:40.738+0000] {standard_task_runner.py:104} INFO - Running: ['airflow', 'tasks', 'run', 'load_reviews_pipeline', 'dbt_run', 'scheduled__2024-10-01T00:00:00+00:00', '--job-id', '439', '--raw', '--subdir', 'DAGS_FOLDER/dag_load_reviews.py', '--cfg-path', '/tmp/tmpstz3rbmb']
[2025-03-17T01:00:40.740+0000] {standard_task_runner.py:105} INFO - Job 439: Subtask dbt_run
[2025-03-17T01:00:40.862+0000] {task_command.py:467} INFO - Running <TaskInstance: load_reviews_pipeline.dbt_run scheduled__2024-10-01T00:00:00+00:00 [running]> on host DESKTOP-IM7V4RI.
[2025-03-17T01:00:41.073+0000] {taskinstance.py:3134} INFO - Exporting env vars: AIRFLOW_CTX_DAG_OWNER='mohammed' AIRFLOW_CTX_DAG_ID='load_reviews_pipeline' AIRFLOW_CTX_TASK_ID='dbt_run' AIRFLOW_CTX_EXECUTION_DATE='2024-10-01T00:00:00+00:00' AIRFLOW_CTX_TRY_NUMBER='1' AIRFLOW_CTX_DAG_RUN_ID='scheduled__2024-10-01T00:00:00+00:00'
[2025-03-17T01:00:41.076+0000] {logging_mixin.py:190} INFO - Task instance is in running state
[2025-03-17T01:00:41.076+0000] {logging_mixin.py:190} INFO -  Previous state of the Task instance: queued
[2025-03-17T01:00:41.077+0000] {logging_mixin.py:190} INFO - Current task name:dbt_run state:running start_date:2025-03-17 01:00:40.683443+00:00
[2025-03-17T01:00:41.078+0000] {logging_mixin.py:190} INFO - Dag name:load_reviews_pipeline and current dag run status:running
[2025-03-17T01:00:41.078+0000] {taskinstance.py:732} INFO - ::endgroup::
[2025-03-17T01:00:41.080+0000] {subprocess.py:78} INFO - Tmp dir root location: /tmp
[2025-03-17T01:00:41.083+0000] {subprocess.py:88} INFO - Running command: ['/usr/bin/bash', '-c', 'cd /home/mohammed/.dbt/bank_reviews_project && dbt run']
[2025-03-17T01:00:41.105+0000] {subprocess.py:99} INFO - Output:
[2025-03-17T01:00:43.766+0000] {subprocess.py:106} INFO - [0m01:00:43  Running with dbt=1.9.3
[2025-03-17T01:00:44.197+0000] {subprocess.py:106} INFO - [0m01:00:44  Registered adapter: postgres=1.9.0
[2025-03-17T01:00:45.059+0000] {subprocess.py:106} INFO - [0m01:00:45  Found 10 models, 4 data tests, 2 sources, 433 macros
[2025-03-17T01:00:45.066+0000] {subprocess.py:106} INFO - [0m01:00:45
[2025-03-17T01:00:45.066+0000] {subprocess.py:106} INFO - [0m01:00:45  Concurrency: 4 threads (target='dev')
[2025-03-17T01:00:45.067+0000] {subprocess.py:106} INFO - [0m01:00:45
[2025-03-17T01:00:45.301+0000] {subprocess.py:106} INFO - [0m01:00:45  1 of 10 START sql view model public.clean_reviews .............................. [RUN]
[2025-03-17T01:00:45.306+0000] {subprocess.py:106} INFO - [0m01:00:45  2 of 10 START sql table model public.my_first_dbt_model ........................ [RUN]
[2025-03-17T01:00:45.308+0000] {subprocess.py:106} INFO - [0m01:00:45  3 of 10 START sql view model public.remove_duplicates .......................... [RUN]
[2025-03-17T01:00:45.309+0000] {subprocess.py:106} INFO - [0m01:00:45  4 of 10 START sql view model public.stg_clean_reviews .......................... [RUN]
[2025-03-17T01:00:45.731+0000] {subprocess.py:106} INFO - [0m01:00:45  3 of 10 ERROR creating sql view model public.remove_duplicates ................. [[31mERROR[0m in 0.39s]
[2025-03-17T01:00:45.741+0000] {subprocess.py:106} INFO - [0m01:00:45  4 of 10 ERROR creating sql view model public.stg_clean_reviews ................. [[31mERROR[0m in 0.42s]
[2025-03-17T01:00:45.763+0000] {subprocess.py:106} INFO - [0m01:00:45  5 of 10 SKIP relation public.dim_bank .......................................... [[33mSKIP[0m]
[2025-03-17T01:00:45.764+0000] {subprocess.py:106} INFO - [0m01:00:45  6 of 10 SKIP relation public.dim_branch ........................................ [[33mSKIP[0m]
[2025-03-17T01:00:45.765+0000] {subprocess.py:106} INFO - [0m01:00:45  2 of 10 OK created sql table model public.my_first_dbt_model ................... [[32mSELECT 2[0m in 0.45s]
[2025-03-17T01:00:45.770+0000] {subprocess.py:106} INFO - [0m01:00:45  1 of 10 OK created sql view model public.clean_reviews ......................... [[32mCREATE VIEW[0m in 0.46s]
[2025-03-17T01:00:45.775+0000] {subprocess.py:106} INFO - [0m01:00:45  7 of 10 SKIP relation public.dim_location ...................................... [[33mSKIP[0m]
[2025-03-17T01:00:45.777+0000] {subprocess.py:106} INFO - [0m01:00:45  8 of 10 SKIP relation public.dim_sentiment ..................................... [[33mSKIP[0m]
[2025-03-17T01:00:45.779+0000] {subprocess.py:106} INFO - [0m01:00:45  9 of 10 START sql view model public.my_second_dbt_model ........................ [RUN]
[2025-03-17T01:00:45.788+0000] {subprocess.py:106} INFO - [0m01:00:45  10 of 10 SKIP relation public.fact_reviews ..................................... [[33mSKIP[0m]
[2025-03-17T01:00:45.900+0000] {subprocess.py:106} INFO - [0m01:00:45  9 of 10 ERROR creating sql view model public.my_second_dbt_model ............... [[31mERROR[0m in 0.12s]
[2025-03-17T01:00:45.924+0000] {subprocess.py:106} INFO - [0m01:00:45
[2025-03-17T01:00:45.925+0000] {subprocess.py:106} INFO - [0m01:00:45  Finished running 1 table model, 9 view models in 0 hours 0 minutes and 0.86 seconds (0.86s).
[2025-03-17T01:00:45.964+0000] {subprocess.py:106} INFO - [0m01:00:45
[2025-03-17T01:00:45.965+0000] {subprocess.py:106} INFO - [0m01:00:45  [31mCompleted with 3 errors, 0 partial successes, and 0 warnings:[0m
[2025-03-17T01:00:45.966+0000] {subprocess.py:106} INFO - [0m01:00:45
[2025-03-17T01:00:45.967+0000] {subprocess.py:106} INFO - [0m01:00:45    Database Error in model remove_duplicates (models/remove_duplicates.sql)
[2025-03-17T01:00:45.967+0000] {subprocess.py:106} INFO -   relation "remove_duplicates__dbt_backup" already exists
[2025-03-17T01:00:45.967+0000] {subprocess.py:106} INFO -   compiled code at target/run/bank_reviews_project/models/remove_duplicates.sql
[2025-03-17T01:00:45.967+0000] {subprocess.py:106} INFO - [0m01:00:45
[2025-03-17T01:00:45.968+0000] {subprocess.py:106} INFO - [0m01:00:45    Database Error in model stg_clean_reviews (models/stg_clean_reviews.sql)
[2025-03-17T01:00:45.968+0000] {subprocess.py:106} INFO -   relation "stg_clean_reviews__dbt_backup" already exists
[2025-03-17T01:00:45.968+0000] {subprocess.py:106} INFO -   compiled code at target/run/bank_reviews_project/models/stg_clean_reviews.sql
[2025-03-17T01:00:45.969+0000] {subprocess.py:106} INFO - [0m01:00:45
[2025-03-17T01:00:45.969+0000] {subprocess.py:106} INFO - [0m01:00:45    Database Error in model my_second_dbt_model (models/example/my_second_dbt_model.sql)
[2025-03-17T01:00:45.970+0000] {subprocess.py:106} INFO -   relation "my_second_dbt_model" already exists
[2025-03-17T01:00:45.970+0000] {subprocess.py:106} INFO -   compiled code at target/run/bank_reviews_project/models/example/my_second_dbt_model.sql
[2025-03-17T01:00:45.970+0000] {subprocess.py:106} INFO - [0m01:00:45
[2025-03-17T01:00:45.971+0000] {subprocess.py:106} INFO - [0m01:00:45  Done. PASS=2 WARN=0 ERROR=3 SKIP=5 TOTAL=10
[2025-03-17T01:00:47.704+0000] {subprocess.py:110} INFO - Command exited with return code 1
[2025-03-17T01:00:47.738+0000] {taskinstance.py:3313} ERROR - Task failed with exception
Traceback (most recent call last):
  File "/home/mohammed/venv/lib/python3.11/site-packages/airflow/models/taskinstance.py", line 768, in _execute_task
    result = _execute_callable(context=context, **execute_callable_kwargs)
             ^^^^^^^^^^^^^^^^^^^^^^^^^^^^^^^^^^^^^^^^^^^^^^^^^^^^^^^^^^^^^
  File "/home/mohammed/venv/lib/python3.11/site-packages/airflow/models/taskinstance.py", line 734, in _execute_callable
    return ExecutionCallableRunner(
           ^^^^^^^^^^^^^^^^^^^^^^^^
  File "/home/mohammed/venv/lib/python3.11/site-packages/airflow/utils/operator_helpers.py", line 252, in run
    return self.func(*args, **kwargs)
           ^^^^^^^^^^^^^^^^^^^^^^^^^^
  File "/home/mohammed/venv/lib/python3.11/site-packages/airflow/models/baseoperator.py", line 424, in wrapper
    return func(self, *args, **kwargs)
           ^^^^^^^^^^^^^^^^^^^^^^^^^^^
  File "/home/mohammed/venv/lib/python3.11/site-packages/airflow/operators/bash.py", line 276, in execute
    raise AirflowException(
airflow.exceptions.AirflowException: Bash command failed. The command returned a non-zero exit code 1.
[2025-03-17T01:00:47.757+0000] {logging_mixin.py:190} INFO - Task instance in failure state
[2025-03-17T01:00:47.758+0000] {logging_mixin.py:190} INFO - Task start:2025-03-17 01:00:40.683443+00:00 end:2025-03-17 01:00:47.756050+00:00 duration:7.072607
[2025-03-17T01:00:47.758+0000] {logging_mixin.py:190} INFO - Task:<Task(BashOperator): dbt_run> dag:<DAG: load_reviews_pipeline> dagrun:<DagRun load_reviews_pipeline @ 2024-10-01 00:00:00+00:00: scheduled__2024-10-01T00:00:00+00:00, state:running, queued_at: 2025-03-17 01:00:38.878881+00:00. externally triggered: False>
[2025-03-17T01:00:47.758+0000] {logging_mixin.py:190} INFO - Failure caused by Bash command failed. The command returned a non-zero exit code 1.
[2025-03-17T01:00:47.763+0000] {taskinstance.py:1226} INFO - Marking task as UP_FOR_RETRY. dag_id=load_reviews_pipeline, task_id=dbt_run, run_id=scheduled__2024-10-01T00:00:00+00:00, execution_date=20241001T000000, start_date=20250317T010040, end_date=20250317T010047
[2025-03-17T01:00:47.845+0000] {taskinstance.py:341} INFO - ::group::Post task execution logs
[2025-03-17T01:00:47.846+0000] {standard_task_runner.py:124} ERROR - Failed to execute job 439 for task dbt_run (Bash command failed. The command returned a non-zero exit code 1.; 301734)
Traceback (most recent call last):
  File "/home/mohammed/venv/lib/python3.11/site-packages/airflow/task/task_runner/standard_task_runner.py", line 117, in _start_by_fork
    ret = args.func(args, dag=self.dag)
          ^^^^^^^^^^^^^^^^^^^^^^^^^^^^^
  File "/home/mohammed/venv/lib/python3.11/site-packages/airflow/cli/cli_config.py", line 49, in command
    return func(*args, **kwargs)
           ^^^^^^^^^^^^^^^^^^^^^
  File "/home/mohammed/venv/lib/python3.11/site-packages/airflow/utils/cli.py", line 116, in wrapper
    return f(*args, **kwargs)
           ^^^^^^^^^^^^^^^^^^
  File "/home/mohammed/venv/lib/python3.11/site-packages/airflow/cli/commands/task_command.py", line 483, in task_run
    task_return_code = _run_task_by_selected_method(args, _dag, ti)
                       ^^^^^^^^^^^^^^^^^^^^^^^^^^^^^^^^^^^^^^^^^^^^
  File "/home/mohammed/venv/lib/python3.11/site-packages/airflow/cli/commands/task_command.py", line 256, in _run_task_by_selected_method
    return _run_raw_task(args, ti)
           ^^^^^^^^^^^^^^^^^^^^^^^
  File "/home/mohammed/venv/lib/python3.11/site-packages/airflow/cli/commands/task_command.py", line 341, in _run_raw_task
    return ti._run_raw_task(
           ^^^^^^^^^^^^^^^^^
  File "/home/mohammed/venv/lib/python3.11/site-packages/airflow/utils/session.py", line 97, in wrapper
    return func(*args, session=session, **kwargs)
           ^^^^^^^^^^^^^^^^^^^^^^^^^^^^^^^^^^^^^^
  File "/home/mohammed/venv/lib/python3.11/site-packages/airflow/models/taskinstance.py", line 3006, in _run_raw_task
    return _run_raw_task(
           ^^^^^^^^^^^^^^
  File "/home/mohammed/venv/lib/python3.11/site-packages/airflow/models/taskinstance.py", line 274, in _run_raw_task
    TaskInstance._execute_task_with_callbacks(
  File "/home/mohammed/venv/lib/python3.11/site-packages/airflow/models/taskinstance.py", line 3161, in _execute_task_with_callbacks
    result = self._execute_task(context, task_orig)
             ^^^^^^^^^^^^^^^^^^^^^^^^^^^^^^^^^^^^^^
  File "/home/mohammed/venv/lib/python3.11/site-packages/airflow/models/taskinstance.py", line 3185, in _execute_task
    return _execute_task(self, context, task_orig)
           ^^^^^^^^^^^^^^^^^^^^^^^^^^^^^^^^^^^^^^^
  File "/home/mohammed/venv/lib/python3.11/site-packages/airflow/models/taskinstance.py", line 768, in _execute_task
    result = _execute_callable(context=context, **execute_callable_kwargs)
             ^^^^^^^^^^^^^^^^^^^^^^^^^^^^^^^^^^^^^^^^^^^^^^^^^^^^^^^^^^^^^
  File "/home/mohammed/venv/lib/python3.11/site-packages/airflow/models/taskinstance.py", line 734, in _execute_callable
    return ExecutionCallableRunner(
           ^^^^^^^^^^^^^^^^^^^^^^^^
  File "/home/mohammed/venv/lib/python3.11/site-packages/airflow/utils/operator_helpers.py", line 252, in run
    return self.func(*args, **kwargs)
           ^^^^^^^^^^^^^^^^^^^^^^^^^^
  File "/home/mohammed/venv/lib/python3.11/site-packages/airflow/models/baseoperator.py", line 424, in wrapper
    return func(self, *args, **kwargs)
           ^^^^^^^^^^^^^^^^^^^^^^^^^^^
  File "/home/mohammed/venv/lib/python3.11/site-packages/airflow/operators/bash.py", line 276, in execute
    raise AirflowException(
airflow.exceptions.AirflowException: Bash command failed. The command returned a non-zero exit code 1.
[2025-03-17T01:00:47.876+0000] {local_task_job_runner.py:266} INFO - Task exited with return code 1
[2025-03-17T01:00:47.903+0000] {taskinstance.py:3901} INFO - 0 downstream tasks scheduled from follow-on schedule check
[2025-03-17T01:00:47.910+0000] {local_task_job_runner.py:245} INFO - ::endgroup::
