[2025-03-28T22:49:36.197+0000] {local_task_job_runner.py:123} INFO - ::group::Pre task execution logs
[2025-03-28T22:49:36.449+0000] {taskinstance.py:2614} INFO - Dependencies all met for dep_context=non-requeueable deps ti=<TaskInstance: bank_reviews_etl_and_analysis_pipeline.dbt_run_decisionnal scheduled__2024-06-30T00:00:00+00:00 [queued]>
[2025-03-28T22:49:36.503+0000] {taskinstance.py:2614} INFO - Dependencies all met for dep_context=requeueable deps ti=<TaskInstance: bank_reviews_etl_and_analysis_pipeline.dbt_run_decisionnal scheduled__2024-06-30T00:00:00+00:00 [queued]>
[2025-03-28T22:49:36.504+0000] {taskinstance.py:2867} INFO - Starting attempt 1 of 2
[2025-03-28T22:49:36.566+0000] {taskinstance.py:2890} INFO - Executing <Task(BashOperator): dbt_run_decisionnal> on 2024-06-30 00:00:00+00:00
[2025-03-28T22:49:36.594+0000] {standard_task_runner.py:72} INFO - Started process 582366 to run task
[2025-03-28T22:49:36.638+0000] {standard_task_runner.py:104} INFO - Running: ['airflow', 'tasks', 'run', 'bank_reviews_etl_and_analysis_pipeline', 'dbt_run_decisionnal', 'scheduled__2024-06-30T00:00:00+00:00', '--job-id', '2429', '--raw', '--subdir', 'DAGS_FOLDER/dag_load_reviews.py', '--cfg-path', '/tmp/tmptcpbjngu']
[2025-03-28T22:49:36.675+0000] {standard_task_runner.py:105} INFO - Job 2429: Subtask dbt_run_decisionnal
[2025-03-28T22:49:37.194+0000] {task_command.py:467} INFO - Running <TaskInstance: bank_reviews_etl_and_analysis_pipeline.dbt_run_decisionnal scheduled__2024-06-30T00:00:00+00:00 [running]> on host DESKTOP-IM7V4RI.
[2025-03-28T22:49:38.002+0000] {taskinstance.py:3134} INFO - Exporting env vars: AIRFLOW_CTX_DAG_OWNER='mohammed' AIRFLOW_CTX_DAG_ID='bank_reviews_etl_and_analysis_pipeline' AIRFLOW_CTX_TASK_ID='dbt_run_decisionnal' AIRFLOW_CTX_EXECUTION_DATE='2024-06-30T00:00:00+00:00' AIRFLOW_CTX_TRY_NUMBER='1' AIRFLOW_CTX_DAG_RUN_ID='scheduled__2024-06-30T00:00:00+00:00'
[2025-03-28T22:49:38.013+0000] {logging_mixin.py:190} INFO - Task instance is in running state
[2025-03-28T22:49:38.014+0000] {logging_mixin.py:190} INFO -  Previous state of the Task instance: queued
[2025-03-28T22:49:38.027+0000] {logging_mixin.py:190} INFO - Current task name:dbt_run_decisionnal state:running start_date:2025-03-28 22:49:36.449887+00:00
[2025-03-28T22:49:38.028+0000] {logging_mixin.py:190} INFO - Dag name:bank_reviews_etl_and_analysis_pipeline and current dag run status:running
[2025-03-28T22:49:38.028+0000] {taskinstance.py:732} INFO - ::endgroup::
[2025-03-28T22:49:38.030+0000] {subprocess.py:78} INFO - Tmp dir root location: /tmp
[2025-03-28T22:49:38.035+0000] {subprocess.py:88} INFO - Running command: ['/usr/bin/bash', '-c', 'cd /home/mohammed/.dbt/dbt_projects/bank_reviews_decisionnal && dbt run']
[2025-03-28T22:49:38.178+0000] {subprocess.py:99} INFO - Output:
[2025-03-28T22:49:52.502+0000] {subprocess.py:106} INFO - [0m22:49:52  Running with dbt=1.9.3
[2025-03-28T22:49:54.458+0000] {subprocess.py:106} INFO - [0m22:49:54  Registered adapter: postgres=1.9.0
[2025-03-28T22:49:56.282+0000] {subprocess.py:106} INFO - [0m22:49:56  [[33mWARNING[0m]: Configuration paths exist in your dbt_project.yml file which do not apply to any resources.
[2025-03-28T22:49:56.283+0000] {subprocess.py:106} INFO - There are 1 unused configuration paths:
[2025-03-28T22:49:56.283+0000] {subprocess.py:106} INFO - - models.bank_reviews_decisionnal.decisionnal
[2025-03-28T22:49:57.206+0000] {subprocess.py:106} INFO - [0m22:49:57  Found 5 models, 2 sources, 547 macros
[2025-03-28T22:49:57.226+0000] {subprocess.py:106} INFO - [0m22:49:57
[2025-03-28T22:49:57.227+0000] {subprocess.py:106} INFO - [0m22:49:57  Concurrency: 4 threads (target='dev')
[2025-03-28T22:49:57.229+0000] {subprocess.py:106} INFO - [0m22:49:57
[2025-03-28T22:49:58.668+0000] {subprocess.py:106} INFO - [0m22:49:58  1 of 5 START sql view model decisionnal.dim_bank ............................... [RUN]
[2025-03-28T22:49:58.679+0000] {subprocess.py:106} INFO - [0m22:49:58  2 of 5 START sql view model decisionnal.dim_branch ............................. [RUN]
[2025-03-28T22:49:58.689+0000] {subprocess.py:106} INFO - [0m22:49:58  3 of 5 START sql view model decisionnal.dim_location ........................... [RUN]
[2025-03-28T22:49:58.714+0000] {subprocess.py:106} INFO - [0m22:49:58  4 of 5 START sql view model decisionnal.dim_sentiment .......................... [RUN]
[2025-03-28T22:50:01.017+0000] {subprocess.py:106} INFO - [0m22:50:01  2 of 5 OK created sql view model decisionnal.dim_branch ........................ [[32mCREATE VIEW[0m in 2.34s]
[2025-03-28T22:50:01.053+0000] {subprocess.py:106} INFO - [0m22:50:01  3 of 5 OK created sql view model decisionnal.dim_location ...................... [[32mCREATE VIEW[0m in 2.36s]
[2025-03-28T22:50:01.065+0000] {subprocess.py:106} INFO - [0m22:50:01  4 of 5 OK created sql view model decisionnal.dim_sentiment ..................... [[32mCREATE VIEW[0m in 2.34s]
[2025-03-28T22:50:01.066+0000] {subprocess.py:106} INFO - [0m22:50:01  1 of 5 OK created sql view model decisionnal.dim_bank .......................... [[32mCREATE VIEW[0m in 2.27s]
[2025-03-28T22:50:01.088+0000] {subprocess.py:106} INFO - [0m22:50:01  5 of 5 START sql view model decisionnal.fact_reviews ........................... [RUN]
[2025-03-28T22:50:02.019+0000] {subprocess.py:106} INFO - [0m22:50:02  5 of 5 ERROR creating sql view model decisionnal.fact_reviews .................. [[31mERROR[0m in 0.91s]
[2025-03-28T22:50:02.144+0000] {subprocess.py:106} INFO - [0m22:50:02
[2025-03-28T22:50:02.146+0000] {subprocess.py:106} INFO - [0m22:50:02  Finished running 5 view models in 0 hours 0 minutes and 4.91 seconds (4.91s).
[2025-03-28T22:50:02.237+0000] {subprocess.py:106} INFO - --- Logging error ---
[2025-03-28T22:50:02.241+0000] {subprocess.py:106} INFO - Traceback (most recent call last):
[2025-03-28T22:50:02.242+0000] {subprocess.py:106} INFO -   File "/usr/lib/python3.11/logging/handlers.py", line 74, in emit
[2025-03-28T22:50:02.242+0000] {subprocess.py:106} INFO -     self.doRollover()
[2025-03-28T22:50:02.243+0000] {subprocess.py:106} INFO -   File "/usr/lib/python3.11/logging/handlers.py", line 175, in doRollover
[2025-03-28T22:50:02.244+0000] {subprocess.py:106} INFO -     os.rename(sfn, dfn)
[2025-03-28T22:50:02.244+0000] {subprocess.py:106} INFO - FileNotFoundError: [Errno 2] No such file or directory: '/home/mohammed/.dbt/dbt_projects/bank_reviews_decisionnal/logs/dbt.log.2' -> '/home/mohammed/.dbt/dbt_projects/bank_reviews_decisionnal/logs/dbt.log.3'
[2025-03-28T22:50:02.250+0000] {subprocess.py:106} INFO - Call stack:
[2025-03-28T22:50:02.259+0000] {subprocess.py:106} INFO -   File "/home/mohammed/venv/bin/dbt", line 8, in <module>
[2025-03-28T22:50:02.260+0000] {subprocess.py:106} INFO -     sys.exit(cli())
[2025-03-28T22:50:02.261+0000] {subprocess.py:106} INFO -   File "/home/mohammed/venv/lib/python3.11/site-packages/click/core.py", line 1157, in __call__
[2025-03-28T22:50:02.263+0000] {subprocess.py:106} INFO -     return self.main(*args, **kwargs)
[2025-03-28T22:50:02.263+0000] {subprocess.py:106} INFO -   File "/home/mohammed/venv/lib/python3.11/site-packages/click/core.py", line 1078, in main
[2025-03-28T22:50:02.264+0000] {subprocess.py:106} INFO -     rv = self.invoke(ctx)
[2025-03-28T22:50:02.265+0000] {subprocess.py:106} INFO -   File "/home/mohammed/venv/lib/python3.11/site-packages/click/core.py", line 1688, in invoke
[2025-03-28T22:50:02.266+0000] {subprocess.py:106} INFO -     return _process_result(sub_ctx.command.invoke(sub_ctx))
[2025-03-28T22:50:02.267+0000] {subprocess.py:106} INFO -   File "/home/mohammed/venv/lib/python3.11/site-packages/click/core.py", line 1434, in invoke
[2025-03-28T22:50:02.269+0000] {subprocess.py:106} INFO -     return ctx.invoke(self.callback, **ctx.params)
[2025-03-28T22:50:02.296+0000] {subprocess.py:106} INFO -   File "/home/mohammed/venv/lib/python3.11/site-packages/click/core.py", line 783, in invoke
[2025-03-28T22:50:02.297+0000] {subprocess.py:106} INFO -     return __callback(*args, **kwargs)
[2025-03-28T22:50:02.298+0000] {subprocess.py:106} INFO -   File "/home/mohammed/venv/lib/python3.11/site-packages/click/decorators.py", line 33, in new_func
[2025-03-28T22:50:02.298+0000] {subprocess.py:106} INFO -     return f(get_current_context(), *args, **kwargs)
[2025-03-28T22:50:02.299+0000] {subprocess.py:106} INFO -   File "/home/mohammed/venv/lib/python3.11/site-packages/dbt/cli/main.py", line 145, in wrapper
[2025-03-28T22:50:02.299+0000] {subprocess.py:106} INFO -     return func(*args, **kwargs)
[2025-03-28T22:50:02.300+0000] {subprocess.py:106} INFO -   File "/home/mohammed/venv/lib/python3.11/site-packages/dbt/cli/requires.py", line 153, in wrapper
[2025-03-28T22:50:02.300+0000] {subprocess.py:106} INFO -     result, success = func(*args, **kwargs)
[2025-03-28T22:50:02.301+0000] {subprocess.py:106} INFO -   File "/home/mohammed/venv/lib/python3.11/site-packages/dbt/cli/requires.py", line 103, in wrapper
[2025-03-28T22:50:02.301+0000] {subprocess.py:106} INFO -     return func(*args, **kwargs)
[2025-03-28T22:50:02.301+0000] {subprocess.py:106} INFO -   File "/home/mohammed/venv/lib/python3.11/site-packages/dbt/cli/requires.py", line 235, in wrapper
[2025-03-28T22:50:02.302+0000] {subprocess.py:106} INFO -     return func(*args, **kwargs)
[2025-03-28T22:50:02.302+0000] {subprocess.py:106} INFO -   File "/home/mohammed/venv/lib/python3.11/site-packages/dbt/cli/requires.py", line 264, in wrapper
[2025-03-28T22:50:02.302+0000] {subprocess.py:106} INFO -     return func(*args, **kwargs)
[2025-03-28T22:50:02.302+0000] {subprocess.py:106} INFO -   File "/home/mohammed/venv/lib/python3.11/site-packages/dbt/cli/requires.py", line 311, in wrapper
[2025-03-28T22:50:02.303+0000] {subprocess.py:106} INFO -     return func(*args, **kwargs)
[2025-03-28T22:50:02.303+0000] {subprocess.py:106} INFO -   File "/home/mohammed/venv/lib/python3.11/site-packages/dbt/cli/requires.py", line 328, in wrapper
[2025-03-28T22:50:02.303+0000] {subprocess.py:106} INFO -     return func(*args, **kwargs)
[2025-03-28T22:50:02.304+0000] {subprocess.py:106} INFO -   File "/home/mohammed/venv/lib/python3.11/site-packages/dbt/cli/main.py", line 578, in run
[2025-03-28T22:50:02.304+0000] {subprocess.py:106} INFO -     results = task.run()
[2025-03-28T22:50:02.304+0000] {subprocess.py:106} INFO -   File "/home/mohammed/venv/lib/python3.11/site-packages/dbt/task/runnable.py", line 605, in run
[2025-03-28T22:50:02.305+0000] {subprocess.py:106} INFO -     write_manifest(self.manifest, self.config.project_target_path)
[2025-03-28T22:50:02.305+0000] {subprocess.py:106} INFO -   File "/home/mohammed/venv/lib/python3.11/site-packages/dbt/parser/manifest.py", line 2055, in write_manifest
[2025-03-28T22:50:02.305+0000] {subprocess.py:106} INFO -     manifest.write(path)
[2025-03-28T22:50:02.306+0000] {subprocess.py:106} INFO -   File "/home/mohammed/venv/lib/python3.11/site-packages/dbt/contracts/graph/manifest.py", line 1232, in write
[2025-03-28T22:50:02.306+0000] {subprocess.py:106} INFO -     fire_event(ArtifactWritten(artifact_type=writable.__class__.__name__, artifact_path=path))
[2025-03-28T22:50:02.306+0000] {subprocess.py:106} INFO -   File "/home/mohammed/venv/lib/python3.11/site-packages/dbt_common/events/functions.py", line 139, in fire_event
[2025-03-28T22:50:02.307+0000] {subprocess.py:106} INFO -     get_event_manager().fire_event(e, level=level)
[2025-03-28T22:50:02.307+0000] {subprocess.py:106} INFO -   File "/home/mohammed/venv/lib/python3.11/site-packages/dbt_common/events/event_manager.py", line 29, in fire_event
[2025-03-28T22:50:02.307+0000] {subprocess.py:106} INFO -     logger.write_line(msg)
[2025-03-28T22:50:02.308+0000] {subprocess.py:106} INFO -   File "/home/mohammed/venv/lib/python3.11/site-packages/dbt_common/events/logger.py", line 137, in write_line
[2025-03-28T22:50:02.308+0000] {subprocess.py:106} INFO -     send_to_logger(self._python_logger, level, line)
[2025-03-28T22:50:02.308+0000] {subprocess.py:106} INFO -   File "/home/mohammed/venv/lib/python3.11/site-packages/dbt_common/events/logger.py", line 65, in send_to_logger
[2025-03-28T22:50:02.309+0000] {subprocess.py:106} INFO -     logger.debug(log_line)
[2025-03-28T22:50:02.334+0000] {subprocess.py:106} INFO - Message: '\x1b[0m22:50:02.226477 [debug] [MainThread]: Wrote artifact WritableManifest to /home/mohammed/.dbt/dbt_projects/bank_reviews_decisionnal/target/manifest.json'
[2025-03-28T22:50:02.335+0000] {subprocess.py:106} INFO - Arguments: ()
[2025-03-28T22:50:02.359+0000] {subprocess.py:106} INFO - [0m22:50:02
[2025-03-28T22:50:02.360+0000] {subprocess.py:106} INFO - [0m22:50:02  [31mCompleted with 1 error, 0 partial successes, and 0 warnings:[0m
[2025-03-28T22:50:02.360+0000] {subprocess.py:106} INFO - [0m22:50:02
[2025-03-28T22:50:02.361+0000] {subprocess.py:106} INFO - [0m22:50:02    Database Error in model fact_reviews (models/fact_reviews.sql)
[2025-03-28T22:50:02.361+0000] {subprocess.py:106} INFO -   column cr.topics does not exist
[2025-03-28T22:50:02.362+0000] {subprocess.py:106} INFO -   LINE 16:     cr.topics,
[2025-03-28T22:50:02.362+0000] {subprocess.py:106} INFO -                ^
[2025-03-28T22:50:02.362+0000] {subprocess.py:106} INFO -   HINT:  Perhaps you meant to reference the column "cr.topic".
[2025-03-28T22:50:02.363+0000] {subprocess.py:106} INFO -   compiled code at target/run/bank_reviews_decisionnal/models/fact_reviews.sql
[2025-03-28T22:50:02.364+0000] {subprocess.py:106} INFO - [0m22:50:02
[2025-03-28T22:50:02.364+0000] {subprocess.py:106} INFO - [0m22:50:02  Done. PASS=4 WARN=0 ERROR=1 SKIP=0 TOTAL=5
[2025-03-28T22:50:04.783+0000] {subprocess.py:110} INFO - Command exited with return code 1
[2025-03-28T22:50:04.884+0000] {taskinstance.py:3313} ERROR - Task failed with exception
Traceback (most recent call last):
  File "/home/mohammed/venv/lib/python3.11/site-packages/airflow/models/taskinstance.py", line 768, in _execute_task
    result = _execute_callable(context=context, **execute_callable_kwargs)
             ^^^^^^^^^^^^^^^^^^^^^^^^^^^^^^^^^^^^^^^^^^^^^^^^^^^^^^^^^^^^^
  File "/home/mohammed/venv/lib/python3.11/site-packages/airflow/models/taskinstance.py", line 734, in _execute_callable
    return ExecutionCallableRunner(
           ^^^^^^^^^^^^^^^^^^^^^^^^
  File "/home/mohammed/venv/lib/python3.11/site-packages/airflow/utils/operator_helpers.py", line 252, in run
    return self.func(*args, **kwargs)
           ^^^^^^^^^^^^^^^^^^^^^^^^^^
  File "/home/mohammed/venv/lib/python3.11/site-packages/airflow/models/baseoperator.py", line 424, in wrapper
    return func(self, *args, **kwargs)
           ^^^^^^^^^^^^^^^^^^^^^^^^^^^
  File "/home/mohammed/venv/lib/python3.11/site-packages/airflow/operators/bash.py", line 276, in execute
    raise AirflowException(
airflow.exceptions.AirflowException: Bash command failed. The command returned a non-zero exit code 1.
[2025-03-28T22:50:04.947+0000] {logging_mixin.py:190} INFO - Task instance in failure state
[2025-03-28T22:50:04.948+0000] {logging_mixin.py:190} INFO - Task start:2025-03-28 22:49:36.449887+00:00 end:2025-03-28 22:50:04.944473+00:00 duration:28.494586
[2025-03-28T22:50:04.949+0000] {logging_mixin.py:190} INFO - Task:<Task(BashOperator): dbt_run_decisionnal> dag:<DAG: bank_reviews_etl_and_analysis_pipeline> dagrun:<DagRun bank_reviews_etl_and_analysis_pipeline @ 2024-06-30 00:00:00+00:00: scheduled__2024-06-30T00:00:00+00:00, state:running, queued_at: 2025-03-28 22:49:30.025225+00:00. externally triggered: False>
[2025-03-28T22:50:04.949+0000] {logging_mixin.py:190} INFO - Failure caused by Bash command failed. The command returned a non-zero exit code 1.
[2025-03-28T22:50:04.953+0000] {taskinstance.py:1226} INFO - Marking task as UP_FOR_RETRY. dag_id=bank_reviews_etl_and_analysis_pipeline, task_id=dbt_run_decisionnal, run_id=scheduled__2024-06-30T00:00:00+00:00, execution_date=20240630T000000, start_date=20250328T224936, end_date=20250328T225004
[2025-03-28T22:50:05.123+0000] {taskinstance.py:341} INFO - ::group::Post task execution logs
[2025-03-28T22:50:05.124+0000] {standard_task_runner.py:124} ERROR - Failed to execute job 2429 for task dbt_run_decisionnal (Bash command failed. The command returned a non-zero exit code 1.; 582366)
Traceback (most recent call last):
  File "/home/mohammed/venv/lib/python3.11/site-packages/airflow/task/task_runner/standard_task_runner.py", line 117, in _start_by_fork
    ret = args.func(args, dag=self.dag)
          ^^^^^^^^^^^^^^^^^^^^^^^^^^^^^
  File "/home/mohammed/venv/lib/python3.11/site-packages/airflow/cli/cli_config.py", line 49, in command
    return func(*args, **kwargs)
           ^^^^^^^^^^^^^^^^^^^^^
  File "/home/mohammed/venv/lib/python3.11/site-packages/airflow/utils/cli.py", line 116, in wrapper
    return f(*args, **kwargs)
           ^^^^^^^^^^^^^^^^^^
  File "/home/mohammed/venv/lib/python3.11/site-packages/airflow/cli/commands/task_command.py", line 483, in task_run
    task_return_code = _run_task_by_selected_method(args, _dag, ti)
                       ^^^^^^^^^^^^^^^^^^^^^^^^^^^^^^^^^^^^^^^^^^^^
  File "/home/mohammed/venv/lib/python3.11/site-packages/airflow/cli/commands/task_command.py", line 256, in _run_task_by_selected_method
    return _run_raw_task(args, ti)
           ^^^^^^^^^^^^^^^^^^^^^^^
  File "/home/mohammed/venv/lib/python3.11/site-packages/airflow/cli/commands/task_command.py", line 341, in _run_raw_task
    return ti._run_raw_task(
           ^^^^^^^^^^^^^^^^^
  File "/home/mohammed/venv/lib/python3.11/site-packages/airflow/utils/session.py", line 97, in wrapper
    return func(*args, session=session, **kwargs)
           ^^^^^^^^^^^^^^^^^^^^^^^^^^^^^^^^^^^^^^
  File "/home/mohammed/venv/lib/python3.11/site-packages/airflow/models/taskinstance.py", line 3006, in _run_raw_task
    return _run_raw_task(
           ^^^^^^^^^^^^^^
  File "/home/mohammed/venv/lib/python3.11/site-packages/airflow/models/taskinstance.py", line 274, in _run_raw_task
    TaskInstance._execute_task_with_callbacks(
  File "/home/mohammed/venv/lib/python3.11/site-packages/airflow/models/taskinstance.py", line 3161, in _execute_task_with_callbacks
    result = self._execute_task(context, task_orig)
             ^^^^^^^^^^^^^^^^^^^^^^^^^^^^^^^^^^^^^^
  File "/home/mohammed/venv/lib/python3.11/site-packages/airflow/models/taskinstance.py", line 3185, in _execute_task
    return _execute_task(self, context, task_orig)
           ^^^^^^^^^^^^^^^^^^^^^^^^^^^^^^^^^^^^^^^
  File "/home/mohammed/venv/lib/python3.11/site-packages/airflow/models/taskinstance.py", line 768, in _execute_task
    result = _execute_callable(context=context, **execute_callable_kwargs)
             ^^^^^^^^^^^^^^^^^^^^^^^^^^^^^^^^^^^^^^^^^^^^^^^^^^^^^^^^^^^^^
  File "/home/mohammed/venv/lib/python3.11/site-packages/airflow/models/taskinstance.py", line 734, in _execute_callable
    return ExecutionCallableRunner(
           ^^^^^^^^^^^^^^^^^^^^^^^^
  File "/home/mohammed/venv/lib/python3.11/site-packages/airflow/utils/operator_helpers.py", line 252, in run
    return self.func(*args, **kwargs)
           ^^^^^^^^^^^^^^^^^^^^^^^^^^
  File "/home/mohammed/venv/lib/python3.11/site-packages/airflow/models/baseoperator.py", line 424, in wrapper
    return func(self, *args, **kwargs)
           ^^^^^^^^^^^^^^^^^^^^^^^^^^^
  File "/home/mohammed/venv/lib/python3.11/site-packages/airflow/operators/bash.py", line 276, in execute
    raise AirflowException(
airflow.exceptions.AirflowException: Bash command failed. The command returned a non-zero exit code 1.
[2025-03-28T22:50:05.174+0000] {local_task_job_runner.py:266} INFO - Task exited with return code 1
[2025-03-28T22:50:05.370+0000] {taskinstance.py:3901} INFO - 0 downstream tasks scheduled from follow-on schedule check
[2025-03-28T22:50:05.377+0000] {local_task_job_runner.py:245} INFO - ::endgroup::
