[2025-03-17T00:09:45.003+0000] {local_task_job_runner.py:123} INFO - ::group::Pre task execution logs
[2025-03-17T00:09:45.178+0000] {taskinstance.py:2614} INFO - Dependencies all met for dep_context=non-requeueable deps ti=<TaskInstance: load_reviews_pipeline.dbt_run scheduled__2024-04-03T00:00:00+00:00 [queued]>
[2025-03-17T00:09:45.224+0000] {taskinstance.py:2614} INFO - Dependencies all met for dep_context=requeueable deps ti=<TaskInstance: load_reviews_pipeline.dbt_run scheduled__2024-04-03T00:00:00+00:00 [queued]>
[2025-03-17T00:09:45.224+0000] {taskinstance.py:2867} INFO - Starting attempt 1 of 2
[2025-03-17T00:09:45.652+0000] {taskinstance.py:2890} INFO - Executing <Task(BashOperator): dbt_run> on 2024-04-03 00:00:00+00:00
[2025-03-17T00:09:45.729+0000] {standard_task_runner.py:72} INFO - Started process 245973 to run task
[2025-03-17T00:09:45.846+0000] {standard_task_runner.py:104} INFO - Running: ['airflow', 'tasks', 'run', 'load_reviews_pipeline', 'dbt_run', 'scheduled__2024-04-03T00:00:00+00:00', '--job-id', '148', '--raw', '--subdir', 'DAGS_FOLDER/dag_load_reviews.py', '--cfg-path', '/tmp/tmpozy6gu_q']
[2025-03-17T00:09:45.860+0000] {standard_task_runner.py:105} INFO - Job 148: Subtask dbt_run
[2025-03-17T00:09:47.100+0000] {task_command.py:467} INFO - Running <TaskInstance: load_reviews_pipeline.dbt_run scheduled__2024-04-03T00:00:00+00:00 [running]> on host DESKTOP-IM7V4RI.
[2025-03-17T00:09:48.663+0000] {taskinstance.py:3134} INFO - Exporting env vars: AIRFLOW_CTX_DAG_OWNER='mohammed' AIRFLOW_CTX_DAG_ID='load_reviews_pipeline' AIRFLOW_CTX_TASK_ID='dbt_run' AIRFLOW_CTX_EXECUTION_DATE='2024-04-03T00:00:00+00:00' AIRFLOW_CTX_TRY_NUMBER='1' AIRFLOW_CTX_DAG_RUN_ID='scheduled__2024-04-03T00:00:00+00:00'
[2025-03-17T00:09:48.710+0000] {logging_mixin.py:190} INFO - Task instance is in running state
[2025-03-17T00:09:48.711+0000] {logging_mixin.py:190} INFO -  Previous state of the Task instance: queued
[2025-03-17T00:09:48.712+0000] {logging_mixin.py:190} INFO - Current task name:dbt_run state:running start_date:2025-03-17 00:09:45.178721+00:00
[2025-03-17T00:09:48.748+0000] {logging_mixin.py:190} INFO - Dag name:load_reviews_pipeline and current dag run status:running
[2025-03-17T00:09:48.749+0000] {taskinstance.py:732} INFO - ::endgroup::
[2025-03-17T00:09:48.769+0000] {subprocess.py:78} INFO - Tmp dir root location: /tmp
[2025-03-17T00:09:48.777+0000] {subprocess.py:88} INFO - Running command: ['/usr/bin/bash', '-c', 'cd /home/mohammed/.dbt/bank_reviews_project && dbt run']
[2025-03-17T00:09:49.032+0000] {subprocess.py:99} INFO - Output:
[2025-03-17T00:10:15.051+0000] {subprocess.py:106} INFO - [0m00:10:14  Running with dbt=1.9.3
[2025-03-17T00:10:18.469+0000] {subprocess.py:106} INFO - [0m00:10:18  Registered adapter: postgres=1.9.0
[2025-03-17T00:10:51.021+0000] {subprocess.py:106} INFO - [0m00:10:51  Found 6 models, 4 data tests, 2 sources, 433 macros
[2025-03-17T00:10:51.028+0000] {subprocess.py:106} INFO - [0m00:10:51
[2025-03-17T00:10:51.030+0000] {subprocess.py:106} INFO - [0m00:10:51  Concurrency: 4 threads (target='dev')
[2025-03-17T00:10:51.033+0000] {subprocess.py:106} INFO - [0m00:10:51
[2025-03-17T00:10:50.883+0000] {job.py:229} INFO - Heartbeat recovered after 28.22 seconds
[2025-03-17T00:11:57.055+0000] {subprocess.py:106} INFO - [0m00:11:57  1 of 6 START sql view model public.clean_reviews ............................... [RUN]
[2025-03-17T00:11:57.079+0000] {subprocess.py:106} INFO - [0m00:11:57  2 of 6 START sql table model public.my_first_dbt_model ......................... [RUN]
[2025-03-17T00:11:57.080+0000] {subprocess.py:106} INFO - [0m00:11:57  3 of 6 START sql view model public.remove_duplicates ........................... [RUN]
[2025-03-17T00:11:57.081+0000] {subprocess.py:106} INFO - [0m00:11:57  4 of 6 START sql view model public.stg_clean_reviews ........................... [RUN]
[2025-03-17T00:12:00.598+0000] {subprocess.py:106} INFO - [0m00:12:00  4 of 6 ERROR creating sql view model public.stg_clean_reviews .................. [[31mERROR[0m in 1.44s]
[2025-03-17T00:12:00.687+0000] {subprocess.py:106} INFO - [0m00:12:00  5 of 6 SKIP relation public.dwh_model .......................................... [[33mSKIP[0m]
[2025-03-17T00:12:27.636+0000] {job.py:229} INFO - Heartbeat recovered after 96.84 seconds
[2025-03-17T00:12:29.179+0000] {subprocess.py:106} INFO - [0m00:12:29  3 of 6 OK created sql view model public.remove_duplicates ...................... [[32mCREATE VIEW[0m in 32.09s]
[2025-03-17T00:12:30.368+0000] {subprocess.py:106} INFO - [0m00:12:30  1 of 6 OK created sql view model public.clean_reviews .......................... [[32mCREATE VIEW[0m in 33.30s]
[2025-03-17T00:12:31.415+0000] {subprocess.py:106} INFO - [0m00:12:31  2 of 6 OK created sql table model public.my_first_dbt_model .................... [[32mSELECT 2[0m in 34.30s]
[2025-03-17T00:12:31.478+0000] {subprocess.py:106} INFO - [0m00:12:31  6 of 6 START sql view model public.my_second_dbt_model ......................... [RUN]
[2025-03-17T00:12:32.535+0000] {subprocess.py:106} INFO - [0m00:12:32  6 of 6 ERROR creating sql view model public.my_second_dbt_model ................ [[31mERROR[0m in 0.97s]
[2025-03-17T00:12:32.896+0000] {subprocess.py:106} INFO - [0m00:12:32
[2025-03-17T00:12:32.919+0000] {subprocess.py:106} INFO - [0m00:12:32  Finished running 1 table model, 5 view models in 0 hours 1 minutes and 41.86 seconds (101.86s).
[2025-03-17T00:12:33.823+0000] {subprocess.py:106} INFO - [0m00:12:33
[2025-03-17T00:12:33.837+0000] {subprocess.py:106} INFO - [0m00:12:33  [31mCompleted with 2 errors, 0 partial successes, and 0 warnings:[0m
[2025-03-17T00:12:33.843+0000] {subprocess.py:106} INFO - [0m00:12:33
[2025-03-17T00:12:33.851+0000] {subprocess.py:106} INFO - [0m00:12:33    Database Error in model stg_clean_reviews (models/stg_clean_reviews.sql)
[2025-03-17T00:12:33.852+0000] {subprocess.py:106} INFO -   syntax error at or near ";"
[2025-03-17T00:12:33.853+0000] {subprocess.py:106} INFO -   LINE 23: SELECT * FROM clean_data;
[2025-03-17T00:12:33.854+0000] {subprocess.py:106} INFO -                                    ^
[2025-03-17T00:12:33.855+0000] {subprocess.py:106} INFO -   compiled code at target/run/bank_reviews_project/models/stg_clean_reviews.sql
[2025-03-17T00:12:33.860+0000] {subprocess.py:106} INFO - [0m00:12:33
[2025-03-17T00:12:33.869+0000] {subprocess.py:106} INFO - [0m00:12:33    Database Error in model my_second_dbt_model (models/example/my_second_dbt_model.sql)
[2025-03-17T00:12:33.869+0000] {subprocess.py:106} INFO -   relation "my_second_dbt_model" already exists
[2025-03-17T00:12:33.875+0000] {subprocess.py:106} INFO -   compiled code at target/run/bank_reviews_project/models/example/my_second_dbt_model.sql
[2025-03-17T00:12:33.879+0000] {subprocess.py:106} INFO - [0m00:12:33
[2025-03-17T00:12:33.894+0000] {subprocess.py:106} INFO - [0m00:12:33  Done. PASS=3 WARN=0 ERROR=2 SKIP=1 TOTAL=6
[2025-03-17T00:12:57.402+0000] {subprocess.py:110} INFO - Command exited with return code 1
[2025-03-17T00:12:59.182+0000] {taskinstance.py:3313} ERROR - Task failed with exception
Traceback (most recent call last):
  File "/home/mohammed/venv/lib/python3.11/site-packages/airflow/models/taskinstance.py", line 768, in _execute_task
    result = _execute_callable(context=context, **execute_callable_kwargs)
             ^^^^^^^^^^^^^^^^^^^^^^^^^^^^^^^^^^^^^^^^^^^^^^^^^^^^^^^^^^^^^
  File "/home/mohammed/venv/lib/python3.11/site-packages/airflow/models/taskinstance.py", line 734, in _execute_callable
    return ExecutionCallableRunner(
           ^^^^^^^^^^^^^^^^^^^^^^^^
  File "/home/mohammed/venv/lib/python3.11/site-packages/airflow/utils/operator_helpers.py", line 252, in run
    return self.func(*args, **kwargs)
           ^^^^^^^^^^^^^^^^^^^^^^^^^^
  File "/home/mohammed/venv/lib/python3.11/site-packages/airflow/models/baseoperator.py", line 424, in wrapper
    return func(self, *args, **kwargs)
           ^^^^^^^^^^^^^^^^^^^^^^^^^^^
  File "/home/mohammed/venv/lib/python3.11/site-packages/airflow/operators/bash.py", line 276, in execute
    raise AirflowException(
airflow.exceptions.AirflowException: Bash command failed. The command returned a non-zero exit code 1.
[2025-03-17T00:12:59.801+0000] {logging_mixin.py:190} INFO - Task instance in failure state
[2025-03-17T00:12:59.802+0000] {logging_mixin.py:190} INFO - Task start:2025-03-17 00:09:45.178721+00:00 end:2025-03-17 00:12:59.750818+00:00 duration:194.572097
[2025-03-17T00:12:59.812+0000] {logging_mixin.py:190} INFO - Task:<Task(BashOperator): dbt_run> dag:<DAG: load_reviews_pipeline> dagrun:<DagRun load_reviews_pipeline @ 2024-04-03 00:00:00+00:00: scheduled__2024-04-03T00:00:00+00:00, state:running, queued_at: 2025-03-17 00:09:39.286630+00:00. externally triggered: False>
[2025-03-17T00:12:59.817+0000] {logging_mixin.py:190} INFO - Failure caused by Bash command failed. The command returned a non-zero exit code 1.
[2025-03-17T00:12:59.819+0000] {taskinstance.py:1226} INFO - Marking task as UP_FOR_RETRY. dag_id=load_reviews_pipeline, task_id=dbt_run, run_id=scheduled__2024-04-03T00:00:00+00:00, execution_date=20240403T000000, start_date=20250317T000945, end_date=20250317T001259
[2025-03-17T00:13:00.740+0000] {taskinstance.py:341} INFO - ::group::Post task execution logs
[2025-03-17T00:13:00.803+0000] {standard_task_runner.py:124} ERROR - Failed to execute job 148 for task dbt_run (Bash command failed. The command returned a non-zero exit code 1.; 245973)
Traceback (most recent call last):
  File "/home/mohammed/venv/lib/python3.11/site-packages/airflow/task/task_runner/standard_task_runner.py", line 117, in _start_by_fork
    ret = args.func(args, dag=self.dag)
          ^^^^^^^^^^^^^^^^^^^^^^^^^^^^^
  File "/home/mohammed/venv/lib/python3.11/site-packages/airflow/cli/cli_config.py", line 49, in command
    return func(*args, **kwargs)
           ^^^^^^^^^^^^^^^^^^^^^
  File "/home/mohammed/venv/lib/python3.11/site-packages/airflow/utils/cli.py", line 116, in wrapper
    return f(*args, **kwargs)
           ^^^^^^^^^^^^^^^^^^
  File "/home/mohammed/venv/lib/python3.11/site-packages/airflow/cli/commands/task_command.py", line 483, in task_run
    task_return_code = _run_task_by_selected_method(args, _dag, ti)
                       ^^^^^^^^^^^^^^^^^^^^^^^^^^^^^^^^^^^^^^^^^^^^
  File "/home/mohammed/venv/lib/python3.11/site-packages/airflow/cli/commands/task_command.py", line 256, in _run_task_by_selected_method
    return _run_raw_task(args, ti)
           ^^^^^^^^^^^^^^^^^^^^^^^
  File "/home/mohammed/venv/lib/python3.11/site-packages/airflow/cli/commands/task_command.py", line 341, in _run_raw_task
    return ti._run_raw_task(
           ^^^^^^^^^^^^^^^^^
  File "/home/mohammed/venv/lib/python3.11/site-packages/airflow/utils/session.py", line 97, in wrapper
    return func(*args, session=session, **kwargs)
           ^^^^^^^^^^^^^^^^^^^^^^^^^^^^^^^^^^^^^^
  File "/home/mohammed/venv/lib/python3.11/site-packages/airflow/models/taskinstance.py", line 3006, in _run_raw_task
    return _run_raw_task(
           ^^^^^^^^^^^^^^
  File "/home/mohammed/venv/lib/python3.11/site-packages/airflow/models/taskinstance.py", line 274, in _run_raw_task
    TaskInstance._execute_task_with_callbacks(
  File "/home/mohammed/venv/lib/python3.11/site-packages/airflow/models/taskinstance.py", line 3161, in _execute_task_with_callbacks
    result = self._execute_task(context, task_orig)
             ^^^^^^^^^^^^^^^^^^^^^^^^^^^^^^^^^^^^^^
  File "/home/mohammed/venv/lib/python3.11/site-packages/airflow/models/taskinstance.py", line 3185, in _execute_task
    return _execute_task(self, context, task_orig)
           ^^^^^^^^^^^^^^^^^^^^^^^^^^^^^^^^^^^^^^^
  File "/home/mohammed/venv/lib/python3.11/site-packages/airflow/models/taskinstance.py", line 768, in _execute_task
    result = _execute_callable(context=context, **execute_callable_kwargs)
             ^^^^^^^^^^^^^^^^^^^^^^^^^^^^^^^^^^^^^^^^^^^^^^^^^^^^^^^^^^^^^
  File "/home/mohammed/venv/lib/python3.11/site-packages/airflow/models/taskinstance.py", line 734, in _execute_callable
    return ExecutionCallableRunner(
           ^^^^^^^^^^^^^^^^^^^^^^^^
  File "/home/mohammed/venv/lib/python3.11/site-packages/airflow/utils/operator_helpers.py", line 252, in run
    return self.func(*args, **kwargs)
           ^^^^^^^^^^^^^^^^^^^^^^^^^^
  File "/home/mohammed/venv/lib/python3.11/site-packages/airflow/models/baseoperator.py", line 424, in wrapper
    return func(self, *args, **kwargs)
           ^^^^^^^^^^^^^^^^^^^^^^^^^^^
  File "/home/mohammed/venv/lib/python3.11/site-packages/airflow/operators/bash.py", line 276, in execute
    raise AirflowException(
airflow.exceptions.AirflowException: Bash command failed. The command returned a non-zero exit code 1.
[2025-03-17T00:13:00.932+0000] {local_task_job_runner.py:266} INFO - Task exited with return code 1
[2025-03-17T00:13:02.135+0000] {taskinstance.py:3901} INFO - 0 downstream tasks scheduled from follow-on schedule check
[2025-03-17T00:13:02.143+0000] {local_task_job_runner.py:245} INFO - ::endgroup::
