[2025-03-18T17:04:54.300+0000] {local_task_job_runner.py:123} INFO - ::group::Pre task execution logs
[2025-03-18T17:04:54.445+0000] {taskinstance.py:2614} INFO - Dependencies all met for dep_context=non-requeueable deps ti=<TaskInstance: load_dbt_clean_reviews_pipeline.dbt_run manual__2025-03-18T17:02:53.133482+00:00 [queued]>
[2025-03-18T17:04:54.510+0000] {taskinstance.py:2614} INFO - Dependencies all met for dep_context=requeueable deps ti=<TaskInstance: load_dbt_clean_reviews_pipeline.dbt_run manual__2025-03-18T17:02:53.133482+00:00 [queued]>
[2025-03-18T17:04:54.511+0000] {taskinstance.py:2867} INFO - Starting attempt 1 of 2
[2025-03-18T17:04:54.620+0000] {taskinstance.py:2890} INFO - Executing <Task(BashOperator): dbt_run> on 2025-03-18 17:02:53.133482+00:00
[2025-03-18T17:04:54.640+0000] {standard_task_runner.py:72} INFO - Started process 49649 to run task
[2025-03-18T17:04:54.670+0000] {standard_task_runner.py:104} INFO - Running: ['airflow', 'tasks', 'run', 'load_dbt_clean_reviews_pipeline', 'dbt_run', 'manual__2025-03-18T17:02:53.133482+00:00', '--job-id', '765', '--raw', '--subdir', 'DAGS_FOLDER/dag_load_reviews.py', '--cfg-path', '/tmp/tmps6527hvc']
[2025-03-18T17:04:54.673+0000] {standard_task_runner.py:105} INFO - Job 765: Subtask dbt_run
[2025-03-18T17:04:55.086+0000] {task_command.py:467} INFO - Running <TaskInstance: load_dbt_clean_reviews_pipeline.dbt_run manual__2025-03-18T17:02:53.133482+00:00 [running]> on host DESKTOP-IM7V4RI.
[2025-03-18T17:04:55.743+0000] {taskinstance.py:3134} INFO - Exporting env vars: AIRFLOW_CTX_DAG_OWNER='mohammed' AIRFLOW_CTX_DAG_ID='load_dbt_clean_reviews_pipeline' AIRFLOW_CTX_TASK_ID='dbt_run' AIRFLOW_CTX_EXECUTION_DATE='2025-03-18T17:02:53.133482+00:00' AIRFLOW_CTX_TRY_NUMBER='1' AIRFLOW_CTX_DAG_RUN_ID='manual__2025-03-18T17:02:53.133482+00:00'
[2025-03-18T17:04:55.755+0000] {logging_mixin.py:190} INFO - Task instance is in running state
[2025-03-18T17:04:55.757+0000] {logging_mixin.py:190} INFO -  Previous state of the Task instance: queued
[2025-03-18T17:04:55.757+0000] {logging_mixin.py:190} INFO - Current task name:dbt_run state:running start_date:2025-03-18 17:04:54.446650+00:00
[2025-03-18T17:04:55.758+0000] {logging_mixin.py:190} INFO - Dag name:load_dbt_clean_reviews_pipeline and current dag run status:running
[2025-03-18T17:04:55.760+0000] {taskinstance.py:732} INFO - ::endgroup::
[2025-03-18T17:04:55.767+0000] {subprocess.py:78} INFO - Tmp dir root location: /tmp
[2025-03-18T17:04:55.774+0000] {subprocess.py:88} INFO - Running command: ['/usr/bin/bash', '-c', 'cd /home/mohammed/.dbt/dbt_projects/bank_reviews_transactional && dbt run']
[2025-03-18T17:04:55.827+0000] {subprocess.py:99} INFO - Output:
[2025-03-18T17:05:13.041+0000] {subprocess.py:106} INFO - [0m17:05:13  Running with dbt=1.9.3
[2025-03-18T17:05:18.222+0000] {subprocess.py:106} INFO - [0m17:05:18  Registered adapter: postgres=1.9.0
[2025-03-18T17:05:21.519+0000] {subprocess.py:106} INFO - [0m17:05:21  [[33mWARNING[0m]: Configuration paths exist in your dbt_project.yml file which do not apply to any resources.
[2025-03-18T17:05:21.521+0000] {subprocess.py:106} INFO - There are 1 unused configuration paths:
[2025-03-18T17:05:21.521+0000] {subprocess.py:106} INFO - - models.bank_reviews_transactional.transactional
[2025-03-18T17:05:23.791+0000] {subprocess.py:106} INFO - [0m17:05:23  Found 3 models, 4 data tests, 1 source, 433 macros
[2025-03-18T17:05:23.838+0000] {subprocess.py:106} INFO - [0m17:05:23
[2025-03-18T17:05:23.844+0000] {subprocess.py:106} INFO - [0m17:05:23  Concurrency: 4 threads (target='dev')
[2025-03-18T17:05:23.854+0000] {subprocess.py:106} INFO - [0m17:05:23
[2025-03-18T17:05:25.590+0000] {subprocess.py:106} INFO - [0m17:05:25  1 of 3 START sql table model transactional.clean_reviews ....................... [RUN]
[2025-03-18T17:05:25.629+0000] {subprocess.py:106} INFO - [0m17:05:25  2 of 3 START sql table model transactional.my_first_dbt_model .................. [RUN]
[2025-03-18T17:05:26.923+0000] {subprocess.py:106} INFO - [0m17:05:26  1 of 3 ERROR creating sql table model transactional.clean_reviews .............. [[31mERROR[0m in 1.28s]
[2025-03-18T17:05:27.702+0000] {subprocess.py:106} INFO - [0m17:05:27  2 of 3 OK created sql table model transactional.my_first_dbt_model ............. [[32mSELECT 2[0m in 2.07s]
[2025-03-18T17:05:27.730+0000] {subprocess.py:106} INFO - [0m17:05:27  3 of 3 START sql view model transactional.my_second_dbt_model .................. [RUN]
[2025-03-18T17:05:28.888+0000] {subprocess.py:106} INFO - [0m17:05:28  3 of 3 OK created sql view model transactional.my_second_dbt_model ............. [[32mCREATE VIEW[0m in 1.15s]
[2025-03-18T17:05:29.162+0000] {subprocess.py:106} INFO - [0m17:05:29
[2025-03-18T17:05:29.165+0000] {subprocess.py:106} INFO - [0m17:05:29  Finished running 2 table models, 1 view model in 0 hours 0 minutes and 5.29 seconds (5.29s).
[2025-03-18T17:05:30.568+0000] {subprocess.py:106} INFO - [0m17:05:30
[2025-03-18T17:05:30.572+0000] {subprocess.py:106} INFO - [0m17:05:30  [31mCompleted with 1 error, 0 partial successes, and 0 warnings:[0m
[2025-03-18T17:05:30.575+0000] {subprocess.py:106} INFO - [0m17:05:30
[2025-03-18T17:05:30.585+0000] {subprocess.py:106} INFO - [0m17:05:30    Database Error in model clean_reviews (models/clean_reviews.sql)
[2025-03-18T17:05:30.586+0000] {subprocess.py:106} INFO -   column reference "review_text" is ambiguous
[2025-03-18T17:05:30.588+0000] {subprocess.py:106} INFO -   LINE 160: SELECT id, bank_name, branch_name, location, review_text, cl...
[2025-03-18T17:05:30.589+0000] {subprocess.py:106} INFO -                                                          ^
[2025-03-18T17:05:30.589+0000] {subprocess.py:106} INFO -   compiled code at target/run/bank_reviews_transactional/models/clean_reviews.sql
[2025-03-18T17:05:30.605+0000] {subprocess.py:106} INFO - [0m17:05:30
[2025-03-18T17:05:30.607+0000] {subprocess.py:106} INFO - [0m17:05:30  Done. PASS=2 WARN=0 ERROR=1 SKIP=0 TOTAL=3
[2025-03-18T17:05:35.445+0000] {subprocess.py:110} INFO - Command exited with return code 1
[2025-03-18T17:05:35.679+0000] {taskinstance.py:3313} ERROR - Task failed with exception
Traceback (most recent call last):
  File "/home/mohammed/venv/lib/python3.11/site-packages/airflow/models/taskinstance.py", line 768, in _execute_task
    result = _execute_callable(context=context, **execute_callable_kwargs)
             ^^^^^^^^^^^^^^^^^^^^^^^^^^^^^^^^^^^^^^^^^^^^^^^^^^^^^^^^^^^^^
  File "/home/mohammed/venv/lib/python3.11/site-packages/airflow/models/taskinstance.py", line 734, in _execute_callable
    return ExecutionCallableRunner(
           ^^^^^^^^^^^^^^^^^^^^^^^^
  File "/home/mohammed/venv/lib/python3.11/site-packages/airflow/utils/operator_helpers.py", line 252, in run
    return self.func(*args, **kwargs)
           ^^^^^^^^^^^^^^^^^^^^^^^^^^
  File "/home/mohammed/venv/lib/python3.11/site-packages/airflow/models/baseoperator.py", line 424, in wrapper
    return func(self, *args, **kwargs)
           ^^^^^^^^^^^^^^^^^^^^^^^^^^^
  File "/home/mohammed/venv/lib/python3.11/site-packages/airflow/operators/bash.py", line 276, in execute
    raise AirflowException(
airflow.exceptions.AirflowException: Bash command failed. The command returned a non-zero exit code 1.
[2025-03-18T17:05:35.762+0000] {logging_mixin.py:190} INFO - Task instance in failure state
[2025-03-18T17:05:35.764+0000] {logging_mixin.py:190} INFO - Task start:2025-03-18 17:04:54.446650+00:00 end:2025-03-18 17:05:35.756436+00:00 duration:41.309786
[2025-03-18T17:05:35.766+0000] {logging_mixin.py:190} INFO - Task:<Task(BashOperator): dbt_run> dag:<DAG: load_dbt_clean_reviews_pipeline> dagrun:<DagRun load_dbt_clean_reviews_pipeline @ 2025-03-18 17:02:53.133482+00:00: manual__2025-03-18T17:02:53.133482+00:00, state:running, queued_at: 2025-03-18 17:02:53.706522+00:00. externally triggered: True>
[2025-03-18T17:05:35.767+0000] {logging_mixin.py:190} INFO - Failure caused by Bash command failed. The command returned a non-zero exit code 1.
[2025-03-18T17:05:35.768+0000] {taskinstance.py:1226} INFO - Marking task as UP_FOR_RETRY. dag_id=load_dbt_clean_reviews_pipeline, task_id=dbt_run, run_id=manual__2025-03-18T17:02:53.133482+00:00, execution_date=20250318T170253, start_date=20250318T170454, end_date=20250318T170535
[2025-03-18T17:05:36.954+0000] {taskinstance.py:341} INFO - ::group::Post task execution logs
[2025-03-18T17:05:36.956+0000] {standard_task_runner.py:124} ERROR - Failed to execute job 765 for task dbt_run (Bash command failed. The command returned a non-zero exit code 1.; 49649)
Traceback (most recent call last):
  File "/home/mohammed/venv/lib/python3.11/site-packages/airflow/task/task_runner/standard_task_runner.py", line 117, in _start_by_fork
    ret = args.func(args, dag=self.dag)
          ^^^^^^^^^^^^^^^^^^^^^^^^^^^^^
  File "/home/mohammed/venv/lib/python3.11/site-packages/airflow/cli/cli_config.py", line 49, in command
    return func(*args, **kwargs)
           ^^^^^^^^^^^^^^^^^^^^^
  File "/home/mohammed/venv/lib/python3.11/site-packages/airflow/utils/cli.py", line 116, in wrapper
    return f(*args, **kwargs)
           ^^^^^^^^^^^^^^^^^^
  File "/home/mohammed/venv/lib/python3.11/site-packages/airflow/cli/commands/task_command.py", line 483, in task_run
    task_return_code = _run_task_by_selected_method(args, _dag, ti)
                       ^^^^^^^^^^^^^^^^^^^^^^^^^^^^^^^^^^^^^^^^^^^^
  File "/home/mohammed/venv/lib/python3.11/site-packages/airflow/cli/commands/task_command.py", line 256, in _run_task_by_selected_method
    return _run_raw_task(args, ti)
           ^^^^^^^^^^^^^^^^^^^^^^^
  File "/home/mohammed/venv/lib/python3.11/site-packages/airflow/cli/commands/task_command.py", line 341, in _run_raw_task
    return ti._run_raw_task(
           ^^^^^^^^^^^^^^^^^
  File "/home/mohammed/venv/lib/python3.11/site-packages/airflow/utils/session.py", line 97, in wrapper
    return func(*args, session=session, **kwargs)
           ^^^^^^^^^^^^^^^^^^^^^^^^^^^^^^^^^^^^^^
  File "/home/mohammed/venv/lib/python3.11/site-packages/airflow/models/taskinstance.py", line 3006, in _run_raw_task
    return _run_raw_task(
           ^^^^^^^^^^^^^^
  File "/home/mohammed/venv/lib/python3.11/site-packages/airflow/models/taskinstance.py", line 274, in _run_raw_task
    TaskInstance._execute_task_with_callbacks(
  File "/home/mohammed/venv/lib/python3.11/site-packages/airflow/models/taskinstance.py", line 3161, in _execute_task_with_callbacks
    result = self._execute_task(context, task_orig)
             ^^^^^^^^^^^^^^^^^^^^^^^^^^^^^^^^^^^^^^
  File "/home/mohammed/venv/lib/python3.11/site-packages/airflow/models/taskinstance.py", line 3185, in _execute_task
    return _execute_task(self, context, task_orig)
           ^^^^^^^^^^^^^^^^^^^^^^^^^^^^^^^^^^^^^^^
  File "/home/mohammed/venv/lib/python3.11/site-packages/airflow/models/taskinstance.py", line 768, in _execute_task
    result = _execute_callable(context=context, **execute_callable_kwargs)
             ^^^^^^^^^^^^^^^^^^^^^^^^^^^^^^^^^^^^^^^^^^^^^^^^^^^^^^^^^^^^^
  File "/home/mohammed/venv/lib/python3.11/site-packages/airflow/models/taskinstance.py", line 734, in _execute_callable
    return ExecutionCallableRunner(
           ^^^^^^^^^^^^^^^^^^^^^^^^
  File "/home/mohammed/venv/lib/python3.11/site-packages/airflow/utils/operator_helpers.py", line 252, in run
    return self.func(*args, **kwargs)
           ^^^^^^^^^^^^^^^^^^^^^^^^^^
  File "/home/mohammed/venv/lib/python3.11/site-packages/airflow/models/baseoperator.py", line 424, in wrapper
    return func(self, *args, **kwargs)
           ^^^^^^^^^^^^^^^^^^^^^^^^^^^
  File "/home/mohammed/venv/lib/python3.11/site-packages/airflow/operators/bash.py", line 276, in execute
    raise AirflowException(
airflow.exceptions.AirflowException: Bash command failed. The command returned a non-zero exit code 1.
[2025-03-18T17:05:37.077+0000] {local_task_job_runner.py:266} INFO - Task exited with return code 1
[2025-03-18T17:05:37.301+0000] {taskinstance.py:3901} INFO - 0 downstream tasks scheduled from follow-on schedule check
[2025-03-18T17:05:37.320+0000] {local_task_job_runner.py:245} INFO - ::endgroup::
