[2025-03-17T00:40:45.771+0000] {local_task_job_runner.py:123} INFO - ::group::Pre task execution logs
[2025-03-17T00:40:45.860+0000] {taskinstance.py:2614} INFO - Dependencies all met for dep_context=non-requeueable deps ti=<TaskInstance: load_reviews_pipeline.dbt_run scheduled__2024-06-18T00:00:00+00:00 [queued]>
[2025-03-17T00:40:45.894+0000] {taskinstance.py:2614} INFO - Dependencies all met for dep_context=requeueable deps ti=<TaskInstance: load_reviews_pipeline.dbt_run scheduled__2024-06-18T00:00:00+00:00 [queued]>
[2025-03-17T00:40:45.895+0000] {taskinstance.py:2867} INFO - Starting attempt 1 of 2
[2025-03-17T00:40:45.957+0000] {taskinstance.py:2890} INFO - Executing <Task(BashOperator): dbt_run> on 2024-06-18 00:00:00+00:00
[2025-03-17T00:40:45.976+0000] {standard_task_runner.py:72} INFO - Started process 274296 to run task
[2025-03-17T00:40:45.993+0000] {standard_task_runner.py:104} INFO - Running: ['airflow', 'tasks', 'run', 'load_reviews_pipeline', 'dbt_run', 'scheduled__2024-06-18T00:00:00+00:00', '--job-id', '291', '--raw', '--subdir', 'DAGS_FOLDER/dag_load_reviews.py', '--cfg-path', '/tmp/tmpopry73nk']
[2025-03-17T00:40:45.995+0000] {standard_task_runner.py:105} INFO - Job 291: Subtask dbt_run
[2025-03-17T00:40:46.382+0000] {task_command.py:467} INFO - Running <TaskInstance: load_reviews_pipeline.dbt_run scheduled__2024-06-18T00:00:00+00:00 [running]> on host DESKTOP-IM7V4RI.
[2025-03-17T00:40:47.266+0000] {taskinstance.py:3134} INFO - Exporting env vars: AIRFLOW_CTX_DAG_OWNER='mohammed' AIRFLOW_CTX_DAG_ID='load_reviews_pipeline' AIRFLOW_CTX_TASK_ID='dbt_run' AIRFLOW_CTX_EXECUTION_DATE='2024-06-18T00:00:00+00:00' AIRFLOW_CTX_TRY_NUMBER='1' AIRFLOW_CTX_DAG_RUN_ID='scheduled__2024-06-18T00:00:00+00:00'
[2025-03-17T00:40:47.271+0000] {logging_mixin.py:190} INFO - Task instance is in running state
[2025-03-17T00:40:47.273+0000] {logging_mixin.py:190} INFO -  Previous state of the Task instance: queued
[2025-03-17T00:40:47.285+0000] {logging_mixin.py:190} INFO - Current task name:dbt_run state:running start_date:2025-03-17 00:40:45.861504+00:00
[2025-03-17T00:40:47.285+0000] {logging_mixin.py:190} INFO - Dag name:load_reviews_pipeline and current dag run status:running
[2025-03-17T00:40:47.286+0000] {taskinstance.py:732} INFO - ::endgroup::
[2025-03-17T00:40:47.290+0000] {subprocess.py:78} INFO - Tmp dir root location: /tmp
[2025-03-17T00:40:47.293+0000] {subprocess.py:88} INFO - Running command: ['/usr/bin/bash', '-c', 'cd /home/mohammed/.dbt/bank_reviews_project && dbt run']
[2025-03-17T00:40:47.348+0000] {subprocess.py:99} INFO - Output:
[2025-03-17T00:40:53.815+0000] {subprocess.py:106} INFO - [0m00:40:53  Running with dbt=1.9.3
[2025-03-17T00:40:56.059+0000] {subprocess.py:106} INFO - [0m00:40:56  Registered adapter: postgres=1.9.0
[2025-03-17T00:41:01.549+0000] {subprocess.py:106} INFO - [0m00:41:01  Found 6 models, 4 data tests, 2 sources, 433 macros
[2025-03-17T00:41:01.558+0000] {subprocess.py:106} INFO - [0m00:41:01
[2025-03-17T00:41:01.573+0000] {subprocess.py:106} INFO - [0m00:41:01  Concurrency: 4 threads (target='dev')
[2025-03-17T00:41:01.575+0000] {subprocess.py:106} INFO - [0m00:41:01
[2025-03-17T00:41:03.344+0000] {subprocess.py:106} INFO - [0m00:41:03  1 of 6 START sql view model public.clean_reviews ............................... [RUN]
[2025-03-17T00:41:03.362+0000] {subprocess.py:106} INFO - [0m00:41:03  2 of 6 START sql table model public.my_first_dbt_model ......................... [RUN]
[2025-03-17T00:41:03.364+0000] {subprocess.py:106} INFO - [0m00:41:03  4 of 6 START sql view model public.stg_clean_reviews ........................... [RUN]
[2025-03-17T00:41:03.371+0000] {subprocess.py:106} INFO - [0m00:41:03  3 of 6 START sql view model public.remove_duplicates ........................... [RUN]
[2025-03-17T00:41:05.097+0000] {subprocess.py:106} INFO - [0m00:41:05  3 of 6 ERROR creating sql view model public.remove_duplicates .................. [[31mERROR[0m in 1.61s]
[2025-03-17T00:41:05.480+0000] {subprocess.py:106} INFO - [0m00:41:05  2 of 6 ERROR creating sql table model public.my_first_dbt_model ................ [[31mERROR[0m in 2.06s]
[2025-03-17T00:41:05.545+0000] {subprocess.py:106} INFO - [0m00:41:05  1 of 6 ERROR creating sql view model public.clean_reviews ...................... [[31mERROR[0m in 2.16s]
[2025-03-17T00:41:05.571+0000] {subprocess.py:106} INFO - [0m00:41:05  5 of 6 SKIP relation public.my_second_dbt_model ................................ [[33mSKIP[0m]
[2025-03-17T00:41:06.450+0000] {subprocess.py:106} INFO - [0m00:41:06  4 of 6 OK created sql view model public.stg_clean_reviews ...................... [[32mCREATE VIEW[0m in 3.03s]
[2025-03-17T00:41:06.496+0000] {subprocess.py:106} INFO - [0m00:41:06  6 of 6 START sql view model public.dwh_model ................................... [RUN]
[2025-03-17T00:41:07.799+0000] {subprocess.py:106} INFO - [0m00:41:07  6 of 6 ERROR creating sql view model public.dwh_model .......................... [[31mERROR[0m in 1.28s]
[2025-03-17T00:41:08.009+0000] {subprocess.py:106} INFO - [0m00:41:08
[2025-03-17T00:41:08.016+0000] {subprocess.py:106} INFO - [0m00:41:08  Finished running 1 table model, 5 view models in 0 hours 0 minutes and 6.43 seconds (6.43s).
[2025-03-17T00:41:08.313+0000] {subprocess.py:106} INFO - [0m00:41:08
[2025-03-17T00:41:08.316+0000] {subprocess.py:106} INFO - [0m00:41:08  [31mCompleted with 4 errors, 0 partial successes, and 0 warnings:[0m
[2025-03-17T00:41:08.319+0000] {subprocess.py:106} INFO - [0m00:41:08
[2025-03-17T00:41:08.322+0000] {subprocess.py:106} INFO - [0m00:41:08    Database Error in model remove_duplicates (models/remove_duplicates.sql)
[2025-03-17T00:41:08.323+0000] {subprocess.py:106} INFO -   relation "remove_duplicates__dbt_backup" already exists
[2025-03-17T00:41:08.323+0000] {subprocess.py:106} INFO -   compiled code at target/run/bank_reviews_project/models/remove_duplicates.sql
[2025-03-17T00:41:08.325+0000] {subprocess.py:106} INFO - [0m00:41:08
[2025-03-17T00:41:08.328+0000] {subprocess.py:106} INFO - [0m00:41:08    Database Error in model my_first_dbt_model (models/example/my_first_dbt_model.sql)
[2025-03-17T00:41:08.329+0000] {subprocess.py:106} INFO -   relation "my_first_dbt_model__dbt_backup" already exists
[2025-03-17T00:41:08.329+0000] {subprocess.py:106} INFO -   compiled code at target/run/bank_reviews_project/models/example/my_first_dbt_model.sql
[2025-03-17T00:41:08.331+0000] {subprocess.py:106} INFO - [0m00:41:08
[2025-03-17T00:41:08.334+0000] {subprocess.py:106} INFO - [0m00:41:08    Database Error in model clean_reviews (models/clean_reviews.sql)
[2025-03-17T00:41:08.335+0000] {subprocess.py:106} INFO -   relation "clean_reviews__dbt_backup" already exists
[2025-03-17T00:41:08.335+0000] {subprocess.py:106} INFO -   compiled code at target/run/bank_reviews_project/models/clean_reviews.sql
[2025-03-17T00:41:08.338+0000] {subprocess.py:106} INFO - [0m00:41:08
[2025-03-17T00:41:08.341+0000] {subprocess.py:106} INFO - [0m00:41:08    Database Error in model dwh_model (models/dwh_model.sql)
[2025-03-17T00:41:08.342+0000] {subprocess.py:106} INFO -   relation "dwh_model" already exists
[2025-03-17T00:41:08.342+0000] {subprocess.py:106} INFO -   compiled code at target/run/bank_reviews_project/models/dwh_model.sql
[2025-03-17T00:41:08.344+0000] {subprocess.py:106} INFO - [0m00:41:08
[2025-03-17T00:41:08.348+0000] {subprocess.py:106} INFO - [0m00:41:08  Done. PASS=1 WARN=0 ERROR=4 SKIP=1 TOTAL=6
[2025-03-17T00:41:12.576+0000] {subprocess.py:110} INFO - Command exited with return code 1
[2025-03-17T00:41:12.794+0000] {taskinstance.py:3313} ERROR - Task failed with exception
Traceback (most recent call last):
  File "/home/mohammed/venv/lib/python3.11/site-packages/airflow/models/taskinstance.py", line 768, in _execute_task
    result = _execute_callable(context=context, **execute_callable_kwargs)
             ^^^^^^^^^^^^^^^^^^^^^^^^^^^^^^^^^^^^^^^^^^^^^^^^^^^^^^^^^^^^^
  File "/home/mohammed/venv/lib/python3.11/site-packages/airflow/models/taskinstance.py", line 734, in _execute_callable
    return ExecutionCallableRunner(
           ^^^^^^^^^^^^^^^^^^^^^^^^
  File "/home/mohammed/venv/lib/python3.11/site-packages/airflow/utils/operator_helpers.py", line 252, in run
    return self.func(*args, **kwargs)
           ^^^^^^^^^^^^^^^^^^^^^^^^^^
  File "/home/mohammed/venv/lib/python3.11/site-packages/airflow/models/baseoperator.py", line 424, in wrapper
    return func(self, *args, **kwargs)
           ^^^^^^^^^^^^^^^^^^^^^^^^^^^
  File "/home/mohammed/venv/lib/python3.11/site-packages/airflow/operators/bash.py", line 276, in execute
    raise AirflowException(
airflow.exceptions.AirflowException: Bash command failed. The command returned a non-zero exit code 1.
[2025-03-17T00:41:12.918+0000] {logging_mixin.py:190} INFO - Task instance in failure state
[2025-03-17T00:41:12.919+0000] {logging_mixin.py:190} INFO - Task start:2025-03-17 00:40:45.861504+00:00 end:2025-03-17 00:41:12.907133+00:00 duration:27.045629
[2025-03-17T00:41:12.920+0000] {logging_mixin.py:190} INFO - Task:<Task(BashOperator): dbt_run> dag:<DAG: load_reviews_pipeline> dagrun:<DagRun load_reviews_pipeline @ 2024-06-18 00:00:00+00:00: scheduled__2024-06-18T00:00:00+00:00, state:running, queued_at: 2025-03-17 00:40:42.942313+00:00. externally triggered: False>
[2025-03-17T00:41:12.921+0000] {logging_mixin.py:190} INFO - Failure caused by Bash command failed. The command returned a non-zero exit code 1.
[2025-03-17T00:41:12.947+0000] {taskinstance.py:1226} INFO - Marking task as UP_FOR_RETRY. dag_id=load_reviews_pipeline, task_id=dbt_run, run_id=scheduled__2024-06-18T00:00:00+00:00, execution_date=20240618T000000, start_date=20250317T004045, end_date=20250317T004112
[2025-03-17T00:41:13.758+0000] {taskinstance.py:341} INFO - ::group::Post task execution logs
[2025-03-17T00:41:13.761+0000] {standard_task_runner.py:124} ERROR - Failed to execute job 291 for task dbt_run (Bash command failed. The command returned a non-zero exit code 1.; 274296)
Traceback (most recent call last):
  File "/home/mohammed/venv/lib/python3.11/site-packages/airflow/task/task_runner/standard_task_runner.py", line 117, in _start_by_fork
    ret = args.func(args, dag=self.dag)
          ^^^^^^^^^^^^^^^^^^^^^^^^^^^^^
  File "/home/mohammed/venv/lib/python3.11/site-packages/airflow/cli/cli_config.py", line 49, in command
    return func(*args, **kwargs)
           ^^^^^^^^^^^^^^^^^^^^^
  File "/home/mohammed/venv/lib/python3.11/site-packages/airflow/utils/cli.py", line 116, in wrapper
    return f(*args, **kwargs)
           ^^^^^^^^^^^^^^^^^^
  File "/home/mohammed/venv/lib/python3.11/site-packages/airflow/cli/commands/task_command.py", line 483, in task_run
    task_return_code = _run_task_by_selected_method(args, _dag, ti)
                       ^^^^^^^^^^^^^^^^^^^^^^^^^^^^^^^^^^^^^^^^^^^^
  File "/home/mohammed/venv/lib/python3.11/site-packages/airflow/cli/commands/task_command.py", line 256, in _run_task_by_selected_method
    return _run_raw_task(args, ti)
           ^^^^^^^^^^^^^^^^^^^^^^^
  File "/home/mohammed/venv/lib/python3.11/site-packages/airflow/cli/commands/task_command.py", line 341, in _run_raw_task
    return ti._run_raw_task(
           ^^^^^^^^^^^^^^^^^
  File "/home/mohammed/venv/lib/python3.11/site-packages/airflow/utils/session.py", line 97, in wrapper
    return func(*args, session=session, **kwargs)
           ^^^^^^^^^^^^^^^^^^^^^^^^^^^^^^^^^^^^^^
  File "/home/mohammed/venv/lib/python3.11/site-packages/airflow/models/taskinstance.py", line 3006, in _run_raw_task
    return _run_raw_task(
           ^^^^^^^^^^^^^^
  File "/home/mohammed/venv/lib/python3.11/site-packages/airflow/models/taskinstance.py", line 274, in _run_raw_task
    TaskInstance._execute_task_with_callbacks(
  File "/home/mohammed/venv/lib/python3.11/site-packages/airflow/models/taskinstance.py", line 3161, in _execute_task_with_callbacks
    result = self._execute_task(context, task_orig)
             ^^^^^^^^^^^^^^^^^^^^^^^^^^^^^^^^^^^^^^
  File "/home/mohammed/venv/lib/python3.11/site-packages/airflow/models/taskinstance.py", line 3185, in _execute_task
    return _execute_task(self, context, task_orig)
           ^^^^^^^^^^^^^^^^^^^^^^^^^^^^^^^^^^^^^^^
  File "/home/mohammed/venv/lib/python3.11/site-packages/airflow/models/taskinstance.py", line 768, in _execute_task
    result = _execute_callable(context=context, **execute_callable_kwargs)
             ^^^^^^^^^^^^^^^^^^^^^^^^^^^^^^^^^^^^^^^^^^^^^^^^^^^^^^^^^^^^^
  File "/home/mohammed/venv/lib/python3.11/site-packages/airflow/models/taskinstance.py", line 734, in _execute_callable
    return ExecutionCallableRunner(
           ^^^^^^^^^^^^^^^^^^^^^^^^
  File "/home/mohammed/venv/lib/python3.11/site-packages/airflow/utils/operator_helpers.py", line 252, in run
    return self.func(*args, **kwargs)
           ^^^^^^^^^^^^^^^^^^^^^^^^^^
  File "/home/mohammed/venv/lib/python3.11/site-packages/airflow/models/baseoperator.py", line 424, in wrapper
    return func(self, *args, **kwargs)
           ^^^^^^^^^^^^^^^^^^^^^^^^^^^
  File "/home/mohammed/venv/lib/python3.11/site-packages/airflow/operators/bash.py", line 276, in execute
    raise AirflowException(
airflow.exceptions.AirflowException: Bash command failed. The command returned a non-zero exit code 1.
[2025-03-17T00:41:13.944+0000] {local_task_job_runner.py:266} INFO - Task exited with return code 1
[2025-03-17T00:41:14.231+0000] {taskinstance.py:3901} INFO - 0 downstream tasks scheduled from follow-on schedule check
[2025-03-17T00:41:14.249+0000] {local_task_job_runner.py:245} INFO - ::endgroup::
