[2025-03-18T17:12:08.584+0000] {local_task_job_runner.py:123} INFO - ::group::Pre task execution logs
[2025-03-18T17:12:08.740+0000] {taskinstance.py:2614} INFO - Dependencies all met for dep_context=non-requeueable deps ti=<TaskInstance: load_dbt_clean_reviews_pipeline.dbt_run scheduled__2024-05-01T00:00:00+00:00 [queued]>
[2025-03-18T17:12:08.781+0000] {taskinstance.py:2614} INFO - Dependencies all met for dep_context=requeueable deps ti=<TaskInstance: load_dbt_clean_reviews_pipeline.dbt_run scheduled__2024-05-01T00:00:00+00:00 [queued]>
[2025-03-18T17:12:08.781+0000] {taskinstance.py:2867} INFO - Starting attempt 1 of 2
[2025-03-18T17:12:09.417+0000] {taskinstance.py:2890} INFO - Executing <Task(BashOperator): dbt_run> on 2024-05-01 00:00:00+00:00
[2025-03-18T17:12:09.438+0000] {standard_task_runner.py:72} INFO - Started process 56840 to run task
[2025-03-18T17:12:09.469+0000] {standard_task_runner.py:104} INFO - Running: ['airflow', 'tasks', 'run', 'load_dbt_clean_reviews_pipeline', 'dbt_run', 'scheduled__2024-05-01T00:00:00+00:00', '--job-id', '811', '--raw', '--subdir', 'DAGS_FOLDER/dag_load_reviews.py', '--cfg-path', '/tmp/tmpcwbsuy6y']
[2025-03-18T17:12:09.471+0000] {standard_task_runner.py:105} INFO - Job 811: Subtask dbt_run
[2025-03-18T17:12:09.944+0000] {task_command.py:467} INFO - Running <TaskInstance: load_dbt_clean_reviews_pipeline.dbt_run scheduled__2024-05-01T00:00:00+00:00 [running]> on host DESKTOP-IM7V4RI.
[2025-03-18T17:12:10.776+0000] {taskinstance.py:3134} INFO - Exporting env vars: AIRFLOW_CTX_DAG_OWNER='mohammed' AIRFLOW_CTX_DAG_ID='load_dbt_clean_reviews_pipeline' AIRFLOW_CTX_TASK_ID='dbt_run' AIRFLOW_CTX_EXECUTION_DATE='2024-05-01T00:00:00+00:00' AIRFLOW_CTX_TRY_NUMBER='1' AIRFLOW_CTX_DAG_RUN_ID='scheduled__2024-05-01T00:00:00+00:00'
[2025-03-18T17:12:10.781+0000] {logging_mixin.py:190} INFO - Task instance is in running state
[2025-03-18T17:12:10.782+0000] {logging_mixin.py:190} INFO -  Previous state of the Task instance: queued
[2025-03-18T17:12:10.795+0000] {logging_mixin.py:190} INFO - Current task name:dbt_run state:running start_date:2025-03-18 17:12:08.741064+00:00
[2025-03-18T17:12:10.796+0000] {logging_mixin.py:190} INFO - Dag name:load_dbt_clean_reviews_pipeline and current dag run status:running
[2025-03-18T17:12:10.796+0000] {taskinstance.py:732} INFO - ::endgroup::
[2025-03-18T17:12:10.798+0000] {subprocess.py:78} INFO - Tmp dir root location: /tmp
[2025-03-18T17:12:10.843+0000] {subprocess.py:88} INFO - Running command: ['/usr/bin/bash', '-c', 'cd /home/mohammed/.dbt/dbt_projects/bank_reviews_transactional && dbt run']
[2025-03-18T17:12:11.000+0000] {subprocess.py:99} INFO - Output:
[2025-03-18T17:12:23.678+0000] {subprocess.py:106} INFO - [0m17:12:23  Running with dbt=1.9.3
[2025-03-18T17:12:25.873+0000] {subprocess.py:106} INFO - [0m17:12:25  Registered adapter: postgres=1.9.0
[2025-03-18T17:12:29.530+0000] {subprocess.py:106} INFO - [0m17:12:29  [[33mWARNING[0m]: Configuration paths exist in your dbt_project.yml file which do not apply to any resources.
[2025-03-18T17:12:29.531+0000] {subprocess.py:106} INFO - There are 1 unused configuration paths:
[2025-03-18T17:12:29.532+0000] {subprocess.py:106} INFO - - models.bank_reviews_transactional.transactional
[2025-03-18T17:12:31.007+0000] {subprocess.py:106} INFO - [0m17:12:31  Found 3 models, 4 data tests, 1 source, 433 macros
[2025-03-18T17:12:31.037+0000] {subprocess.py:106} INFO - [0m17:12:31
[2025-03-18T17:12:31.045+0000] {subprocess.py:106} INFO - [0m17:12:31  Concurrency: 4 threads (target='dev')
[2025-03-18T17:12:31.054+0000] {subprocess.py:106} INFO - [0m17:12:31
[2025-03-18T17:12:32.127+0000] {subprocess.py:106} INFO - [0m17:12:32  1 of 3 START sql table model transactional.clean_reviews ....................... [RUN]
[2025-03-18T17:12:32.135+0000] {subprocess.py:106} INFO - [0m17:12:32  2 of 3 START sql table model transactional.my_first_dbt_model .................. [RUN]
[2025-03-18T17:12:33.550+0000] {subprocess.py:106} INFO - [0m17:12:33  1 of 3 ERROR creating sql table model transactional.clean_reviews .............. [[31mERROR[0m in 1.35s]
[2025-03-18T17:12:34.066+0000] {subprocess.py:106} INFO - [0m17:12:34  2 of 3 OK created sql table model transactional.my_first_dbt_model ............. [[32mSELECT 2[0m in 1.93s]
[2025-03-18T17:12:34.083+0000] {subprocess.py:106} INFO - [0m17:12:34  3 of 3 START sql view model transactional.my_second_dbt_model .................. [RUN]
[2025-03-18T17:12:34.440+0000] {subprocess.py:106} INFO - [0m17:12:34  3 of 3 OK created sql view model transactional.my_second_dbt_model ............. [[32mCREATE VIEW[0m in 0.33s]
[2025-03-18T17:12:34.566+0000] {subprocess.py:106} INFO - [0m17:12:34
[2025-03-18T17:12:34.568+0000] {subprocess.py:106} INFO - [0m17:12:34  Finished running 2 table models, 1 view model in 0 hours 0 minutes and 3.50 seconds (3.50s).
[2025-03-18T17:12:35.052+0000] {subprocess.py:106} INFO - [0m17:12:35
[2025-03-18T17:12:35.083+0000] {subprocess.py:106} INFO - [0m17:12:35  [31mCompleted with 1 error, 0 partial successes, and 0 warnings:[0m
[2025-03-18T17:12:35.086+0000] {subprocess.py:106} INFO - [0m17:12:35
[2025-03-18T17:12:35.122+0000] {subprocess.py:106} INFO - [0m17:12:35    Database Error in model clean_reviews (models/clean_reviews.sql)
[2025-03-18T17:12:35.123+0000] {subprocess.py:106} INFO -   syntax error at or near ";"
[2025-03-18T17:12:35.123+0000] {subprocess.py:106} INFO -   LINE 161: FROM final_data;
[2025-03-18T17:12:35.124+0000] {subprocess.py:106} INFO -                            ^
[2025-03-18T17:12:35.124+0000] {subprocess.py:106} INFO -   compiled code at target/run/bank_reviews_transactional/models/clean_reviews.sql
[2025-03-18T17:12:35.124+0000] {subprocess.py:106} INFO - [0m17:12:35
[2025-03-18T17:12:35.125+0000] {subprocess.py:106} INFO - [0m17:12:35  Done. PASS=2 WARN=0 ERROR=1 SKIP=0 TOTAL=3
[2025-03-18T17:12:37.763+0000] {subprocess.py:110} INFO - Command exited with return code 1
[2025-03-18T17:12:37.944+0000] {taskinstance.py:3313} ERROR - Task failed with exception
Traceback (most recent call last):
  File "/home/mohammed/venv/lib/python3.11/site-packages/airflow/models/taskinstance.py", line 768, in _execute_task
    result = _execute_callable(context=context, **execute_callable_kwargs)
             ^^^^^^^^^^^^^^^^^^^^^^^^^^^^^^^^^^^^^^^^^^^^^^^^^^^^^^^^^^^^^
  File "/home/mohammed/venv/lib/python3.11/site-packages/airflow/models/taskinstance.py", line 734, in _execute_callable
    return ExecutionCallableRunner(
           ^^^^^^^^^^^^^^^^^^^^^^^^
  File "/home/mohammed/venv/lib/python3.11/site-packages/airflow/utils/operator_helpers.py", line 252, in run
    return self.func(*args, **kwargs)
           ^^^^^^^^^^^^^^^^^^^^^^^^^^
  File "/home/mohammed/venv/lib/python3.11/site-packages/airflow/models/baseoperator.py", line 424, in wrapper
    return func(self, *args, **kwargs)
           ^^^^^^^^^^^^^^^^^^^^^^^^^^^
  File "/home/mohammed/venv/lib/python3.11/site-packages/airflow/operators/bash.py", line 276, in execute
    raise AirflowException(
airflow.exceptions.AirflowException: Bash command failed. The command returned a non-zero exit code 1.
[2025-03-18T17:12:37.984+0000] {logging_mixin.py:190} INFO - Task instance in failure state
[2025-03-18T17:12:37.985+0000] {logging_mixin.py:190} INFO - Task start:2025-03-18 17:12:08.741064+00:00 end:2025-03-18 17:12:37.981593+00:00 duration:29.240529
[2025-03-18T17:12:37.990+0000] {logging_mixin.py:190} INFO - Task:<Task(BashOperator): dbt_run> dag:<DAG: load_dbt_clean_reviews_pipeline> dagrun:<DagRun load_dbt_clean_reviews_pipeline @ 2024-05-01 00:00:00+00:00: scheduled__2024-05-01T00:00:00+00:00, state:running, queued_at: 2025-03-18 17:12:02.576836+00:00. externally triggered: False>
[2025-03-18T17:12:37.994+0000] {logging_mixin.py:190} INFO - Failure caused by Bash command failed. The command returned a non-zero exit code 1.
[2025-03-18T17:12:37.995+0000] {taskinstance.py:1226} INFO - Marking task as UP_FOR_RETRY. dag_id=load_dbt_clean_reviews_pipeline, task_id=dbt_run, run_id=scheduled__2024-05-01T00:00:00+00:00, execution_date=20240501T000000, start_date=20250318T171208, end_date=20250318T171237
[2025-03-18T17:12:38.402+0000] {taskinstance.py:341} INFO - ::group::Post task execution logs
[2025-03-18T17:12:38.404+0000] {standard_task_runner.py:124} ERROR - Failed to execute job 811 for task dbt_run (Bash command failed. The command returned a non-zero exit code 1.; 56840)
Traceback (most recent call last):
  File "/home/mohammed/venv/lib/python3.11/site-packages/airflow/task/task_runner/standard_task_runner.py", line 117, in _start_by_fork
    ret = args.func(args, dag=self.dag)
          ^^^^^^^^^^^^^^^^^^^^^^^^^^^^^
  File "/home/mohammed/venv/lib/python3.11/site-packages/airflow/cli/cli_config.py", line 49, in command
    return func(*args, **kwargs)
           ^^^^^^^^^^^^^^^^^^^^^
  File "/home/mohammed/venv/lib/python3.11/site-packages/airflow/utils/cli.py", line 116, in wrapper
    return f(*args, **kwargs)
           ^^^^^^^^^^^^^^^^^^
  File "/home/mohammed/venv/lib/python3.11/site-packages/airflow/cli/commands/task_command.py", line 483, in task_run
    task_return_code = _run_task_by_selected_method(args, _dag, ti)
                       ^^^^^^^^^^^^^^^^^^^^^^^^^^^^^^^^^^^^^^^^^^^^
  File "/home/mohammed/venv/lib/python3.11/site-packages/airflow/cli/commands/task_command.py", line 256, in _run_task_by_selected_method
    return _run_raw_task(args, ti)
           ^^^^^^^^^^^^^^^^^^^^^^^
  File "/home/mohammed/venv/lib/python3.11/site-packages/airflow/cli/commands/task_command.py", line 341, in _run_raw_task
    return ti._run_raw_task(
           ^^^^^^^^^^^^^^^^^
  File "/home/mohammed/venv/lib/python3.11/site-packages/airflow/utils/session.py", line 97, in wrapper
    return func(*args, session=session, **kwargs)
           ^^^^^^^^^^^^^^^^^^^^^^^^^^^^^^^^^^^^^^
  File "/home/mohammed/venv/lib/python3.11/site-packages/airflow/models/taskinstance.py", line 3006, in _run_raw_task
    return _run_raw_task(
           ^^^^^^^^^^^^^^
  File "/home/mohammed/venv/lib/python3.11/site-packages/airflow/models/taskinstance.py", line 274, in _run_raw_task
    TaskInstance._execute_task_with_callbacks(
  File "/home/mohammed/venv/lib/python3.11/site-packages/airflow/models/taskinstance.py", line 3161, in _execute_task_with_callbacks
    result = self._execute_task(context, task_orig)
             ^^^^^^^^^^^^^^^^^^^^^^^^^^^^^^^^^^^^^^
  File "/home/mohammed/venv/lib/python3.11/site-packages/airflow/models/taskinstance.py", line 3185, in _execute_task
    return _execute_task(self, context, task_orig)
           ^^^^^^^^^^^^^^^^^^^^^^^^^^^^^^^^^^^^^^^
  File "/home/mohammed/venv/lib/python3.11/site-packages/airflow/models/taskinstance.py", line 768, in _execute_task
    result = _execute_callable(context=context, **execute_callable_kwargs)
             ^^^^^^^^^^^^^^^^^^^^^^^^^^^^^^^^^^^^^^^^^^^^^^^^^^^^^^^^^^^^^
  File "/home/mohammed/venv/lib/python3.11/site-packages/airflow/models/taskinstance.py", line 734, in _execute_callable
    return ExecutionCallableRunner(
           ^^^^^^^^^^^^^^^^^^^^^^^^
  File "/home/mohammed/venv/lib/python3.11/site-packages/airflow/utils/operator_helpers.py", line 252, in run
    return self.func(*args, **kwargs)
           ^^^^^^^^^^^^^^^^^^^^^^^^^^
  File "/home/mohammed/venv/lib/python3.11/site-packages/airflow/models/baseoperator.py", line 424, in wrapper
    return func(self, *args, **kwargs)
           ^^^^^^^^^^^^^^^^^^^^^^^^^^^
  File "/home/mohammed/venv/lib/python3.11/site-packages/airflow/operators/bash.py", line 276, in execute
    raise AirflowException(
airflow.exceptions.AirflowException: Bash command failed. The command returned a non-zero exit code 1.
[2025-03-18T17:12:38.494+0000] {local_task_job_runner.py:266} INFO - Task exited with return code 1
[2025-03-18T17:12:38.874+0000] {taskinstance.py:3901} INFO - 0 downstream tasks scheduled from follow-on schedule check
[2025-03-18T17:12:38.896+0000] {local_task_job_runner.py:245} INFO - ::endgroup::
