[2025-03-28T02:29:38.874+0000] {local_task_job_runner.py:123} INFO - ::group::Pre task execution logs
[2025-03-28T02:29:39.026+0000] {taskinstance.py:2614} INFO - Dependencies all met for dep_context=non-requeueable deps ti=<TaskInstance: load_dbt_clean_reviews_pipeline.dbt_run_transactional scheduled__2024-09-19T00:00:00+00:00 [queued]>
[2025-03-28T02:29:39.070+0000] {taskinstance.py:2614} INFO - Dependencies all met for dep_context=requeueable deps ti=<TaskInstance: load_dbt_clean_reviews_pipeline.dbt_run_transactional scheduled__2024-09-19T00:00:00+00:00 [queued]>
[2025-03-28T02:29:39.072+0000] {taskinstance.py:2867} INFO - Starting attempt 1 of 2
[2025-03-28T02:29:39.155+0000] {taskinstance.py:2890} INFO - Executing <Task(BashOperator): dbt_run_transactional> on 2024-09-19 00:00:00+00:00
[2025-03-28T02:29:39.178+0000] {standard_task_runner.py:72} INFO - Started process 207352 to run task
[2025-03-28T02:29:39.207+0000] {standard_task_runner.py:104} INFO - Running: ['airflow', 'tasks', 'run', 'load_dbt_clean_reviews_pipeline', 'dbt_run_transactional', 'scheduled__2024-09-19T00:00:00+00:00', '--job-id', '2184', '--raw', '--subdir', 'DAGS_FOLDER/dag_load_reviews.py', '--cfg-path', '/tmp/tmpanx66xb0']
[2025-03-28T02:29:39.211+0000] {standard_task_runner.py:105} INFO - Job 2184: Subtask dbt_run_transactional
[2025-03-28T02:29:39.725+0000] {task_command.py:467} INFO - Running <TaskInstance: load_dbt_clean_reviews_pipeline.dbt_run_transactional scheduled__2024-09-19T00:00:00+00:00 [running]> on host DESKTOP-IM7V4RI.
[2025-03-28T02:29:40.391+0000] {taskinstance.py:3134} INFO - Exporting env vars: AIRFLOW_CTX_DAG_OWNER='mohammed' AIRFLOW_CTX_DAG_ID='load_dbt_clean_reviews_pipeline' AIRFLOW_CTX_TASK_ID='dbt_run_transactional' AIRFLOW_CTX_EXECUTION_DATE='2024-09-19T00:00:00+00:00' AIRFLOW_CTX_TRY_NUMBER='1' AIRFLOW_CTX_DAG_RUN_ID='scheduled__2024-09-19T00:00:00+00:00'
[2025-03-28T02:29:40.401+0000] {logging_mixin.py:190} INFO - Task instance is in running state
[2025-03-28T02:29:40.402+0000] {logging_mixin.py:190} INFO -  Previous state of the Task instance: queued
[2025-03-28T02:29:40.403+0000] {logging_mixin.py:190} INFO - Current task name:dbt_run_transactional state:running start_date:2025-03-28 02:29:39.026969+00:00
[2025-03-28T02:29:40.404+0000] {logging_mixin.py:190} INFO - Dag name:load_dbt_clean_reviews_pipeline and current dag run status:running
[2025-03-28T02:29:40.405+0000] {taskinstance.py:732} INFO - ::endgroup::
[2025-03-28T02:29:40.417+0000] {subprocess.py:78} INFO - Tmp dir root location: /tmp
[2025-03-28T02:29:40.426+0000] {subprocess.py:88} INFO - Running command: ['/usr/bin/bash', '-c', 'cd /home/mohammed/.dbt/dbt_projects/bank_reviews_transactional && dbt run']
[2025-03-28T02:29:40.490+0000] {subprocess.py:99} INFO - Output:
[2025-03-28T02:29:47.528+0000] {subprocess.py:106} INFO - [0m02:29:47  Running with dbt=1.9.3
[2025-03-28T02:29:49.294+0000] {subprocess.py:106} INFO - [0m02:29:49  Registered adapter: postgres=1.9.0
[2025-03-28T02:29:50.949+0000] {subprocess.py:106} INFO - [0m02:29:50  [[33mWARNING[0m]: Configuration paths exist in your dbt_project.yml file which do not apply to any resources.
[2025-03-28T02:29:50.950+0000] {subprocess.py:106} INFO - There are 1 unused configuration paths:
[2025-03-28T02:29:50.950+0000] {subprocess.py:106} INFO - - models.bank_reviews_transactional.transactional
[2025-03-28T02:29:51.455+0000] {subprocess.py:106} INFO - [0m02:29:51  Found 1 model, 1 source, 433 macros
[2025-03-28T02:29:51.472+0000] {subprocess.py:106} INFO - [0m02:29:51
[2025-03-28T02:29:51.474+0000] {subprocess.py:106} INFO - [0m02:29:51  Concurrency: 4 threads (target='dev')
[2025-03-28T02:29:51.476+0000] {subprocess.py:106} INFO - [0m02:29:51
[2025-03-28T02:29:52.538+0000] {subprocess.py:106} INFO - [0m02:29:52  1 of 1 START sql table model transactional.clean_reviews ....................... [RUN]
[2025-03-28T02:29:53.440+0000] {subprocess.py:106} INFO - [0m02:29:53  1 of 1 ERROR creating sql table model transactional.clean_reviews .............. [[31mERROR[0m in 0.89s]
[2025-03-28T02:29:53.558+0000] {subprocess.py:106} INFO - [0m02:29:53
[2025-03-28T02:29:53.577+0000] {subprocess.py:106} INFO - [0m02:29:53  Finished running 1 table model in 0 hours 0 minutes and 2.08 seconds (2.08s).
[2025-03-28T02:29:54.270+0000] {subprocess.py:106} INFO - [0m02:29:54
[2025-03-28T02:29:54.273+0000] {subprocess.py:106} INFO - [0m02:29:54  [31mCompleted with 1 error, 0 partial successes, and 0 warnings:[0m
[2025-03-28T02:29:54.276+0000] {subprocess.py:106} INFO - [0m02:29:54
[2025-03-28T02:29:54.290+0000] {subprocess.py:106} INFO - [0m02:29:54    Database Error in model clean_reviews (models/clean_reviews.sql)
[2025-03-28T02:29:54.290+0000] {subprocess.py:106} INFO -   syntax error at or near ";"
[2025-03-28T02:29:54.291+0000] {subprocess.py:106} INFO -   LINE 216:     FROM public.a;;bank_reviews
[2025-03-28T02:29:54.292+0000] {subprocess.py:106} INFO -                              ^
[2025-03-28T02:29:54.292+0000] {subprocess.py:106} INFO -   compiled code at target/run/bank_reviews_transactional/models/clean_reviews.sql
[2025-03-28T02:29:54.295+0000] {subprocess.py:106} INFO - [0m02:29:54
[2025-03-28T02:29:54.298+0000] {subprocess.py:106} INFO - [0m02:29:54  Done. PASS=0 WARN=0 ERROR=1 SKIP=0 TOTAL=1
[2025-03-28T02:29:58.986+0000] {subprocess.py:110} INFO - Command exited with return code 1
[2025-03-28T02:29:59.362+0000] {taskinstance.py:3313} ERROR - Task failed with exception
Traceback (most recent call last):
  File "/home/mohammed/venv/lib/python3.11/site-packages/airflow/models/taskinstance.py", line 768, in _execute_task
    result = _execute_callable(context=context, **execute_callable_kwargs)
             ^^^^^^^^^^^^^^^^^^^^^^^^^^^^^^^^^^^^^^^^^^^^^^^^^^^^^^^^^^^^^
  File "/home/mohammed/venv/lib/python3.11/site-packages/airflow/models/taskinstance.py", line 734, in _execute_callable
    return ExecutionCallableRunner(
           ^^^^^^^^^^^^^^^^^^^^^^^^
  File "/home/mohammed/venv/lib/python3.11/site-packages/airflow/utils/operator_helpers.py", line 252, in run
    return self.func(*args, **kwargs)
           ^^^^^^^^^^^^^^^^^^^^^^^^^^
  File "/home/mohammed/venv/lib/python3.11/site-packages/airflow/models/baseoperator.py", line 424, in wrapper
    return func(self, *args, **kwargs)
           ^^^^^^^^^^^^^^^^^^^^^^^^^^^
  File "/home/mohammed/venv/lib/python3.11/site-packages/airflow/operators/bash.py", line 276, in execute
    raise AirflowException(
airflow.exceptions.AirflowException: Bash command failed. The command returned a non-zero exit code 1.
[2025-03-28T02:29:59.892+0000] {logging_mixin.py:190} INFO - Task instance in failure state
[2025-03-28T02:29:59.892+0000] {logging_mixin.py:190} INFO - Task start:2025-03-28 02:29:39.026969+00:00 end:2025-03-28 02:29:59.512220+00:00 duration:20.485251
[2025-03-28T02:29:59.899+0000] {logging_mixin.py:190} INFO - Task:<Task(BashOperator): dbt_run_transactional> dag:<DAG: load_dbt_clean_reviews_pipeline> dagrun:<DagRun load_dbt_clean_reviews_pipeline @ 2024-09-19 00:00:00+00:00: scheduled__2024-09-19T00:00:00+00:00, state:running, queued_at: 2025-03-28 02:29:23.672718+00:00. externally triggered: False>
[2025-03-28T02:29:59.902+0000] {logging_mixin.py:190} INFO - Failure caused by Bash command failed. The command returned a non-zero exit code 1.
[2025-03-28T02:29:59.910+0000] {taskinstance.py:1226} INFO - Marking task as UP_FOR_RETRY. dag_id=load_dbt_clean_reviews_pipeline, task_id=dbt_run_transactional, run_id=scheduled__2024-09-19T00:00:00+00:00, execution_date=20240919T000000, start_date=20250328T022939, end_date=20250328T022959
[2025-03-28T02:30:02.304+0000] {taskinstance.py:341} INFO - ::group::Post task execution logs
[2025-03-28T02:30:02.325+0000] {standard_task_runner.py:124} ERROR - Failed to execute job 2184 for task dbt_run_transactional (Bash command failed. The command returned a non-zero exit code 1.; 207352)
Traceback (most recent call last):
  File "/home/mohammed/venv/lib/python3.11/site-packages/airflow/task/task_runner/standard_task_runner.py", line 117, in _start_by_fork
    ret = args.func(args, dag=self.dag)
          ^^^^^^^^^^^^^^^^^^^^^^^^^^^^^
  File "/home/mohammed/venv/lib/python3.11/site-packages/airflow/cli/cli_config.py", line 49, in command
    return func(*args, **kwargs)
           ^^^^^^^^^^^^^^^^^^^^^
  File "/home/mohammed/venv/lib/python3.11/site-packages/airflow/utils/cli.py", line 116, in wrapper
    return f(*args, **kwargs)
           ^^^^^^^^^^^^^^^^^^
  File "/home/mohammed/venv/lib/python3.11/site-packages/airflow/cli/commands/task_command.py", line 483, in task_run
    task_return_code = _run_task_by_selected_method(args, _dag, ti)
                       ^^^^^^^^^^^^^^^^^^^^^^^^^^^^^^^^^^^^^^^^^^^^
  File "/home/mohammed/venv/lib/python3.11/site-packages/airflow/cli/commands/task_command.py", line 256, in _run_task_by_selected_method
    return _run_raw_task(args, ti)
           ^^^^^^^^^^^^^^^^^^^^^^^
  File "/home/mohammed/venv/lib/python3.11/site-packages/airflow/cli/commands/task_command.py", line 341, in _run_raw_task
    return ti._run_raw_task(
           ^^^^^^^^^^^^^^^^^
  File "/home/mohammed/venv/lib/python3.11/site-packages/airflow/utils/session.py", line 97, in wrapper
    return func(*args, session=session, **kwargs)
           ^^^^^^^^^^^^^^^^^^^^^^^^^^^^^^^^^^^^^^
  File "/home/mohammed/venv/lib/python3.11/site-packages/airflow/models/taskinstance.py", line 3006, in _run_raw_task
    return _run_raw_task(
           ^^^^^^^^^^^^^^
  File "/home/mohammed/venv/lib/python3.11/site-packages/airflow/models/taskinstance.py", line 274, in _run_raw_task
    TaskInstance._execute_task_with_callbacks(
  File "/home/mohammed/venv/lib/python3.11/site-packages/airflow/models/taskinstance.py", line 3161, in _execute_task_with_callbacks
    result = self._execute_task(context, task_orig)
             ^^^^^^^^^^^^^^^^^^^^^^^^^^^^^^^^^^^^^^
  File "/home/mohammed/venv/lib/python3.11/site-packages/airflow/models/taskinstance.py", line 3185, in _execute_task
    return _execute_task(self, context, task_orig)
           ^^^^^^^^^^^^^^^^^^^^^^^^^^^^^^^^^^^^^^^
  File "/home/mohammed/venv/lib/python3.11/site-packages/airflow/models/taskinstance.py", line 768, in _execute_task
    result = _execute_callable(context=context, **execute_callable_kwargs)
             ^^^^^^^^^^^^^^^^^^^^^^^^^^^^^^^^^^^^^^^^^^^^^^^^^^^^^^^^^^^^^
  File "/home/mohammed/venv/lib/python3.11/site-packages/airflow/models/taskinstance.py", line 734, in _execute_callable
    return ExecutionCallableRunner(
           ^^^^^^^^^^^^^^^^^^^^^^^^
  File "/home/mohammed/venv/lib/python3.11/site-packages/airflow/utils/operator_helpers.py", line 252, in run
    return self.func(*args, **kwargs)
           ^^^^^^^^^^^^^^^^^^^^^^^^^^
  File "/home/mohammed/venv/lib/python3.11/site-packages/airflow/models/baseoperator.py", line 424, in wrapper
    return func(self, *args, **kwargs)
           ^^^^^^^^^^^^^^^^^^^^^^^^^^^
  File "/home/mohammed/venv/lib/python3.11/site-packages/airflow/operators/bash.py", line 276, in execute
    raise AirflowException(
airflow.exceptions.AirflowException: Bash command failed. The command returned a non-zero exit code 1.
[2025-03-28T02:30:02.732+0000] {local_task_job_runner.py:266} INFO - Task exited with return code 1
[2025-03-28T02:30:03.003+0000] {local_task_job_runner.py:245} INFO - ::endgroup::
