[2025-03-17T00:47:30.852+0000] {local_task_job_runner.py:123} INFO - ::group::Pre task execution logs
[2025-03-17T00:47:31.340+0000] {taskinstance.py:2614} INFO - Dependencies all met for dep_context=non-requeueable deps ti=<TaskInstance: load_reviews_pipeline.dbt_run scheduled__2024-07-30T00:00:00+00:00 [queued]>
[2025-03-17T00:47:31.429+0000] {taskinstance.py:2614} INFO - Dependencies all met for dep_context=requeueable deps ti=<TaskInstance: load_reviews_pipeline.dbt_run scheduled__2024-07-30T00:00:00+00:00 [queued]>
[2025-03-17T00:47:31.441+0000] {taskinstance.py:2867} INFO - Starting attempt 1 of 2
[2025-03-17T00:47:32.232+0000] {taskinstance.py:2890} INFO - Executing <Task(BashOperator): dbt_run> on 2024-07-30 00:00:00+00:00
[2025-03-17T00:47:32.298+0000] {standard_task_runner.py:72} INFO - Started process 283796 to run task
[2025-03-17T00:47:32.389+0000] {standard_task_runner.py:104} INFO - Running: ['airflow', 'tasks', 'run', 'load_reviews_pipeline', 'dbt_run', 'scheduled__2024-07-30T00:00:00+00:00', '--job-id', '352', '--raw', '--subdir', 'DAGS_FOLDER/dag_load_reviews.py', '--cfg-path', '/tmp/tmpk0cpz4ld']
[2025-03-17T00:47:32.427+0000] {standard_task_runner.py:105} INFO - Job 352: Subtask dbt_run
[2025-03-17T00:47:33.556+0000] {task_command.py:467} INFO - Running <TaskInstance: load_reviews_pipeline.dbt_run scheduled__2024-07-30T00:00:00+00:00 [running]> on host DESKTOP-IM7V4RI.
[2025-03-17T00:47:35.100+0000] {taskinstance.py:3134} INFO - Exporting env vars: AIRFLOW_CTX_DAG_OWNER='mohammed' AIRFLOW_CTX_DAG_ID='load_reviews_pipeline' AIRFLOW_CTX_TASK_ID='dbt_run' AIRFLOW_CTX_EXECUTION_DATE='2024-07-30T00:00:00+00:00' AIRFLOW_CTX_TRY_NUMBER='1' AIRFLOW_CTX_DAG_RUN_ID='scheduled__2024-07-30T00:00:00+00:00'
[2025-03-17T00:47:35.104+0000] {logging_mixin.py:190} INFO - Task instance is in running state
[2025-03-17T00:47:35.104+0000] {logging_mixin.py:190} INFO -  Previous state of the Task instance: queued
[2025-03-17T00:47:35.105+0000] {logging_mixin.py:190} INFO - Current task name:dbt_run state:running start_date:2025-03-17 00:47:31.341344+00:00
[2025-03-17T00:47:35.106+0000] {logging_mixin.py:190} INFO - Dag name:load_reviews_pipeline and current dag run status:running
[2025-03-17T00:47:35.107+0000] {taskinstance.py:732} INFO - ::endgroup::
[2025-03-17T00:47:35.109+0000] {subprocess.py:78} INFO - Tmp dir root location: /tmp
[2025-03-17T00:47:35.112+0000] {subprocess.py:88} INFO - Running command: ['/usr/bin/bash', '-c', 'cd /home/mohammed/.dbt/bank_reviews_project && dbt run']
[2025-03-17T00:47:35.172+0000] {subprocess.py:99} INFO - Output:
[2025-03-17T00:48:13.619+0000] {subprocess.py:106} INFO - [0m00:48:13  Running with dbt=1.9.3
[2025-03-17T00:48:15.751+0000] {subprocess.py:106} INFO - [0m00:48:15  Registered adapter: postgres=1.9.0
[2025-03-17T00:48:22.497+0000] {subprocess.py:106} INFO - [0m00:48:22  Found 11 models, 4 data tests, 2 sources, 433 macros
[2025-03-17T00:48:22.521+0000] {subprocess.py:106} INFO - [0m00:48:22
[2025-03-17T00:48:22.523+0000] {subprocess.py:106} INFO - [0m00:48:22  Concurrency: 4 threads (target='dev')
[2025-03-17T00:48:22.529+0000] {subprocess.py:106} INFO - [0m00:48:22
[2025-03-17T00:48:23.502+0000] {subprocess.py:106} INFO - [0m00:48:23  1 of 11 START sql view model public.clean_reviews .............................. [RUN]
[2025-03-17T00:48:23.515+0000] {subprocess.py:106} INFO - [0m00:48:23  2 of 11 START sql table model public.my_first_dbt_model ........................ [RUN]
[2025-03-17T00:48:23.570+0000] {subprocess.py:106} INFO - [0m00:48:23  4 of 11 START sql view model public.stg_clean_reviews .......................... [RUN]
[2025-03-17T00:48:23.581+0000] {subprocess.py:106} INFO - [0m00:48:23  3 of 11 START sql view model public.remove_duplicates .......................... [RUN]
[2025-03-17T00:48:26.388+0000] {subprocess.py:106} INFO - [0m00:48:26  3 of 11 ERROR creating sql view model public.remove_duplicates ................. [[31mERROR[0m in 2.67s]
[2025-03-17T00:48:27.244+0000] {subprocess.py:106} INFO - [0m00:48:27  4 of 11 OK created sql view model public.stg_clean_reviews ..................... [[32mCREATE VIEW[0m in 3.62s]
[2025-03-17T00:48:27.334+0000] {subprocess.py:106} INFO - [0m00:48:27  2 of 11 OK created sql table model public.my_first_dbt_model ................... [[32mSELECT 2[0m in 3.73s]
[2025-03-17T00:48:27.337+0000] {subprocess.py:106} INFO - [0m00:48:27  1 of 11 OK created sql view model public.clean_reviews ......................... [[32mCREATE VIEW[0m in 3.76s]
[2025-03-17T00:48:27.386+0000] {subprocess.py:106} INFO - [0m00:48:27  8 of 11 START sql view model public.dim_sentiment .............................. [RUN]
[2025-03-17T00:48:27.408+0000] {subprocess.py:106} INFO - [0m00:48:27  5 of 11 START sql view model public.dim_bank ................................... [RUN]
[2025-03-17T00:48:27.409+0000] {subprocess.py:106} INFO - [0m00:48:27  6 of 11 START sql view model public.dim_branch ................................. [RUN]
[2025-03-17T00:48:27.411+0000] {subprocess.py:106} INFO - [0m00:48:27  7 of 11 START sql view model public.dim_location ............................... [RUN]
[2025-03-17T00:48:28.316+0000] {subprocess.py:106} INFO - [0m00:48:28  6 of 11 ERROR creating sql view model public.dim_branch ........................ [[31mERROR[0m in 0.86s]
[2025-03-17T00:48:28.548+0000] {subprocess.py:106} INFO - [0m00:48:28  9 of 11 START sql view model public.dwh_model .................................. [RUN]
[2025-03-17T00:48:28.591+0000] {subprocess.py:106} INFO - [0m00:48:28  8 of 11 ERROR creating sql view model public.dim_sentiment ..................... [[31mERROR[0m in 1.01s]
[2025-03-17T00:48:28.671+0000] {subprocess.py:106} INFO - [0m00:48:28  10 of 11 START sql view model public.my_second_dbt_model ....................... [RUN]
[2025-03-17T00:48:28.762+0000] {subprocess.py:106} INFO - [0m00:48:28  5 of 11 ERROR creating sql view model public.dim_bank .......................... [[31mERROR[0m in 1.34s]
[2025-03-17T00:48:28.997+0000] {subprocess.py:106} INFO - [0m00:48:28  7 of 11 ERROR creating sql view model public.dim_location ...................... [[31mERROR[0m in 1.56s]
[2025-03-17T00:48:29.025+0000] {subprocess.py:106} INFO - [0m00:48:29  11 of 11 SKIP relation public.fact_reviews ..................................... [[33mSKIP[0m]
[2025-03-17T00:48:29.844+0000] {subprocess.py:106} INFO - [0m00:48:29  10 of 11 ERROR creating sql view model public.my_second_dbt_model .............. [[31mERROR[0m in 1.11s]
[2025-03-17T00:48:29.962+0000] {subprocess.py:106} INFO - [0m00:48:29  9 of 11 ERROR creating sql view model public.dwh_model ......................... [[31mERROR[0m in 1.29s]
[2025-03-17T00:48:30.358+0000] {subprocess.py:106} INFO - [0m00:48:30
[2025-03-17T00:48:30.402+0000] {subprocess.py:106} INFO - [0m00:48:30  Finished running 1 table model, 10 view models in 0 hours 0 minutes and 7.83 seconds (7.83s).
[2025-03-17T00:48:31.353+0000] {subprocess.py:106} INFO - [0m00:48:31
[2025-03-17T00:48:31.362+0000] {subprocess.py:106} INFO - [0m00:48:31  [31mCompleted with 7 errors, 0 partial successes, and 0 warnings:[0m
[2025-03-17T00:48:31.369+0000] {subprocess.py:106} INFO - [0m00:48:31
[2025-03-17T00:48:31.375+0000] {subprocess.py:106} INFO - [0m00:48:31    Database Error in model remove_duplicates (models/remove_duplicates.sql)
[2025-03-17T00:48:31.377+0000] {subprocess.py:106} INFO -   relation "remove_duplicates__dbt_backup" already exists
[2025-03-17T00:48:31.378+0000] {subprocess.py:106} INFO -   compiled code at target/run/bank_reviews_project/models/remove_duplicates.sql
[2025-03-17T00:48:31.418+0000] {subprocess.py:106} INFO - [0m00:48:31
[2025-03-17T00:48:31.420+0000] {subprocess.py:106} INFO - [0m00:48:31    Database Error in model dim_branch (models/dim_branch.sql)
[2025-03-17T00:48:31.421+0000] {subprocess.py:106} INFO -   syntax error at or near ";"
[2025-03-17T00:48:31.422+0000] {subprocess.py:106} INFO -   LINE 7: ... FROM "project_data_wherhouse"."public"."stg_clean_reviews";
[2025-03-17T00:48:31.422+0000] {subprocess.py:106} INFO -                                                                         ^
[2025-03-17T00:48:31.423+0000] {subprocess.py:106} INFO -   compiled code at target/run/bank_reviews_project/models/dim_branch.sql
[2025-03-17T00:48:31.425+0000] {subprocess.py:106} INFO - [0m00:48:31
[2025-03-17T00:48:31.439+0000] {subprocess.py:106} INFO - [0m00:48:31    Database Error in model dim_sentiment (models/dim_sentiment.sql)
[2025-03-17T00:48:31.440+0000] {subprocess.py:106} INFO -   syntax error at or near ";"
[2025-03-17T00:48:31.441+0000] {subprocess.py:106} INFO -   LINE 7: ... FROM "project_data_wherhouse"."public"."stg_clean_reviews";
[2025-03-17T00:48:31.441+0000] {subprocess.py:106} INFO -                                                                         ^
[2025-03-17T00:48:31.442+0000] {subprocess.py:106} INFO -   compiled code at target/run/bank_reviews_project/models/dim_sentiment.sql
[2025-03-17T00:48:31.460+0000] {subprocess.py:106} INFO - [0m00:48:31
[2025-03-17T00:48:31.475+0000] {subprocess.py:106} INFO - [0m00:48:31    Database Error in model dim_bank (models/dim_bank.sql)
[2025-03-17T00:48:31.476+0000] {subprocess.py:106} INFO -   syntax error at or near ";"
[2025-03-17T00:48:31.476+0000] {subprocess.py:106} INFO -   LINE 7: ... FROM "project_data_wherhouse"."public"."stg_clean_reviews";
[2025-03-17T00:48:31.477+0000] {subprocess.py:106} INFO -                                                                         ^
[2025-03-17T00:48:31.477+0000] {subprocess.py:106} INFO -   compiled code at target/run/bank_reviews_project/models/dim_bank.sql
[2025-03-17T00:48:31.480+0000] {subprocess.py:106} INFO - [0m00:48:31
[2025-03-17T00:48:31.483+0000] {subprocess.py:106} INFO - [0m00:48:31    Database Error in model dim_location (models/dim_location.sql)
[2025-03-17T00:48:31.484+0000] {subprocess.py:106} INFO -   syntax error at or near ";"
[2025-03-17T00:48:31.485+0000] {subprocess.py:106} INFO -   LINE 7: ... FROM "project_data_wherhouse"."public"."stg_clean_reviews";
[2025-03-17T00:48:31.485+0000] {subprocess.py:106} INFO -                                                                         ^
[2025-03-17T00:48:31.486+0000] {subprocess.py:106} INFO -   compiled code at target/run/bank_reviews_project/models/dim_location.sql
[2025-03-17T00:48:31.488+0000] {subprocess.py:106} INFO - [0m00:48:31
[2025-03-17T00:48:31.493+0000] {subprocess.py:106} INFO - [0m00:48:31    Database Error in model my_second_dbt_model (models/example/my_second_dbt_model.sql)
[2025-03-17T00:48:31.494+0000] {subprocess.py:106} INFO -   relation "my_second_dbt_model" already exists
[2025-03-17T00:48:31.495+0000] {subprocess.py:106} INFO -   compiled code at target/run/bank_reviews_project/models/example/my_second_dbt_model.sql
[2025-03-17T00:48:31.495+0000] {subprocess.py:106} INFO - [0m00:48:31
[2025-03-17T00:48:31.499+0000] {subprocess.py:106} INFO - [0m00:48:31    Database Error in model dwh_model (models/dwh_model.sql)
[2025-03-17T00:48:31.500+0000] {subprocess.py:106} INFO -   relation "dwh_model" already exists
[2025-03-17T00:48:31.501+0000] {subprocess.py:106} INFO -   compiled code at target/run/bank_reviews_project/models/dwh_model.sql
[2025-03-17T00:48:31.501+0000] {subprocess.py:106} INFO - [0m00:48:31
[2025-03-17T00:48:31.504+0000] {subprocess.py:106} INFO - [0m00:48:31  Done. PASS=3 WARN=0 ERROR=7 SKIP=1 TOTAL=11
[2025-03-17T00:48:36.339+0000] {subprocess.py:110} INFO - Command exited with return code 1
[2025-03-17T00:48:37.421+0000] {taskinstance.py:3313} ERROR - Task failed with exception
Traceback (most recent call last):
  File "/home/mohammed/venv/lib/python3.11/site-packages/airflow/models/taskinstance.py", line 768, in _execute_task
    result = _execute_callable(context=context, **execute_callable_kwargs)
             ^^^^^^^^^^^^^^^^^^^^^^^^^^^^^^^^^^^^^^^^^^^^^^^^^^^^^^^^^^^^^
  File "/home/mohammed/venv/lib/python3.11/site-packages/airflow/models/taskinstance.py", line 734, in _execute_callable
    return ExecutionCallableRunner(
           ^^^^^^^^^^^^^^^^^^^^^^^^
  File "/home/mohammed/venv/lib/python3.11/site-packages/airflow/utils/operator_helpers.py", line 252, in run
    return self.func(*args, **kwargs)
           ^^^^^^^^^^^^^^^^^^^^^^^^^^
  File "/home/mohammed/venv/lib/python3.11/site-packages/airflow/models/baseoperator.py", line 424, in wrapper
    return func(self, *args, **kwargs)
           ^^^^^^^^^^^^^^^^^^^^^^^^^^^
  File "/home/mohammed/venv/lib/python3.11/site-packages/airflow/operators/bash.py", line 276, in execute
    raise AirflowException(
airflow.exceptions.AirflowException: Bash command failed. The command returned a non-zero exit code 1.
[2025-03-17T00:48:37.621+0000] {logging_mixin.py:190} INFO - Task instance in failure state
[2025-03-17T00:48:37.632+0000] {logging_mixin.py:190} INFO - Task start:2025-03-17 00:47:31.341344+00:00 end:2025-03-17 00:48:37.593760+00:00 duration:66.252416
[2025-03-17T00:48:37.637+0000] {logging_mixin.py:190} INFO - Task:<Task(BashOperator): dbt_run> dag:<DAG: load_reviews_pipeline> dagrun:<DagRun load_reviews_pipeline @ 2024-07-30 00:00:00+00:00: scheduled__2024-07-30T00:00:00+00:00, state:running, queued_at: 2025-03-17 00:47:17.268777+00:00. externally triggered: False>
[2025-03-17T00:48:37.638+0000] {logging_mixin.py:190} INFO - Failure caused by Bash command failed. The command returned a non-zero exit code 1.
[2025-03-17T00:48:37.667+0000] {taskinstance.py:1226} INFO - Marking task as UP_FOR_RETRY. dag_id=load_reviews_pipeline, task_id=dbt_run, run_id=scheduled__2024-07-30T00:00:00+00:00, execution_date=20240730T000000, start_date=20250317T004731, end_date=20250317T004837
[2025-03-17T00:48:38.490+0000] {taskinstance.py:341} INFO - ::group::Post task execution logs
[2025-03-17T00:48:38.500+0000] {standard_task_runner.py:124} ERROR - Failed to execute job 352 for task dbt_run (Bash command failed. The command returned a non-zero exit code 1.; 283796)
Traceback (most recent call last):
  File "/home/mohammed/venv/lib/python3.11/site-packages/airflow/task/task_runner/standard_task_runner.py", line 117, in _start_by_fork
    ret = args.func(args, dag=self.dag)
          ^^^^^^^^^^^^^^^^^^^^^^^^^^^^^
  File "/home/mohammed/venv/lib/python3.11/site-packages/airflow/cli/cli_config.py", line 49, in command
    return func(*args, **kwargs)
           ^^^^^^^^^^^^^^^^^^^^^
  File "/home/mohammed/venv/lib/python3.11/site-packages/airflow/utils/cli.py", line 116, in wrapper
    return f(*args, **kwargs)
           ^^^^^^^^^^^^^^^^^^
  File "/home/mohammed/venv/lib/python3.11/site-packages/airflow/cli/commands/task_command.py", line 483, in task_run
    task_return_code = _run_task_by_selected_method(args, _dag, ti)
                       ^^^^^^^^^^^^^^^^^^^^^^^^^^^^^^^^^^^^^^^^^^^^
  File "/home/mohammed/venv/lib/python3.11/site-packages/airflow/cli/commands/task_command.py", line 256, in _run_task_by_selected_method
    return _run_raw_task(args, ti)
           ^^^^^^^^^^^^^^^^^^^^^^^
  File "/home/mohammed/venv/lib/python3.11/site-packages/airflow/cli/commands/task_command.py", line 341, in _run_raw_task
    return ti._run_raw_task(
           ^^^^^^^^^^^^^^^^^
  File "/home/mohammed/venv/lib/python3.11/site-packages/airflow/utils/session.py", line 97, in wrapper
    return func(*args, session=session, **kwargs)
           ^^^^^^^^^^^^^^^^^^^^^^^^^^^^^^^^^^^^^^
  File "/home/mohammed/venv/lib/python3.11/site-packages/airflow/models/taskinstance.py", line 3006, in _run_raw_task
    return _run_raw_task(
           ^^^^^^^^^^^^^^
  File "/home/mohammed/venv/lib/python3.11/site-packages/airflow/models/taskinstance.py", line 274, in _run_raw_task
    TaskInstance._execute_task_with_callbacks(
  File "/home/mohammed/venv/lib/python3.11/site-packages/airflow/models/taskinstance.py", line 3161, in _execute_task_with_callbacks
    result = self._execute_task(context, task_orig)
             ^^^^^^^^^^^^^^^^^^^^^^^^^^^^^^^^^^^^^^
  File "/home/mohammed/venv/lib/python3.11/site-packages/airflow/models/taskinstance.py", line 3185, in _execute_task
    return _execute_task(self, context, task_orig)
           ^^^^^^^^^^^^^^^^^^^^^^^^^^^^^^^^^^^^^^^
  File "/home/mohammed/venv/lib/python3.11/site-packages/airflow/models/taskinstance.py", line 768, in _execute_task
    result = _execute_callable(context=context, **execute_callable_kwargs)
             ^^^^^^^^^^^^^^^^^^^^^^^^^^^^^^^^^^^^^^^^^^^^^^^^^^^^^^^^^^^^^
  File "/home/mohammed/venv/lib/python3.11/site-packages/airflow/models/taskinstance.py", line 734, in _execute_callable
    return ExecutionCallableRunner(
           ^^^^^^^^^^^^^^^^^^^^^^^^
  File "/home/mohammed/venv/lib/python3.11/site-packages/airflow/utils/operator_helpers.py", line 252, in run
    return self.func(*args, **kwargs)
           ^^^^^^^^^^^^^^^^^^^^^^^^^^
  File "/home/mohammed/venv/lib/python3.11/site-packages/airflow/models/baseoperator.py", line 424, in wrapper
    return func(self, *args, **kwargs)
           ^^^^^^^^^^^^^^^^^^^^^^^^^^^
  File "/home/mohammed/venv/lib/python3.11/site-packages/airflow/operators/bash.py", line 276, in execute
    raise AirflowException(
airflow.exceptions.AirflowException: Bash command failed. The command returned a non-zero exit code 1.
[2025-03-17T00:48:38.652+0000] {local_task_job_runner.py:266} INFO - Task exited with return code 1
[2025-03-17T00:48:38.887+0000] {local_task_job_runner.py:245} INFO - ::endgroup::
