[2025-03-17T00:49:16.767+0000] {local_task_job_runner.py:123} INFO - ::group::Pre task execution logs
[2025-03-17T00:49:16.919+0000] {taskinstance.py:2614} INFO - Dependencies all met for dep_context=non-requeueable deps ti=<TaskInstance: load_reviews_pipeline.dbt_run scheduled__2024-08-09T00:00:00+00:00 [queued]>
[2025-03-17T00:49:16.950+0000] {taskinstance.py:2614} INFO - Dependencies all met for dep_context=requeueable deps ti=<TaskInstance: load_reviews_pipeline.dbt_run scheduled__2024-08-09T00:00:00+00:00 [queued]>
[2025-03-17T00:49:16.956+0000] {taskinstance.py:2867} INFO - Starting attempt 1 of 2
[2025-03-17T00:49:17.023+0000] {taskinstance.py:2890} INFO - Executing <Task(BashOperator): dbt_run> on 2024-08-09 00:00:00+00:00
[2025-03-17T00:49:17.044+0000] {standard_task_runner.py:72} INFO - Started process 286936 to run task
[2025-03-17T00:49:16.237+0000] {standard_task_runner.py:104} INFO - Running: ['airflow', 'tasks', 'run', 'load_reviews_pipeline', 'dbt_run', 'scheduled__2024-08-09T00:00:00+00:00', '--job-id', '364', '--raw', '--subdir', 'DAGS_FOLDER/dag_load_reviews.py', '--cfg-path', '/tmp/tmp5_btkg4e']
[2025-03-17T00:49:16.240+0000] {standard_task_runner.py:105} INFO - Job 364: Subtask dbt_run
[2025-03-17T00:49:16.531+0000] {task_command.py:467} INFO - Running <TaskInstance: load_reviews_pipeline.dbt_run scheduled__2024-08-09T00:00:00+00:00 [running]> on host DESKTOP-IM7V4RI.
[2025-03-17T00:49:16.869+0000] {taskinstance.py:3134} INFO - Exporting env vars: AIRFLOW_CTX_DAG_OWNER='mohammed' AIRFLOW_CTX_DAG_ID='load_reviews_pipeline' AIRFLOW_CTX_TASK_ID='dbt_run' AIRFLOW_CTX_EXECUTION_DATE='2024-08-09T00:00:00+00:00' AIRFLOW_CTX_TRY_NUMBER='1' AIRFLOW_CTX_DAG_RUN_ID='scheduled__2024-08-09T00:00:00+00:00'
[2025-03-17T00:49:16.875+0000] {logging_mixin.py:190} INFO - Task instance is in running state
[2025-03-17T00:49:16.877+0000] {logging_mixin.py:190} INFO -  Previous state of the Task instance: queued
[2025-03-17T00:49:16.878+0000] {logging_mixin.py:190} INFO - Current task name:dbt_run state:running start_date:2025-03-17 00:49:16.920322+00:00
[2025-03-17T00:49:16.879+0000] {logging_mixin.py:190} INFO - Dag name:load_reviews_pipeline and current dag run status:running
[2025-03-17T00:49:16.879+0000] {taskinstance.py:732} INFO - ::endgroup::
[2025-03-17T00:49:16.883+0000] {subprocess.py:78} INFO - Tmp dir root location: /tmp
[2025-03-17T00:49:16.886+0000] {subprocess.py:88} INFO - Running command: ['/usr/bin/bash', '-c', 'cd /home/mohammed/.dbt/bank_reviews_project && dbt run']
[2025-03-17T00:49:16.926+0000] {subprocess.py:99} INFO - Output:
[2025-03-17T00:49:26.202+0000] {subprocess.py:106} INFO - [0m00:49:26  Running with dbt=1.9.3
[2025-03-17T00:49:27.356+0000] {subprocess.py:106} INFO - [0m00:49:27  Registered adapter: postgres=1.9.0
[2025-03-17T00:49:30.609+0000] {subprocess.py:106} INFO - [0m00:49:30  Found 11 models, 4 data tests, 2 sources, 433 macros
[2025-03-17T00:49:30.628+0000] {subprocess.py:106} INFO - [0m00:49:30
[2025-03-17T00:49:30.630+0000] {subprocess.py:106} INFO - [0m00:49:30  Concurrency: 4 threads (target='dev')
[2025-03-17T00:49:30.632+0000] {subprocess.py:106} INFO - [0m00:49:30
[2025-03-17T00:49:31.260+0000] {subprocess.py:106} INFO - [0m00:49:31  1 of 11 START sql view model public.clean_reviews .............................. [RUN]
[2025-03-17T00:49:31.281+0000] {subprocess.py:106} INFO - [0m00:49:31  2 of 11 START sql table model public.my_first_dbt_model ........................ [RUN]
[2025-03-17T00:49:31.311+0000] {subprocess.py:106} INFO - [0m00:49:31  4 of 11 START sql view model public.stg_clean_reviews .......................... [RUN]
[2025-03-17T00:49:31.318+0000] {subprocess.py:106} INFO - [0m00:49:31  3 of 11 START sql view model public.remove_duplicates .......................... [RUN]
[2025-03-17T00:49:32.712+0000] {subprocess.py:106} INFO - [0m00:49:32  1 of 11 OK created sql view model public.clean_reviews ......................... [[32mCREATE VIEW[0m in 1.43s]
[2025-03-17T00:49:32.741+0000] {subprocess.py:106} INFO - [0m00:49:32  2 of 11 OK created sql table model public.my_first_dbt_model ................... [[32mSELECT 2[0m in 1.43s]
[2025-03-17T00:49:32.770+0000] {subprocess.py:106} INFO - [0m00:49:32  4 of 11 OK created sql view model public.stg_clean_reviews ..................... [[32mCREATE VIEW[0m in 1.42s]
[2025-03-17T00:49:32.812+0000] {subprocess.py:106} INFO - [0m00:49:32  5 of 11 START sql view model public.my_second_dbt_model ........................ [RUN]
[2025-03-17T00:49:32.833+0000] {subprocess.py:106} INFO - [0m00:49:32  6 of 11 START sql view model public.dim_bank ................................... [RUN]
[2025-03-17T00:49:32.836+0000] {subprocess.py:106} INFO - [0m00:49:32  7 of 11 START sql view model public.dim_branch ................................. [RUN]
[2025-03-17T00:49:32.905+0000] {subprocess.py:106} INFO - [0m00:49:32  3 of 11 OK created sql view model public.remove_duplicates ..................... [[32mCREATE VIEW[0m in 1.55s]
[2025-03-17T00:49:32.985+0000] {subprocess.py:106} INFO - [0m00:49:32  8 of 11 START sql view model public.dim_location ............................... [RUN]
[2025-03-17T00:49:33.203+0000] {subprocess.py:106} INFO - [0m00:49:33  6 of 11 ERROR creating sql view model public.dim_bank .......................... [[31mERROR[0m in 0.34s]
[2025-03-17T00:49:33.241+0000] {subprocess.py:106} INFO - [0m00:49:33  5 of 11 ERROR creating sql view model public.my_second_dbt_model ............... [[31mERROR[0m in 0.40s]
[2025-03-17T00:49:33.250+0000] {subprocess.py:106} INFO - [0m00:49:33  7 of 11 ERROR creating sql view model public.dim_branch ........................ [[31mERROR[0m in 0.37s]
[2025-03-17T00:49:33.261+0000] {subprocess.py:106} INFO - [0m00:49:33  9 of 11 START sql view model public.dim_sentiment .............................. [RUN]
[2025-03-17T00:49:33.270+0000] {subprocess.py:106} INFO - [0m00:49:33  8 of 11 ERROR creating sql view model public.dim_location ...................... [[31mERROR[0m in 0.26s]
[2025-03-17T00:49:33.284+0000] {subprocess.py:106} INFO - [0m00:49:33  10 of 11 START sql view model public.dwh_model ................................. [RUN]
[2025-03-17T00:49:33.541+0000] {subprocess.py:106} INFO - [0m00:49:33  9 of 11 ERROR creating sql view model public.dim_sentiment ..................... [[31mERROR[0m in 0.26s]
[2025-03-17T00:49:33.563+0000] {subprocess.py:106} INFO - [0m00:49:33  11 of 11 SKIP relation public.fact_reviews ..................................... [[33mSKIP[0m]
[2025-03-17T00:49:33.583+0000] {subprocess.py:106} INFO - [0m00:49:33  10 of 11 ERROR creating sql view model public.dwh_model ........................ [[31mERROR[0m in 0.29s]
[2025-03-17T00:49:33.679+0000] {subprocess.py:106} INFO - [0m00:49:33
[2025-03-17T00:49:33.681+0000] {subprocess.py:106} INFO - [0m00:49:33  Finished running 1 table model, 10 view models in 0 hours 0 minutes and 3.04 seconds (3.04s).
[2025-03-17T00:49:33.821+0000] {subprocess.py:106} INFO - [0m00:49:33
[2025-03-17T00:49:33.822+0000] {subprocess.py:106} INFO - [0m00:49:33  [31mCompleted with 6 errors, 0 partial successes, and 0 warnings:[0m
[2025-03-17T00:49:33.823+0000] {subprocess.py:106} INFO - [0m00:49:33
[2025-03-17T00:49:33.825+0000] {subprocess.py:106} INFO - [0m00:49:33    Database Error in model dim_bank (models/dim_bank.sql)
[2025-03-17T00:49:33.826+0000] {subprocess.py:106} INFO -   syntax error at or near ";"
[2025-03-17T00:49:33.826+0000] {subprocess.py:106} INFO -   LINE 7: ... FROM "project_data_wherhouse"."public"."stg_clean_reviews";
[2025-03-17T00:49:33.827+0000] {subprocess.py:106} INFO -                                                                         ^
[2025-03-17T00:49:33.827+0000] {subprocess.py:106} INFO -   compiled code at target/run/bank_reviews_project/models/dim_bank.sql
[2025-03-17T00:49:33.828+0000] {subprocess.py:106} INFO - [0m00:49:33
[2025-03-17T00:49:33.829+0000] {subprocess.py:106} INFO - [0m00:49:33    Database Error in model my_second_dbt_model (models/example/my_second_dbt_model.sql)
[2025-03-17T00:49:33.830+0000] {subprocess.py:106} INFO -   relation "my_second_dbt_model" already exists
[2025-03-17T00:49:33.830+0000] {subprocess.py:106} INFO -   compiled code at target/run/bank_reviews_project/models/example/my_second_dbt_model.sql
[2025-03-17T00:49:33.831+0000] {subprocess.py:106} INFO - [0m00:49:33
[2025-03-17T00:49:33.832+0000] {subprocess.py:106} INFO - [0m00:49:33    Database Error in model dim_branch (models/dim_branch.sql)
[2025-03-17T00:49:33.832+0000] {subprocess.py:106} INFO -   syntax error at or near ";"
[2025-03-17T00:49:33.833+0000] {subprocess.py:106} INFO -   LINE 7: ... FROM "project_data_wherhouse"."public"."stg_clean_reviews";
[2025-03-17T00:49:33.833+0000] {subprocess.py:106} INFO -                                                                         ^
[2025-03-17T00:49:33.834+0000] {subprocess.py:106} INFO -   compiled code at target/run/bank_reviews_project/models/dim_branch.sql
[2025-03-17T00:49:33.834+0000] {subprocess.py:106} INFO - [0m00:49:33
[2025-03-17T00:49:33.835+0000] {subprocess.py:106} INFO - [0m00:49:33    Database Error in model dim_location (models/dim_location.sql)
[2025-03-17T00:49:33.836+0000] {subprocess.py:106} INFO -   syntax error at or near ";"
[2025-03-17T00:49:33.836+0000] {subprocess.py:106} INFO -   LINE 7: ... FROM "project_data_wherhouse"."public"."stg_clean_reviews";
[2025-03-17T00:49:33.837+0000] {subprocess.py:106} INFO -                                                                         ^
[2025-03-17T00:49:33.838+0000] {subprocess.py:106} INFO -   compiled code at target/run/bank_reviews_project/models/dim_location.sql
[2025-03-17T00:49:33.838+0000] {subprocess.py:106} INFO - [0m00:49:33
[2025-03-17T00:49:33.839+0000] {subprocess.py:106} INFO - [0m00:49:33    Database Error in model dim_sentiment (models/dim_sentiment.sql)
[2025-03-17T00:49:33.839+0000] {subprocess.py:106} INFO -   syntax error at or near ";"
[2025-03-17T00:49:33.840+0000] {subprocess.py:106} INFO -   LINE 7: ... FROM "project_data_wherhouse"."public"."stg_clean_reviews";
[2025-03-17T00:49:33.840+0000] {subprocess.py:106} INFO -                                                                         ^
[2025-03-17T00:49:33.841+0000] {subprocess.py:106} INFO -   compiled code at target/run/bank_reviews_project/models/dim_sentiment.sql
[2025-03-17T00:49:33.841+0000] {subprocess.py:106} INFO - [0m00:49:33
[2025-03-17T00:49:33.842+0000] {subprocess.py:106} INFO - [0m00:49:33    Database Error in model dwh_model (models/dwh_model.sql)
[2025-03-17T00:49:33.842+0000] {subprocess.py:106} INFO -   relation "dwh_model" already exists
[2025-03-17T00:49:33.843+0000] {subprocess.py:106} INFO -   compiled code at target/run/bank_reviews_project/models/dwh_model.sql
[2025-03-17T00:49:33.843+0000] {subprocess.py:106} INFO - [0m00:49:33
[2025-03-17T00:49:33.844+0000] {subprocess.py:106} INFO - [0m00:49:33  Done. PASS=4 WARN=0 ERROR=6 SKIP=1 TOTAL=11
[2025-03-17T00:49:36.006+0000] {subprocess.py:110} INFO - Command exited with return code 1
[2025-03-17T00:49:36.064+0000] {taskinstance.py:3313} ERROR - Task failed with exception
Traceback (most recent call last):
  File "/home/mohammed/venv/lib/python3.11/site-packages/airflow/models/taskinstance.py", line 768, in _execute_task
    result = _execute_callable(context=context, **execute_callable_kwargs)
             ^^^^^^^^^^^^^^^^^^^^^^^^^^^^^^^^^^^^^^^^^^^^^^^^^^^^^^^^^^^^^
  File "/home/mohammed/venv/lib/python3.11/site-packages/airflow/models/taskinstance.py", line 734, in _execute_callable
    return ExecutionCallableRunner(
           ^^^^^^^^^^^^^^^^^^^^^^^^
  File "/home/mohammed/venv/lib/python3.11/site-packages/airflow/utils/operator_helpers.py", line 252, in run
    return self.func(*args, **kwargs)
           ^^^^^^^^^^^^^^^^^^^^^^^^^^
  File "/home/mohammed/venv/lib/python3.11/site-packages/airflow/models/baseoperator.py", line 424, in wrapper
    return func(self, *args, **kwargs)
           ^^^^^^^^^^^^^^^^^^^^^^^^^^^
  File "/home/mohammed/venv/lib/python3.11/site-packages/airflow/operators/bash.py", line 276, in execute
    raise AirflowException(
airflow.exceptions.AirflowException: Bash command failed. The command returned a non-zero exit code 1.
[2025-03-17T00:49:36.085+0000] {logging_mixin.py:190} INFO - Task instance in failure state
[2025-03-17T00:49:36.086+0000] {logging_mixin.py:190} INFO - Task start:2025-03-17 00:49:16.920322+00:00 end:2025-03-17 00:49:36.083266+00:00 duration:19.162944
[2025-03-17T00:49:36.087+0000] {logging_mixin.py:190} INFO - Task:<Task(BashOperator): dbt_run> dag:<DAG: load_reviews_pipeline> dagrun:<DagRun load_reviews_pipeline @ 2024-08-09 00:00:00+00:00: scheduled__2024-08-09T00:00:00+00:00, state:running, queued_at: 2025-03-17 00:49:12.289204+00:00. externally triggered: False>
[2025-03-17T00:49:36.088+0000] {logging_mixin.py:190} INFO - Failure caused by Bash command failed. The command returned a non-zero exit code 1.
[2025-03-17T00:49:36.097+0000] {taskinstance.py:1226} INFO - Marking task as UP_FOR_RETRY. dag_id=load_reviews_pipeline, task_id=dbt_run, run_id=scheduled__2024-08-09T00:00:00+00:00, execution_date=20240809T000000, start_date=20250317T004916, end_date=20250317T004936
[2025-03-17T00:49:36.518+0000] {taskinstance.py:341} INFO - ::group::Post task execution logs
[2025-03-17T00:49:36.520+0000] {standard_task_runner.py:124} ERROR - Failed to execute job 364 for task dbt_run (Bash command failed. The command returned a non-zero exit code 1.; 286936)
Traceback (most recent call last):
  File "/home/mohammed/venv/lib/python3.11/site-packages/airflow/task/task_runner/standard_task_runner.py", line 117, in _start_by_fork
    ret = args.func(args, dag=self.dag)
          ^^^^^^^^^^^^^^^^^^^^^^^^^^^^^
  File "/home/mohammed/venv/lib/python3.11/site-packages/airflow/cli/cli_config.py", line 49, in command
    return func(*args, **kwargs)
           ^^^^^^^^^^^^^^^^^^^^^
  File "/home/mohammed/venv/lib/python3.11/site-packages/airflow/utils/cli.py", line 116, in wrapper
    return f(*args, **kwargs)
           ^^^^^^^^^^^^^^^^^^
  File "/home/mohammed/venv/lib/python3.11/site-packages/airflow/cli/commands/task_command.py", line 483, in task_run
    task_return_code = _run_task_by_selected_method(args, _dag, ti)
                       ^^^^^^^^^^^^^^^^^^^^^^^^^^^^^^^^^^^^^^^^^^^^
  File "/home/mohammed/venv/lib/python3.11/site-packages/airflow/cli/commands/task_command.py", line 256, in _run_task_by_selected_method
    return _run_raw_task(args, ti)
           ^^^^^^^^^^^^^^^^^^^^^^^
  File "/home/mohammed/venv/lib/python3.11/site-packages/airflow/cli/commands/task_command.py", line 341, in _run_raw_task
    return ti._run_raw_task(
           ^^^^^^^^^^^^^^^^^
  File "/home/mohammed/venv/lib/python3.11/site-packages/airflow/utils/session.py", line 97, in wrapper
    return func(*args, session=session, **kwargs)
           ^^^^^^^^^^^^^^^^^^^^^^^^^^^^^^^^^^^^^^
  File "/home/mohammed/venv/lib/python3.11/site-packages/airflow/models/taskinstance.py", line 3006, in _run_raw_task
    return _run_raw_task(
           ^^^^^^^^^^^^^^
  File "/home/mohammed/venv/lib/python3.11/site-packages/airflow/models/taskinstance.py", line 274, in _run_raw_task
    TaskInstance._execute_task_with_callbacks(
  File "/home/mohammed/venv/lib/python3.11/site-packages/airflow/models/taskinstance.py", line 3161, in _execute_task_with_callbacks
    result = self._execute_task(context, task_orig)
             ^^^^^^^^^^^^^^^^^^^^^^^^^^^^^^^^^^^^^^
  File "/home/mohammed/venv/lib/python3.11/site-packages/airflow/models/taskinstance.py", line 3185, in _execute_task
    return _execute_task(self, context, task_orig)
           ^^^^^^^^^^^^^^^^^^^^^^^^^^^^^^^^^^^^^^^
  File "/home/mohammed/venv/lib/python3.11/site-packages/airflow/models/taskinstance.py", line 768, in _execute_task
    result = _execute_callable(context=context, **execute_callable_kwargs)
             ^^^^^^^^^^^^^^^^^^^^^^^^^^^^^^^^^^^^^^^^^^^^^^^^^^^^^^^^^^^^^
  File "/home/mohammed/venv/lib/python3.11/site-packages/airflow/models/taskinstance.py", line 734, in _execute_callable
    return ExecutionCallableRunner(
           ^^^^^^^^^^^^^^^^^^^^^^^^
  File "/home/mohammed/venv/lib/python3.11/site-packages/airflow/utils/operator_helpers.py", line 252, in run
    return self.func(*args, **kwargs)
           ^^^^^^^^^^^^^^^^^^^^^^^^^^
  File "/home/mohammed/venv/lib/python3.11/site-packages/airflow/models/baseoperator.py", line 424, in wrapper
    return func(self, *args, **kwargs)
           ^^^^^^^^^^^^^^^^^^^^^^^^^^^
  File "/home/mohammed/venv/lib/python3.11/site-packages/airflow/operators/bash.py", line 276, in execute
    raise AirflowException(
airflow.exceptions.AirflowException: Bash command failed. The command returned a non-zero exit code 1.
[2025-03-17T00:49:36.554+0000] {local_task_job_runner.py:266} INFO - Task exited with return code 1
[2025-03-17T00:49:36.647+0000] {taskinstance.py:3901} INFO - 0 downstream tasks scheduled from follow-on schedule check
[2025-03-17T00:49:36.657+0000] {local_task_job_runner.py:245} INFO - ::endgroup::
