[2025-03-27T00:55:52.523+0000] {local_task_job_runner.py:123} INFO - ::group::Pre task execution logs
[2025-03-27T00:55:52.564+0000] {taskinstance.py:2614} INFO - Dependencies all met for dep_context=non-requeueable deps ti=<TaskInstance: load_dbt_clean_reviews_pipeline.dbt_run_decisionnal scheduled__2025-03-25T00:00:00+00:00 [queued]>
[2025-03-27T00:55:52.578+0000] {taskinstance.py:2614} INFO - Dependencies all met for dep_context=requeueable deps ti=<TaskInstance: load_dbt_clean_reviews_pipeline.dbt_run_decisionnal scheduled__2025-03-25T00:00:00+00:00 [queued]>
[2025-03-27T00:55:52.578+0000] {taskinstance.py:2867} INFO - Starting attempt 2 of 2
[2025-03-27T00:55:52.605+0000] {taskinstance.py:2890} INFO - Executing <Task(BashOperator): dbt_run_decisionnal> on 2025-03-25 00:00:00+00:00
[2025-03-27T00:55:52.614+0000] {standard_task_runner.py:72} INFO - Started process 6342 to run task
[2025-03-27T00:55:52.625+0000] {standard_task_runner.py:104} INFO - Running: ['airflow', 'tasks', 'run', 'load_dbt_clean_reviews_pipeline', 'dbt_run_decisionnal', 'scheduled__2025-03-25T00:00:00+00:00', '--job-id', '1981', '--raw', '--subdir', 'DAGS_FOLDER/dag_load_reviews.py', '--cfg-path', '/tmp/tmp85ftkjoh']
[2025-03-27T00:55:52.626+0000] {standard_task_runner.py:105} INFO - Job 1981: Subtask dbt_run_decisionnal
[2025-03-27T00:55:52.798+0000] {task_command.py:467} INFO - Running <TaskInstance: load_dbt_clean_reviews_pipeline.dbt_run_decisionnal scheduled__2025-03-25T00:00:00+00:00 [running]> on host DESKTOP-IM7V4RI.
[2025-03-27T00:55:53.043+0000] {taskinstance.py:3134} INFO - Exporting env vars: AIRFLOW_CTX_DAG_OWNER='mohammed' AIRFLOW_CTX_DAG_ID='load_dbt_clean_reviews_pipeline' AIRFLOW_CTX_TASK_ID='dbt_run_decisionnal' AIRFLOW_CTX_EXECUTION_DATE='2025-03-25T00:00:00+00:00' AIRFLOW_CTX_TRY_NUMBER='2' AIRFLOW_CTX_DAG_RUN_ID='scheduled__2025-03-25T00:00:00+00:00'
[2025-03-27T00:55:53.045+0000] {logging_mixin.py:190} INFO - Task instance is in running state
[2025-03-27T00:55:53.046+0000] {logging_mixin.py:190} INFO -  Previous state of the Task instance: queued
[2025-03-27T00:55:53.047+0000] {logging_mixin.py:190} INFO - Current task name:dbt_run_decisionnal state:running start_date:2025-03-27 00:55:52.565196+00:00
[2025-03-27T00:55:53.047+0000] {logging_mixin.py:190} INFO - Dag name:load_dbt_clean_reviews_pipeline and current dag run status:running
[2025-03-27T00:55:53.048+0000] {taskinstance.py:732} INFO - ::endgroup::
[2025-03-27T00:55:53.049+0000] {subprocess.py:78} INFO - Tmp dir root location: /tmp
[2025-03-27T00:55:53.054+0000] {subprocess.py:88} INFO - Running command: ['/usr/bin/bash', '-c', 'cd /home/mohammed/.dbt/dbt_projects/bank_reviews_decisionnal && dbt run']
[2025-03-27T00:55:53.097+0000] {subprocess.py:99} INFO - Output:
[2025-03-27T00:55:58.546+0000] {subprocess.py:106} INFO - [0m00:55:58  Running with dbt=1.9.3
[2025-03-27T00:55:59.332+0000] {subprocess.py:106} INFO - [0m00:55:59  Registered adapter: postgres=1.9.0
[2025-03-27T00:55:59.741+0000] {subprocess.py:106} INFO - [0m00:55:59  [[33mWARNING[0m]: Configuration paths exist in your dbt_project.yml file which do not apply to any resources.
[2025-03-27T00:55:59.741+0000] {subprocess.py:106} INFO - There are 1 unused configuration paths:
[2025-03-27T00:55:59.742+0000] {subprocess.py:106} INFO - - models.bank_reviews_decisionnal.decisionnal
[2025-03-27T00:56:00.014+0000] {subprocess.py:106} INFO - [0m00:56:00  Found 5 models, 2 sources, 547 macros
[2025-03-27T00:56:00.018+0000] {subprocess.py:106} INFO - [0m00:56:00
[2025-03-27T00:56:00.019+0000] {subprocess.py:106} INFO - [0m00:56:00  Concurrency: 4 threads (target='dev')
[2025-03-27T00:56:00.019+0000] {subprocess.py:106} INFO - [0m00:56:00
[2025-03-27T00:56:00.312+0000] {subprocess.py:106} INFO - [0m00:56:00  1 of 5 START sql view model decisionnal.dim_bank ............................... [RUN]
[2025-03-27T00:56:00.315+0000] {subprocess.py:106} INFO - [0m00:56:00  2 of 5 START sql view model decisionnal.dim_branch ............................. [RUN]
[2025-03-27T00:56:00.316+0000] {subprocess.py:106} INFO - [0m00:56:00  3 of 5 START sql view model decisionnal.dim_location ........................... [RUN]
[2025-03-27T00:56:00.317+0000] {subprocess.py:106} INFO - [0m00:56:00  4 of 5 START sql view model decisionnal.dim_sentiment .......................... [RUN]
[2025-03-27T00:56:01.013+0000] {subprocess.py:106} INFO - [0m00:56:01  1 of 5 ERROR creating sql view model decisionnal.dim_bank ...................... [[31mERROR[0m in 0.69s]
[2025-03-27T00:56:01.016+0000] {subprocess.py:106} INFO - [0m00:56:01  4 of 5 ERROR creating sql view model decisionnal.dim_sentiment ................. [[31mERROR[0m in 0.69s]
[2025-03-27T00:56:01.018+0000] {subprocess.py:106} INFO - [0m00:56:01  2 of 5 ERROR creating sql view model decisionnal.dim_branch .................... [[31mERROR[0m in 0.69s]
[2025-03-27T00:56:01.021+0000] {subprocess.py:106} INFO - [0m00:56:01  3 of 5 ERROR creating sql view model decisionnal.dim_location .................. [[31mERROR[0m in 0.69s]
[2025-03-27T00:56:01.033+0000] {subprocess.py:106} INFO - [0m00:56:01  5 of 5 SKIP relation decisionnal.fact_reviews .................................. [[33mSKIP[0m]
[2025-03-27T00:56:01.064+0000] {subprocess.py:106} INFO - [0m00:56:01
[2025-03-27T00:56:01.065+0000] {subprocess.py:106} INFO - [0m00:56:01  Finished running 5 view models in 0 hours 0 minutes and 1.04 seconds (1.04s).
[2025-03-27T00:56:01.135+0000] {subprocess.py:106} INFO - [0m00:56:01
[2025-03-27T00:56:01.136+0000] {subprocess.py:106} INFO - [0m00:56:01  [31mCompleted with 4 errors, 0 partial successes, and 0 warnings:[0m
[2025-03-27T00:56:01.136+0000] {subprocess.py:106} INFO - [0m00:56:01
[2025-03-27T00:56:01.137+0000] {subprocess.py:106} INFO - [0m00:56:01    Database Error in model dim_bank (models/dim_bank.sql)
[2025-03-27T00:56:01.137+0000] {subprocess.py:106} INFO -   relation "dim_bank__dbt_backup" already exists
[2025-03-27T00:56:01.137+0000] {subprocess.py:106} INFO -   compiled code at target/run/bank_reviews_decisionnal/models/dim_bank.sql
[2025-03-27T00:56:01.138+0000] {subprocess.py:106} INFO - [0m00:56:01
[2025-03-27T00:56:01.138+0000] {subprocess.py:106} INFO - [0m00:56:01    Database Error in model dim_sentiment (models/dim_sentiment.sql)
[2025-03-27T00:56:01.138+0000] {subprocess.py:106} INFO -   relation "dim_sentiment__dbt_backup" already exists
[2025-03-27T00:56:01.138+0000] {subprocess.py:106} INFO -   compiled code at target/run/bank_reviews_decisionnal/models/dim_sentiment.sql
[2025-03-27T00:56:01.139+0000] {subprocess.py:106} INFO - [0m00:56:01
[2025-03-27T00:56:01.140+0000] {subprocess.py:106} INFO - [0m00:56:01    Database Error in model dim_branch (models/dim_branch.sql)
[2025-03-27T00:56:01.140+0000] {subprocess.py:106} INFO -   relation "dim_branch__dbt_backup" already exists
[2025-03-27T00:56:01.140+0000] {subprocess.py:106} INFO -   compiled code at target/run/bank_reviews_decisionnal/models/dim_branch.sql
[2025-03-27T00:56:01.140+0000] {subprocess.py:106} INFO - [0m00:56:01
[2025-03-27T00:56:01.141+0000] {subprocess.py:106} INFO - [0m00:56:01    Database Error in model dim_location (models/dim_location.sql)
[2025-03-27T00:56:01.141+0000] {subprocess.py:106} INFO -   relation "dim_location__dbt_backup" already exists
[2025-03-27T00:56:01.141+0000] {subprocess.py:106} INFO -   compiled code at target/run/bank_reviews_decisionnal/models/dim_location.sql
[2025-03-27T00:56:01.141+0000] {subprocess.py:106} INFO - [0m00:56:01
[2025-03-27T00:56:01.142+0000] {subprocess.py:106} INFO - [0m00:56:01  Done. PASS=0 WARN=0 ERROR=4 SKIP=1 TOTAL=5
[2025-03-27T00:56:02.534+0000] {subprocess.py:110} INFO - Command exited with return code 1
[2025-03-27T00:56:02.575+0000] {taskinstance.py:3313} ERROR - Task failed with exception
Traceback (most recent call last):
  File "/home/mohammed/venv/lib/python3.11/site-packages/airflow/models/taskinstance.py", line 768, in _execute_task
    result = _execute_callable(context=context, **execute_callable_kwargs)
             ^^^^^^^^^^^^^^^^^^^^^^^^^^^^^^^^^^^^^^^^^^^^^^^^^^^^^^^^^^^^^
  File "/home/mohammed/venv/lib/python3.11/site-packages/airflow/models/taskinstance.py", line 734, in _execute_callable
    return ExecutionCallableRunner(
           ^^^^^^^^^^^^^^^^^^^^^^^^
  File "/home/mohammed/venv/lib/python3.11/site-packages/airflow/utils/operator_helpers.py", line 252, in run
    return self.func(*args, **kwargs)
           ^^^^^^^^^^^^^^^^^^^^^^^^^^
  File "/home/mohammed/venv/lib/python3.11/site-packages/airflow/models/baseoperator.py", line 424, in wrapper
    return func(self, *args, **kwargs)
           ^^^^^^^^^^^^^^^^^^^^^^^^^^^
  File "/home/mohammed/venv/lib/python3.11/site-packages/airflow/operators/bash.py", line 276, in execute
    raise AirflowException(
airflow.exceptions.AirflowException: Bash command failed. The command returned a non-zero exit code 1.
[2025-03-27T00:56:02.589+0000] {logging_mixin.py:190} INFO - Task instance in failure state
[2025-03-27T00:56:02.589+0000] {logging_mixin.py:190} INFO - Task start:2025-03-27 00:55:52.565196+00:00 end:2025-03-27 00:56:02.587473+00:00 duration:10.022277
[2025-03-27T00:56:02.590+0000] {logging_mixin.py:190} INFO - Task:<Task(BashOperator): dbt_run_decisionnal> dag:<DAG: load_dbt_clean_reviews_pipeline> dagrun:<DagRun load_dbt_clean_reviews_pipeline @ 2025-03-25 00:00:00+00:00: scheduled__2025-03-25T00:00:00+00:00, state:running, queued_at: 2025-03-27 00:50:32.926338+00:00. externally triggered: False>
[2025-03-27T00:56:02.590+0000] {logging_mixin.py:190} INFO - Failure caused by Bash command failed. The command returned a non-zero exit code 1.
[2025-03-27T00:56:02.591+0000] {taskinstance.py:1226} INFO - Marking task as FAILED. dag_id=load_dbt_clean_reviews_pipeline, task_id=dbt_run_decisionnal, run_id=scheduled__2025-03-25T00:00:00+00:00, execution_date=20250325T000000, start_date=20250327T005552, end_date=20250327T005602
[2025-03-27T00:56:02.689+0000] {taskinstance.py:341} INFO - ::group::Post task execution logs
[2025-03-27T00:56:02.691+0000] {standard_task_runner.py:124} ERROR - Failed to execute job 1981 for task dbt_run_decisionnal (Bash command failed. The command returned a non-zero exit code 1.; 6342)
Traceback (most recent call last):
  File "/home/mohammed/venv/lib/python3.11/site-packages/airflow/task/task_runner/standard_task_runner.py", line 117, in _start_by_fork
    ret = args.func(args, dag=self.dag)
          ^^^^^^^^^^^^^^^^^^^^^^^^^^^^^
  File "/home/mohammed/venv/lib/python3.11/site-packages/airflow/cli/cli_config.py", line 49, in command
    return func(*args, **kwargs)
           ^^^^^^^^^^^^^^^^^^^^^
  File "/home/mohammed/venv/lib/python3.11/site-packages/airflow/utils/cli.py", line 116, in wrapper
    return f(*args, **kwargs)
           ^^^^^^^^^^^^^^^^^^
  File "/home/mohammed/venv/lib/python3.11/site-packages/airflow/cli/commands/task_command.py", line 483, in task_run
    task_return_code = _run_task_by_selected_method(args, _dag, ti)
                       ^^^^^^^^^^^^^^^^^^^^^^^^^^^^^^^^^^^^^^^^^^^^
  File "/home/mohammed/venv/lib/python3.11/site-packages/airflow/cli/commands/task_command.py", line 256, in _run_task_by_selected_method
    return _run_raw_task(args, ti)
           ^^^^^^^^^^^^^^^^^^^^^^^
  File "/home/mohammed/venv/lib/python3.11/site-packages/airflow/cli/commands/task_command.py", line 341, in _run_raw_task
    return ti._run_raw_task(
           ^^^^^^^^^^^^^^^^^
  File "/home/mohammed/venv/lib/python3.11/site-packages/airflow/utils/session.py", line 97, in wrapper
    return func(*args, session=session, **kwargs)
           ^^^^^^^^^^^^^^^^^^^^^^^^^^^^^^^^^^^^^^
  File "/home/mohammed/venv/lib/python3.11/site-packages/airflow/models/taskinstance.py", line 3006, in _run_raw_task
    return _run_raw_task(
           ^^^^^^^^^^^^^^
  File "/home/mohammed/venv/lib/python3.11/site-packages/airflow/models/taskinstance.py", line 274, in _run_raw_task
    TaskInstance._execute_task_with_callbacks(
  File "/home/mohammed/venv/lib/python3.11/site-packages/airflow/models/taskinstance.py", line 3161, in _execute_task_with_callbacks
    result = self._execute_task(context, task_orig)
             ^^^^^^^^^^^^^^^^^^^^^^^^^^^^^^^^^^^^^^
  File "/home/mohammed/venv/lib/python3.11/site-packages/airflow/models/taskinstance.py", line 3185, in _execute_task
    return _execute_task(self, context, task_orig)
           ^^^^^^^^^^^^^^^^^^^^^^^^^^^^^^^^^^^^^^^
  File "/home/mohammed/venv/lib/python3.11/site-packages/airflow/models/taskinstance.py", line 768, in _execute_task
    result = _execute_callable(context=context, **execute_callable_kwargs)
             ^^^^^^^^^^^^^^^^^^^^^^^^^^^^^^^^^^^^^^^^^^^^^^^^^^^^^^^^^^^^^
  File "/home/mohammed/venv/lib/python3.11/site-packages/airflow/models/taskinstance.py", line 734, in _execute_callable
    return ExecutionCallableRunner(
           ^^^^^^^^^^^^^^^^^^^^^^^^
  File "/home/mohammed/venv/lib/python3.11/site-packages/airflow/utils/operator_helpers.py", line 252, in run
    return self.func(*args, **kwargs)
           ^^^^^^^^^^^^^^^^^^^^^^^^^^
  File "/home/mohammed/venv/lib/python3.11/site-packages/airflow/models/baseoperator.py", line 424, in wrapper
    return func(self, *args, **kwargs)
           ^^^^^^^^^^^^^^^^^^^^^^^^^^^
  File "/home/mohammed/venv/lib/python3.11/site-packages/airflow/operators/bash.py", line 276, in execute
    raise AirflowException(
airflow.exceptions.AirflowException: Bash command failed. The command returned a non-zero exit code 1.
[2025-03-27T00:56:02.745+0000] {local_task_job_runner.py:266} INFO - Task exited with return code 1
[2025-03-27T00:56:02.792+0000] {taskinstance.py:3901} INFO - 0 downstream tasks scheduled from follow-on schedule check
[2025-03-27T00:56:02.805+0000] {local_task_job_runner.py:245} INFO - ::endgroup::
