[2025-03-17T00:29:21.593+0000] {local_task_job_runner.py:123} INFO - ::group::Pre task execution logs
[2025-03-17T00:29:21.662+0000] {taskinstance.py:2614} INFO - Dependencies all met for dep_context=non-requeueable deps ti=<TaskInstance: load_reviews_pipeline.dbt_run manual__2025-03-17T00:20:58.816245+00:00 [queued]>
[2025-03-17T00:29:21.688+0000] {taskinstance.py:2614} INFO - Dependencies all met for dep_context=requeueable deps ti=<TaskInstance: load_reviews_pipeline.dbt_run manual__2025-03-17T00:20:58.816245+00:00 [queued]>
[2025-03-17T00:29:21.689+0000] {taskinstance.py:2867} INFO - Starting attempt 2 of 2
[2025-03-17T00:29:21.734+0000] {taskinstance.py:2890} INFO - Executing <Task(BashOperator): dbt_run> on 2025-03-17 00:20:58.816245+00:00
[2025-03-17T00:29:21.755+0000] {standard_task_runner.py:72} INFO - Started process 262684 to run task
[2025-03-17T00:29:21.767+0000] {standard_task_runner.py:104} INFO - Running: ['airflow', 'tasks', 'run', 'load_reviews_pipeline', 'dbt_run', 'manual__2025-03-17T00:20:58.816245+00:00', '--job-id', '227', '--raw', '--subdir', 'DAGS_FOLDER/dag_load_reviews.py', '--cfg-path', '/tmp/tmppwcf_wmr']
[2025-03-17T00:29:21.770+0000] {standard_task_runner.py:105} INFO - Job 227: Subtask dbt_run
[2025-03-17T00:29:21.964+0000] {task_command.py:467} INFO - Running <TaskInstance: load_reviews_pipeline.dbt_run manual__2025-03-17T00:20:58.816245+00:00 [running]> on host DESKTOP-IM7V4RI.
[2025-03-17T00:29:22.217+0000] {taskinstance.py:3134} INFO - Exporting env vars: AIRFLOW_CTX_DAG_OWNER='mohammed' AIRFLOW_CTX_DAG_ID='load_reviews_pipeline' AIRFLOW_CTX_TASK_ID='dbt_run' AIRFLOW_CTX_EXECUTION_DATE='2025-03-17T00:20:58.816245+00:00' AIRFLOW_CTX_TRY_NUMBER='2' AIRFLOW_CTX_DAG_RUN_ID='manual__2025-03-17T00:20:58.816245+00:00'
[2025-03-17T00:29:22.221+0000] {logging_mixin.py:190} INFO - Task instance is in running state
[2025-03-17T00:29:22.222+0000] {logging_mixin.py:190} INFO -  Previous state of the Task instance: queued
[2025-03-17T00:29:22.223+0000] {logging_mixin.py:190} INFO - Current task name:dbt_run state:running start_date:2025-03-17 00:29:21.663404+00:00
[2025-03-17T00:29:22.223+0000] {logging_mixin.py:190} INFO - Dag name:load_reviews_pipeline and current dag run status:running
[2025-03-17T00:29:22.224+0000] {taskinstance.py:732} INFO - ::endgroup::
[2025-03-17T00:29:22.226+0000] {subprocess.py:78} INFO - Tmp dir root location: /tmp
[2025-03-17T00:29:22.230+0000] {subprocess.py:88} INFO - Running command: ['/usr/bin/bash', '-c', 'cd /home/mohammed/.dbt/bank_reviews_project && dbt run']
[2025-03-17T00:29:22.255+0000] {subprocess.py:99} INFO - Output:
[2025-03-17T00:29:26.607+0000] {subprocess.py:106} INFO - [0m00:29:26  Running with dbt=1.9.3
[2025-03-17T00:29:27.235+0000] {subprocess.py:106} INFO - [0m00:29:27  Registered adapter: postgres=1.9.0
[2025-03-17T00:29:28.261+0000] {subprocess.py:106} INFO - [0m00:29:28  Found 6 models, 4 data tests, 2 sources, 433 macros
[2025-03-17T00:29:28.279+0000] {subprocess.py:106} INFO - [0m00:29:28
[2025-03-17T00:29:28.284+0000] {subprocess.py:106} INFO - [0m00:29:28  Concurrency: 4 threads (target='dev')
[2025-03-17T00:29:28.285+0000] {subprocess.py:106} INFO - [0m00:29:28
[2025-03-17T00:29:28.840+0000] {subprocess.py:106} INFO - [0m00:29:28  1 of 6 START sql view model public.clean_reviews ............................... [RUN]
[2025-03-17T00:29:28.855+0000] {subprocess.py:106} INFO - [0m00:29:28  2 of 6 START sql table model public.my_first_dbt_model ......................... [RUN]
[2025-03-17T00:29:28.865+0000] {subprocess.py:106} INFO - [0m00:29:28  3 of 6 START sql view model public.remove_duplicates ........................... [RUN]
[2025-03-17T00:29:28.875+0000] {subprocess.py:106} INFO - [0m00:29:28  4 of 6 START sql view model public.stg_clean_reviews ........................... [RUN]
[2025-03-17T00:29:29.895+0000] {subprocess.py:106} INFO - [0m00:29:29  4 of 6 OK created sql view model public.stg_clean_reviews ...................... [[32mCREATE VIEW[0m in 0.98s]
[2025-03-17T00:29:29.900+0000] {subprocess.py:106} INFO - [0m00:29:29  2 of 6 OK created sql table model public.my_first_dbt_model .................... [[32mSELECT 2[0m in 1.01s]
[2025-03-17T00:29:29.906+0000] {subprocess.py:106} INFO - [0m00:29:29  3 of 6 OK created sql view model public.remove_duplicates ...................... [[32mCREATE VIEW[0m in 1.01s]
[2025-03-17T00:29:29.908+0000] {subprocess.py:106} INFO - [0m00:29:29  1 of 6 OK created sql view model public.clean_reviews .......................... [[32mCREATE VIEW[0m in 1.03s]
[2025-03-17T00:29:29.922+0000] {subprocess.py:106} INFO - [0m00:29:29  5 of 6 START sql view model public.dwh_model ................................... [RUN]
[2025-03-17T00:29:29.923+0000] {subprocess.py:106} INFO - [0m00:29:29  6 of 6 START sql view model public.my_second_dbt_model ......................... [RUN]
[2025-03-17T00:29:30.051+0000] {subprocess.py:106} INFO - [0m00:29:30  5 of 6 ERROR creating sql view model public.dwh_model .......................... [[31mERROR[0m in 0.12s]
[2025-03-17T00:29:30.095+0000] {subprocess.py:106} INFO - [0m00:29:30  6 of 6 OK created sql view model public.my_second_dbt_model .................... [[32mCREATE VIEW[0m in 0.16s]
[2025-03-17T00:29:30.143+0000] {subprocess.py:106} INFO - [0m00:29:30
[2025-03-17T00:29:30.144+0000] {subprocess.py:106} INFO - [0m00:29:30  Finished running 1 table model, 5 view models in 0 hours 0 minutes and 1.86 seconds (1.86s).
[2025-03-17T00:29:30.240+0000] {subprocess.py:106} INFO - [0m00:29:30
[2025-03-17T00:29:30.241+0000] {subprocess.py:106} INFO - [0m00:29:30  [31mCompleted with 1 error, 0 partial successes, and 0 warnings:[0m
[2025-03-17T00:29:30.242+0000] {subprocess.py:106} INFO - [0m00:29:30
[2025-03-17T00:29:30.243+0000] {subprocess.py:106} INFO - [0m00:29:30    Database Error in model dwh_model (models/dwh_model.sql)
[2025-03-17T00:29:30.244+0000] {subprocess.py:106} INFO -   syntax error at or near ";"
[2025-03-17T00:29:30.244+0000] {subprocess.py:106} INFO -   LINE 52: SELECT * FROM fact_reviews;
[2025-03-17T00:29:30.244+0000] {subprocess.py:106} INFO -                                      ^
[2025-03-17T00:29:30.244+0000] {subprocess.py:106} INFO -   compiled code at target/run/bank_reviews_project/models/dwh_model.sql
[2025-03-17T00:29:30.245+0000] {subprocess.py:106} INFO - [0m00:29:30
[2025-03-17T00:29:30.245+0000] {subprocess.py:106} INFO - [0m00:29:30  Done. PASS=5 WARN=0 ERROR=1 SKIP=0 TOTAL=6
[2025-03-17T00:29:35.474+0000] {subprocess.py:110} INFO - Command exited with return code 1
[2025-03-17T00:29:35.516+0000] {taskinstance.py:3313} ERROR - Task failed with exception
Traceback (most recent call last):
  File "/home/mohammed/venv/lib/python3.11/site-packages/airflow/models/taskinstance.py", line 768, in _execute_task
    result = _execute_callable(context=context, **execute_callable_kwargs)
             ^^^^^^^^^^^^^^^^^^^^^^^^^^^^^^^^^^^^^^^^^^^^^^^^^^^^^^^^^^^^^
  File "/home/mohammed/venv/lib/python3.11/site-packages/airflow/models/taskinstance.py", line 734, in _execute_callable
    return ExecutionCallableRunner(
           ^^^^^^^^^^^^^^^^^^^^^^^^
  File "/home/mohammed/venv/lib/python3.11/site-packages/airflow/utils/operator_helpers.py", line 252, in run
    return self.func(*args, **kwargs)
           ^^^^^^^^^^^^^^^^^^^^^^^^^^
  File "/home/mohammed/venv/lib/python3.11/site-packages/airflow/models/baseoperator.py", line 424, in wrapper
    return func(self, *args, **kwargs)
           ^^^^^^^^^^^^^^^^^^^^^^^^^^^
  File "/home/mohammed/venv/lib/python3.11/site-packages/airflow/operators/bash.py", line 276, in execute
    raise AirflowException(
airflow.exceptions.AirflowException: Bash command failed. The command returned a non-zero exit code 1.
[2025-03-17T00:29:35.525+0000] {logging_mixin.py:190} INFO - Task instance in failure state
[2025-03-17T00:29:35.526+0000] {logging_mixin.py:190} INFO - Task start:2025-03-17 00:29:21.663404+00:00 end:2025-03-17 00:29:35.523625+00:00 duration:13.860221
[2025-03-17T00:29:35.527+0000] {logging_mixin.py:190} INFO - Task:<Task(BashOperator): dbt_run> dag:<DAG: load_reviews_pipeline> dagrun:<DagRun load_reviews_pipeline @ 2025-03-17 00:20:58.816245+00:00: manual__2025-03-17T00:20:58.816245+00:00, state:running, queued_at: 2025-03-17 00:20:59.017299+00:00. externally triggered: True>
[2025-03-17T00:29:35.527+0000] {logging_mixin.py:190} INFO - Failure caused by Bash command failed. The command returned a non-zero exit code 1.
[2025-03-17T00:29:35.528+0000] {taskinstance.py:1226} INFO - Marking task as FAILED. dag_id=load_reviews_pipeline, task_id=dbt_run, run_id=manual__2025-03-17T00:20:58.816245+00:00, execution_date=20250317T002058, start_date=20250317T002921, end_date=20250317T002935
[2025-03-17T00:29:35.641+0000] {taskinstance.py:341} INFO - ::group::Post task execution logs
[2025-03-17T00:29:35.643+0000] {standard_task_runner.py:124} ERROR - Failed to execute job 227 for task dbt_run (Bash command failed. The command returned a non-zero exit code 1.; 262684)
Traceback (most recent call last):
  File "/home/mohammed/venv/lib/python3.11/site-packages/airflow/task/task_runner/standard_task_runner.py", line 117, in _start_by_fork
    ret = args.func(args, dag=self.dag)
          ^^^^^^^^^^^^^^^^^^^^^^^^^^^^^
  File "/home/mohammed/venv/lib/python3.11/site-packages/airflow/cli/cli_config.py", line 49, in command
    return func(*args, **kwargs)
           ^^^^^^^^^^^^^^^^^^^^^
  File "/home/mohammed/venv/lib/python3.11/site-packages/airflow/utils/cli.py", line 116, in wrapper
    return f(*args, **kwargs)
           ^^^^^^^^^^^^^^^^^^
  File "/home/mohammed/venv/lib/python3.11/site-packages/airflow/cli/commands/task_command.py", line 483, in task_run
    task_return_code = _run_task_by_selected_method(args, _dag, ti)
                       ^^^^^^^^^^^^^^^^^^^^^^^^^^^^^^^^^^^^^^^^^^^^
  File "/home/mohammed/venv/lib/python3.11/site-packages/airflow/cli/commands/task_command.py", line 256, in _run_task_by_selected_method
    return _run_raw_task(args, ti)
           ^^^^^^^^^^^^^^^^^^^^^^^
  File "/home/mohammed/venv/lib/python3.11/site-packages/airflow/cli/commands/task_command.py", line 341, in _run_raw_task
    return ti._run_raw_task(
           ^^^^^^^^^^^^^^^^^
  File "/home/mohammed/venv/lib/python3.11/site-packages/airflow/utils/session.py", line 97, in wrapper
    return func(*args, session=session, **kwargs)
           ^^^^^^^^^^^^^^^^^^^^^^^^^^^^^^^^^^^^^^
  File "/home/mohammed/venv/lib/python3.11/site-packages/airflow/models/taskinstance.py", line 3006, in _run_raw_task
    return _run_raw_task(
           ^^^^^^^^^^^^^^
  File "/home/mohammed/venv/lib/python3.11/site-packages/airflow/models/taskinstance.py", line 274, in _run_raw_task
    TaskInstance._execute_task_with_callbacks(
  File "/home/mohammed/venv/lib/python3.11/site-packages/airflow/models/taskinstance.py", line 3161, in _execute_task_with_callbacks
    result = self._execute_task(context, task_orig)
             ^^^^^^^^^^^^^^^^^^^^^^^^^^^^^^^^^^^^^^
  File "/home/mohammed/venv/lib/python3.11/site-packages/airflow/models/taskinstance.py", line 3185, in _execute_task
    return _execute_task(self, context, task_orig)
           ^^^^^^^^^^^^^^^^^^^^^^^^^^^^^^^^^^^^^^^
  File "/home/mohammed/venv/lib/python3.11/site-packages/airflow/models/taskinstance.py", line 768, in _execute_task
    result = _execute_callable(context=context, **execute_callable_kwargs)
             ^^^^^^^^^^^^^^^^^^^^^^^^^^^^^^^^^^^^^^^^^^^^^^^^^^^^^^^^^^^^^
  File "/home/mohammed/venv/lib/python3.11/site-packages/airflow/models/taskinstance.py", line 734, in _execute_callable
    return ExecutionCallableRunner(
           ^^^^^^^^^^^^^^^^^^^^^^^^
  File "/home/mohammed/venv/lib/python3.11/site-packages/airflow/utils/operator_helpers.py", line 252, in run
    return self.func(*args, **kwargs)
           ^^^^^^^^^^^^^^^^^^^^^^^^^^
  File "/home/mohammed/venv/lib/python3.11/site-packages/airflow/models/baseoperator.py", line 424, in wrapper
    return func(self, *args, **kwargs)
           ^^^^^^^^^^^^^^^^^^^^^^^^^^^
  File "/home/mohammed/venv/lib/python3.11/site-packages/airflow/operators/bash.py", line 276, in execute
    raise AirflowException(
airflow.exceptions.AirflowException: Bash command failed. The command returned a non-zero exit code 1.
[2025-03-17T00:29:35.668+0000] {local_task_job_runner.py:266} INFO - Task exited with return code 1
[2025-03-17T00:29:35.671+0000] {standard_task_runner.py:217} INFO - Process not found (most likely exited), stop collecting metrics
[2025-03-17T00:29:35.717+0000] {taskinstance.py:3901} INFO - 0 downstream tasks scheduled from follow-on schedule check
[2025-03-17T00:29:35.726+0000] {local_task_job_runner.py:245} INFO - ::endgroup::
