[2025-03-27T00:55:52.548+0000] {local_task_job_runner.py:123} INFO - ::group::Pre task execution logs
[2025-03-27T00:55:52.585+0000] {taskinstance.py:2614} INFO - Dependencies all met for dep_context=non-requeueable deps ti=<TaskInstance: load_dbt_clean_reviews_pipeline.dbt_run_decisionnal scheduled__2025-03-26T00:00:00+00:00 [queued]>
[2025-03-27T00:55:52.600+0000] {taskinstance.py:2614} INFO - Dependencies all met for dep_context=requeueable deps ti=<TaskInstance: load_dbt_clean_reviews_pipeline.dbt_run_decisionnal scheduled__2025-03-26T00:00:00+00:00 [queued]>
[2025-03-27T00:55:52.601+0000] {taskinstance.py:2867} INFO - Starting attempt 2 of 2
[2025-03-27T00:55:52.629+0000] {taskinstance.py:2890} INFO - Executing <Task(BashOperator): dbt_run_decisionnal> on 2025-03-26 00:00:00+00:00
[2025-03-27T00:55:52.644+0000] {standard_task_runner.py:72} INFO - Started process 6350 to run task
[2025-03-27T00:55:52.653+0000] {standard_task_runner.py:104} INFO - Running: ['airflow', 'tasks', 'run', 'load_dbt_clean_reviews_pipeline', 'dbt_run_decisionnal', 'scheduled__2025-03-26T00:00:00+00:00', '--job-id', '1984', '--raw', '--subdir', 'DAGS_FOLDER/dag_load_reviews.py', '--cfg-path', '/tmp/tmpkxsqntws']
[2025-03-27T00:55:52.655+0000] {standard_task_runner.py:105} INFO - Job 1984: Subtask dbt_run_decisionnal
[2025-03-27T00:55:52.833+0000] {task_command.py:467} INFO - Running <TaskInstance: load_dbt_clean_reviews_pipeline.dbt_run_decisionnal scheduled__2025-03-26T00:00:00+00:00 [running]> on host DESKTOP-IM7V4RI.
[2025-03-27T00:55:53.144+0000] {taskinstance.py:3134} INFO - Exporting env vars: AIRFLOW_CTX_DAG_OWNER='mohammed' AIRFLOW_CTX_DAG_ID='load_dbt_clean_reviews_pipeline' AIRFLOW_CTX_TASK_ID='dbt_run_decisionnal' AIRFLOW_CTX_EXECUTION_DATE='2025-03-26T00:00:00+00:00' AIRFLOW_CTX_TRY_NUMBER='2' AIRFLOW_CTX_DAG_RUN_ID='scheduled__2025-03-26T00:00:00+00:00'
[2025-03-27T00:55:53.147+0000] {logging_mixin.py:190} INFO - Task instance is in running state
[2025-03-27T00:55:53.147+0000] {logging_mixin.py:190} INFO -  Previous state of the Task instance: queued
[2025-03-27T00:55:53.148+0000] {logging_mixin.py:190} INFO - Current task name:dbt_run_decisionnal state:running start_date:2025-03-27 00:55:52.585718+00:00
[2025-03-27T00:55:53.148+0000] {logging_mixin.py:190} INFO - Dag name:load_dbt_clean_reviews_pipeline and current dag run status:running
[2025-03-27T00:55:53.149+0000] {taskinstance.py:732} INFO - ::endgroup::
[2025-03-27T00:55:53.150+0000] {subprocess.py:78} INFO - Tmp dir root location: /tmp
[2025-03-27T00:55:53.154+0000] {subprocess.py:88} INFO - Running command: ['/usr/bin/bash', '-c', 'cd /home/mohammed/.dbt/dbt_projects/bank_reviews_decisionnal && dbt run']
[2025-03-27T00:55:53.182+0000] {subprocess.py:99} INFO - Output:
[2025-03-27T00:55:59.092+0000] {subprocess.py:106} INFO - [0m00:55:59  Running with dbt=1.9.3
[2025-03-27T00:55:59.599+0000] {subprocess.py:106} INFO - [0m00:55:59  Registered adapter: postgres=1.9.0
[2025-03-27T00:55:59.891+0000] {subprocess.py:106} INFO - [0m00:55:59  [[33mWARNING[0m]: Configuration paths exist in your dbt_project.yml file which do not apply to any resources.
[2025-03-27T00:55:59.892+0000] {subprocess.py:106} INFO - There are 1 unused configuration paths:
[2025-03-27T00:55:59.892+0000] {subprocess.py:106} INFO - - models.bank_reviews_decisionnal.decisionnal
[2025-03-27T00:56:00.137+0000] {subprocess.py:106} INFO - [0m00:56:00  Found 5 models, 2 sources, 547 macros
[2025-03-27T00:56:00.141+0000] {subprocess.py:106} INFO - [0m00:56:00
[2025-03-27T00:56:00.142+0000] {subprocess.py:106} INFO - [0m00:56:00  Concurrency: 4 threads (target='dev')
[2025-03-27T00:56:00.143+0000] {subprocess.py:106} INFO - [0m00:56:00
[2025-03-27T00:56:00.488+0000] {subprocess.py:106} INFO - [0m00:56:00  1 of 5 START sql view model decisionnal.dim_bank ............................... [RUN]
[2025-03-27T00:56:00.493+0000] {subprocess.py:106} INFO - [0m00:56:00  2 of 5 START sql view model decisionnal.dim_branch ............................. [RUN]
[2025-03-27T00:56:00.497+0000] {subprocess.py:106} INFO - [0m00:56:00  3 of 5 START sql view model decisionnal.dim_location ........................... [RUN]
[2025-03-27T00:56:00.499+0000] {subprocess.py:106} INFO - [0m00:56:00  4 of 5 START sql view model decisionnal.dim_sentiment .......................... [RUN]
[2025-03-27T00:56:00.812+0000] {subprocess.py:106} INFO - [0m00:56:00  3 of 5 ERROR creating sql view model decisionnal.dim_location .................. [[31mERROR[0m in 0.30s]
[2025-03-27T00:56:00.887+0000] {subprocess.py:106} INFO - [0m00:56:00  1 of 5 ERROR creating sql view model decisionnal.dim_bank ...................... [[31mERROR[0m in 0.36s]
[2025-03-27T00:56:01.176+0000] {subprocess.py:106} INFO - [0m00:56:01  2 of 5 OK created sql view model decisionnal.dim_branch ........................ [[32mCREATE VIEW[0m in 0.68s]
[2025-03-27T00:56:01.266+0000] {subprocess.py:106} INFO - [0m00:56:01  4 of 5 OK created sql view model decisionnal.dim_sentiment ..................... [[32mCREATE VIEW[0m in 0.74s]
[2025-03-27T00:56:01.272+0000] {subprocess.py:106} INFO - [0m00:56:01  5 of 5 SKIP relation decisionnal.fact_reviews .................................. [[33mSKIP[0m]
[2025-03-27T00:56:01.301+0000] {subprocess.py:106} INFO - [0m00:56:01
[2025-03-27T00:56:01.301+0000] {subprocess.py:106} INFO - [0m00:56:01  Finished running 5 view models in 0 hours 0 minutes and 1.16 seconds (1.16s).
[2025-03-27T00:56:01.360+0000] {subprocess.py:106} INFO - [0m00:56:01
[2025-03-27T00:56:01.360+0000] {subprocess.py:106} INFO - [0m00:56:01  [31mCompleted with 2 errors, 0 partial successes, and 0 warnings:[0m
[2025-03-27T00:56:01.361+0000] {subprocess.py:106} INFO - [0m00:56:01
[2025-03-27T00:56:01.362+0000] {subprocess.py:106} INFO - [0m00:56:01    Database Error in model dim_location (models/dim_location.sql)
[2025-03-27T00:56:01.362+0000] {subprocess.py:106} INFO -   relation "dim_location__dbt_backup" already exists
[2025-03-27T00:56:01.362+0000] {subprocess.py:106} INFO -   compiled code at target/run/bank_reviews_decisionnal/models/dim_location.sql
[2025-03-27T00:56:01.362+0000] {subprocess.py:106} INFO - [0m00:56:01
[2025-03-27T00:56:01.363+0000] {subprocess.py:106} INFO - [0m00:56:01    Database Error in model dim_bank (models/dim_bank.sql)
[2025-03-27T00:56:01.363+0000] {subprocess.py:106} INFO -   relation "dim_bank__dbt_backup" already exists
[2025-03-27T00:56:01.363+0000] {subprocess.py:106} INFO -   compiled code at target/run/bank_reviews_decisionnal/models/dim_bank.sql
[2025-03-27T00:56:01.363+0000] {subprocess.py:106} INFO - [0m00:56:01
[2025-03-27T00:56:01.364+0000] {subprocess.py:106} INFO - [0m00:56:01  Done. PASS=2 WARN=0 ERROR=2 SKIP=1 TOTAL=5
[2025-03-27T00:56:02.750+0000] {subprocess.py:110} INFO - Command exited with return code 1
[2025-03-27T00:56:02.787+0000] {taskinstance.py:3313} ERROR - Task failed with exception
Traceback (most recent call last):
  File "/home/mohammed/venv/lib/python3.11/site-packages/airflow/models/taskinstance.py", line 768, in _execute_task
    result = _execute_callable(context=context, **execute_callable_kwargs)
             ^^^^^^^^^^^^^^^^^^^^^^^^^^^^^^^^^^^^^^^^^^^^^^^^^^^^^^^^^^^^^
  File "/home/mohammed/venv/lib/python3.11/site-packages/airflow/models/taskinstance.py", line 734, in _execute_callable
    return ExecutionCallableRunner(
           ^^^^^^^^^^^^^^^^^^^^^^^^
  File "/home/mohammed/venv/lib/python3.11/site-packages/airflow/utils/operator_helpers.py", line 252, in run
    return self.func(*args, **kwargs)
           ^^^^^^^^^^^^^^^^^^^^^^^^^^
  File "/home/mohammed/venv/lib/python3.11/site-packages/airflow/models/baseoperator.py", line 424, in wrapper
    return func(self, *args, **kwargs)
           ^^^^^^^^^^^^^^^^^^^^^^^^^^^
  File "/home/mohammed/venv/lib/python3.11/site-packages/airflow/operators/bash.py", line 276, in execute
    raise AirflowException(
airflow.exceptions.AirflowException: Bash command failed. The command returned a non-zero exit code 1.
[2025-03-27T00:56:02.795+0000] {logging_mixin.py:190} INFO - Task instance in failure state
[2025-03-27T00:56:02.795+0000] {logging_mixin.py:190} INFO - Task start:2025-03-27 00:55:52.585718+00:00 end:2025-03-27 00:56:02.794303+00:00 duration:10.208585
[2025-03-27T00:56:02.796+0000] {logging_mixin.py:190} INFO - Task:<Task(BashOperator): dbt_run_decisionnal> dag:<DAG: load_dbt_clean_reviews_pipeline> dagrun:<DagRun load_dbt_clean_reviews_pipeline @ 2025-03-26 00:00:00+00:00: scheduled__2025-03-26T00:00:00+00:00, state:running, queued_at: 2025-03-27 00:50:33.162664+00:00. externally triggered: False>
[2025-03-27T00:56:02.796+0000] {logging_mixin.py:190} INFO - Failure caused by Bash command failed. The command returned a non-zero exit code 1.
[2025-03-27T00:56:02.796+0000] {taskinstance.py:1226} INFO - Marking task as FAILED. dag_id=load_dbt_clean_reviews_pipeline, task_id=dbt_run_decisionnal, run_id=scheduled__2025-03-26T00:00:00+00:00, execution_date=20250326T000000, start_date=20250327T005552, end_date=20250327T005602
[2025-03-27T00:56:02.879+0000] {taskinstance.py:341} INFO - ::group::Post task execution logs
[2025-03-27T00:56:02.880+0000] {standard_task_runner.py:124} ERROR - Failed to execute job 1984 for task dbt_run_decisionnal (Bash command failed. The command returned a non-zero exit code 1.; 6350)
Traceback (most recent call last):
  File "/home/mohammed/venv/lib/python3.11/site-packages/airflow/task/task_runner/standard_task_runner.py", line 117, in _start_by_fork
    ret = args.func(args, dag=self.dag)
          ^^^^^^^^^^^^^^^^^^^^^^^^^^^^^
  File "/home/mohammed/venv/lib/python3.11/site-packages/airflow/cli/cli_config.py", line 49, in command
    return func(*args, **kwargs)
           ^^^^^^^^^^^^^^^^^^^^^
  File "/home/mohammed/venv/lib/python3.11/site-packages/airflow/utils/cli.py", line 116, in wrapper
    return f(*args, **kwargs)
           ^^^^^^^^^^^^^^^^^^
  File "/home/mohammed/venv/lib/python3.11/site-packages/airflow/cli/commands/task_command.py", line 483, in task_run
    task_return_code = _run_task_by_selected_method(args, _dag, ti)
                       ^^^^^^^^^^^^^^^^^^^^^^^^^^^^^^^^^^^^^^^^^^^^
  File "/home/mohammed/venv/lib/python3.11/site-packages/airflow/cli/commands/task_command.py", line 256, in _run_task_by_selected_method
    return _run_raw_task(args, ti)
           ^^^^^^^^^^^^^^^^^^^^^^^
  File "/home/mohammed/venv/lib/python3.11/site-packages/airflow/cli/commands/task_command.py", line 341, in _run_raw_task
    return ti._run_raw_task(
           ^^^^^^^^^^^^^^^^^
  File "/home/mohammed/venv/lib/python3.11/site-packages/airflow/utils/session.py", line 97, in wrapper
    return func(*args, session=session, **kwargs)
           ^^^^^^^^^^^^^^^^^^^^^^^^^^^^^^^^^^^^^^
  File "/home/mohammed/venv/lib/python3.11/site-packages/airflow/models/taskinstance.py", line 3006, in _run_raw_task
    return _run_raw_task(
           ^^^^^^^^^^^^^^
  File "/home/mohammed/venv/lib/python3.11/site-packages/airflow/models/taskinstance.py", line 274, in _run_raw_task
    TaskInstance._execute_task_with_callbacks(
  File "/home/mohammed/venv/lib/python3.11/site-packages/airflow/models/taskinstance.py", line 3161, in _execute_task_with_callbacks
    result = self._execute_task(context, task_orig)
             ^^^^^^^^^^^^^^^^^^^^^^^^^^^^^^^^^^^^^^
  File "/home/mohammed/venv/lib/python3.11/site-packages/airflow/models/taskinstance.py", line 3185, in _execute_task
    return _execute_task(self, context, task_orig)
           ^^^^^^^^^^^^^^^^^^^^^^^^^^^^^^^^^^^^^^^
  File "/home/mohammed/venv/lib/python3.11/site-packages/airflow/models/taskinstance.py", line 768, in _execute_task
    result = _execute_callable(context=context, **execute_callable_kwargs)
             ^^^^^^^^^^^^^^^^^^^^^^^^^^^^^^^^^^^^^^^^^^^^^^^^^^^^^^^^^^^^^
  File "/home/mohammed/venv/lib/python3.11/site-packages/airflow/models/taskinstance.py", line 734, in _execute_callable
    return ExecutionCallableRunner(
           ^^^^^^^^^^^^^^^^^^^^^^^^
  File "/home/mohammed/venv/lib/python3.11/site-packages/airflow/utils/operator_helpers.py", line 252, in run
    return self.func(*args, **kwargs)
           ^^^^^^^^^^^^^^^^^^^^^^^^^^
  File "/home/mohammed/venv/lib/python3.11/site-packages/airflow/models/baseoperator.py", line 424, in wrapper
    return func(self, *args, **kwargs)
           ^^^^^^^^^^^^^^^^^^^^^^^^^^^
  File "/home/mohammed/venv/lib/python3.11/site-packages/airflow/operators/bash.py", line 276, in execute
    raise AirflowException(
airflow.exceptions.AirflowException: Bash command failed. The command returned a non-zero exit code 1.
[2025-03-27T00:56:02.959+0000] {local_task_job_runner.py:266} INFO - Task exited with return code 1
[2025-03-27T00:56:02.990+0000] {taskinstance.py:3901} INFO - 0 downstream tasks scheduled from follow-on schedule check
[2025-03-27T00:56:02.995+0000] {local_task_job_runner.py:245} INFO - ::endgroup::
