[2025-03-18T16:57:23.202+0000] {local_task_job_runner.py:123} INFO - ::group::Pre task execution logs
[2025-03-18T16:57:23.455+0000] {taskinstance.py:2614} INFO - Dependencies all met for dep_context=non-requeueable deps ti=<TaskInstance: load_dbt_clean_reviews_pipeline.dbt_run scheduled__2024-03-26T00:00:00+00:00 [queued]>
[2025-03-18T16:57:23.519+0000] {taskinstance.py:2614} INFO - Dependencies all met for dep_context=requeueable deps ti=<TaskInstance: load_dbt_clean_reviews_pipeline.dbt_run scheduled__2024-03-26T00:00:00+00:00 [queued]>
[2025-03-18T16:57:23.520+0000] {taskinstance.py:2867} INFO - Starting attempt 1 of 2
[2025-03-18T16:57:23.678+0000] {taskinstance.py:2890} INFO - Executing <Task(BashOperator): dbt_run> on 2024-03-26 00:00:00+00:00
[2025-03-18T16:57:23.757+0000] {standard_task_runner.py:72} INFO - Started process 43190 to run task
[2025-03-18T16:57:23.864+0000] {standard_task_runner.py:104} INFO - Running: ['airflow', 'tasks', 'run', 'load_dbt_clean_reviews_pipeline', 'dbt_run', 'scheduled__2024-03-26T00:00:00+00:00', '--job-id', '741', '--raw', '--subdir', 'DAGS_FOLDER/dag_load_reviews.py', '--cfg-path', '/tmp/tmpt5mgc39p']
[2025-03-18T16:57:23.866+0000] {standard_task_runner.py:105} INFO - Job 741: Subtask dbt_run
[2025-03-18T16:57:24.833+0000] {task_command.py:467} INFO - Running <TaskInstance: load_dbt_clean_reviews_pipeline.dbt_run scheduled__2024-03-26T00:00:00+00:00 [running]> on host DESKTOP-IM7V4RI.
[2025-03-18T16:57:29.102+0000] {taskinstance.py:3134} INFO - Exporting env vars: AIRFLOW_CTX_DAG_OWNER='mohammed' AIRFLOW_CTX_DAG_ID='load_dbt_clean_reviews_pipeline' AIRFLOW_CTX_TASK_ID='dbt_run' AIRFLOW_CTX_EXECUTION_DATE='2024-03-26T00:00:00+00:00' AIRFLOW_CTX_TRY_NUMBER='1' AIRFLOW_CTX_DAG_RUN_ID='scheduled__2024-03-26T00:00:00+00:00'
[2025-03-18T16:57:29.187+0000] {logging_mixin.py:190} INFO - Task instance is in running state
[2025-03-18T16:57:29.187+0000] {logging_mixin.py:190} INFO -  Previous state of the Task instance: queued
[2025-03-18T16:57:29.188+0000] {logging_mixin.py:190} INFO - Current task name:dbt_run state:running start_date:2025-03-18 16:57:23.456179+00:00
[2025-03-18T16:57:29.188+0000] {logging_mixin.py:190} INFO - Dag name:load_dbt_clean_reviews_pipeline and current dag run status:running
[2025-03-18T16:57:29.223+0000] {taskinstance.py:732} INFO - ::endgroup::
[2025-03-18T16:57:29.272+0000] {subprocess.py:78} INFO - Tmp dir root location: /tmp
[2025-03-18T16:57:29.305+0000] {subprocess.py:88} INFO - Running command: ['/usr/bin/bash', '-c', 'cd /home/mohammed/.dbt/dbt_projects/bank_reviews_transactional && dbt run']
[2025-03-18T16:57:29.517+0000] {subprocess.py:99} INFO - Output:
[2025-03-18T16:58:16.958+0000] {subprocess.py:106} INFO - [0m16:58:16  Running with dbt=1.9.3
[2025-03-18T16:58:23.774+0000] {subprocess.py:106} INFO - [0m16:58:23  Registered adapter: postgres=1.9.0
[2025-03-18T16:58:33.784+0000] {subprocess.py:106} INFO - [0m16:58:33  [[33mWARNING[0m]: Configuration paths exist in your dbt_project.yml file which do not apply to any resources.
[2025-03-18T16:58:33.787+0000] {subprocess.py:106} INFO - There are 1 unused configuration paths:
[2025-03-18T16:58:33.788+0000] {subprocess.py:106} INFO - - models.bank_reviews_transactional.transactional
[2025-03-18T16:58:36.067+0000] {subprocess.py:106} INFO - [0m16:58:36  Found 3 models, 4 data tests, 1 source, 433 macros
[2025-03-18T16:58:36.098+0000] {subprocess.py:106} INFO - [0m16:58:36
[2025-03-18T16:58:36.100+0000] {subprocess.py:106} INFO - [0m16:58:36  Concurrency: 4 threads (target='dev')
[2025-03-18T16:58:36.101+0000] {subprocess.py:106} INFO - [0m16:58:36
[2025-03-18T16:58:43.703+0000] {subprocess.py:106} INFO - [0m16:58:43  1 of 3 START sql table model transactional.clean_reviews ....................... [RUN]
[2025-03-18T16:58:43.753+0000] {subprocess.py:106} INFO - [0m16:58:43  2 of 3 START sql table model transactional.my_first_dbt_model .................. [RUN]
[2025-03-18T16:58:45.355+0000] {subprocess.py:106} INFO - [0m16:58:45  1 of 3 ERROR creating sql table model transactional.clean_reviews .............. [[31mERROR[0m in 1.63s]
[2025-03-18T16:58:47.576+0000] {subprocess.py:106} INFO - [0m16:58:47  2 of 3 ERROR creating sql table model transactional.my_first_dbt_model ......... [[31mERROR[0m in 3.82s]
[2025-03-18T16:58:47.609+0000] {subprocess.py:106} INFO - [0m16:58:47  3 of 3 SKIP relation transactional.my_second_dbt_model ......................... [[33mSKIP[0m]
[2025-03-18T16:58:47.693+0000] {subprocess.py:106} INFO - [0m16:58:47
[2025-03-18T16:58:47.731+0000] {subprocess.py:106} INFO - [0m16:58:47  Finished running 2 table models, 1 view model in 0 hours 0 minutes and 11.59 seconds (11.59s).
[2025-03-18T16:58:48.329+0000] {subprocess.py:106} INFO - [0m16:58:48
[2025-03-18T16:58:48.388+0000] {subprocess.py:106} INFO - [0m16:58:48  [31mCompleted with 2 errors, 0 partial successes, and 0 warnings:[0m
[2025-03-18T16:58:48.409+0000] {subprocess.py:106} INFO - [0m16:58:48
[2025-03-18T16:58:48.447+0000] {subprocess.py:106} INFO - [0m16:58:48    Database Error in model clean_reviews (models/clean_reviews.sql)
[2025-03-18T16:58:48.448+0000] {subprocess.py:106} INFO -   column reference "review_text" is ambiguous
[2025-03-18T16:58:48.449+0000] {subprocess.py:106} INFO -   LINE 160: SELECT id, bank_name, branch_name, location, review_text, cl...
[2025-03-18T16:58:48.449+0000] {subprocess.py:106} INFO -                                                          ^
[2025-03-18T16:58:48.453+0000] {subprocess.py:106} INFO -   compiled code at target/run/bank_reviews_transactional/models/clean_reviews.sql
[2025-03-18T16:58:48.456+0000] {subprocess.py:106} INFO - [0m16:58:48
[2025-03-18T16:58:48.461+0000] {subprocess.py:106} INFO - [0m16:58:48    Database Error in model my_first_dbt_model (models/example/my_first_dbt_model.sql)
[2025-03-18T16:58:48.488+0000] {subprocess.py:106} INFO -   relation "my_first_dbt_model__dbt_backup" already exists
[2025-03-18T16:58:48.489+0000] {subprocess.py:106} INFO -   compiled code at target/run/bank_reviews_transactional/models/example/my_first_dbt_model.sql
[2025-03-18T16:58:48.490+0000] {subprocess.py:106} INFO - [0m16:58:48
[2025-03-18T16:58:48.491+0000] {subprocess.py:106} INFO - [0m16:58:48  Done. PASS=0 WARN=0 ERROR=2 SKIP=1 TOTAL=3
[2025-03-18T16:58:52.784+0000] {subprocess.py:110} INFO - Command exited with return code 1
[2025-03-18T16:58:53.641+0000] {taskinstance.py:3313} ERROR - Task failed with exception
Traceback (most recent call last):
  File "/home/mohammed/venv/lib/python3.11/site-packages/airflow/models/taskinstance.py", line 768, in _execute_task
    result = _execute_callable(context=context, **execute_callable_kwargs)
             ^^^^^^^^^^^^^^^^^^^^^^^^^^^^^^^^^^^^^^^^^^^^^^^^^^^^^^^^^^^^^
  File "/home/mohammed/venv/lib/python3.11/site-packages/airflow/models/taskinstance.py", line 734, in _execute_callable
    return ExecutionCallableRunner(
           ^^^^^^^^^^^^^^^^^^^^^^^^
  File "/home/mohammed/venv/lib/python3.11/site-packages/airflow/utils/operator_helpers.py", line 252, in run
    return self.func(*args, **kwargs)
           ^^^^^^^^^^^^^^^^^^^^^^^^^^
  File "/home/mohammed/venv/lib/python3.11/site-packages/airflow/models/baseoperator.py", line 424, in wrapper
    return func(self, *args, **kwargs)
           ^^^^^^^^^^^^^^^^^^^^^^^^^^^
  File "/home/mohammed/venv/lib/python3.11/site-packages/airflow/operators/bash.py", line 276, in execute
    raise AirflowException(
airflow.exceptions.AirflowException: Bash command failed. The command returned a non-zero exit code 1.
[2025-03-18T16:58:54.157+0000] {logging_mixin.py:190} INFO - Task instance in failure state
[2025-03-18T16:58:54.161+0000] {logging_mixin.py:190} INFO - Task start:2025-03-18 16:57:23.456179+00:00 end:2025-03-18 16:58:54.109484+00:00 duration:90.653305
[2025-03-18T16:58:54.185+0000] {logging_mixin.py:190} INFO - Task:<Task(BashOperator): dbt_run> dag:<DAG: load_dbt_clean_reviews_pipeline> dagrun:<DagRun load_dbt_clean_reviews_pipeline @ 2024-03-26 00:00:00+00:00: scheduled__2024-03-26T00:00:00+00:00, state:running, queued_at: 2025-03-18 16:57:17.373679+00:00. externally triggered: False>
[2025-03-18T16:58:54.187+0000] {logging_mixin.py:190} INFO - Failure caused by Bash command failed. The command returned a non-zero exit code 1.
[2025-03-18T16:58:54.191+0000] {taskinstance.py:1226} INFO - Marking task as UP_FOR_RETRY. dag_id=load_dbt_clean_reviews_pipeline, task_id=dbt_run, run_id=scheduled__2024-03-26T00:00:00+00:00, execution_date=20240326T000000, start_date=20250318T165723, end_date=20250318T165854
[2025-03-18T16:58:55.641+0000] {taskinstance.py:341} INFO - ::group::Post task execution logs
[2025-03-18T16:58:55.652+0000] {standard_task_runner.py:124} ERROR - Failed to execute job 741 for task dbt_run (Bash command failed. The command returned a non-zero exit code 1.; 43190)
Traceback (most recent call last):
  File "/home/mohammed/venv/lib/python3.11/site-packages/airflow/task/task_runner/standard_task_runner.py", line 117, in _start_by_fork
    ret = args.func(args, dag=self.dag)
          ^^^^^^^^^^^^^^^^^^^^^^^^^^^^^
  File "/home/mohammed/venv/lib/python3.11/site-packages/airflow/cli/cli_config.py", line 49, in command
    return func(*args, **kwargs)
           ^^^^^^^^^^^^^^^^^^^^^
  File "/home/mohammed/venv/lib/python3.11/site-packages/airflow/utils/cli.py", line 116, in wrapper
    return f(*args, **kwargs)
           ^^^^^^^^^^^^^^^^^^
  File "/home/mohammed/venv/lib/python3.11/site-packages/airflow/cli/commands/task_command.py", line 483, in task_run
    task_return_code = _run_task_by_selected_method(args, _dag, ti)
                       ^^^^^^^^^^^^^^^^^^^^^^^^^^^^^^^^^^^^^^^^^^^^
  File "/home/mohammed/venv/lib/python3.11/site-packages/airflow/cli/commands/task_command.py", line 256, in _run_task_by_selected_method
    return _run_raw_task(args, ti)
           ^^^^^^^^^^^^^^^^^^^^^^^
  File "/home/mohammed/venv/lib/python3.11/site-packages/airflow/cli/commands/task_command.py", line 341, in _run_raw_task
    return ti._run_raw_task(
           ^^^^^^^^^^^^^^^^^
  File "/home/mohammed/venv/lib/python3.11/site-packages/airflow/utils/session.py", line 97, in wrapper
    return func(*args, session=session, **kwargs)
           ^^^^^^^^^^^^^^^^^^^^^^^^^^^^^^^^^^^^^^
  File "/home/mohammed/venv/lib/python3.11/site-packages/airflow/models/taskinstance.py", line 3006, in _run_raw_task
    return _run_raw_task(
           ^^^^^^^^^^^^^^
  File "/home/mohammed/venv/lib/python3.11/site-packages/airflow/models/taskinstance.py", line 274, in _run_raw_task
    TaskInstance._execute_task_with_callbacks(
  File "/home/mohammed/venv/lib/python3.11/site-packages/airflow/models/taskinstance.py", line 3161, in _execute_task_with_callbacks
    result = self._execute_task(context, task_orig)
             ^^^^^^^^^^^^^^^^^^^^^^^^^^^^^^^^^^^^^^
  File "/home/mohammed/venv/lib/python3.11/site-packages/airflow/models/taskinstance.py", line 3185, in _execute_task
    return _execute_task(self, context, task_orig)
           ^^^^^^^^^^^^^^^^^^^^^^^^^^^^^^^^^^^^^^^
  File "/home/mohammed/venv/lib/python3.11/site-packages/airflow/models/taskinstance.py", line 768, in _execute_task
    result = _execute_callable(context=context, **execute_callable_kwargs)
             ^^^^^^^^^^^^^^^^^^^^^^^^^^^^^^^^^^^^^^^^^^^^^^^^^^^^^^^^^^^^^
  File "/home/mohammed/venv/lib/python3.11/site-packages/airflow/models/taskinstance.py", line 734, in _execute_callable
    return ExecutionCallableRunner(
           ^^^^^^^^^^^^^^^^^^^^^^^^
  File "/home/mohammed/venv/lib/python3.11/site-packages/airflow/utils/operator_helpers.py", line 252, in run
    return self.func(*args, **kwargs)
           ^^^^^^^^^^^^^^^^^^^^^^^^^^
  File "/home/mohammed/venv/lib/python3.11/site-packages/airflow/models/baseoperator.py", line 424, in wrapper
    return func(self, *args, **kwargs)
           ^^^^^^^^^^^^^^^^^^^^^^^^^^^
  File "/home/mohammed/venv/lib/python3.11/site-packages/airflow/operators/bash.py", line 276, in execute
    raise AirflowException(
airflow.exceptions.AirflowException: Bash command failed. The command returned a non-zero exit code 1.
[2025-03-18T16:58:55.800+0000] {local_task_job_runner.py:266} INFO - Task exited with return code 1
[2025-03-18T16:58:56.111+0000] {local_task_job_runner.py:245} INFO - ::endgroup::
