[2025-03-28T13:34:02.822+0000] {local_task_job_runner.py:123} INFO - ::group::Pre task execution logs
[2025-03-28T13:34:03.025+0000] {taskinstance.py:2614} INFO - Dependencies all met for dep_context=non-requeueable deps ti=<TaskInstance: load_dbt_clean_reviews_pipeline.dbt_run_transactional scheduled__2024-12-20T00:00:00+00:00 [queued]>
[2025-03-28T13:34:03.116+0000] {taskinstance.py:2614} INFO - Dependencies all met for dep_context=requeueable deps ti=<TaskInstance: load_dbt_clean_reviews_pipeline.dbt_run_transactional scheduled__2024-12-20T00:00:00+00:00 [queued]>
[2025-03-28T13:34:03.118+0000] {taskinstance.py:2867} INFO - Starting attempt 1 of 2
[2025-03-28T13:34:03.494+0000] {taskinstance.py:2890} INFO - Executing <Task(BashOperator): dbt_run_transactional> on 2024-12-20 00:00:00+00:00
[2025-03-28T13:34:03.507+0000] {standard_task_runner.py:72} INFO - Started process 4437 to run task
[2025-03-28T13:34:03.556+0000] {standard_task_runner.py:104} INFO - Running: ['airflow', 'tasks', 'run', 'load_dbt_clean_reviews_pipeline', 'dbt_run_transactional', 'scheduled__2024-12-20T00:00:00+00:00', '--job-id', '2281', '--raw', '--subdir', 'DAGS_FOLDER/dag_load_reviews.py', '--cfg-path', '/tmp/tmp7fbgra92']
[2025-03-28T13:34:03.586+0000] {standard_task_runner.py:105} INFO - Job 2281: Subtask dbt_run_transactional
[2025-03-28T13:34:04.161+0000] {task_command.py:467} INFO - Running <TaskInstance: load_dbt_clean_reviews_pipeline.dbt_run_transactional scheduled__2024-12-20T00:00:00+00:00 [running]> on host DESKTOP-IM7V4RI.
[2025-03-28T13:34:05.114+0000] {taskinstance.py:3134} INFO - Exporting env vars: AIRFLOW_CTX_DAG_OWNER='mohammed' AIRFLOW_CTX_DAG_ID='load_dbt_clean_reviews_pipeline' AIRFLOW_CTX_TASK_ID='dbt_run_transactional' AIRFLOW_CTX_EXECUTION_DATE='2024-12-20T00:00:00+00:00' AIRFLOW_CTX_TRY_NUMBER='1' AIRFLOW_CTX_DAG_RUN_ID='scheduled__2024-12-20T00:00:00+00:00'
[2025-03-28T13:34:05.116+0000] {logging_mixin.py:190} INFO - Task instance is in running state
[2025-03-28T13:34:05.117+0000] {logging_mixin.py:190} INFO -  Previous state of the Task instance: queued
[2025-03-28T13:34:05.117+0000] {logging_mixin.py:190} INFO - Current task name:dbt_run_transactional state:running start_date:2025-03-28 13:34:03.026819+00:00
[2025-03-28T13:34:05.118+0000] {logging_mixin.py:190} INFO - Dag name:load_dbt_clean_reviews_pipeline and current dag run status:running
[2025-03-28T13:34:05.119+0000] {taskinstance.py:732} INFO - ::endgroup::
[2025-03-28T13:34:05.121+0000] {subprocess.py:78} INFO - Tmp dir root location: /tmp
[2025-03-28T13:34:05.123+0000] {subprocess.py:88} INFO - Running command: ['/usr/bin/bash', '-c', 'cd /home/mohammed/.dbt/dbt_projects/bank_reviews_transactional && dbt run']
[2025-03-28T13:34:05.221+0000] {subprocess.py:99} INFO - Output:
[2025-03-28T13:34:27.076+0000] {subprocess.py:106} INFO - [0m13:34:27  Running with dbt=1.9.3
[2025-03-28T13:34:30.303+0000] {subprocess.py:106} INFO - [0m13:34:30  Registered adapter: postgres=1.9.0
[2025-03-28T13:34:33.344+0000] {subprocess.py:106} INFO - [0m13:34:33  [[33mWARNING[0m]: Configuration paths exist in your dbt_project.yml file which do not apply to any resources.
[2025-03-28T13:34:33.368+0000] {subprocess.py:106} INFO - There are 1 unused configuration paths:
[2025-03-28T13:34:33.369+0000] {subprocess.py:106} INFO - - models.bank_reviews_transactional.transactional
[2025-03-28T13:34:34.796+0000] {subprocess.py:106} INFO - [0m13:34:34  Found 1 model, 1 source, 433 macros
[2025-03-28T13:34:34.812+0000] {subprocess.py:106} INFO - [0m13:34:34
[2025-03-28T13:34:34.814+0000] {subprocess.py:106} INFO - [0m13:34:34  Concurrency: 4 threads (target='dev')
[2025-03-28T13:34:34.826+0000] {subprocess.py:106} INFO - [0m13:34:34
[2025-03-28T13:34:35.697+0000] {subprocess.py:106} INFO - [0m13:34:35  1 of 1 START sql table model transactional.clean_reviews ....................... [RUN]
[2025-03-28T13:34:42.182+0000] {subprocess.py:106} INFO - [0m13:34:42  1 of 1 ERROR creating sql table model transactional.clean_reviews .............. [[31mERROR[0m in 6.46s]
[2025-03-28T13:34:42.360+0000] {subprocess.py:106} INFO - [0m13:34:42
[2025-03-28T13:34:42.363+0000] {subprocess.py:106} INFO - [0m13:34:42  Finished running 1 table model in 0 hours 0 minutes and 7.53 seconds (7.53s).
[2025-03-28T13:34:42.584+0000] {subprocess.py:106} INFO - [0m13:34:42
[2025-03-28T13:34:42.610+0000] {subprocess.py:106} INFO - [0m13:34:42  [31mCompleted with 1 error, 0 partial successes, and 0 warnings:[0m
[2025-03-28T13:34:42.613+0000] {subprocess.py:106} INFO - [0m13:34:42
[2025-03-28T13:34:42.617+0000] {subprocess.py:106} INFO - [0m13:34:42    Database Error in model clean_reviews (models/clean_reviews.sql)
[2025-03-28T13:34:42.618+0000] {subprocess.py:106} INFO -   relation "clean_reviews__dbt_backup" already exists
[2025-03-28T13:34:42.618+0000] {subprocess.py:106} INFO -   compiled code at target/run/bank_reviews_transactional/models/clean_reviews.sql
[2025-03-28T13:34:42.635+0000] {subprocess.py:106} INFO - [0m13:34:42
[2025-03-28T13:34:42.638+0000] {subprocess.py:106} INFO - [0m13:34:42  Done. PASS=0 WARN=0 ERROR=1 SKIP=0 TOTAL=1
[2025-03-28T13:34:45.652+0000] {subprocess.py:110} INFO - Command exited with return code 1
[2025-03-28T13:34:45.816+0000] {taskinstance.py:3313} ERROR - Task failed with exception
Traceback (most recent call last):
  File "/home/mohammed/venv/lib/python3.11/site-packages/airflow/models/taskinstance.py", line 768, in _execute_task
    result = _execute_callable(context=context, **execute_callable_kwargs)
             ^^^^^^^^^^^^^^^^^^^^^^^^^^^^^^^^^^^^^^^^^^^^^^^^^^^^^^^^^^^^^
  File "/home/mohammed/venv/lib/python3.11/site-packages/airflow/models/taskinstance.py", line 734, in _execute_callable
    return ExecutionCallableRunner(
           ^^^^^^^^^^^^^^^^^^^^^^^^
  File "/home/mohammed/venv/lib/python3.11/site-packages/airflow/utils/operator_helpers.py", line 252, in run
    return self.func(*args, **kwargs)
           ^^^^^^^^^^^^^^^^^^^^^^^^^^
  File "/home/mohammed/venv/lib/python3.11/site-packages/airflow/models/baseoperator.py", line 424, in wrapper
    return func(self, *args, **kwargs)
           ^^^^^^^^^^^^^^^^^^^^^^^^^^^
  File "/home/mohammed/venv/lib/python3.11/site-packages/airflow/operators/bash.py", line 276, in execute
    raise AirflowException(
airflow.exceptions.AirflowException: Bash command failed. The command returned a non-zero exit code 1.
[2025-03-28T13:34:45.858+0000] {logging_mixin.py:190} INFO - Task instance in failure state
[2025-03-28T13:34:45.859+0000] {logging_mixin.py:190} INFO - Task start:2025-03-28 13:34:03.026819+00:00 end:2025-03-28 13:34:45.854376+00:00 duration:42.827557
[2025-03-28T13:34:45.860+0000] {logging_mixin.py:190} INFO - Task:<Task(BashOperator): dbt_run_transactional> dag:<DAG: load_dbt_clean_reviews_pipeline> dagrun:<DagRun load_dbt_clean_reviews_pipeline @ 2024-12-20 00:00:00+00:00: scheduled__2024-12-20T00:00:00+00:00, state:running, queued_at: 2025-03-28 13:33:54.309281+00:00. externally triggered: False>
[2025-03-28T13:34:45.861+0000] {logging_mixin.py:190} INFO - Failure caused by Bash command failed. The command returned a non-zero exit code 1.
[2025-03-28T13:34:45.862+0000] {taskinstance.py:1226} INFO - Marking task as UP_FOR_RETRY. dag_id=load_dbt_clean_reviews_pipeline, task_id=dbt_run_transactional, run_id=scheduled__2024-12-20T00:00:00+00:00, execution_date=20241220T000000, start_date=20250328T133403, end_date=20250328T133445
[2025-03-28T13:34:46.297+0000] {taskinstance.py:341} INFO - ::group::Post task execution logs
[2025-03-28T13:34:46.308+0000] {standard_task_runner.py:124} ERROR - Failed to execute job 2281 for task dbt_run_transactional (Bash command failed. The command returned a non-zero exit code 1.; 4437)
Traceback (most recent call last):
  File "/home/mohammed/venv/lib/python3.11/site-packages/airflow/task/task_runner/standard_task_runner.py", line 117, in _start_by_fork
    ret = args.func(args, dag=self.dag)
          ^^^^^^^^^^^^^^^^^^^^^^^^^^^^^
  File "/home/mohammed/venv/lib/python3.11/site-packages/airflow/cli/cli_config.py", line 49, in command
    return func(*args, **kwargs)
           ^^^^^^^^^^^^^^^^^^^^^
  File "/home/mohammed/venv/lib/python3.11/site-packages/airflow/utils/cli.py", line 116, in wrapper
    return f(*args, **kwargs)
           ^^^^^^^^^^^^^^^^^^
  File "/home/mohammed/venv/lib/python3.11/site-packages/airflow/cli/commands/task_command.py", line 483, in task_run
    task_return_code = _run_task_by_selected_method(args, _dag, ti)
                       ^^^^^^^^^^^^^^^^^^^^^^^^^^^^^^^^^^^^^^^^^^^^
  File "/home/mohammed/venv/lib/python3.11/site-packages/airflow/cli/commands/task_command.py", line 256, in _run_task_by_selected_method
    return _run_raw_task(args, ti)
           ^^^^^^^^^^^^^^^^^^^^^^^
  File "/home/mohammed/venv/lib/python3.11/site-packages/airflow/cli/commands/task_command.py", line 341, in _run_raw_task
    return ti._run_raw_task(
           ^^^^^^^^^^^^^^^^^
  File "/home/mohammed/venv/lib/python3.11/site-packages/airflow/utils/session.py", line 97, in wrapper
    return func(*args, session=session, **kwargs)
           ^^^^^^^^^^^^^^^^^^^^^^^^^^^^^^^^^^^^^^
  File "/home/mohammed/venv/lib/python3.11/site-packages/airflow/models/taskinstance.py", line 3006, in _run_raw_task
    return _run_raw_task(
           ^^^^^^^^^^^^^^
  File "/home/mohammed/venv/lib/python3.11/site-packages/airflow/models/taskinstance.py", line 274, in _run_raw_task
    TaskInstance._execute_task_with_callbacks(
  File "/home/mohammed/venv/lib/python3.11/site-packages/airflow/models/taskinstance.py", line 3161, in _execute_task_with_callbacks
    result = self._execute_task(context, task_orig)
             ^^^^^^^^^^^^^^^^^^^^^^^^^^^^^^^^^^^^^^
  File "/home/mohammed/venv/lib/python3.11/site-packages/airflow/models/taskinstance.py", line 3185, in _execute_task
    return _execute_task(self, context, task_orig)
           ^^^^^^^^^^^^^^^^^^^^^^^^^^^^^^^^^^^^^^^
  File "/home/mohammed/venv/lib/python3.11/site-packages/airflow/models/taskinstance.py", line 768, in _execute_task
    result = _execute_callable(context=context, **execute_callable_kwargs)
             ^^^^^^^^^^^^^^^^^^^^^^^^^^^^^^^^^^^^^^^^^^^^^^^^^^^^^^^^^^^^^
  File "/home/mohammed/venv/lib/python3.11/site-packages/airflow/models/taskinstance.py", line 734, in _execute_callable
    return ExecutionCallableRunner(
           ^^^^^^^^^^^^^^^^^^^^^^^^
  File "/home/mohammed/venv/lib/python3.11/site-packages/airflow/utils/operator_helpers.py", line 252, in run
    return self.func(*args, **kwargs)
           ^^^^^^^^^^^^^^^^^^^^^^^^^^
  File "/home/mohammed/venv/lib/python3.11/site-packages/airflow/models/baseoperator.py", line 424, in wrapper
    return func(self, *args, **kwargs)
           ^^^^^^^^^^^^^^^^^^^^^^^^^^^
  File "/home/mohammed/venv/lib/python3.11/site-packages/airflow/operators/bash.py", line 276, in execute
    raise AirflowException(
airflow.exceptions.AirflowException: Bash command failed. The command returned a non-zero exit code 1.
[2025-03-28T13:34:46.359+0000] {local_task_job_runner.py:266} INFO - Task exited with return code 1
[2025-03-28T13:34:46.550+0000] {taskinstance.py:3901} INFO - 0 downstream tasks scheduled from follow-on schedule check
[2025-03-28T13:34:46.566+0000] {local_task_job_runner.py:245} INFO - ::endgroup::
