[2025-03-28T22:40:18.490+0000] {local_task_job_runner.py:123} INFO - ::group::Pre task execution logs
[2025-03-28T22:40:20.403+0000] {taskinstance.py:2614} INFO - Dependencies all met for dep_context=non-requeueable deps ti=<TaskInstance: bank_reviews_etl_and_analysis_pipeline.dbt_run_decisionnal scheduled__2024-05-26T00:00:00+00:00 [queued]>
[2025-03-28T22:40:20.618+0000] {taskinstance.py:2614} INFO - Dependencies all met for dep_context=requeueable deps ti=<TaskInstance: bank_reviews_etl_and_analysis_pipeline.dbt_run_decisionnal scheduled__2024-05-26T00:00:00+00:00 [queued]>
[2025-03-28T22:40:20.619+0000] {taskinstance.py:2867} INFO - Starting attempt 1 of 2
[2025-03-28T22:40:21.235+0000] {taskinstance.py:2890} INFO - Executing <Task(BashOperator): dbt_run_decisionnal> on 2024-05-26 00:00:00+00:00
[2025-03-28T22:40:22.360+0000] {standard_task_runner.py:72} INFO - Started process 573566 to run task
[2025-03-28T22:40:25.423+0000] {standard_task_runner.py:104} INFO - Running: ['airflow', 'tasks', 'run', 'bank_reviews_etl_and_analysis_pipeline', 'dbt_run_decisionnal', 'scheduled__2024-05-26T00:00:00+00:00', '--job-id', '2387', '--raw', '--subdir', 'DAGS_FOLDER/dag_load_reviews.py', '--cfg-path', '/tmp/tmpy_o6lhy7']
[2025-03-28T22:40:25.542+0000] {standard_task_runner.py:105} INFO - Job 2387: Subtask dbt_run_decisionnal
[2025-03-28T22:40:42.035+0000] {job.py:229} INFO - Heartbeat recovered after 26.03 seconds
[2025-03-28T22:40:52.013+0000] {task_command.py:467} INFO - Running <TaskInstance: bank_reviews_etl_and_analysis_pipeline.dbt_run_decisionnal scheduled__2024-05-26T00:00:00+00:00 [running]> on host DESKTOP-IM7V4RI.
[2025-03-28T22:40:53.506+0000] {job.py:229} INFO - Heartbeat recovered after 14.08 seconds
[2025-03-28T22:41:05.378+0000] {job.py:229} INFO - Heartbeat recovered after 12.05 seconds
[2025-03-28T22:41:07.259+0000] {taskinstance.py:3134} INFO - Exporting env vars: AIRFLOW_CTX_DAG_OWNER='mohammed' AIRFLOW_CTX_DAG_ID='bank_reviews_etl_and_analysis_pipeline' AIRFLOW_CTX_TASK_ID='dbt_run_decisionnal' AIRFLOW_CTX_EXECUTION_DATE='2024-05-26T00:00:00+00:00' AIRFLOW_CTX_TRY_NUMBER='1' AIRFLOW_CTX_DAG_RUN_ID='scheduled__2024-05-26T00:00:00+00:00'
[2025-03-28T22:41:07.642+0000] {logging_mixin.py:190} INFO - Task instance is in running state
[2025-03-28T22:41:07.643+0000] {logging_mixin.py:190} INFO -  Previous state of the Task instance: queued
[2025-03-28T22:41:07.646+0000] {logging_mixin.py:190} INFO - Current task name:dbt_run_decisionnal state:running start_date:2025-03-28 22:40:20.450778+00:00
[2025-03-28T22:41:07.649+0000] {logging_mixin.py:190} INFO - Dag name:bank_reviews_etl_and_analysis_pipeline and current dag run status:running
[2025-03-28T22:41:07.693+0000] {taskinstance.py:732} INFO - ::endgroup::
[2025-03-28T22:41:07.905+0000] {subprocess.py:78} INFO - Tmp dir root location: /tmp
[2025-03-28T22:41:08.115+0000] {subprocess.py:88} INFO - Running command: ['/usr/bin/bash', '-c', 'cd /home/mohammed/.dbt/dbt_projects/bank_reviews_decisionnal && dbt run']
[2025-03-28T22:41:09.213+0000] {subprocess.py:99} INFO - Output:
[2025-03-28T22:42:07.395+0000] {job.py:229} INFO - Heartbeat recovered after 11.11 seconds
[2025-03-28T22:42:20.210+0000] {job.py:229} INFO - Heartbeat recovered after 12.93 seconds
[2025-03-28T22:42:40.390+0000] {subprocess.py:106} INFO - [0m22:42:40  Running with dbt=1.9.3
[2025-03-28T22:42:47.785+0000] {subprocess.py:106} INFO - [0m22:42:47  Registered adapter: postgres=1.9.0
[2025-03-28T22:42:51.660+0000] {subprocess.py:106} INFO - [0m22:42:51  [[33mWARNING[0m]: Configuration paths exist in your dbt_project.yml file which do not apply to any resources.
[2025-03-28T22:42:51.719+0000] {subprocess.py:106} INFO - There are 1 unused configuration paths:
[2025-03-28T22:42:51.720+0000] {subprocess.py:106} INFO - - models.bank_reviews_decisionnal.decisionnal
[2025-03-28T22:42:54.874+0000] {subprocess.py:106} INFO - [0m22:42:54  Found 5 models, 2 sources, 547 macros
[2025-03-28T22:42:54.893+0000] {subprocess.py:106} INFO - [0m22:42:54
[2025-03-28T22:42:54.911+0000] {subprocess.py:106} INFO - [0m22:42:54  Concurrency: 4 threads (target='dev')
[2025-03-28T22:42:54.920+0000] {subprocess.py:106} INFO - [0m22:42:54
[2025-03-28T22:43:08.514+0000] {job.py:229} INFO - Heartbeat recovered after 14.38 seconds
[2025-03-28T22:43:08.786+0000] {subprocess.py:106} INFO - [0m22:43:08  1 of 5 START sql view model decisionnal.dim_bank ............................... [RUN]
[2025-03-28T22:43:08.814+0000] {subprocess.py:106} INFO - [0m22:43:08  2 of 5 START sql view model decisionnal.dim_branch ............................. [RUN]
[2025-03-28T22:43:08.817+0000] {subprocess.py:106} INFO - [0m22:43:08  4 of 5 START sql view model decisionnal.dim_sentiment .......................... [RUN]
[2025-03-28T22:43:08.818+0000] {subprocess.py:106} INFO - [0m22:43:08  3 of 5 START sql view model decisionnal.dim_location ........................... [RUN]
[2025-03-28T22:43:45.323+0000] {subprocess.py:106} INFO - [0m22:43:45  2 of 5 OK created sql view model decisionnal.dim_branch ........................ [[32mCREATE VIEW[0m in 36.47s]
[2025-03-28T22:43:45.345+0000] {subprocess.py:106} INFO - [0m22:43:45  4 of 5 OK created sql view model decisionnal.dim_sentiment ..................... [[32mCREATE VIEW[0m in 36.46s]
[2025-03-28T22:43:45.654+0000] {job.py:229} INFO - Heartbeat recovered after 37.22 seconds
[2025-03-28T22:43:46.205+0000] {subprocess.py:106} INFO - [0m22:43:46  3 of 5 ERROR creating sql view model decisionnal.dim_location .................. [[31mERROR[0m in 37.40s]
[2025-03-28T22:43:46.889+0000] {subprocess.py:106} INFO - [0m22:43:46  1 of 5 ERROR creating sql view model decisionnal.dim_bank ...................... [[31mERROR[0m in 38.07s]
[2025-03-28T22:43:46.916+0000] {subprocess.py:106} INFO - [0m22:43:46  5 of 5 SKIP relation decisionnal.fact_reviews .................................. [[33mSKIP[0m]
[2025-03-28T22:43:47.099+0000] {subprocess.py:106} INFO - [0m22:43:47
[2025-03-28T22:43:47.104+0000] {subprocess.py:106} INFO - [0m22:43:47  Finished running 5 view models in 0 hours 0 minutes and 52.16 seconds (52.16s).
[2025-03-28T22:43:47.364+0000] {subprocess.py:106} INFO - [0m22:43:47
[2025-03-28T22:43:47.372+0000] {subprocess.py:106} INFO - [0m22:43:47  [31mCompleted with 2 errors, 0 partial successes, and 0 warnings:[0m
[2025-03-28T22:43:47.375+0000] {subprocess.py:106} INFO - [0m22:43:47
[2025-03-28T22:43:47.380+0000] {subprocess.py:106} INFO - [0m22:43:47    Database Error in model dim_location (models/dim_location.sql)
[2025-03-28T22:43:47.381+0000] {subprocess.py:106} INFO -   relation "dim_location" already exists
[2025-03-28T22:43:47.388+0000] {subprocess.py:106} INFO -   compiled code at target/run/bank_reviews_decisionnal/models/dim_location.sql
[2025-03-28T22:43:47.406+0000] {subprocess.py:106} INFO - [0m22:43:47
[2025-03-28T22:43:47.408+0000] {subprocess.py:106} INFO - [0m22:43:47    Database Error in model dim_bank (models/dim_bank.sql)
[2025-03-28T22:43:47.410+0000] {subprocess.py:106} INFO -   relation "dim_bank" already exists
[2025-03-28T22:43:47.415+0000] {subprocess.py:106} INFO -   compiled code at target/run/bank_reviews_decisionnal/models/dim_bank.sql
[2025-03-28T22:43:47.420+0000] {subprocess.py:106} INFO - [0m22:43:47
[2025-03-28T22:43:47.427+0000] {subprocess.py:106} INFO - [0m22:43:47  Done. PASS=2 WARN=0 ERROR=2 SKIP=1 TOTAL=5
[2025-03-28T22:43:50.603+0000] {subprocess.py:110} INFO - Command exited with return code 1
[2025-03-28T22:43:53.179+0000] {taskinstance.py:3313} ERROR - Task failed with exception
Traceback (most recent call last):
  File "/home/mohammed/venv/lib/python3.11/site-packages/airflow/models/taskinstance.py", line 768, in _execute_task
    result = _execute_callable(context=context, **execute_callable_kwargs)
             ^^^^^^^^^^^^^^^^^^^^^^^^^^^^^^^^^^^^^^^^^^^^^^^^^^^^^^^^^^^^^
  File "/home/mohammed/venv/lib/python3.11/site-packages/airflow/models/taskinstance.py", line 734, in _execute_callable
    return ExecutionCallableRunner(
           ^^^^^^^^^^^^^^^^^^^^^^^^
  File "/home/mohammed/venv/lib/python3.11/site-packages/airflow/utils/operator_helpers.py", line 252, in run
    return self.func(*args, **kwargs)
           ^^^^^^^^^^^^^^^^^^^^^^^^^^
  File "/home/mohammed/venv/lib/python3.11/site-packages/airflow/models/baseoperator.py", line 424, in wrapper
    return func(self, *args, **kwargs)
           ^^^^^^^^^^^^^^^^^^^^^^^^^^^
  File "/home/mohammed/venv/lib/python3.11/site-packages/airflow/operators/bash.py", line 276, in execute
    raise AirflowException(
airflow.exceptions.AirflowException: Bash command failed. The command returned a non-zero exit code 1.
[2025-03-28T22:43:53.624+0000] {logging_mixin.py:190} INFO - Task instance in failure state
[2025-03-28T22:43:53.626+0000] {logging_mixin.py:190} INFO - Task start:2025-03-28 22:40:20.450778+00:00 end:2025-03-28 22:43:53.528170+00:00 duration:213.077392
[2025-03-28T22:43:53.688+0000] {logging_mixin.py:190} INFO - Task:<Task(BashOperator): dbt_run_decisionnal> dag:<DAG: bank_reviews_etl_and_analysis_pipeline> dagrun:<DagRun bank_reviews_etl_and_analysis_pipeline @ 2024-05-26 00:00:00+00:00: scheduled__2024-05-26T00:00:00+00:00, state:running, queued_at: 2025-03-28 22:39:59.882115+00:00. externally triggered: False>
[2025-03-28T22:43:53.697+0000] {logging_mixin.py:190} INFO - Failure caused by Bash command failed. The command returned a non-zero exit code 1.
[2025-03-28T22:43:53.717+0000] {taskinstance.py:1226} INFO - Marking task as UP_FOR_RETRY. dag_id=bank_reviews_etl_and_analysis_pipeline, task_id=dbt_run_decisionnal, run_id=scheduled__2024-05-26T00:00:00+00:00, execution_date=20240526T000000, start_date=20250328T224020, end_date=20250328T224353
[2025-03-28T22:43:55.191+0000] {taskinstance.py:341} INFO - ::group::Post task execution logs
[2025-03-28T22:43:55.303+0000] {standard_task_runner.py:124} ERROR - Failed to execute job 2387 for task dbt_run_decisionnal (Bash command failed. The command returned a non-zero exit code 1.; 573566)
Traceback (most recent call last):
  File "/home/mohammed/venv/lib/python3.11/site-packages/airflow/task/task_runner/standard_task_runner.py", line 117, in _start_by_fork
    ret = args.func(args, dag=self.dag)
          ^^^^^^^^^^^^^^^^^^^^^^^^^^^^^
  File "/home/mohammed/venv/lib/python3.11/site-packages/airflow/cli/cli_config.py", line 49, in command
    return func(*args, **kwargs)
           ^^^^^^^^^^^^^^^^^^^^^
  File "/home/mohammed/venv/lib/python3.11/site-packages/airflow/utils/cli.py", line 116, in wrapper
    return f(*args, **kwargs)
           ^^^^^^^^^^^^^^^^^^
  File "/home/mohammed/venv/lib/python3.11/site-packages/airflow/cli/commands/task_command.py", line 483, in task_run
    task_return_code = _run_task_by_selected_method(args, _dag, ti)
                       ^^^^^^^^^^^^^^^^^^^^^^^^^^^^^^^^^^^^^^^^^^^^
  File "/home/mohammed/venv/lib/python3.11/site-packages/airflow/cli/commands/task_command.py", line 256, in _run_task_by_selected_method
    return _run_raw_task(args, ti)
           ^^^^^^^^^^^^^^^^^^^^^^^
  File "/home/mohammed/venv/lib/python3.11/site-packages/airflow/cli/commands/task_command.py", line 341, in _run_raw_task
    return ti._run_raw_task(
           ^^^^^^^^^^^^^^^^^
  File "/home/mohammed/venv/lib/python3.11/site-packages/airflow/utils/session.py", line 97, in wrapper
    return func(*args, session=session, **kwargs)
           ^^^^^^^^^^^^^^^^^^^^^^^^^^^^^^^^^^^^^^
  File "/home/mohammed/venv/lib/python3.11/site-packages/airflow/models/taskinstance.py", line 3006, in _run_raw_task
    return _run_raw_task(
           ^^^^^^^^^^^^^^
  File "/home/mohammed/venv/lib/python3.11/site-packages/airflow/models/taskinstance.py", line 274, in _run_raw_task
    TaskInstance._execute_task_with_callbacks(
  File "/home/mohammed/venv/lib/python3.11/site-packages/airflow/models/taskinstance.py", line 3161, in _execute_task_with_callbacks
    result = self._execute_task(context, task_orig)
             ^^^^^^^^^^^^^^^^^^^^^^^^^^^^^^^^^^^^^^
  File "/home/mohammed/venv/lib/python3.11/site-packages/airflow/models/taskinstance.py", line 3185, in _execute_task
    return _execute_task(self, context, task_orig)
           ^^^^^^^^^^^^^^^^^^^^^^^^^^^^^^^^^^^^^^^
  File "/home/mohammed/venv/lib/python3.11/site-packages/airflow/models/taskinstance.py", line 768, in _execute_task
    result = _execute_callable(context=context, **execute_callable_kwargs)
             ^^^^^^^^^^^^^^^^^^^^^^^^^^^^^^^^^^^^^^^^^^^^^^^^^^^^^^^^^^^^^
  File "/home/mohammed/venv/lib/python3.11/site-packages/airflow/models/taskinstance.py", line 734, in _execute_callable
    return ExecutionCallableRunner(
           ^^^^^^^^^^^^^^^^^^^^^^^^
  File "/home/mohammed/venv/lib/python3.11/site-packages/airflow/utils/operator_helpers.py", line 252, in run
    return self.func(*args, **kwargs)
           ^^^^^^^^^^^^^^^^^^^^^^^^^^
  File "/home/mohammed/venv/lib/python3.11/site-packages/airflow/models/baseoperator.py", line 424, in wrapper
    return func(self, *args, **kwargs)
           ^^^^^^^^^^^^^^^^^^^^^^^^^^^
  File "/home/mohammed/venv/lib/python3.11/site-packages/airflow/operators/bash.py", line 276, in execute
    raise AirflowException(
airflow.exceptions.AirflowException: Bash command failed. The command returned a non-zero exit code 1.
[2025-03-28T22:43:55.526+0000] {local_task_job_runner.py:266} INFO - Task exited with return code 1
[2025-03-28T22:43:56.051+0000] {local_task_job_runner.py:245} INFO - ::endgroup::
