[2025-03-28T22:48:57.508+0000] {local_task_job_runner.py:123} INFO - ::group::Pre task execution logs
[2025-03-28T22:48:57.638+0000] {taskinstance.py:2614} INFO - Dependencies all met for dep_context=non-requeueable deps ti=<TaskInstance: bank_reviews_etl_and_analysis_pipeline.dbt_run_decisionnal scheduled__2024-05-26T00:00:00+00:00 [queued]>
[2025-03-28T22:48:57.673+0000] {taskinstance.py:2614} INFO - Dependencies all met for dep_context=requeueable deps ti=<TaskInstance: bank_reviews_etl_and_analysis_pipeline.dbt_run_decisionnal scheduled__2024-05-26T00:00:00+00:00 [queued]>
[2025-03-28T22:48:57.673+0000] {taskinstance.py:2867} INFO - Starting attempt 2 of 2
[2025-03-28T22:48:57.761+0000] {taskinstance.py:2890} INFO - Executing <Task(BashOperator): dbt_run_decisionnal> on 2024-05-26 00:00:00+00:00
[2025-03-28T22:48:57.787+0000] {standard_task_runner.py:72} INFO - Started process 581136 to run task
[2025-03-28T22:48:57.808+0000] {standard_task_runner.py:104} INFO - Running: ['airflow', 'tasks', 'run', 'bank_reviews_etl_and_analysis_pipeline', 'dbt_run_decisionnal', 'scheduled__2024-05-26T00:00:00+00:00', '--job-id', '2403', '--raw', '--subdir', 'DAGS_FOLDER/dag_load_reviews.py', '--cfg-path', '/tmp/tmpk665f6ti']
[2025-03-28T22:48:57.814+0000] {standard_task_runner.py:105} INFO - Job 2403: Subtask dbt_run_decisionnal
[2025-03-28T22:48:58.136+0000] {task_command.py:467} INFO - Running <TaskInstance: bank_reviews_etl_and_analysis_pipeline.dbt_run_decisionnal scheduled__2024-05-26T00:00:00+00:00 [running]> on host DESKTOP-IM7V4RI.
[2025-03-28T22:48:58.711+0000] {taskinstance.py:3134} INFO - Exporting env vars: AIRFLOW_CTX_DAG_OWNER='mohammed' AIRFLOW_CTX_DAG_ID='bank_reviews_etl_and_analysis_pipeline' AIRFLOW_CTX_TASK_ID='dbt_run_decisionnal' AIRFLOW_CTX_EXECUTION_DATE='2024-05-26T00:00:00+00:00' AIRFLOW_CTX_TRY_NUMBER='2' AIRFLOW_CTX_DAG_RUN_ID='scheduled__2024-05-26T00:00:00+00:00'
[2025-03-28T22:48:58.728+0000] {logging_mixin.py:190} INFO - Task instance is in running state
[2025-03-28T22:48:58.729+0000] {logging_mixin.py:190} INFO -  Previous state of the Task instance: queued
[2025-03-28T22:48:58.729+0000] {logging_mixin.py:190} INFO - Current task name:dbt_run_decisionnal state:running start_date:2025-03-28 22:48:57.639307+00:00
[2025-03-28T22:48:58.730+0000] {logging_mixin.py:190} INFO - Dag name:bank_reviews_etl_and_analysis_pipeline and current dag run status:running
[2025-03-28T22:48:58.730+0000] {taskinstance.py:732} INFO - ::endgroup::
[2025-03-28T22:48:58.735+0000] {subprocess.py:78} INFO - Tmp dir root location: /tmp
[2025-03-28T22:48:58.738+0000] {subprocess.py:88} INFO - Running command: ['/usr/bin/bash', '-c', 'cd /home/mohammed/.dbt/dbt_projects/bank_reviews_decisionnal && dbt run']
[2025-03-28T22:48:58.839+0000] {subprocess.py:99} INFO - Output:
[2025-03-28T22:49:09.712+0000] {subprocess.py:106} INFO - [0m22:49:09  Running with dbt=1.9.3
[2025-03-28T22:49:11.360+0000] {subprocess.py:106} INFO - [0m22:49:11  Registered adapter: postgres=1.9.0
[2025-03-28T22:49:15.481+0000] {subprocess.py:106} INFO - [0m22:49:15  [[33mWARNING[0m]: Configuration paths exist in your dbt_project.yml file which do not apply to any resources.
[2025-03-28T22:49:15.482+0000] {subprocess.py:106} INFO - There are 1 unused configuration paths:
[2025-03-28T22:49:15.483+0000] {subprocess.py:106} INFO - - models.bank_reviews_decisionnal.decisionnal
[2025-03-28T22:49:16.484+0000] {subprocess.py:106} INFO - [0m22:49:16  Found 5 models, 2 sources, 547 macros
[2025-03-28T22:49:16.505+0000] {subprocess.py:106} INFO - [0m22:49:16
[2025-03-28T22:49:16.505+0000] {subprocess.py:106} INFO - [0m22:49:16  Concurrency: 4 threads (target='dev')
[2025-03-28T22:49:16.506+0000] {subprocess.py:106} INFO - [0m22:49:16
[2025-03-28T22:49:17.536+0000] {subprocess.py:106} INFO - [0m22:49:17  1 of 5 START sql view model decisionnal.dim_bank ............................... [RUN]
[2025-03-28T22:49:17.559+0000] {subprocess.py:106} INFO - [0m22:49:17  2 of 5 START sql view model decisionnal.dim_branch ............................. [RUN]
[2025-03-28T22:49:17.563+0000] {subprocess.py:106} INFO - [0m22:49:17  4 of 5 START sql view model decisionnal.dim_sentiment .......................... [RUN]
[2025-03-28T22:49:17.567+0000] {subprocess.py:106} INFO - [0m22:49:17  3 of 5 START sql view model decisionnal.dim_location ........................... [RUN]
[2025-03-28T22:49:19.489+0000] {subprocess.py:106} INFO - [0m22:49:19  3 of 5 OK created sql view model decisionnal.dim_location ...................... [[32mCREATE VIEW[0m in 1.91s]
[2025-03-28T22:49:19.504+0000] {subprocess.py:106} INFO - [0m22:49:19  2 of 5 OK created sql view model decisionnal.dim_branch ........................ [[32mCREATE VIEW[0m in 1.93s]
[2025-03-28T22:49:19.592+0000] {subprocess.py:106} INFO - [0m22:49:19  1 of 5 OK created sql view model decisionnal.dim_bank .......................... [[32mCREATE VIEW[0m in 2.05s]
[2025-03-28T22:49:21.529+0000] {subprocess.py:106} INFO - [0m22:49:21  4 of 5 OK created sql view model decisionnal.dim_sentiment ..................... [[32mCREATE VIEW[0m in 3.97s]
[2025-03-28T22:49:21.556+0000] {subprocess.py:106} INFO - [0m22:49:21  5 of 5 START sql view model decisionnal.fact_reviews ........................... [RUN]
[2025-03-28T22:49:21.696+0000] {subprocess.py:106} INFO - [0m22:49:21  5 of 5 ERROR creating sql view model decisionnal.fact_reviews .................. [[31mERROR[0m in 0.14s]
[2025-03-28T22:49:21.829+0000] {subprocess.py:106} INFO - [0m22:49:21
[2025-03-28T22:49:21.831+0000] {subprocess.py:106} INFO - [0m22:49:21  Finished running 5 view models in 0 hours 0 minutes and 5.32 seconds (5.32s).
[2025-03-28T22:49:21.962+0000] {subprocess.py:106} INFO - [0m22:49:21
[2025-03-28T22:49:21.963+0000] {subprocess.py:106} INFO - [0m22:49:21  [31mCompleted with 1 error, 0 partial successes, and 0 warnings:[0m
[2025-03-28T22:49:21.966+0000] {subprocess.py:106} INFO - [0m22:49:21
[2025-03-28T22:49:21.967+0000] {subprocess.py:106} INFO - [0m22:49:21    Database Error in model fact_reviews (models/fact_reviews.sql)
[2025-03-28T22:49:21.968+0000] {subprocess.py:106} INFO -   column cr.topics does not exist
[2025-03-28T22:49:21.970+0000] {subprocess.py:106} INFO -   LINE 16:     cr.topics,
[2025-03-28T22:49:21.970+0000] {subprocess.py:106} INFO -                ^
[2025-03-28T22:49:21.971+0000] {subprocess.py:106} INFO -   HINT:  Perhaps you meant to reference the column "cr.topic".
[2025-03-28T22:49:21.972+0000] {subprocess.py:106} INFO -   compiled code at target/run/bank_reviews_decisionnal/models/fact_reviews.sql
[2025-03-28T22:49:21.972+0000] {subprocess.py:106} INFO - [0m22:49:21
[2025-03-28T22:49:21.973+0000] {subprocess.py:106} INFO - [0m22:49:21  Done. PASS=4 WARN=0 ERROR=1 SKIP=0 TOTAL=5
[2025-03-28T22:49:25.009+0000] {subprocess.py:110} INFO - Command exited with return code 1
[2025-03-28T22:49:25.071+0000] {taskinstance.py:3313} ERROR - Task failed with exception
Traceback (most recent call last):
  File "/home/mohammed/venv/lib/python3.11/site-packages/airflow/models/taskinstance.py", line 768, in _execute_task
    result = _execute_callable(context=context, **execute_callable_kwargs)
             ^^^^^^^^^^^^^^^^^^^^^^^^^^^^^^^^^^^^^^^^^^^^^^^^^^^^^^^^^^^^^
  File "/home/mohammed/venv/lib/python3.11/site-packages/airflow/models/taskinstance.py", line 734, in _execute_callable
    return ExecutionCallableRunner(
           ^^^^^^^^^^^^^^^^^^^^^^^^
  File "/home/mohammed/venv/lib/python3.11/site-packages/airflow/utils/operator_helpers.py", line 252, in run
    return self.func(*args, **kwargs)
           ^^^^^^^^^^^^^^^^^^^^^^^^^^
  File "/home/mohammed/venv/lib/python3.11/site-packages/airflow/models/baseoperator.py", line 424, in wrapper
    return func(self, *args, **kwargs)
           ^^^^^^^^^^^^^^^^^^^^^^^^^^^
  File "/home/mohammed/venv/lib/python3.11/site-packages/airflow/operators/bash.py", line 276, in execute
    raise AirflowException(
airflow.exceptions.AirflowException: Bash command failed. The command returned a non-zero exit code 1.
[2025-03-28T22:49:25.105+0000] {logging_mixin.py:190} INFO - Task instance in failure state
[2025-03-28T22:49:25.106+0000] {logging_mixin.py:190} INFO - Task start:2025-03-28 22:48:57.639307+00:00 end:2025-03-28 22:49:25.103649+00:00 duration:27.464342
[2025-03-28T22:49:25.106+0000] {logging_mixin.py:190} INFO - Task:<Task(BashOperator): dbt_run_decisionnal> dag:<DAG: bank_reviews_etl_and_analysis_pipeline> dagrun:<DagRun bank_reviews_etl_and_analysis_pipeline @ 2024-05-26 00:00:00+00:00: scheduled__2024-05-26T00:00:00+00:00, state:running, queued_at: 2025-03-28 22:39:59.882115+00:00. externally triggered: False>
[2025-03-28T22:49:25.107+0000] {logging_mixin.py:190} INFO - Failure caused by Bash command failed. The command returned a non-zero exit code 1.
[2025-03-28T22:49:25.107+0000] {taskinstance.py:1226} INFO - Marking task as FAILED. dag_id=bank_reviews_etl_and_analysis_pipeline, task_id=dbt_run_decisionnal, run_id=scheduled__2024-05-26T00:00:00+00:00, execution_date=20240526T000000, start_date=20250328T224857, end_date=20250328T224925
[2025-03-28T22:49:25.242+0000] {taskinstance.py:341} INFO - ::group::Post task execution logs
[2025-03-28T22:49:25.242+0000] {standard_task_runner.py:124} ERROR - Failed to execute job 2403 for task dbt_run_decisionnal (Bash command failed. The command returned a non-zero exit code 1.; 581136)
Traceback (most recent call last):
  File "/home/mohammed/venv/lib/python3.11/site-packages/airflow/task/task_runner/standard_task_runner.py", line 117, in _start_by_fork
    ret = args.func(args, dag=self.dag)
          ^^^^^^^^^^^^^^^^^^^^^^^^^^^^^
  File "/home/mohammed/venv/lib/python3.11/site-packages/airflow/cli/cli_config.py", line 49, in command
    return func(*args, **kwargs)
           ^^^^^^^^^^^^^^^^^^^^^
  File "/home/mohammed/venv/lib/python3.11/site-packages/airflow/utils/cli.py", line 116, in wrapper
    return f(*args, **kwargs)
           ^^^^^^^^^^^^^^^^^^
  File "/home/mohammed/venv/lib/python3.11/site-packages/airflow/cli/commands/task_command.py", line 483, in task_run
    task_return_code = _run_task_by_selected_method(args, _dag, ti)
                       ^^^^^^^^^^^^^^^^^^^^^^^^^^^^^^^^^^^^^^^^^^^^
  File "/home/mohammed/venv/lib/python3.11/site-packages/airflow/cli/commands/task_command.py", line 256, in _run_task_by_selected_method
    return _run_raw_task(args, ti)
           ^^^^^^^^^^^^^^^^^^^^^^^
  File "/home/mohammed/venv/lib/python3.11/site-packages/airflow/cli/commands/task_command.py", line 341, in _run_raw_task
    return ti._run_raw_task(
           ^^^^^^^^^^^^^^^^^
  File "/home/mohammed/venv/lib/python3.11/site-packages/airflow/utils/session.py", line 97, in wrapper
    return func(*args, session=session, **kwargs)
           ^^^^^^^^^^^^^^^^^^^^^^^^^^^^^^^^^^^^^^
  File "/home/mohammed/venv/lib/python3.11/site-packages/airflow/models/taskinstance.py", line 3006, in _run_raw_task
    return _run_raw_task(
           ^^^^^^^^^^^^^^
  File "/home/mohammed/venv/lib/python3.11/site-packages/airflow/models/taskinstance.py", line 274, in _run_raw_task
    TaskInstance._execute_task_with_callbacks(
  File "/home/mohammed/venv/lib/python3.11/site-packages/airflow/models/taskinstance.py", line 3161, in _execute_task_with_callbacks
    result = self._execute_task(context, task_orig)
             ^^^^^^^^^^^^^^^^^^^^^^^^^^^^^^^^^^^^^^
  File "/home/mohammed/venv/lib/python3.11/site-packages/airflow/models/taskinstance.py", line 3185, in _execute_task
    return _execute_task(self, context, task_orig)
           ^^^^^^^^^^^^^^^^^^^^^^^^^^^^^^^^^^^^^^^
  File "/home/mohammed/venv/lib/python3.11/site-packages/airflow/models/taskinstance.py", line 768, in _execute_task
    result = _execute_callable(context=context, **execute_callable_kwargs)
             ^^^^^^^^^^^^^^^^^^^^^^^^^^^^^^^^^^^^^^^^^^^^^^^^^^^^^^^^^^^^^
  File "/home/mohammed/venv/lib/python3.11/site-packages/airflow/models/taskinstance.py", line 734, in _execute_callable
    return ExecutionCallableRunner(
           ^^^^^^^^^^^^^^^^^^^^^^^^
  File "/home/mohammed/venv/lib/python3.11/site-packages/airflow/utils/operator_helpers.py", line 252, in run
    return self.func(*args, **kwargs)
           ^^^^^^^^^^^^^^^^^^^^^^^^^^
  File "/home/mohammed/venv/lib/python3.11/site-packages/airflow/models/baseoperator.py", line 424, in wrapper
    return func(self, *args, **kwargs)
           ^^^^^^^^^^^^^^^^^^^^^^^^^^^
  File "/home/mohammed/venv/lib/python3.11/site-packages/airflow/operators/bash.py", line 276, in execute
    raise AirflowException(
airflow.exceptions.AirflowException: Bash command failed. The command returned a non-zero exit code 1.
[2025-03-28T22:49:25.295+0000] {local_task_job_runner.py:266} INFO - Task exited with return code 1
[2025-03-28T22:49:25.354+0000] {taskinstance.py:3901} INFO - 0 downstream tasks scheduled from follow-on schedule check
[2025-03-28T22:49:25.361+0000] {standard_task_runner.py:217} INFO - Process not found (most likely exited), stop collecting metrics
[2025-03-28T22:49:25.362+0000] {local_task_job_runner.py:245} INFO - ::endgroup::
