[2025-03-17T00:32:12.882+0000] {local_task_job_runner.py:123} INFO - ::group::Pre task execution logs
[2025-03-17T00:32:13.186+0000] {taskinstance.py:2614} INFO - Dependencies all met for dep_context=non-requeueable deps ti=<TaskInstance: load_reviews_pipeline.dbt_run scheduled__2024-05-12T00:00:00+00:00 [queued]>
[2025-03-17T00:32:13.342+0000] {taskinstance.py:2614} INFO - Dependencies all met for dep_context=requeueable deps ti=<TaskInstance: load_reviews_pipeline.dbt_run scheduled__2024-05-12T00:00:00+00:00 [queued]>
[2025-03-17T00:32:13.342+0000] {taskinstance.py:2867} INFO - Starting attempt 2 of 2
[2025-03-17T00:32:12.858+0000] {taskinstance.py:2890} INFO - Executing <Task(BashOperator): dbt_run> on 2024-05-12 00:00:00+00:00
[2025-03-17T00:32:12.886+0000] {standard_task_runner.py:72} INFO - Started process 265208 to run task
[2025-03-17T00:32:12.938+0000] {standard_task_runner.py:104} INFO - Running: ['airflow', 'tasks', 'run', 'load_reviews_pipeline', 'dbt_run', 'scheduled__2024-05-12T00:00:00+00:00', '--job-id', '243', '--raw', '--subdir', 'DAGS_FOLDER/dag_load_reviews.py', '--cfg-path', '/tmp/tmphs6rfmi8']
[2025-03-17T00:32:12.976+0000] {standard_task_runner.py:105} INFO - Job 243: Subtask dbt_run
[2025-03-17T00:32:13.574+0000] {task_command.py:467} INFO - Running <TaskInstance: load_reviews_pipeline.dbt_run scheduled__2024-05-12T00:00:00+00:00 [running]> on host DESKTOP-IM7V4RI.
[2025-03-17T00:32:14.440+0000] {taskinstance.py:3134} INFO - Exporting env vars: AIRFLOW_CTX_DAG_OWNER='mohammed' AIRFLOW_CTX_DAG_ID='load_reviews_pipeline' AIRFLOW_CTX_TASK_ID='dbt_run' AIRFLOW_CTX_EXECUTION_DATE='2024-05-12T00:00:00+00:00' AIRFLOW_CTX_TRY_NUMBER='2' AIRFLOW_CTX_DAG_RUN_ID='scheduled__2024-05-12T00:00:00+00:00'
[2025-03-17T00:32:14.458+0000] {logging_mixin.py:190} INFO - Task instance is in running state
[2025-03-17T00:32:14.459+0000] {logging_mixin.py:190} INFO -  Previous state of the Task instance: queued
[2025-03-17T00:32:14.459+0000] {logging_mixin.py:190} INFO - Current task name:dbt_run state:running start_date:2025-03-17 00:32:13.192683+00:00
[2025-03-17T00:32:14.464+0000] {logging_mixin.py:190} INFO - Dag name:load_reviews_pipeline and current dag run status:running
[2025-03-17T00:32:14.464+0000] {taskinstance.py:732} INFO - ::endgroup::
[2025-03-17T00:32:14.467+0000] {subprocess.py:78} INFO - Tmp dir root location: /tmp
[2025-03-17T00:32:14.486+0000] {subprocess.py:88} INFO - Running command: ['/usr/bin/bash', '-c', 'cd /home/mohammed/.dbt/bank_reviews_project && dbt run']
[2025-03-17T00:32:14.609+0000] {subprocess.py:99} INFO - Output:
[2025-03-17T00:32:39.589+0000] {subprocess.py:106} INFO - [0m00:32:39  Running with dbt=1.9.3
[2025-03-17T00:32:44.608+0000] {subprocess.py:106} INFO - [0m00:32:44  Registered adapter: postgres=1.9.0
[2025-03-17T00:32:52.634+0000] {subprocess.py:106} INFO - [0m00:32:52  Found 6 models, 4 data tests, 2 sources, 433 macros
[2025-03-17T00:32:52.641+0000] {subprocess.py:106} INFO - [0m00:32:52
[2025-03-17T00:32:52.702+0000] {subprocess.py:106} INFO - [0m00:32:52  Concurrency: 4 threads (target='dev')
[2025-03-17T00:32:52.704+0000] {subprocess.py:106} INFO - [0m00:32:52
[2025-03-17T00:32:55.514+0000] {subprocess.py:106} INFO - [0m00:32:55  3 of 6 START sql view model public.remove_duplicates ........................... [RUN]
[2025-03-17T00:32:55.520+0000] {subprocess.py:106} INFO - [0m00:32:55  2 of 6 START sql table model public.my_first_dbt_model ......................... [RUN]
[2025-03-17T00:32:55.555+0000] {subprocess.py:106} INFO - [0m00:32:55  1 of 6 START sql view model public.clean_reviews ............................... [RUN]
[2025-03-17T00:32:55.584+0000] {subprocess.py:106} INFO - [0m00:32:55  4 of 6 START sql view model public.stg_clean_reviews ........................... [RUN]
[2025-03-17T00:33:00.892+0000] {subprocess.py:106} INFO - [0m00:33:00  3 of 6 ERROR creating sql view model public.remove_duplicates .................. [[31mERROR[0m in 5.25s]
[2025-03-17T00:33:01.176+0000] {subprocess.py:106} INFO - [0m00:33:01  2 of 6 ERROR creating sql table model public.my_first_dbt_model ................ [[31mERROR[0m in 5.62s]
[2025-03-17T00:33:01.421+0000] {subprocess.py:106} INFO - [0m00:33:01  5 of 6 SKIP relation public.my_second_dbt_model ................................ [[33mSKIP[0m]
[2025-03-17T00:33:02.070+0000] {subprocess.py:106} INFO - [0m00:33:02  1 of 6 OK created sql view model public.clean_reviews .......................... [[32mCREATE VIEW[0m in 6.34s]
[2025-03-17T00:33:03.774+0000] {subprocess.py:106} INFO - [0m00:33:03  4 of 6 OK created sql view model public.stg_clean_reviews ...................... [[32mCREATE VIEW[0m in 8.03s]
[2025-03-17T00:33:03.812+0000] {subprocess.py:106} INFO - [0m00:33:03  6 of 6 START sql view model public.dwh_model ................................... [RUN]
[2025-03-17T00:33:06.436+0000] {subprocess.py:106} INFO - [0m00:33:06  6 of 6 ERROR creating sql view model public.dwh_model .......................... [[31mERROR[0m in 2.61s]
[2025-03-17T00:33:06.759+0000] {subprocess.py:106} INFO - [0m00:33:06
[2025-03-17T00:33:06.763+0000] {subprocess.py:106} INFO - [0m00:33:06  Finished running 1 table model, 5 view models in 0 hours 0 minutes and 14.04 seconds (14.04s).
[2025-03-17T00:33:07.555+0000] {subprocess.py:106} INFO - [0m00:33:07
[2025-03-17T00:33:07.577+0000] {subprocess.py:106} INFO - [0m00:33:07  [31mCompleted with 3 errors, 0 partial successes, and 0 warnings:[0m
[2025-03-17T00:33:07.579+0000] {subprocess.py:106} INFO - [0m00:33:07
[2025-03-17T00:33:07.610+0000] {subprocess.py:106} INFO - [0m00:33:07    Database Error in model remove_duplicates (models/remove_duplicates.sql)
[2025-03-17T00:33:07.619+0000] {subprocess.py:106} INFO -   relation "remove_duplicates__dbt_backup" already exists
[2025-03-17T00:33:07.621+0000] {subprocess.py:106} INFO -   compiled code at target/run/bank_reviews_project/models/remove_duplicates.sql
[2025-03-17T00:33:07.622+0000] {subprocess.py:106} INFO - [0m00:33:07
[2025-03-17T00:33:07.635+0000] {subprocess.py:106} INFO - [0m00:33:07    Database Error in model my_first_dbt_model (models/example/my_first_dbt_model.sql)
[2025-03-17T00:33:07.656+0000] {subprocess.py:106} INFO -   relation "my_first_dbt_model__dbt_backup" already exists
[2025-03-17T00:33:07.676+0000] {subprocess.py:106} INFO -   compiled code at target/run/bank_reviews_project/models/example/my_first_dbt_model.sql
[2025-03-17T00:33:07.677+0000] {subprocess.py:106} INFO - [0m00:33:07
[2025-03-17T00:33:07.679+0000] {subprocess.py:106} INFO - [0m00:33:07    Database Error in model dwh_model (models/dwh_model.sql)
[2025-03-17T00:33:07.686+0000] {subprocess.py:106} INFO -   relation "dwh_model" already exists
[2025-03-17T00:33:07.690+0000] {subprocess.py:106} INFO -   compiled code at target/run/bank_reviews_project/models/dwh_model.sql
[2025-03-17T00:33:07.691+0000] {subprocess.py:106} INFO - [0m00:33:07
[2025-03-17T00:33:07.699+0000] {subprocess.py:106} INFO - [0m00:33:07  Done. PASS=2 WARN=0 ERROR=3 SKIP=1 TOTAL=6
[2025-03-17T00:33:22.353+0000] {subprocess.py:110} INFO - Command exited with return code 1
[2025-03-17T00:33:23.539+0000] {taskinstance.py:3313} ERROR - Task failed with exception
Traceback (most recent call last):
  File "/home/mohammed/venv/lib/python3.11/site-packages/airflow/models/taskinstance.py", line 768, in _execute_task
    result = _execute_callable(context=context, **execute_callable_kwargs)
             ^^^^^^^^^^^^^^^^^^^^^^^^^^^^^^^^^^^^^^^^^^^^^^^^^^^^^^^^^^^^^
  File "/home/mohammed/venv/lib/python3.11/site-packages/airflow/models/taskinstance.py", line 734, in _execute_callable
    return ExecutionCallableRunner(
           ^^^^^^^^^^^^^^^^^^^^^^^^
  File "/home/mohammed/venv/lib/python3.11/site-packages/airflow/utils/operator_helpers.py", line 252, in run
    return self.func(*args, **kwargs)
           ^^^^^^^^^^^^^^^^^^^^^^^^^^
  File "/home/mohammed/venv/lib/python3.11/site-packages/airflow/models/baseoperator.py", line 424, in wrapper
    return func(self, *args, **kwargs)
           ^^^^^^^^^^^^^^^^^^^^^^^^^^^
  File "/home/mohammed/venv/lib/python3.11/site-packages/airflow/operators/bash.py", line 276, in execute
    raise AirflowException(
airflow.exceptions.AirflowException: Bash command failed. The command returned a non-zero exit code 1.
[2025-03-17T00:33:23.901+0000] {logging_mixin.py:190} INFO - Task instance in failure state
[2025-03-17T00:33:23.914+0000] {logging_mixin.py:190} INFO - Task start:2025-03-17 00:32:13.192683+00:00 end:2025-03-17 00:33:23.777613+00:00 duration:70.58493
[2025-03-17T00:33:23.954+0000] {logging_mixin.py:190} INFO - Task:<Task(BashOperator): dbt_run> dag:<DAG: load_reviews_pipeline> dagrun:<DagRun load_reviews_pipeline @ 2024-05-12 00:00:00+00:00: scheduled__2024-05-12T00:00:00+00:00, state:running, queued_at: 2025-03-17 00:25:47.214749+00:00. externally triggered: False>
[2025-03-17T00:33:23.957+0000] {logging_mixin.py:190} INFO - Failure caused by Bash command failed. The command returned a non-zero exit code 1.
[2025-03-17T00:33:23.961+0000] {taskinstance.py:1226} INFO - Marking task as FAILED. dag_id=load_reviews_pipeline, task_id=dbt_run, run_id=scheduled__2024-05-12T00:00:00+00:00, execution_date=20240512T000000, start_date=20250317T003213, end_date=20250317T003323
[2025-03-17T00:33:25.728+0000] {taskinstance.py:341} INFO - ::group::Post task execution logs
[2025-03-17T00:33:25.738+0000] {standard_task_runner.py:124} ERROR - Failed to execute job 243 for task dbt_run (Bash command failed. The command returned a non-zero exit code 1.; 265208)
Traceback (most recent call last):
  File "/home/mohammed/venv/lib/python3.11/site-packages/airflow/task/task_runner/standard_task_runner.py", line 117, in _start_by_fork
    ret = args.func(args, dag=self.dag)
          ^^^^^^^^^^^^^^^^^^^^^^^^^^^^^
  File "/home/mohammed/venv/lib/python3.11/site-packages/airflow/cli/cli_config.py", line 49, in command
    return func(*args, **kwargs)
           ^^^^^^^^^^^^^^^^^^^^^
  File "/home/mohammed/venv/lib/python3.11/site-packages/airflow/utils/cli.py", line 116, in wrapper
    return f(*args, **kwargs)
           ^^^^^^^^^^^^^^^^^^
  File "/home/mohammed/venv/lib/python3.11/site-packages/airflow/cli/commands/task_command.py", line 483, in task_run
    task_return_code = _run_task_by_selected_method(args, _dag, ti)
                       ^^^^^^^^^^^^^^^^^^^^^^^^^^^^^^^^^^^^^^^^^^^^
  File "/home/mohammed/venv/lib/python3.11/site-packages/airflow/cli/commands/task_command.py", line 256, in _run_task_by_selected_method
    return _run_raw_task(args, ti)
           ^^^^^^^^^^^^^^^^^^^^^^^
  File "/home/mohammed/venv/lib/python3.11/site-packages/airflow/cli/commands/task_command.py", line 341, in _run_raw_task
    return ti._run_raw_task(
           ^^^^^^^^^^^^^^^^^
  File "/home/mohammed/venv/lib/python3.11/site-packages/airflow/utils/session.py", line 97, in wrapper
    return func(*args, session=session, **kwargs)
           ^^^^^^^^^^^^^^^^^^^^^^^^^^^^^^^^^^^^^^
  File "/home/mohammed/venv/lib/python3.11/site-packages/airflow/models/taskinstance.py", line 3006, in _run_raw_task
    return _run_raw_task(
           ^^^^^^^^^^^^^^
  File "/home/mohammed/venv/lib/python3.11/site-packages/airflow/models/taskinstance.py", line 274, in _run_raw_task
    TaskInstance._execute_task_with_callbacks(
  File "/home/mohammed/venv/lib/python3.11/site-packages/airflow/models/taskinstance.py", line 3161, in _execute_task_with_callbacks
    result = self._execute_task(context, task_orig)
             ^^^^^^^^^^^^^^^^^^^^^^^^^^^^^^^^^^^^^^
  File "/home/mohammed/venv/lib/python3.11/site-packages/airflow/models/taskinstance.py", line 3185, in _execute_task
    return _execute_task(self, context, task_orig)
           ^^^^^^^^^^^^^^^^^^^^^^^^^^^^^^^^^^^^^^^
  File "/home/mohammed/venv/lib/python3.11/site-packages/airflow/models/taskinstance.py", line 768, in _execute_task
    result = _execute_callable(context=context, **execute_callable_kwargs)
             ^^^^^^^^^^^^^^^^^^^^^^^^^^^^^^^^^^^^^^^^^^^^^^^^^^^^^^^^^^^^^
  File "/home/mohammed/venv/lib/python3.11/site-packages/airflow/models/taskinstance.py", line 734, in _execute_callable
    return ExecutionCallableRunner(
           ^^^^^^^^^^^^^^^^^^^^^^^^
  File "/home/mohammed/venv/lib/python3.11/site-packages/airflow/utils/operator_helpers.py", line 252, in run
    return self.func(*args, **kwargs)
           ^^^^^^^^^^^^^^^^^^^^^^^^^^
  File "/home/mohammed/venv/lib/python3.11/site-packages/airflow/models/baseoperator.py", line 424, in wrapper
    return func(self, *args, **kwargs)
           ^^^^^^^^^^^^^^^^^^^^^^^^^^^
  File "/home/mohammed/venv/lib/python3.11/site-packages/airflow/operators/bash.py", line 276, in execute
    raise AirflowException(
airflow.exceptions.AirflowException: Bash command failed. The command returned a non-zero exit code 1.
[2025-03-17T00:33:25.998+0000] {local_task_job_runner.py:266} INFO - Task exited with return code 1
[2025-03-17T00:33:26.404+0000] {standard_task_runner.py:217} INFO - Process not found (most likely exited), stop collecting metrics
[2025-03-17T00:33:26.560+0000] {taskinstance.py:3901} INFO - 0 downstream tasks scheduled from follow-on schedule check
[2025-03-17T00:33:26.643+0000] {local_task_job_runner.py:245} INFO - ::endgroup::
