[2025-03-17T00:25:58.337+0000] {local_task_job_runner.py:123} INFO - ::group::Pre task execution logs
[2025-03-17T00:25:58.487+0000] {taskinstance.py:2614} INFO - Dependencies all met for dep_context=non-requeueable deps ti=<TaskInstance: load_reviews_pipeline.dbt_run scheduled__2024-05-12T00:00:00+00:00 [queued]>
[2025-03-17T00:25:58.551+0000] {taskinstance.py:2614} INFO - Dependencies all met for dep_context=requeueable deps ti=<TaskInstance: load_reviews_pipeline.dbt_run scheduled__2024-05-12T00:00:00+00:00 [queued]>
[2025-03-17T00:25:58.552+0000] {taskinstance.py:2867} INFO - Starting attempt 1 of 2
[2025-03-17T00:25:59.093+0000] {taskinstance.py:2890} INFO - Executing <Task(BashOperator): dbt_run> on 2024-05-12 00:00:00+00:00
[2025-03-17T00:25:59.168+0000] {standard_task_runner.py:72} INFO - Started process 259692 to run task
[2025-03-17T00:25:59.239+0000] {standard_task_runner.py:104} INFO - Running: ['airflow', 'tasks', 'run', 'load_reviews_pipeline', 'dbt_run', 'scheduled__2024-05-12T00:00:00+00:00', '--job-id', '224', '--raw', '--subdir', 'DAGS_FOLDER/dag_load_reviews.py', '--cfg-path', '/tmp/tmpomhri07j']
[2025-03-17T00:25:59.242+0000] {standard_task_runner.py:105} INFO - Job 224: Subtask dbt_run
[2025-03-17T00:26:01.312+0000] {task_command.py:467} INFO - Running <TaskInstance: load_reviews_pipeline.dbt_run scheduled__2024-05-12T00:00:00+00:00 [running]> on host DESKTOP-IM7V4RI.
[2025-03-17T00:26:02.797+0000] {taskinstance.py:3134} INFO - Exporting env vars: AIRFLOW_CTX_DAG_OWNER='mohammed' AIRFLOW_CTX_DAG_ID='load_reviews_pipeline' AIRFLOW_CTX_TASK_ID='dbt_run' AIRFLOW_CTX_EXECUTION_DATE='2024-05-12T00:00:00+00:00' AIRFLOW_CTX_TRY_NUMBER='1' AIRFLOW_CTX_DAG_RUN_ID='scheduled__2024-05-12T00:00:00+00:00'
[2025-03-17T00:26:02.804+0000] {logging_mixin.py:190} INFO - Task instance is in running state
[2025-03-17T00:26:02.805+0000] {logging_mixin.py:190} INFO -  Previous state of the Task instance: queued
[2025-03-17T00:26:02.806+0000] {logging_mixin.py:190} INFO - Current task name:dbt_run state:running start_date:2025-03-17 00:25:58.488670+00:00
[2025-03-17T00:26:02.807+0000] {logging_mixin.py:190} INFO - Dag name:load_reviews_pipeline and current dag run status:running
[2025-03-17T00:26:02.823+0000] {taskinstance.py:732} INFO - ::endgroup::
[2025-03-17T00:26:02.831+0000] {subprocess.py:78} INFO - Tmp dir root location: /tmp
[2025-03-17T00:26:02.834+0000] {subprocess.py:88} INFO - Running command: ['/usr/bin/bash', '-c', 'cd /home/mohammed/.dbt/bank_reviews_project && dbt run']
[2025-03-17T00:26:03.178+0000] {subprocess.py:99} INFO - Output:
[2025-03-17T00:26:23.983+0000] {subprocess.py:106} INFO - [0m00:26:23  Running with dbt=1.9.3
[2025-03-17T00:26:26.361+0000] {subprocess.py:106} INFO - [0m00:26:26  Registered adapter: postgres=1.9.0
[2025-03-17T00:26:36.373+0000] {subprocess.py:106} INFO - [0m00:26:36  Found 6 models, 4 data tests, 2 sources, 433 macros
[2025-03-17T00:26:36.435+0000] {subprocess.py:106} INFO - [0m00:26:36
[2025-03-17T00:26:36.461+0000] {subprocess.py:106} INFO - [0m00:26:36  Concurrency: 4 threads (target='dev')
[2025-03-17T00:26:36.464+0000] {subprocess.py:106} INFO - [0m00:26:36
[2025-03-17T00:26:37.332+0000] {subprocess.py:106} INFO - [0m00:26:37  1 of 6 START sql view model public.clean_reviews ............................... [RUN]
[2025-03-17T00:26:37.345+0000] {subprocess.py:106} INFO - [0m00:26:37  2 of 6 START sql table model public.my_first_dbt_model ......................... [RUN]
[2025-03-17T00:26:37.356+0000] {subprocess.py:106} INFO - [0m00:26:37  4 of 6 START sql view model public.stg_clean_reviews ........................... [RUN]
[2025-03-17T00:26:37.369+0000] {subprocess.py:106} INFO - [0m00:26:37  3 of 6 START sql view model public.remove_duplicates ........................... [RUN]
[2025-03-17T00:26:38.575+0000] {subprocess.py:106} INFO - [0m00:26:38  4 of 6 ERROR creating sql view model public.stg_clean_reviews .................. [[31mERROR[0m in 1.21s]
[2025-03-17T00:26:38.603+0000] {subprocess.py:106} INFO - [0m00:26:38  5 of 6 SKIP relation public.dwh_model .......................................... [[33mSKIP[0m]
[2025-03-17T00:26:39.750+0000] {subprocess.py:106} INFO - [0m00:26:39  1 of 6 OK created sql view model public.clean_reviews .......................... [[32mCREATE VIEW[0m in 2.37s]
[2025-03-17T00:26:39.809+0000] {subprocess.py:106} INFO - [0m00:26:39  3 of 6 OK created sql view model public.remove_duplicates ...................... [[32mCREATE VIEW[0m in 2.43s]
[2025-03-17T00:26:39.868+0000] {subprocess.py:106} INFO - [0m00:26:39  2 of 6 OK created sql table model public.my_first_dbt_model .................... [[32mSELECT 2[0m in 2.50s]
[2025-03-17T00:26:39.897+0000] {subprocess.py:106} INFO - [0m00:26:39  6 of 6 START sql view model public.my_second_dbt_model ......................... [RUN]
[2025-03-17T00:26:41.439+0000] {subprocess.py:106} INFO - [0m00:26:41  6 of 6 OK created sql view model public.my_second_dbt_model .................... [[32mCREATE VIEW[0m in 1.53s]
[2025-03-17T00:26:41.827+0000] {subprocess.py:106} INFO - [0m00:26:41
[2025-03-17T00:26:41.906+0000] {subprocess.py:106} INFO - [0m00:26:41  Finished running 1 table model, 5 view models in 0 hours 0 minutes and 5.36 seconds (5.36s).
[2025-03-17T00:26:42.598+0000] {subprocess.py:106} INFO - [0m00:26:42
[2025-03-17T00:26:42.615+0000] {subprocess.py:106} INFO - [0m00:26:42  [31mCompleted with 1 error, 0 partial successes, and 0 warnings:[0m
[2025-03-17T00:26:42.618+0000] {subprocess.py:106} INFO - [0m00:26:42
[2025-03-17T00:26:42.620+0000] {subprocess.py:106} INFO - [0m00:26:42    Database Error in model stg_clean_reviews (models/stg_clean_reviews.sql)
[2025-03-17T00:26:42.621+0000] {subprocess.py:106} INFO -   syntax error at or near "external"
[2025-03-17T00:26:42.622+0000] {subprocess.py:106} INFO -   LINE 2: drop external if exists "project_data_wherhouse"."public"."s...
[2025-03-17T00:26:42.623+0000] {subprocess.py:106} INFO -                ^
[2025-03-17T00:26:42.635+0000] {subprocess.py:106} INFO - [0m00:26:42
[2025-03-17T00:26:42.671+0000] {subprocess.py:106} INFO - [0m00:26:42  Done. PASS=4 WARN=0 ERROR=1 SKIP=1 TOTAL=6
[2025-03-17T00:26:49.106+0000] {subprocess.py:110} INFO - Command exited with return code 1
[2025-03-17T00:26:49.359+0000] {taskinstance.py:3313} ERROR - Task failed with exception
Traceback (most recent call last):
  File "/home/mohammed/venv/lib/python3.11/site-packages/airflow/models/taskinstance.py", line 768, in _execute_task
    result = _execute_callable(context=context, **execute_callable_kwargs)
             ^^^^^^^^^^^^^^^^^^^^^^^^^^^^^^^^^^^^^^^^^^^^^^^^^^^^^^^^^^^^^
  File "/home/mohammed/venv/lib/python3.11/site-packages/airflow/models/taskinstance.py", line 734, in _execute_callable
    return ExecutionCallableRunner(
           ^^^^^^^^^^^^^^^^^^^^^^^^
  File "/home/mohammed/venv/lib/python3.11/site-packages/airflow/utils/operator_helpers.py", line 252, in run
    return self.func(*args, **kwargs)
           ^^^^^^^^^^^^^^^^^^^^^^^^^^
  File "/home/mohammed/venv/lib/python3.11/site-packages/airflow/models/baseoperator.py", line 424, in wrapper
    return func(self, *args, **kwargs)
           ^^^^^^^^^^^^^^^^^^^^^^^^^^^
  File "/home/mohammed/venv/lib/python3.11/site-packages/airflow/operators/bash.py", line 276, in execute
    raise AirflowException(
airflow.exceptions.AirflowException: Bash command failed. The command returned a non-zero exit code 1.
[2025-03-17T00:26:49.505+0000] {logging_mixin.py:190} INFO - Task instance in failure state
[2025-03-17T00:26:49.506+0000] {logging_mixin.py:190} INFO - Task start:2025-03-17 00:25:58.488670+00:00 end:2025-03-17 00:26:49.488372+00:00 duration:50.999702
[2025-03-17T00:26:49.511+0000] {logging_mixin.py:190} INFO - Task:<Task(BashOperator): dbt_run> dag:<DAG: load_reviews_pipeline> dagrun:<DagRun load_reviews_pipeline @ 2024-05-12 00:00:00+00:00: scheduled__2024-05-12T00:00:00+00:00, state:running, queued_at: 2025-03-17 00:25:47.214749+00:00. externally triggered: False>
[2025-03-17T00:26:49.512+0000] {logging_mixin.py:190} INFO - Failure caused by Bash command failed. The command returned a non-zero exit code 1.
[2025-03-17T00:26:49.515+0000] {taskinstance.py:1226} INFO - Marking task as UP_FOR_RETRY. dag_id=load_reviews_pipeline, task_id=dbt_run, run_id=scheduled__2024-05-12T00:00:00+00:00, execution_date=20240512T000000, start_date=20250317T002558, end_date=20250317T002649
[2025-03-17T00:26:50.027+0000] {taskinstance.py:341} INFO - ::group::Post task execution logs
[2025-03-17T00:26:50.052+0000] {standard_task_runner.py:124} ERROR - Failed to execute job 224 for task dbt_run (Bash command failed. The command returned a non-zero exit code 1.; 259692)
Traceback (most recent call last):
  File "/home/mohammed/venv/lib/python3.11/site-packages/airflow/task/task_runner/standard_task_runner.py", line 117, in _start_by_fork
    ret = args.func(args, dag=self.dag)
          ^^^^^^^^^^^^^^^^^^^^^^^^^^^^^
  File "/home/mohammed/venv/lib/python3.11/site-packages/airflow/cli/cli_config.py", line 49, in command
    return func(*args, **kwargs)
           ^^^^^^^^^^^^^^^^^^^^^
  File "/home/mohammed/venv/lib/python3.11/site-packages/airflow/utils/cli.py", line 116, in wrapper
    return f(*args, **kwargs)
           ^^^^^^^^^^^^^^^^^^
  File "/home/mohammed/venv/lib/python3.11/site-packages/airflow/cli/commands/task_command.py", line 483, in task_run
    task_return_code = _run_task_by_selected_method(args, _dag, ti)
                       ^^^^^^^^^^^^^^^^^^^^^^^^^^^^^^^^^^^^^^^^^^^^
  File "/home/mohammed/venv/lib/python3.11/site-packages/airflow/cli/commands/task_command.py", line 256, in _run_task_by_selected_method
    return _run_raw_task(args, ti)
           ^^^^^^^^^^^^^^^^^^^^^^^
  File "/home/mohammed/venv/lib/python3.11/site-packages/airflow/cli/commands/task_command.py", line 341, in _run_raw_task
    return ti._run_raw_task(
           ^^^^^^^^^^^^^^^^^
  File "/home/mohammed/venv/lib/python3.11/site-packages/airflow/utils/session.py", line 97, in wrapper
    return func(*args, session=session, **kwargs)
           ^^^^^^^^^^^^^^^^^^^^^^^^^^^^^^^^^^^^^^
  File "/home/mohammed/venv/lib/python3.11/site-packages/airflow/models/taskinstance.py", line 3006, in _run_raw_task
    return _run_raw_task(
           ^^^^^^^^^^^^^^
  File "/home/mohammed/venv/lib/python3.11/site-packages/airflow/models/taskinstance.py", line 274, in _run_raw_task
    TaskInstance._execute_task_with_callbacks(
  File "/home/mohammed/venv/lib/python3.11/site-packages/airflow/models/taskinstance.py", line 3161, in _execute_task_with_callbacks
    result = self._execute_task(context, task_orig)
             ^^^^^^^^^^^^^^^^^^^^^^^^^^^^^^^^^^^^^^
  File "/home/mohammed/venv/lib/python3.11/site-packages/airflow/models/taskinstance.py", line 3185, in _execute_task
    return _execute_task(self, context, task_orig)
           ^^^^^^^^^^^^^^^^^^^^^^^^^^^^^^^^^^^^^^^
  File "/home/mohammed/venv/lib/python3.11/site-packages/airflow/models/taskinstance.py", line 768, in _execute_task
    result = _execute_callable(context=context, **execute_callable_kwargs)
             ^^^^^^^^^^^^^^^^^^^^^^^^^^^^^^^^^^^^^^^^^^^^^^^^^^^^^^^^^^^^^
  File "/home/mohammed/venv/lib/python3.11/site-packages/airflow/models/taskinstance.py", line 734, in _execute_callable
    return ExecutionCallableRunner(
           ^^^^^^^^^^^^^^^^^^^^^^^^
  File "/home/mohammed/venv/lib/python3.11/site-packages/airflow/utils/operator_helpers.py", line 252, in run
    return self.func(*args, **kwargs)
           ^^^^^^^^^^^^^^^^^^^^^^^^^^
  File "/home/mohammed/venv/lib/python3.11/site-packages/airflow/models/baseoperator.py", line 424, in wrapper
    return func(self, *args, **kwargs)
           ^^^^^^^^^^^^^^^^^^^^^^^^^^^
  File "/home/mohammed/venv/lib/python3.11/site-packages/airflow/operators/bash.py", line 276, in execute
    raise AirflowException(
airflow.exceptions.AirflowException: Bash command failed. The command returned a non-zero exit code 1.
[2025-03-17T00:26:50.185+0000] {local_task_job_runner.py:266} INFO - Task exited with return code 1
[2025-03-17T00:26:50.610+0000] {taskinstance.py:3901} INFO - 0 downstream tasks scheduled from follow-on schedule check
[2025-03-17T00:26:50.805+0000] {local_task_job_runner.py:245} INFO - ::endgroup::
