[2025-03-17T00:54:49.300+0000] {local_task_job_runner.py:123} INFO - ::group::Pre task execution logs
[2025-03-17T00:54:49.518+0000] {taskinstance.py:2614} INFO - Dependencies all met for dep_context=non-requeueable deps ti=<TaskInstance: load_reviews_pipeline.dbt_run scheduled__2024-08-04T00:00:00+00:00 [queued]>
[2025-03-17T00:54:49.568+0000] {taskinstance.py:2614} INFO - Dependencies all met for dep_context=requeueable deps ti=<TaskInstance: load_reviews_pipeline.dbt_run scheduled__2024-08-04T00:00:00+00:00 [queued]>
[2025-03-17T00:54:49.580+0000] {taskinstance.py:2867} INFO - Starting attempt 2 of 2
[2025-03-17T00:54:49.779+0000] {taskinstance.py:2890} INFO - Executing <Task(BashOperator): dbt_run> on 2024-08-04 00:00:00+00:00
[2025-03-17T00:54:49.889+0000] {standard_task_runner.py:72} INFO - Started process 293393 to run task
[2025-03-17T00:54:49.998+0000] {standard_task_runner.py:104} INFO - Running: ['airflow', 'tasks', 'run', 'load_reviews_pipeline', 'dbt_run', 'scheduled__2024-08-04T00:00:00+00:00', '--job-id', '387', '--raw', '--subdir', 'DAGS_FOLDER/dag_load_reviews.py', '--cfg-path', '/tmp/tmpyltsvk_0']
[2025-03-17T00:54:50.002+0000] {standard_task_runner.py:105} INFO - Job 387: Subtask dbt_run
[2025-03-17T00:54:50.699+0000] {task_command.py:467} INFO - Running <TaskInstance: load_reviews_pipeline.dbt_run scheduled__2024-08-04T00:00:00+00:00 [running]> on host DESKTOP-IM7V4RI.
[2025-03-17T00:54:52.447+0000] {taskinstance.py:3134} INFO - Exporting env vars: AIRFLOW_CTX_DAG_OWNER='mohammed' AIRFLOW_CTX_DAG_ID='load_reviews_pipeline' AIRFLOW_CTX_TASK_ID='dbt_run' AIRFLOW_CTX_EXECUTION_DATE='2024-08-04T00:00:00+00:00' AIRFLOW_CTX_TRY_NUMBER='2' AIRFLOW_CTX_DAG_RUN_ID='scheduled__2024-08-04T00:00:00+00:00'
[2025-03-17T00:54:52.453+0000] {logging_mixin.py:190} INFO - Task instance is in running state
[2025-03-17T00:54:52.453+0000] {logging_mixin.py:190} INFO -  Previous state of the Task instance: queued
[2025-03-17T00:54:52.454+0000] {logging_mixin.py:190} INFO - Current task name:dbt_run state:running start_date:2025-03-17 00:54:49.521724+00:00
[2025-03-17T00:54:52.460+0000] {logging_mixin.py:190} INFO - Dag name:load_reviews_pipeline and current dag run status:running
[2025-03-17T00:54:52.462+0000] {taskinstance.py:732} INFO - ::endgroup::
[2025-03-17T00:54:52.478+0000] {subprocess.py:78} INFO - Tmp dir root location: /tmp
[2025-03-17T00:54:52.481+0000] {subprocess.py:88} INFO - Running command: ['/usr/bin/bash', '-c', 'cd /home/mohammed/.dbt/bank_reviews_project && dbt run']
[2025-03-17T00:54:52.768+0000] {subprocess.py:99} INFO - Output:
[2025-03-17T00:55:21.580+0000] {subprocess.py:106} INFO - [0m00:55:21  Running with dbt=1.9.3
[2025-03-17T00:55:24.178+0000] {subprocess.py:106} INFO - [0m00:55:24  Registered adapter: postgres=1.9.0
[2025-03-17T00:55:27.269+0000] {subprocess.py:106} INFO - [0m00:55:27  Found 10 models, 4 data tests, 2 sources, 433 macros
[2025-03-17T00:55:27.284+0000] {subprocess.py:106} INFO - [0m00:55:27
[2025-03-17T00:55:27.289+0000] {subprocess.py:106} INFO - [0m00:55:27  Concurrency: 4 threads (target='dev')
[2025-03-17T00:55:27.292+0000] {subprocess.py:106} INFO - [0m00:55:27
[2025-03-17T00:55:28.501+0000] {subprocess.py:106} INFO - [0m00:55:28  1 of 10 START sql view model public.clean_reviews .............................. [RUN]
[2025-03-17T00:55:28.519+0000] {subprocess.py:106} INFO - [0m00:55:28  2 of 10 START sql table model public.my_first_dbt_model ........................ [RUN]
[2025-03-17T00:55:28.527+0000] {subprocess.py:106} INFO - [0m00:55:28  3 of 10 START sql view model public.remove_duplicates .......................... [RUN]
[2025-03-17T00:55:28.558+0000] {subprocess.py:106} INFO - [0m00:55:28  4 of 10 START sql view model public.stg_clean_reviews .......................... [RUN]
[2025-03-17T00:55:30.109+0000] {subprocess.py:106} INFO - [0m00:55:30  1 of 10 ERROR creating sql view model public.clean_reviews ..................... [[31mERROR[0m in 1.55s]
[2025-03-17T00:55:30.165+0000] {subprocess.py:106} INFO - [0m00:55:30  3 of 10 ERROR creating sql view model public.remove_duplicates ................. [[31mERROR[0m in 1.58s]
[2025-03-17T00:55:30.177+0000] {subprocess.py:106} INFO - [0m00:55:30  2 of 10 ERROR creating sql table model public.my_first_dbt_model ............... [[31mERROR[0m in 1.64s]
[2025-03-17T00:55:30.227+0000] {subprocess.py:106} INFO - [0m00:55:30  5 of 10 SKIP relation public.my_second_dbt_model ............................... [[33mSKIP[0m]
[2025-03-17T00:55:30.596+0000] {subprocess.py:106} INFO - [0m00:55:30  4 of 10 OK created sql view model public.stg_clean_reviews ..................... [[32mCREATE VIEW[0m in 2.02s]
[2025-03-17T00:55:30.619+0000] {subprocess.py:106} INFO - [0m00:55:30  6 of 10 START sql view model public.dim_bank ................................... [RUN]
[2025-03-17T00:55:30.629+0000] {subprocess.py:106} INFO - [0m00:55:30  7 of 10 START sql view model public.dim_branch ................................. [RUN]
[2025-03-17T00:55:30.631+0000] {subprocess.py:106} INFO - [0m00:55:30  8 of 10 START sql view model public.dim_location ............................... [RUN]
[2025-03-17T00:55:30.647+0000] {subprocess.py:106} INFO - [0m00:55:30  9 of 10 START sql view model public.dim_sentiment .............................. [RUN]
[2025-03-17T00:55:31.265+0000] {subprocess.py:106} INFO - [0m00:55:31  7 of 10 ERROR creating sql view model public.dim_branch ........................ [[31mERROR[0m in 0.62s]
[2025-03-17T00:55:31.421+0000] {subprocess.py:106} INFO - [0m00:55:31  6 of 10 ERROR creating sql view model public.dim_bank .......................... [[31mERROR[0m in 0.79s]
[2025-03-17T00:55:31.474+0000] {subprocess.py:106} INFO - [0m00:55:31  8 of 10 ERROR creating sql view model public.dim_location ...................... [[31mERROR[0m in 0.78s]
[2025-03-17T00:55:31.481+0000] {subprocess.py:106} INFO - [0m00:55:31  9 of 10 ERROR creating sql view model public.dim_sentiment ..................... [[31mERROR[0m in 0.54s]
[2025-03-17T00:55:31.493+0000] {subprocess.py:106} INFO - [0m00:55:31  10 of 10 SKIP relation public.fact_reviews ..................................... [[33mSKIP[0m]
[2025-03-17T00:55:31.570+0000] {subprocess.py:106} INFO - [0m00:55:31
[2025-03-17T00:55:31.574+0000] {subprocess.py:106} INFO - [0m00:55:31  Finished running 1 table model, 9 view models in 0 hours 0 minutes and 4.28 seconds (4.28s).
[2025-03-17T00:55:31.792+0000] {subprocess.py:106} INFO - [0m00:55:31
[2025-03-17T00:55:31.794+0000] {subprocess.py:106} INFO - [0m00:55:31  [31mCompleted with 7 errors, 0 partial successes, and 0 warnings:[0m
[2025-03-17T00:55:31.796+0000] {subprocess.py:106} INFO - [0m00:55:31
[2025-03-17T00:55:31.798+0000] {subprocess.py:106} INFO - [0m00:55:31    Database Error in model clean_reviews (models/clean_reviews.sql)
[2025-03-17T00:55:31.799+0000] {subprocess.py:106} INFO -   relation "clean_reviews__dbt_backup" already exists
[2025-03-17T00:55:31.799+0000] {subprocess.py:106} INFO -   compiled code at target/run/bank_reviews_project/models/clean_reviews.sql
[2025-03-17T00:55:31.803+0000] {subprocess.py:106} INFO - [0m00:55:31
[2025-03-17T00:55:31.826+0000] {subprocess.py:106} INFO - [0m00:55:31    Database Error in model remove_duplicates (models/remove_duplicates.sql)
[2025-03-17T00:55:31.826+0000] {subprocess.py:106} INFO -   relation "remove_duplicates__dbt_backup" already exists
[2025-03-17T00:55:31.827+0000] {subprocess.py:106} INFO -   compiled code at target/run/bank_reviews_project/models/remove_duplicates.sql
[2025-03-17T00:55:31.827+0000] {subprocess.py:106} INFO - [0m00:55:31
[2025-03-17T00:55:31.829+0000] {subprocess.py:106} INFO - [0m00:55:31    Database Error in model my_first_dbt_model (models/example/my_first_dbt_model.sql)
[2025-03-17T00:55:31.829+0000] {subprocess.py:106} INFO -   relation "my_first_dbt_model__dbt_backup" already exists
[2025-03-17T00:55:31.830+0000] {subprocess.py:106} INFO -   compiled code at target/run/bank_reviews_project/models/example/my_first_dbt_model.sql
[2025-03-17T00:55:31.830+0000] {subprocess.py:106} INFO - [0m00:55:31
[2025-03-17T00:55:31.832+0000] {subprocess.py:106} INFO - [0m00:55:31    Database Error in model dim_branch (models/dim_branch.sql)
[2025-03-17T00:55:31.832+0000] {subprocess.py:106} INFO -   relation "dim_branch" already exists
[2025-03-17T00:55:31.833+0000] {subprocess.py:106} INFO -   compiled code at target/run/bank_reviews_project/models/dim_branch.sql
[2025-03-17T00:55:31.833+0000] {subprocess.py:106} INFO - [0m00:55:31
[2025-03-17T00:55:31.834+0000] {subprocess.py:106} INFO - [0m00:55:31    Database Error in model dim_bank (models/dim_bank.sql)
[2025-03-17T00:55:31.835+0000] {subprocess.py:106} INFO -   relation "dim_bank" already exists
[2025-03-17T00:55:31.835+0000] {subprocess.py:106} INFO -   compiled code at target/run/bank_reviews_project/models/dim_bank.sql
[2025-03-17T00:55:31.837+0000] {subprocess.py:106} INFO - [0m00:55:31
[2025-03-17T00:55:31.840+0000] {subprocess.py:106} INFO - [0m00:55:31    Database Error in model dim_location (models/dim_location.sql)
[2025-03-17T00:55:31.840+0000] {subprocess.py:106} INFO -   relation "dim_location" already exists
[2025-03-17T00:55:31.841+0000] {subprocess.py:106} INFO -   compiled code at target/run/bank_reviews_project/models/dim_location.sql
[2025-03-17T00:55:31.843+0000] {subprocess.py:106} INFO - [0m00:55:31
[2025-03-17T00:55:31.845+0000] {subprocess.py:106} INFO - [0m00:55:31    Database Error in model dim_sentiment (models/dim_sentiment.sql)
[2025-03-17T00:55:31.845+0000] {subprocess.py:106} INFO -   relation "dim_sentiment" already exists
[2025-03-17T00:55:31.846+0000] {subprocess.py:106} INFO -   compiled code at target/run/bank_reviews_project/models/dim_sentiment.sql
[2025-03-17T00:55:31.848+0000] {subprocess.py:106} INFO - [0m00:55:31
[2025-03-17T00:55:31.851+0000] {subprocess.py:106} INFO - [0m00:55:31  Done. PASS=1 WARN=0 ERROR=7 SKIP=2 TOTAL=10
[2025-03-17T00:55:35.511+0000] {subprocess.py:110} INFO - Command exited with return code 1
[2025-03-17T00:55:35.732+0000] {taskinstance.py:3313} ERROR - Task failed with exception
Traceback (most recent call last):
  File "/home/mohammed/venv/lib/python3.11/site-packages/airflow/models/taskinstance.py", line 768, in _execute_task
    result = _execute_callable(context=context, **execute_callable_kwargs)
             ^^^^^^^^^^^^^^^^^^^^^^^^^^^^^^^^^^^^^^^^^^^^^^^^^^^^^^^^^^^^^
  File "/home/mohammed/venv/lib/python3.11/site-packages/airflow/models/taskinstance.py", line 734, in _execute_callable
    return ExecutionCallableRunner(
           ^^^^^^^^^^^^^^^^^^^^^^^^
  File "/home/mohammed/venv/lib/python3.11/site-packages/airflow/utils/operator_helpers.py", line 252, in run
    return self.func(*args, **kwargs)
           ^^^^^^^^^^^^^^^^^^^^^^^^^^
  File "/home/mohammed/venv/lib/python3.11/site-packages/airflow/models/baseoperator.py", line 424, in wrapper
    return func(self, *args, **kwargs)
           ^^^^^^^^^^^^^^^^^^^^^^^^^^^
  File "/home/mohammed/venv/lib/python3.11/site-packages/airflow/operators/bash.py", line 276, in execute
    raise AirflowException(
airflow.exceptions.AirflowException: Bash command failed. The command returned a non-zero exit code 1.
[2025-03-17T00:55:35.773+0000] {logging_mixin.py:190} INFO - Task instance in failure state
[2025-03-17T00:55:35.774+0000] {logging_mixin.py:190} INFO - Task start:2025-03-17 00:54:49.521724+00:00 end:2025-03-17 00:55:35.770666+00:00 duration:46.248942
[2025-03-17T00:55:35.775+0000] {logging_mixin.py:190} INFO - Task:<Task(BashOperator): dbt_run> dag:<DAG: load_reviews_pipeline> dagrun:<DagRun load_reviews_pipeline @ 2024-08-04 00:00:00+00:00: scheduled__2024-08-04T00:00:00+00:00, state:running, queued_at: 2025-03-17 00:49:06.621545+00:00. externally triggered: False>
[2025-03-17T00:55:35.775+0000] {logging_mixin.py:190} INFO - Failure caused by Bash command failed. The command returned a non-zero exit code 1.
[2025-03-17T00:55:35.776+0000] {taskinstance.py:1226} INFO - Marking task as FAILED. dag_id=load_reviews_pipeline, task_id=dbt_run, run_id=scheduled__2024-08-04T00:00:00+00:00, execution_date=20240804T000000, start_date=20250317T005449, end_date=20250317T005535
[2025-03-17T00:55:36.517+0000] {taskinstance.py:341} INFO - ::group::Post task execution logs
[2025-03-17T00:55:36.519+0000] {standard_task_runner.py:124} ERROR - Failed to execute job 387 for task dbt_run (Bash command failed. The command returned a non-zero exit code 1.; 293393)
Traceback (most recent call last):
  File "/home/mohammed/venv/lib/python3.11/site-packages/airflow/task/task_runner/standard_task_runner.py", line 117, in _start_by_fork
    ret = args.func(args, dag=self.dag)
          ^^^^^^^^^^^^^^^^^^^^^^^^^^^^^
  File "/home/mohammed/venv/lib/python3.11/site-packages/airflow/cli/cli_config.py", line 49, in command
    return func(*args, **kwargs)
           ^^^^^^^^^^^^^^^^^^^^^
  File "/home/mohammed/venv/lib/python3.11/site-packages/airflow/utils/cli.py", line 116, in wrapper
    return f(*args, **kwargs)
           ^^^^^^^^^^^^^^^^^^
  File "/home/mohammed/venv/lib/python3.11/site-packages/airflow/cli/commands/task_command.py", line 483, in task_run
    task_return_code = _run_task_by_selected_method(args, _dag, ti)
                       ^^^^^^^^^^^^^^^^^^^^^^^^^^^^^^^^^^^^^^^^^^^^
  File "/home/mohammed/venv/lib/python3.11/site-packages/airflow/cli/commands/task_command.py", line 256, in _run_task_by_selected_method
    return _run_raw_task(args, ti)
           ^^^^^^^^^^^^^^^^^^^^^^^
  File "/home/mohammed/venv/lib/python3.11/site-packages/airflow/cli/commands/task_command.py", line 341, in _run_raw_task
    return ti._run_raw_task(
           ^^^^^^^^^^^^^^^^^
  File "/home/mohammed/venv/lib/python3.11/site-packages/airflow/utils/session.py", line 97, in wrapper
    return func(*args, session=session, **kwargs)
           ^^^^^^^^^^^^^^^^^^^^^^^^^^^^^^^^^^^^^^
  File "/home/mohammed/venv/lib/python3.11/site-packages/airflow/models/taskinstance.py", line 3006, in _run_raw_task
    return _run_raw_task(
           ^^^^^^^^^^^^^^
  File "/home/mohammed/venv/lib/python3.11/site-packages/airflow/models/taskinstance.py", line 274, in _run_raw_task
    TaskInstance._execute_task_with_callbacks(
  File "/home/mohammed/venv/lib/python3.11/site-packages/airflow/models/taskinstance.py", line 3161, in _execute_task_with_callbacks
    result = self._execute_task(context, task_orig)
             ^^^^^^^^^^^^^^^^^^^^^^^^^^^^^^^^^^^^^^
  File "/home/mohammed/venv/lib/python3.11/site-packages/airflow/models/taskinstance.py", line 3185, in _execute_task
    return _execute_task(self, context, task_orig)
           ^^^^^^^^^^^^^^^^^^^^^^^^^^^^^^^^^^^^^^^
  File "/home/mohammed/venv/lib/python3.11/site-packages/airflow/models/taskinstance.py", line 768, in _execute_task
    result = _execute_callable(context=context, **execute_callable_kwargs)
             ^^^^^^^^^^^^^^^^^^^^^^^^^^^^^^^^^^^^^^^^^^^^^^^^^^^^^^^^^^^^^
  File "/home/mohammed/venv/lib/python3.11/site-packages/airflow/models/taskinstance.py", line 734, in _execute_callable
    return ExecutionCallableRunner(
           ^^^^^^^^^^^^^^^^^^^^^^^^
  File "/home/mohammed/venv/lib/python3.11/site-packages/airflow/utils/operator_helpers.py", line 252, in run
    return self.func(*args, **kwargs)
           ^^^^^^^^^^^^^^^^^^^^^^^^^^
  File "/home/mohammed/venv/lib/python3.11/site-packages/airflow/models/baseoperator.py", line 424, in wrapper
    return func(self, *args, **kwargs)
           ^^^^^^^^^^^^^^^^^^^^^^^^^^^
  File "/home/mohammed/venv/lib/python3.11/site-packages/airflow/operators/bash.py", line 276, in execute
    raise AirflowException(
airflow.exceptions.AirflowException: Bash command failed. The command returned a non-zero exit code 1.
[2025-03-17T00:55:36.618+0000] {local_task_job_runner.py:266} INFO - Task exited with return code 1
[2025-03-17T00:55:36.715+0000] {taskinstance.py:3901} INFO - 0 downstream tasks scheduled from follow-on schedule check
[2025-03-17T00:55:36.723+0000] {local_task_job_runner.py:245} INFO - ::endgroup::
